Database instance does not exist.
Database instance does not exist.
Database instance does not exist.
Database instance does not exist.
Database instance does not exist.
Database instance does not exist.
Database instance does not exist.
Database instance does not exist.
Database instance does not exist.
Database instance does not exist.
Database instance does not exist.
Database instance does not exist.
Database instance does not exist.
(node:73477) [MONGODB DRIVER] Warning: useNewUrlParser is a deprecated option: useNewUrlParser has no effect since Node.js Driver version 4.0.0 and will be removed in the next major version
(Use `node --trace-warnings ...` to show where the warning was created)
(node:73477) [MONGODB DRIVER] Warning: useUnifiedTopology is a deprecated option: useUnifiedTopology has no effect since Node.js Driver version 4.0.0 and will be removed in the next major version
File not found: ./mobileStats-918056632742.json
File not found: ./mobileStats-919207336262.json
File not found: ./mobileStats-917904339853.json
Client 919207336262: Error sending message to LoveChattingGroup111: USER_BANNED_IN_CHANNEL
Client 917904339853: Error sending message to SWAPPING_INDIA_P4U: USER_BANNED_IN_CHANNEL
Client 919207336262: Error sending message to paidstudies: USER_BANNED_IN_CHANNEL
File not found: ./mobileStats-919171409690.json
Client 919171409690: Error sending message to Cute_Girls_Chatting_Group: USER_BANNED_IN_CHANNEL
Error with token 7614665094:AAFCUYuiuYHon6FUDtlbE_PBbW_NmIAf3Rw: Request failed with status code 401 message:  @DIVYA2 : Limited :  919171409690 as daysLeft : 0
Client 919207336262: Error sending message to Punjabgayys: USER_BANNED_IN_CHANNEL
Error with token 7614665094:AAFCUYuiuYHon6FUDtlbE_PBbW_NmIAf3Rw: Request failed with status code 401 message:  @DIVYA2 : Limited :  919171409690 as daysLeft : 0
Error with token 7614665094:AAFCUYuiuYHon6FUDtlbE_PBbW_NmIAf3Rw: Request failed with status code 401 message:  @DIVYA2 : Limited :  919171409690 as daysLeft : 0
Error with token 7614665094:AAFCUYuiuYHon6FUDtlbE_PBbW_NmIAf3Rw: Request failed with status code 401 message:  @DIVYA2 : Limited :  919171409690 as daysLeft : 0
Error with token 7614665094:AAFCUYuiuYHon6FUDtlbE_PBbW_NmIAf3Rw: Request failed with status code 401 message:  @DIVYA2 : Limited :  919171409690 as daysLeft : 0
Error with token 7614665094:AAFCUYuiuYHon6FUDtlbE_PBbW_NmIAf3Rw: Request failed with status code 401 message:  @DIVYA2 : Limited :  919171409690 as daysLeft : 0
Error with token 7614665094:AAFCUYuiuYHon6FUDtlbE_PBbW_NmIAf3Rw: Request failed with status code 401 message:  @DIVYA2 : Limited :  919171409690 as daysLeft : 0
Client 919207336262: Error sending message to null: USER_BANNED_IN_CHANNEL
Error with token 7614665094:AAFCUYuiuYHon6FUDtlbE_PBbW_NmIAf3Rw: Request failed with status code 401 message:  @DIVYA2 : Limited :  919171409690 as daysLeft : 0
Message sending failed after 8 retries
Error with token 7828340584:AAHAh0HP9vjaMsw42iEzc125NaOsOKrSfAo: Request failed with status code 401 message:  @DIVYA2 : 
Average Reaction Delay: 12134: last:0.06mins

Client 917904339853: Error sending message to srilankan_boys_and_girls_chat: USER_BANNED_IN_CHANNEL
Error with token 7828340584:AAHAh0HP9vjaMsw42iEzc125NaOsOKrSfAo: Request failed with status code 401 message:  @DIVYA2 : 
Average Reaction Delay: 12134: last:0.06mins

Error with token 7828340584:AAHAh0HP9vjaMsw42iEzc125NaOsOKrSfAo: Request failed with status code 401 message:  @DIVYA2 : 
Average Reaction Delay: 12134: last:0.06mins

Error with token 7828340584:AAHAh0HP9vjaMsw42iEzc125NaOsOKrSfAo: Request failed with status code 401 message:  @DIVYA2 : 
Average Reaction Delay: 12134: last:0.06mins

Error with token 7828340584:AAHAh0HP9vjaMsw42iEzc125NaOsOKrSfAo: Request failed with status code 401 message:  @DIVYA2 : 
Average Reaction Delay: 12134: last:0.06mins

Error with token 7828340584:AAHAh0HP9vjaMsw42iEzc125NaOsOKrSfAo: Request failed with status code 401 message:  @DIVYA2 : 
Average Reaction Delay: 12134: last:0.06mins

Error with token 7828340584:AAHAh0HP9vjaMsw42iEzc125NaOsOKrSfAo: Request failed with status code 401 message:  @DIVYA2 : 
Average Reaction Delay: 12134: last:0.06mins

Client 917904339853: Error sending message to saigonhub: USER_BANNED_IN_CHANNEL
Error with token 7828340584:AAHAh0HP9vjaMsw42iEzc125NaOsOKrSfAo: Request failed with status code 401 message:  @DIVYA2 : 
Average Reaction Delay: 12134: last:0.06mins

Message sending failed after 8 retries
Client 917904339853: Error sending message to GIRLS_BOYS111: USER_BANNED_IN_CHANNEL
Client 917904339853: Error sending message to gaychat_gr: USER_BANNED_IN_CHANNEL
Client 917904339853: Error sending message to BaByGiRLGaP: USER_BANNED_IN_CHANNEL
Client 917904339853: Error sending message to Friend_chatting_english_hindi: USER_BANNED_IN_CHANNEL
Client 917904339853: Error sending message to Bengaligaygroup: USER_BANNED_IN_CHANNEL
Client 917904339853: Error sending message to Chatting_with_bhabhi: USER_BANNED_IN_CHANNEL
Client 917904339853: Error sending message to Tamil_gay_zone01: USER_BANNED_IN_CHANNEL
Client 917904339853: Error sending message to FRIENDSHIP_CHAT_GROUP0: USER_BANNED_IN_CHANNEL
Client 917904339853: Error sending message to GirlsSquare: CHAT_WRITE_FORBIDDEN
917904339853: CHAT_WRITE_FORBIDDEN
Client 917904339853: Error sending message to virtiklove: ALLOW_PAYMENT_REQUIRED
917904339853: ALLOW_PAYMENT_REQUIRED
Client 917904339853: Error sending message to WIFE_SWAPPING_BULLS: USER_BANNED_IN_CHANNEL
Client 917904339853: Error sending message to BestFriendchatting_Group: USER_BANNED_IN_CHANNEL
Client 919207336262: Error sending message to REDZONE_6346934: USER_BANNED_IN_CHANNEL
Client 919207336262: Error sending message to friends_foreverI: USER_BANNED_IN_CHANNEL
Client 919207336262: Error sending message to bhabhiyon_ki_duniya: USER_BANNED_IN_CHANNEL
Client 919207336262: Error sending message to Delhigayy: USER_BANNED_IN_CHANNEL
Client 918056632742: Error sending message to CUCKOLD_COUPLE_GROUP: CHAT_WRITE_FORBIDDEN
918056632742: CHAT_WRITE_FORBIDDEN
Client 919207336262: Error sending message to Sweet_Girls_Chatting_Group: USER_BANNED_IN_CHANNEL
Client 919207336262: Error sending message to Friendship_Club_Music_Group: USER_BANNED_IN_CHANNEL
Client 919207336262: Error sending message to null: USER_BANNED_IN_CHANNEL
Client 917904339853: Error sending message to Gf_Bf_Chating2024: USER_BANNED_IN_CHANNEL
Client 917904339853: Error sending message to Sl_friend_chat_2k: USER_BANNED_IN_CHANNEL
Client 919207336262: Error sending message to Couplessmaping1: USER_BANNED_IN_CHANNEL
Client 917904339853: Error sending message to Friends_of_Kerala: CHAT_WRITE_FORBIDDEN
917904339853: CHAT_WRITE_FORBIDDEN
Client 918056632742: Error sending message to vxvsgzbxbx: CHAT_SEND_PLAIN_FORBIDDEN
918056632742: CHAT_SEND_PLAIN_FORBIDDEN
Client 919207336262: Error sending message to Chattingwithgirls_group: USER_BANNED_IN_CHANNEL
Client 918056632742: Error sending message to BestFriendchatting_Group: USER_BANNED_IN_CHANNEL
Client 918056632742: Error sending message to girls_chatting_group_lovers: USER_BANNED_IN_CHANNEL
Client 919171409690: Error sending message to Matrimony_Dating_Group: USER_BANNED_IN_CHANNEL
Client 919171409690: Error sending message to BaByGiRLGaP: USER_BANNED_IN_CHANNEL
Client 918056632742: Error sending message to amaloversclub: USER_BANNED_IN_CHANNEL
Client 918056632742: Error sending message to TAMIL_INDIA_SWPPING: CHAT_WRITE_FORBIDDEN
918056632742: CHAT_WRITE_FORBIDDEN
Client 919207336262: Error sending message to Adults_Chat_fun_Group: USER_BANNED_IN_CHANNEL
Client 919207336262: Error sending message to Friends_forever_zone0: undefined
919207336262: undefined
Client 919207336262: Error sending message to Hindi_English_Chatting_com: CHAT_WRITE_FORBIDDEN
919207336262: CHAT_WRITE_FORBIDDEN
Client 919207336262: Error sending message to Ahmedabadgayboy: USER_BANNED_IN_CHANNEL
Client 919207336262: Error sending message to INTERNATIONAL_BHABHI: USER_BANNED_IN_CHANNEL
Client 919207336262: Error sending message to Paki_Girls_Chatting_Group: USER_BANNED_IN_CHANNEL
Client 919207336262: Error sending message to FRIENDS_ARE_LOVE: CHAT_WRITE_FORBIDDEN
919207336262: CHAT_WRITE_FORBIDDEN
Client 917904339853: Error sending message to Cute_Girls_Chatting_Group: USER_BANNED_IN_CHANNEL
Client 918056632742: Error sending message to tamil_gay_group143: USER_BANNED_IN_CHANNEL
Client 918056632742: Error sending message to Shilpasree_SWAPPING_INDIA: USER_BANNED_IN_CHANNEL
Client 919207336262: Error sending message to BENGAL_WIFE_SWAPPING: USER_BANNED_IN_CHANNEL
Client 919207336262: Error sending message to Girls_Boys_CHATTING_GROUP_007: USER_BANNED_IN_CHANNEL
Client 917904339853: Error sending message to Friendschattinggroup111: USER_BANNED_IN_CHANNEL
Client 919207336262: Error sending message to Videohive_templates_chat: USER_BANNED_IN_CHANNEL
Client 919207336262: Error sending message to tamil_gay_group143: USER_BANNED_IN_CHANNEL
Client 919207336262: Error sending message to Shilpasree_SWAPPING_INDIA: USER_BANNED_IN_CHANNEL
Client 917904339853: Error sending message to Global_CHATTING_HINDI_ZONE: USER_BANNED_IN_CHANNEL
Client 919207336262: Error sending message to null: USER_BANNED_IN_CHANNEL
Client 917904339853: Error sending message to jagruthiimpact: USER_BANNED_IN_CHANNEL
Client 917904339853: Error sending message to Girlschattinggroup_new: USER_BANNED_IN_CHANNEL
Client 919207336262: Error sending message to Girlschattinggroup_new: USER_BANNED_IN_CHANNEL
Client 917904339853: Error sending message to dharmik5: USER_BANNED_IN_CHANNEL
Client 919207336262: Error sending message to MaharashtraGayClubOfficial: USER_BANNED_IN_CHANNEL
Client 919207336262: Error sending message to Girls_chatting_zone_club: USER_BANNED_IN_CHANNEL
Client 917904339853: Error sending message to best_chat_group: CHAT_WRITE_FORBIDDEN
917904339853: CHAT_WRITE_FORBIDDEN
Client 919207336262: Error sending message to GIRL_CHAT111: USER_BANNED_IN_CHANNEL
Client 919207336262: Error sending message to indiangaychatrooom: USER_BANNED_IN_CHANNEL
Client 918056632742: Error sending message to And_Girls_Boys_Group_Chatting0: USER_BANNED_IN_CHANNEL
Client 918056632742: Error sending message to girls_Love_chatting_group_07: USER_BANNED_IN_CHANNEL
Client 919207336262: Error sending message to Telugu_Friends_ChattingGroup: USER_BANNED_IN_CHANNEL
Client 918056632742: Error sending message to null: USER_BANNED_IN_CHANNEL
Client 918056632742: Error sending message to BangaloreGirlsAndHotAunt: USER_BANNED_IN_CHANNEL
Client 918056632742: Error sending message to Girls_chatting_Grouph: USER_BANNED_IN_CHANNEL
Error with token 7614665094:AAFCUYuiuYHon6FUDtlbE_PBbW_NmIAf3Rw: Request failed with status code 401 message:  @DIVYA2 : 
Average Reaction Delay: 5836: last:0.12mins

Error with token 7614665094:AAFCUYuiuYHon6FUDtlbE_PBbW_NmIAf3Rw: Request failed with status code 401 message:  @DIVYA2 : 
Average Reaction Delay: 5836: last:0.12mins

Error with token 7614665094:AAFCUYuiuYHon6FUDtlbE_PBbW_NmIAf3Rw: Request failed with status code 401 message:  @DIVYA2 : 
Average Reaction Delay: 5836: last:0.12mins

Error with token 7614665094:AAFCUYuiuYHon6FUDtlbE_PBbW_NmIAf3Rw: Request failed with status code 401 message:  @DIVYA2 : 
Average Reaction Delay: 5836: last:0.12mins

Error with token 7614665094:AAFCUYuiuYHon6FUDtlbE_PBbW_NmIAf3Rw: Request failed with status code 401 message:  @DIVYA2 : 
Average Reaction Delay: 5836: last:0.12mins

Error with token 7614665094:AAFCUYuiuYHon6FUDtlbE_PBbW_NmIAf3Rw: Request failed with status code 401 message:  @DIVYA2 : 
Average Reaction Delay: 5836: last:0.12mins

Error with token 7614665094:AAFCUYuiuYHon6FUDtlbE_PBbW_NmIAf3Rw: Request failed with status code 401 message:  @DIVYA2 : 
Average Reaction Delay: 5836: last:0.12mins

Error with token 7614665094:AAFCUYuiuYHon6FUDtlbE_PBbW_NmIAf3Rw: Request failed with status code 401 message:  @DIVYA2 : 
Average Reaction Delay: 5836: last:0.12mins

Message sending failed after 8 retries
Client 917904339853: Error sending message to DehradunGayChat: USER_BANNED_IN_CHANNEL
Client 917904339853: Error sending message to Friends_forever_zone0: undefined
917904339853: undefined
Client 917904339853: Error sending message to BhabhiloversChat: USER_BANNED_IN_CHANNEL
Client 917904339853: Error sending message to lawlightforum: USER_BANNED_IN_CHANNEL
Client 918056632742: Error sending message to GangOfGiirls: USER_BANNED_IN_CHANNEL
Client 918056632742: Error sending message to dharmik5: USER_BANNED_IN_CHANNEL
Client 918056632742: Error sending message to bngfrnds: USER_BANNED_IN_CHANNEL
Client 918056632742: Error sending message to Lovely_GirlsChattingGroup: USER_BANNED_IN_CHANNEL
Client 919207336262: Error sending message to Girls_chatting_Grouph: USER_BANNED_IN_CHANNEL
Client 917904339853: Error sending message to TeluguChatroomm: CHAT_WRITE_FORBIDDEN
917904339853: CHAT_WRITE_FORBIDDEN
Client 919207336262: Error sending message to Paid_Chats_Of_Tg: USER_BANNED_IN_CHANNEL
Client 917904339853: Error sending message to HOUSE_WIFE_CHATTING: USER_BANNED_IN_CHANNEL
Client 917904339853: Error sending message to Lovely_GirlsChattingGroup: USER_BANNED_IN_CHANNEL
Client 917904339853: Error sending message to thefriendsforever21: USER_BANNED_IN_CHANNEL
Client 919207336262: Error sending message to Girls_and_boy_love_story: USER_BANNED_IN_CHANNEL
Client 917904339853: Error sending message to GIRL_CHAT111: USER_BANNED_IN_CHANNEL
Client 917904339853: Error sending message to Chattingwithgirls_group: USER_BANNED_IN_CHANNEL
Client 919207336262: Error sending message to CHATTING_GIRLS_BOYS_GROUP: USER_BANNED_IN_CHANNEL
Client 918056632742: Error sending message to WIFE_SWAPPING_INDIAN_MEETING: USER_BANNED_IN_CHANNEL
Error: TIMEOUT
    at /root/telegram/promote-clients/node_modules/telegram/client/updates.js:250:85
    at async _updateLoop (/root/telegram/promote-clients/node_modules/telegram/client/updates.js:191:17)
Client 918056632742: Error sending message to GayFashionShow: USER_BANNED_IN_CHANNEL
Client 918056632742: Error sending message to best_friends_chatting_club2: CHAT_WRITE_FORBIDDEN
918056632742: CHAT_WRITE_FORBIDDEN
Client 919171409690: Error sending message to Shilpasree_SWAPPING_INDIA: USER_BANNED_IN_CHANNEL
Client 919171409690: Error sending message to saigonhub: USER_BANNED_IN_CHANNEL
Client 919171409690: Error sending message to null: USER_BANNED_IN_CHANNEL
Client 919171409690: Error sending message to girls_Love_chatting_group_07: USER_BANNED_IN_CHANNEL
Error with token 7828340584:AAHAh0HP9vjaMsw42iEzc125NaOsOKrSfAo: Request failed with status code 401 message:  @DIVYA2 : 
Average Reaction Delay: 5715: last:0.12mins

Client 919171409690: Error sending message to TAMIL_INDIA_SWPPING: CHAT_WRITE_FORBIDDEN
919171409690: CHAT_WRITE_FORBIDDEN
Error with token 7828340584:AAHAh0HP9vjaMsw42iEzc125NaOsOKrSfAo: Request failed with status code 401 message:  @DIVYA2 : 
Average Reaction Delay: 5715: last:0.12mins

Error with token 7828340584:AAHAh0HP9vjaMsw42iEzc125NaOsOKrSfAo: Request failed with status code 401 message:  @DIVYA2 : 
Average Reaction Delay: 5715: last:0.12mins

Error with token 7828340584:AAHAh0HP9vjaMsw42iEzc125NaOsOKrSfAo: Request failed with status code 401 message:  @DIVYA2 : 
Average Reaction Delay: 5715: last:0.12mins

Error with token 7828340584:AAHAh0HP9vjaMsw42iEzc125NaOsOKrSfAo: Request failed with status code 401 message:  @DIVYA2 : 
Average Reaction Delay: 5715: last:0.12mins

Error with token 7828340584:AAHAh0HP9vjaMsw42iEzc125NaOsOKrSfAo: Request failed with status code 401 message:  @DIVYA2 : 
Average Reaction Delay: 5715: last:0.12mins

Error with token 7828340584:AAHAh0HP9vjaMsw42iEzc125NaOsOKrSfAo: Request failed with status code 401 message:  @DIVYA2 : 
Average Reaction Delay: 5715: last:0.12mins

Error with token 7828340584:AAHAh0HP9vjaMsw42iEzc125NaOsOKrSfAo: Request failed with status code 401 message:  @DIVYA2 : 
Average Reaction Delay: 5715: last:0.12mins

Message sending failed after 8 retries
Client 917904339853: Error sending message to paidstudies: USER_BANNED_IN_CHANNEL
Client 917904339853: Error sending message to Grils_Chatting_group_boy_loves: USER_BANNED_IN_CHANNEL
Client 919207336262: Error sending message to null: USER_BANNED_IN_CHANNEL
Client 919207336262: Error sending message to Cute_Girls_Chatting_Group: USER_BANNED_IN_CHANNEL
Client 919207336262: Error sending message to Girls_Chatting_Group_100K: USER_BANNED_IN_CHANNEL
Client 919207336262: Error sending message to Free_Girls_Chatting_Group: USER_BANNED_IN_CHANNEL
Client 919207336262: Error sending message to KrakenRealtor: USER_BANNED_IN_CHANNEL
Client 919207336262: Error sending message to jagruthiimpact: USER_BANNED_IN_CHANNEL
Client 918056632742: Error sending message to perfectmatedating: USER_BANNED_IN_CHANNEL
Client 918056632742: Error sending message to telugu_sex_storys: CHAT_SEND_PLAIN_FORBIDDEN
918056632742: CHAT_SEND_PLAIN_FORBIDDEN
Client 918056632742: Error sending message to COUPLE_SWAPPING_GROUP: CHAT_WRITE_FORBIDDEN
918056632742: CHAT_WRITE_FORBIDDEN
Client 918056632742: Error sending message to geniunegirlsclub: USER_BANNED_IN_CHANNEL
Client 917904339853: Error sending message to bngfrnds: USER_BANNED_IN_CHANNEL
Client 918056632742: Error sending message to smart_girls_group: USER_BANNED_IN_CHANNEL
Client 918056632742: Error sending message to Bhaabhi_ChattingGroup_Global: USER_BANNED_IN_CHANNEL
Client 917904339853: Error sending message to tamilchattingfrndzs: USER_BANNED_IN_CHANNEL
Client 917904339853: Error sending message to realmarwahmedicine: USER_BANNED_IN_CHANNEL
Client 917904339853: Error sending message to onlydefencelove: USER_BANNED_IN_CHANNEL
Client 919207336262: Error sending message to slfriends20: USER_BANNED_IN_CHANNEL
Client 919207336262: Error sending message to INTERFAITH_LOVE_TRAP: USER_BANNED_IN_CHANNEL
Client 918056632742: Error sending message to Bangladeshigaygroup: USER_BANNED_IN_CHANNEL
Client 918056632742: Error sending message to Mumbaigayboys: USER_BANNED_IN_CHANNEL
Client 918056632742: Error sending message to top_dating_usa_chat: ALLOW_PAYMENT_REQUIRED
918056632742: ALLOW_PAYMENT_REQUIRED
Client 918056632742: Error sending message to indiangaychatrooom: USER_BANNED_IN_CHANNEL
Client 918056632742: Error sending message to Anesthesia_PPTs_PDFs_Videos: USER_BANNED_IN_CHANNEL
Client 918056632742: Error sending message to friendwithbenefitbase: CHAT_WRITE_FORBIDDEN
918056632742: CHAT_WRITE_FORBIDDEN
Client 918056632742: Error sending message to Cricketnewslive247: undefined
918056632742: undefined
Client 917904339853: Error sending message to telugu_groups_friends_chatting: USER_BANNED_IN_CHANNEL
Client 917904339853: Error sending message to Bhabhi_Chatting_Group_New: USER_BANNED_IN_CHANNEL
Client 917904339853: Error sending message to Cute_Girls_ChattingGroup: USER_BANNED_IN_CHANNEL
Client 919207336262: Error sending message to virtiklove: ALLOW_PAYMENT_REQUIRED
919207336262: ALLOW_PAYMENT_REQUIRED
Client 919207336262: Error sending message to TAMILWIFE_SWAPPING: USER_BANNED_IN_CHANNEL
Client 919207336262: Error sending message to Bhabhi_Chatting_Group_point: USER_BANNED_IN_CHANNEL
Client 919207336262: Error sending message to Shilpasree_BEST_LOVER: USER_BANNED_IN_CHANNEL
Client 918056632742: Error sending message to WIFE_SWAPPING_INDIA00: USER_BANNED_IN_CHANNEL
Client 919171409690: Error sending message to Girls_chatting_Grouph: USER_BANNED_IN_CHANNEL
Client 917904339853: Error sending message to IRLFRIEND_COUPLE_WIFE_SWAPPING: USER_BANNED_IN_CHANNEL
Client 919207336262: Error sending message to bngfrnds: USER_BANNED_IN_CHANNEL
Client 919207336262: Error sending message to Sl_friend_chat_2k: USER_BANNED_IN_CHANNEL
Client 919207336262: Error sending message to Ayesha_X_girl: USER_BANNED_IN_CHANNEL
Client 919207336262: Error sending message to Grils_Chatting_group_boy_loves: USER_BANNED_IN_CHANNEL
Client 919207336262: Error sending message to thefriendsforever21: USER_BANNED_IN_CHANNEL
Client 919207336262: Error sending message to null: USER_BANNED_IN_CHANNEL
Client 917904339853: Error sending message to slfriends20: USER_BANNED_IN_CHANNEL
Client 917904339853: Error sending message to Mumbaigayboys: USER_BANNED_IN_CHANNEL
Client 917904339853: Error sending message to Indiangirlchatting111: USER_BANNED_IN_CHANNEL
Client 917904339853: Error sending message to friends_foreverI: USER_BANNED_IN_CHANNEL
Client 917904339853: Error sending message to REDZONE_6346934: USER_BANNED_IN_CHANNEL
Client 917904339853: Error sending message to LoveChattingGroup111: USER_BANNED_IN_CHANNEL
Client 917904339853: Error sending message to gujaratgaygroup: USER_BANNED_IN_CHANNEL
Client 917904339853: Error sending message to shayari_loverrr: USER_BANNED_IN_CHANNEL
Client 919207336262: Error sending message to Hacker_Homes: USER_BANNED_IN_CHANNEL
Client 919207336262: Error sending message to Gf_Bf_Chating2024: USER_BANNED_IN_CHANNEL
Client 919207336262: Error sending message to Telugu_groups_chatting_friends: USER_BANNED_IN_CHANNEL
Client 919207336262: Error sending message to Bhabhi_Chatting_Group01: USER_BANNED_IN_CHANNEL
Client 919207336262: Error sending message to GIRLS_BOYS111: USER_BANNED_IN_CHANNEL
🚨 Heap exceeded 100 MB. Cleaning up...
⚠️ GC not available. Start Node with --expose-gc
Error with token 7614665094:AAFCUYuiuYHon6FUDtlbE_PBbW_NmIAf3Rw: Request failed with status code 401 message:  @DIVYA2 : 919207336262
Deepak: Hi
Error with token 7614665094:AAFCUYuiuYHon6FUDtlbE_PBbW_NmIAf3Rw: Request failed with status code 401 message:  @DIVYA2 : 919207336262
Deepak: Hi
Error with token 7614665094:AAFCUYuiuYHon6FUDtlbE_PBbW_NmIAf3Rw: Request failed with status code 401 message:  @DIVYA2 : 919207336262
Deepak: Hi
Error with token 7614665094:AAFCUYuiuYHon6FUDtlbE_PBbW_NmIAf3Rw: Request failed with status code 401 message:  @DIVYA2 : 919207336262
Deepak: Hi
Error with token 7614665094:AAFCUYuiuYHon6FUDtlbE_PBbW_NmIAf3Rw: Request failed with status code 401 message:  @DIVYA2 : 919207336262
Deepak: Hi
Error with token 7614665094:AAFCUYuiuYHon6FUDtlbE_PBbW_NmIAf3Rw: Request failed with status code 401 message:  @DIVYA2 : 919207336262
Deepak: Hi
Error with token 7614665094:AAFCUYuiuYHon6FUDtlbE_PBbW_NmIAf3Rw: Request failed with status code 401 message:  @DIVYA2 : 919207336262
Deepak: Hi
Error with token 7614665094:AAFCUYuiuYHon6FUDtlbE_PBbW_NmIAf3Rw: Request failed with status code 401 message:  @DIVYA2 : 919207336262
Deepak: Hi
Message sending failed after 8 retries
Client 917904339853: Error sending message to delhi_dating_group1: USER_BANNED_IN_CHANNEL
Client 917904339853: Error sending message to collage_girl_frand: USER_BANNED_IN_CHANNEL
Client 917904339853: Error sending message to humasfar_KI_LOVE: USER_BANNED_IN_CHANNEL
Client 917904339853: Error sending message to telugu_sex_storys: CHAT_SEND_PLAIN_FORBIDDEN
917904339853: CHAT_SEND_PLAIN_FORBIDDEN
Client 917904339853: Error sending message to Friends_Chatting_group_6: USER_BANNED_IN_CHANNEL
Client 917904339853: Error sending message to FRIENDS_ARE_LOVE: CHAT_WRITE_FORBIDDEN
917904339853: CHAT_WRITE_FORBIDDEN
Client 918056632742: Error sending message to paidstudies: USER_BANNED_IN_CHANNEL
Client 918056632742: Error sending message to Adults_Chat_fun_Group: USER_BANNED_IN_CHANNEL
Client 918056632742: Error sending message to GirlschattingGroup_Superchatting: USER_BANNED_IN_CHANNEL
Client 919207336262: Error sending message to Telugugayzone: CHAT_WRITE_FORBIDDEN
919207336262: CHAT_WRITE_FORBIDDEN
Client 918056632742: Error sending message to usadateworld: CHAT_WRITE_FORBIDDEN
918056632742: CHAT_WRITE_FORBIDDEN
Client 919207336262: Error sending message to WIFE_SWAPPING_BULLS: USER_BANNED_IN_CHANNEL
Client 919207336262: Error sending message to WIFE_SWAPPING_INDIAQ: USER_BANNED_IN_CHANNEL
Client 919207336262: Error sending message to GangOfGiirls: USER_BANNED_IN_CHANNEL
Client 919207336262: Error sending message to HOUSE_WIFE_CHATTING: USER_BANNED_IN_CHANNEL
Client 919207336262: Error sending message to Cute_Girls_ChattingGroup: USER_BANNED_IN_CHANNEL
Client 918056632742: Error sending message to friendforever23459: USER_BANNED_IN_CHANNEL
Error with token 7828340584:AAHAh0HP9vjaMsw42iEzc125NaOsOKrSfAo: Request failed with status code 401 message:  @DIVYA2 : 
Average Reaction Delay: 7230: last:0.04mins

Error with token 7828340584:AAHAh0HP9vjaMsw42iEzc125NaOsOKrSfAo: Request failed with status code 401 message:  @DIVYA2 : 
Average Reaction Delay: 7230: last:0.04mins

Error with token 7828340584:AAHAh0HP9vjaMsw42iEzc125NaOsOKrSfAo: Request failed with status code 401 message:  @DIVYA2 : 
Average Reaction Delay: 7230: last:0.04mins

Error with token 7828340584:AAHAh0HP9vjaMsw42iEzc125NaOsOKrSfAo: Request failed with status code 401 message:  @DIVYA2 : 
Average Reaction Delay: 7230: last:0.04mins

Error with token 7828340584:AAHAh0HP9vjaMsw42iEzc125NaOsOKrSfAo: Request failed with status code 401 message:  @DIVYA2 : 
Average Reaction Delay: 7230: last:0.04mins

Error with token 7828340584:AAHAh0HP9vjaMsw42iEzc125NaOsOKrSfAo: Request failed with status code 401 message:  @DIVYA2 : 
Average Reaction Delay: 7230: last:0.04mins

Error with token 7828340584:AAHAh0HP9vjaMsw42iEzc125NaOsOKrSfAo: Request failed with status code 401 message:  @DIVYA2 : 
Average Reaction Delay: 7230: last:0.04mins

Error with token 7828340584:AAHAh0HP9vjaMsw42iEzc125NaOsOKrSfAo: Request failed with status code 401 message:  @DIVYA2 : 
Average Reaction Delay: 7230: last:0.04mins

Message sending failed after 8 retries
Client 917904339853: Error sending message to indiangaychatrooom: USER_BANNED_IN_CHANNEL
Client 919207336262: Error sending message to WIFE_SWAPPING_INDIAN_MEETING: USER_BANNED_IN_CHANNEL
Client 919207336262: Error sending message to GirlsSquare: CHAT_WRITE_FORBIDDEN
919207336262: CHAT_WRITE_FORBIDDEN
Client 919171409690: Error sending message to srilankan_boys_and_girls_chat: USER_BANNED_IN_CHANNEL
Client 917904339853: Error sending message to Bhabhi_Chatting_Group01: USER_BANNED_IN_CHANNEL
Client 917904339853: Error sending message to Girls_chatting_zone_club: USER_BANNED_IN_CHANNEL
Client 917904339853: Error sending message to Dasi_Bhabhi_Chatting_Group: USER_BANNED_IN_CHANNEL
Client 917904339853: Error sending message to Shilpasree_SWAPPING_INDIA: USER_BANNED_IN_CHANNEL
Client 917904339853: Error sending message to Girls_Chatting_Group_100K: USER_BANNED_IN_CHANNEL
Client 919207336262: Error sending message to Girls_love_xxROOM: USER_BANNED_IN_CHANNEL
Client 919207336262: Error sending message to usadateworld: CHAT_WRITE_FORBIDDEN
919207336262: CHAT_WRITE_FORBIDDEN
Client 917904339853: Error sending message to Matrimony_Dating_Group: USER_BANNED_IN_CHANNEL
Client 919207336262: Error sending message to Bangladeshigaygroup: USER_BANNED_IN_CHANNEL
Client 919207336262: Error sending message to american_dating_girls_usa_uk: USER_BANNED_IN_CHANNEL
Client 917904339853: Error sending message to All_lndian_gay_group: USER_BANNED_IN_CHANNEL
Client 919207336262: Error sending message to Tamil_wife_swapping123: USER_BANNED_IN_CHANNEL
Client 919207336262: Error sending message to Matrimony_Dating_Group: USER_BANNED_IN_CHANNEL
Error with token 7614665094:AAFCUYuiuYHon6FUDtlbE_PBbW_NmIAf3Rw: Request failed with status code 401 message:  @DIVYA2 : 918056632742
SR444301Kaveeshasonal: First photo
Error with token 7614665094:AAFCUYuiuYHon6FUDtlbE_PBbW_NmIAf3Rw: Request failed with status code 401 message:  @DIVYA2 : 918056632742
SR444301Kaveeshasonal: First photo
Error with token 7614665094:AAFCUYuiuYHon6FUDtlbE_PBbW_NmIAf3Rw: Request failed with status code 401 message:  @DIVYA2 : 918056632742
SR444301Kaveeshasonal: First photo
Error with token 7614665094:AAFCUYuiuYHon6FUDtlbE_PBbW_NmIAf3Rw: Request failed with status code 401 message:  @DIVYA2 : 918056632742
SR444301Kaveeshasonal: First photo
Error with token 7614665094:AAFCUYuiuYHon6FUDtlbE_PBbW_NmIAf3Rw: Request failed with status code 401 message:  @DIVYA2 : 918056632742
SR444301Kaveeshasonal: First photo
Error with token 7614665094:AAFCUYuiuYHon6FUDtlbE_PBbW_NmIAf3Rw: Request failed with status code 401 message:  @DIVYA2 : 918056632742
SR444301Kaveeshasonal: First photo
Timeout error with token 7614665094:AAFCUYuiuYHon6FUDtlbE_PBbW_NmIAf3Rw: timeout of 1500ms exceeded message:  @DIVYA2 : 918056632742
SR444301Kaveeshasonal: First photo
Error with token 7828340584:AAHAh0HP9vjaMsw42iEzc125NaOsOKrSfAo: Request failed with status code 401 message:  @DIVYA2 : 
Average Reaction Delay: 6779: last:0.00mins

Error with token 7828340584:AAHAh0HP9vjaMsw42iEzc125NaOsOKrSfAo: Request failed with status code 401 message:  @DIVYA2 : 
Average Reaction Delay: 6779: last:0.00mins

Error with token 7828340584:AAHAh0HP9vjaMsw42iEzc125NaOsOKrSfAo: Request failed with status code 401 message:  @DIVYA2 : 
Average Reaction Delay: 6779: last:0.00mins

Error with token 7828340584:AAHAh0HP9vjaMsw42iEzc125NaOsOKrSfAo: Request failed with status code 401 message:  @DIVYA2 : 
Average Reaction Delay: 6779: last:0.00mins

Error with token 7828340584:AAHAh0HP9vjaMsw42iEzc125NaOsOKrSfAo: Request failed with status code 401 message:  @DIVYA2 : 
Average Reaction Delay: 6779: last:0.00mins

Error with token 7828340584:AAHAh0HP9vjaMsw42iEzc125NaOsOKrSfAo: Request failed with status code 401 message:  @DIVYA2 : 
Average Reaction Delay: 6779: last:0.00mins

Error with token 7828340584:AAHAh0HP9vjaMsw42iEzc125NaOsOKrSfAo: Request failed with status code 401 message:  @DIVYA2 : 
Average Reaction Delay: 6779: last:0.00mins

Error with token 7828340584:AAHAh0HP9vjaMsw42iEzc125NaOsOKrSfAo: Request failed with status code 401 message:  @DIVYA2 : 
Average Reaction Delay: 6779: last:0.00mins

Message sending failed after 8 retries
Client 917904339853: Error sending message to Darazmysteryboxlovers: USER_BANNED_IN_CHANNEL
Client 918056632742: Error sending message to WIFE_Sowpinge_news: USER_BANNED_IN_CHANNEL
Client 918056632742: Error sending message to Girls_love_xxROOM: USER_BANNED_IN_CHANNEL
Client 917904339853: Error sending message to TamilAnutyveriyanahahahah: USER_BANNED_IN_CHANNEL
Client 918056632742: Error sending message to M21771: TOPIC_CLOSED
918056632742: TOPIC_CLOSED
Client 917904339853: Error sending message to Adults_Chat_fun_Group: USER_BANNED_IN_CHANNEL
Client 917904339853: Error sending message to tamil_gay_group143: USER_BANNED_IN_CHANNEL
Client 917904339853: Error sending message to freefireforgirls: USER_BANNED_IN_CHANNEL
Client 917904339853: Error sending message to girls_chatting_group_lovers: USER_BANNED_IN_CHANNEL
Client 917904339853: Error sending message to chatting_group_girls12: USER_BANNED_IN_CHANNEL
Client 919207336262: Error sending message to Chatting_with_bhabhi: USER_BANNED_IN_CHANNEL
Client 917904339853: Error sending message to And_Girls_Boys_Group_Chatting_4: USER_BANNED_IN_CHANNEL
Client 917904339853: Error sending message to Videohive_templates_chat: USER_BANNED_IN_CHANNEL
Client 919171409690: Error sending message to mkdphotostudiofamily: USER_BANNED_IN_CHANNEL
Client 919171409690: Error sending message to Darazmysteryboxlovers: USER_BANNED_IN_CHANNEL
Client 919207336262: Error sending message to SWAPPING_INDIA_P4U: USER_BANNED_IN_CHANNEL
Client 917904339853: Error sending message to Sweet_Girls_Chatting_Group: USER_BANNED_IN_CHANNEL
Client 917904339853: Error sending message to Telugu_groups_chatting_friends: USER_BANNED_IN_CHANNEL
Client 917904339853: Error sending message to amaloversclub: USER_BANNED_IN_CHANNEL
Client 917904339853: Error sending message to Dubaistrangers: USER_BANNED_IN_CHANNEL
Client 918056632742: Error sending message to friends_foreverI: USER_BANNED_IN_CHANNEL
Client 918056632742: Error sending message to Girlschattinggroup_new: USER_BANNED_IN_CHANNEL
Client 919207336262: Error sending message to smart_girls_group: USER_BANNED_IN_CHANNEL
Client 919207336262: Error sending message to Lovely_GirlsChattingGroup: USER_BANNED_IN_CHANNEL
Client 919207336262: Error sending message to GirlschattingGroup_Superchatting: USER_BANNED_IN_CHANNEL
Client 919207336262: Error sending message to And_Girls_Boys_Group_Chatting0: USER_BANNED_IN_CHANNEL
Client 919207336262: Error sending message to collage_girl_frand: USER_BANNED_IN_CHANNEL
Client 919207336262: Error sending message to Single_Girls_Chatting_Friendship: USER_BANNED_IN_CHANNEL
Client 919207336262: Error sending message to humasfar_KI_LOVE: USER_BANNED_IN_CHANNEL
Client 918056632742: Error sending message to international_friends_besties: USER_BANNED_IN_CHANNEL
Client 918056632742: Error sending message to virtiklove: ALLOW_PAYMENT_REQUIRED
918056632742: ALLOW_PAYMENT_REQUIRED
Client 919207336262: Error sending message to Lucky_Draw_Master_Service_Group: USER_BANNED_IN_CHANNEL
Client 919207336262: Error sending message to Bengaligaygroup: USER_BANNED_IN_CHANNEL
Client 917904339853: Error sending message to GIRLCHAT138: USER_BANNED_IN_CHANNEL
Client 917904339853: Error sending message to WIFE_SWAPPING_INDIAN_MEETING: USER_BANNED_IN_CHANNEL
Client 917904339853: Error sending message to Best_Friends_Forever_United: USER_BANNED_IN_CHANNEL
Client 917904339853: Error sending message to Girls_chatting_Grouph: USER_BANNED_IN_CHANNEL
Client 917904339853: Error sending message to M21771: TOPIC_CLOSED
917904339853: TOPIC_CLOSED
Client 917904339853: Error sending message to geniunegirlsclub: USER_BANNED_IN_CHANNEL
Client 917904339853: Error sending message to KrakenRealtor: USER_BANNED_IN_CHANNEL
Client 918056632742: Error sending message to WIFE_SWAPPING_INDIA_INDIA: CHAT_WRITE_FORBIDDEN
918056632742: CHAT_WRITE_FORBIDDEN
Client 919171409690: Error sending message to Single_Girls_Chatting_Friendship: USER_BANNED_IN_CHANNEL
Client 917904339853: Error sending message to Girlsboychatting_group: USER_BANNED_IN_CHANNEL
Client 919171409690: Error sending message to shayari_loverrr: USER_BANNED_IN_CHANNEL
Client 917904339853: Error sending message to INTERNATIONAL_BHABHI: USER_BANNED_IN_CHANNEL
Client 919171409690: Error sending message to telugu_sex_storys: CHAT_SEND_PLAIN_FORBIDDEN
919171409690: CHAT_SEND_PLAIN_FORBIDDEN
Client 917904339853: Error sending message to null: CHAT_WRITE_FORBIDDEN
917904339853: CHAT_WRITE_FORBIDDEN
Client 919171409690: Error sending message to Bhabhi_Chatting_Group01: USER_BANNED_IN_CHANNEL
Client 917904339853: Error sending message to GirlsBoysXD: USER_BANNED_IN_CHANNEL
Client 919171409690: Error sending message to Girls_chatting_zone_club: USER_BANNED_IN_CHANNEL
Client 919171409690: Error sending message to Gf_Bf_Chating2024: USER_BANNED_IN_CHANNEL
Client 917904339853: Error sending message to Ayesha_X_girl: USER_BANNED_IN_CHANNEL
Client 919171409690: Error sending message to best_friends_chatting_club2: CHAT_WRITE_FORBIDDEN
919171409690: CHAT_WRITE_FORBIDDEN
Client 919171409690: Error sending message to slfriends20: USER_BANNED_IN_CHANNEL
Client 919171409690: Error sending message to paidstudies: USER_BANNED_IN_CHANNEL
Client 919171409690: Error sending message to Telugu_Friends_ChattingGroup: USER_BANNED_IN_CHANNEL
Client 919171409690: Error sending message to gujaratgaygroup: USER_BANNED_IN_CHANNEL
Client 919207336262: Error sending message to Friends_Chatting_group_6: USER_BANNED_IN_CHANNEL
🚨 Heap exceeded 100 MB. Cleaning up...
⚠️ GC not available. Start Node with --expose-gc
Client 919171409690: Error sending message to And_Girls_Boys_Group_Chatting0: USER_BANNED_IN_CHANNEL
Client 919171409690: Error sending message to realmarwahmedicine: USER_BANNED_IN_CHANNEL
Client 919171409690: Error sending message to M21771: TOPIC_CLOSED
919171409690: TOPIC_CLOSED
Client 919171409690: Error sending message to girlsandboyschattingroup8: USER_BANNED_IN_CHANNEL
Client 919171409690: Error sending message to adultTv_1k: CHAT_WRITE_FORBIDDEN
919171409690: CHAT_WRITE_FORBIDDEN
Error with token 7614665094:AAFCUYuiuYHon6FUDtlbE_PBbW_NmIAf3Rw: Request failed with status code 401 message:  @DIVYA2 : Limited :  919171409690 as daysLeft : 0
Error with token 7614665094:AAFCUYuiuYHon6FUDtlbE_PBbW_NmIAf3Rw: Request failed with status code 401 message:  @DIVYA2 : Limited :  919171409690 as daysLeft : 0
Error with token 7614665094:AAFCUYuiuYHon6FUDtlbE_PBbW_NmIAf3Rw: Request failed with status code 401 message:  @DIVYA2 : Limited :  919171409690 as daysLeft : 0
Error with token 7614665094:AAFCUYuiuYHon6FUDtlbE_PBbW_NmIAf3Rw: Request failed with status code 401 message:  @DIVYA2 : Limited :  919171409690 as daysLeft : 0
Error with token 7614665094:AAFCUYuiuYHon6FUDtlbE_PBbW_NmIAf3Rw: Request failed with status code 401 message:  @DIVYA2 : Limited :  919171409690 as daysLeft : 0
Error with token 7614665094:AAFCUYuiuYHon6FUDtlbE_PBbW_NmIAf3Rw: Request failed with status code 401 message:  @DIVYA2 : Limited :  919171409690 as daysLeft : 0
Error with token 7614665094:AAFCUYuiuYHon6FUDtlbE_PBbW_NmIAf3Rw: Request failed with status code 401 message:  @DIVYA2 : Limited :  919171409690 as daysLeft : 0
Error with token 7614665094:AAFCUYuiuYHon6FUDtlbE_PBbW_NmIAf3Rw: Request failed with status code 401 message:  @DIVYA2 : Limited :  919171409690 as daysLeft : 0
Message sending failed after 8 retries
Error with token 7828340584:AAHAh0HP9vjaMsw42iEzc125NaOsOKrSfAo: Request failed with status code 401 message:  @DIVYA2 : Limited :  919171409690 as daysLeft : 0
Error with token 7828340584:AAHAh0HP9vjaMsw42iEzc125NaOsOKrSfAo: Request failed with status code 401 message:  @DIVYA2 : Limited :  919171409690 as daysLeft : 0
Error with token 7828340584:AAHAh0HP9vjaMsw42iEzc125NaOsOKrSfAo: Request failed with status code 401 message:  @DIVYA2 : Limited :  919171409690 as daysLeft : 0
Error with token 7828340584:AAHAh0HP9vjaMsw42iEzc125NaOsOKrSfAo: Request failed with status code 401 message:  @DIVYA2 : Limited :  919171409690 as daysLeft : 0
Error with token 7828340584:AAHAh0HP9vjaMsw42iEzc125NaOsOKrSfAo: Request failed with status code 401 message:  @DIVYA2 : Limited :  919171409690 as daysLeft : 0
Error with token 7828340584:AAHAh0HP9vjaMsw42iEzc125NaOsOKrSfAo: Request failed with status code 401 message:  @DIVYA2 : Limited :  919171409690 as daysLeft : 0
Error with token 7828340584:AAHAh0HP9vjaMsw42iEzc125NaOsOKrSfAo: Request failed with status code 401 message:  @DIVYA2 : Limited :  919171409690 as daysLeft : 0
Error with token 7828340584:AAHAh0HP9vjaMsw42iEzc125NaOsOKrSfAo: Request failed with status code 401 message:  @DIVYA2 : Limited :  919171409690 as daysLeft : 0
Message sending failed after 8 retries
Client 918056632742: Error sending message to Tamil_wife_swapping123: USER_BANNED_IN_CHANNEL
Client 917904339853: Error sending message to SrilankanGayClubOfficial: USER_BANNED_IN_CHANNEL
Client 917904339853: Error sending message to GangOfGiirls: USER_BANNED_IN_CHANNEL
Client 917904339853: Error sending message to lovechattinggroup: USER_BANNED_IN_CHANNEL
Client 917904339853: Error sending message to WIFE_SWAPPING_INDIAQ: USER_BANNED_IN_CHANNEL
Client 919207336262: Error sending message to Global_CHATTING_HINDI_ZONE: USER_BANNED_IN_CHANNEL
Client 918056632742: Error sending message to Cute_Girls_Chatting_Group: USER_BANNED_IN_CHANNEL
Client 918056632742: Error sending message to lovechattinggroup: USER_BANNED_IN_CHANNEL
Error with token 7614665094:AAFCUYuiuYHon6FUDtlbE_PBbW_NmIAf3Rw: Request failed with status code 401 message:  @DIVYA2 : Limited :  919171409690 as daysLeft : 0
Error with token 7614665094:AAFCUYuiuYHon6FUDtlbE_PBbW_NmIAf3Rw: Request failed with status code 401 message:  @DIVYA2 : Limited :  919171409690 as daysLeft : 0
Error with token 7614665094:AAFCUYuiuYHon6FUDtlbE_PBbW_NmIAf3Rw: Request failed with status code 401 message:  @DIVYA2 : Limited :  919171409690 as daysLeft : 0
Error with token 7614665094:AAFCUYuiuYHon6FUDtlbE_PBbW_NmIAf3Rw: Request failed with status code 401 message:  @DIVYA2 : Limited :  919171409690 as daysLeft : 0
Error with token 7614665094:AAFCUYuiuYHon6FUDtlbE_PBbW_NmIAf3Rw: Request failed with status code 401 message:  @DIVYA2 : Limited :  919171409690 as daysLeft : 0
Error with token 7614665094:AAFCUYuiuYHon6FUDtlbE_PBbW_NmIAf3Rw: Request failed with status code 401 message:  @DIVYA2 : Limited :  919171409690 as daysLeft : 0
Error with token 7614665094:AAFCUYuiuYHon6FUDtlbE_PBbW_NmIAf3Rw: Request failed with status code 401 message:  @DIVYA2 : Limited :  919171409690 as daysLeft : 0
Error with token 7614665094:AAFCUYuiuYHon6FUDtlbE_PBbW_NmIAf3Rw: Request failed with status code 401 message:  @DIVYA2 : Limited :  919171409690 as daysLeft : 0
Message sending failed after 8 retries
