Database instance does not exist.
Database instance does not exist.
Database instance does not exist.
Database instance does not exist.
Database instance does not exist.
Database instance does not exist.
Database instance does not exist.
Database instance does not exist.
Database instance does not exist.
Database instance does not exist.
Database instance does not exist.
(node:73396) [MONGODB DRIVER] Warning: useNewUrlParser is a deprecated option: useNewUrlParser has no effect since Node.js Driver version 4.0.0 and will be removed in the next major version
(Use `node --trace-warnings ...` to show where the warning was created)
(node:73396) [MONGODB DRIVER] Warning: useUnifiedTopology is a deprecated option: useUnifiedTopology has no effect since Node.js Driver version 4.0.0 and will be removed in the next major version
File not found: ./mobileStats-919492776308.json
File not found: ./mobileStats-917347661546.json
Client 917347661546: Error sending message to friends_foreverI: USER_BANNED_IN_CHANNEL
File not found: ./mobileStats-916395801235.json
Client 916395801235: Error sending message to Girls_chatting_zone_club: USER_BANNED_IN_CHANNEL
File not found: ./mobileStats-919885564728.json
Client 919885564728: Error sending message to thefriendsforever21: USER_BANNED_IN_CHANNEL
Timeout error with token 7614665094:AAFCUYuiuYHon6FUDtlbE_PBbW_NmIAf3Rw: timeout of 1500ms exceeded message:  @DIVYA1 : Limited :  919885564728 as daysLeft : 2
Client 919885564728: Error sending message to jagruthiimpact: USER_BANNED_IN_CHANNEL
Client 919885564728: Error sending message to punjabtalks: USER_BANNED_IN_CHANNEL
Error with token 7828340584:AAHAh0HP9vjaMsw42iEzc125NaOsOKrSfAo: Request failed with status code 401 message:  @DIVYA1 : 
Average Reaction Delay: 9492: last:0.02mins

Error with token 7828340584:AAHAh0HP9vjaMsw42iEzc125NaOsOKrSfAo: Request failed with status code 401 message:  @DIVYA1 : 
Average Reaction Delay: 9492: last:0.02mins

Error with token 7828340584:AAHAh0HP9vjaMsw42iEzc125NaOsOKrSfAo: Request failed with status code 401 message:  @DIVYA1 : 
Average Reaction Delay: 9492: last:0.02mins

Error with token 7828340584:AAHAh0HP9vjaMsw42iEzc125NaOsOKrSfAo: Request failed with status code 401 message:  @DIVYA1 : 
Average Reaction Delay: 9492: last:0.02mins

Error with token 7828340584:AAHAh0HP9vjaMsw42iEzc125NaOsOKrSfAo: Request failed with status code 401 message:  @DIVYA1 : 
Average Reaction Delay: 9492: last:0.02mins

Error with token 7828340584:AAHAh0HP9vjaMsw42iEzc125NaOsOKrSfAo: Request failed with status code 401 message:  @DIVYA1 : 
Average Reaction Delay: 9492: last:0.02mins

Error with token 7828340584:AAHAh0HP9vjaMsw42iEzc125NaOsOKrSfAo: Request failed with status code 401 message:  @DIVYA1 : 
Average Reaction Delay: 9492: last:0.02mins

Error with token 7828340584:AAHAh0HP9vjaMsw42iEzc125NaOsOKrSfAo: Request failed with status code 401 message:  @DIVYA1 : 
Average Reaction Delay: 9492: last:0.02mins

Message sending failed after 8 retries
Client 916395801235: Error sending message to Bhabhi_Chatting_Group01: USER_BANNED_IN_CHANNEL
Client 916395801235: Error sending message to COUPLE_SWAPPING_GROUP: CHAT_WRITE_FORBIDDEN
916395801235: CHAT_WRITE_FORBIDDEN
Client 916395801235: Error sending message to Grils_Chatting_group_boy_loves: USER_BANNED_IN_CHANNEL
Client 916395801235: Error sending message to friendwithbenefitbase: CHAT_WRITE_FORBIDDEN
916395801235: CHAT_WRITE_FORBIDDEN
Client 919885564728: Error sending message to friends_foreverI: USER_BANNED_IN_CHANNEL
Client 916395801235: Error sending message to sexchelyaba74vpiski: USER_BANNED_IN_CHANNEL
Client 919885564728: Error sending message to Shilpasree_BEST_LOVER: USER_BANNED_IN_CHANNEL
Client 916395801235: Error sending message to realmahadevbookid: USER_BANNED_IN_CHANNEL
Client 919885564728: Error sending message to And_Girls_Boys_Group_Chatting0: USER_BANNED_IN_CHANNEL
Client 919885564728: Error sending message to Lovely_GirlsChattingGroup: USER_BANNED_IN_CHANNEL
Client 919885564728: Error sending message to slfriends20: USER_BANNED_IN_CHANNEL
Client 916395801235: Error sending message to Girls_chatting_Grouph: USER_BANNED_IN_CHANNEL
Client 919885564728: Error sending message to IndianGirlsBoysFlix: USER_BANNED_IN_CHANNEL
Client 916395801235: Error sending message to Shilpasree_SWAPPING_INDIA: USER_BANNED_IN_CHANNEL
Client 919885564728: Error sending message to Cute_Girls_ChattingGroup: USER_BANNED_IN_CHANNEL
Client 916395801235: Error sending message to teluguchatting23: CHAT_WRITE_FORBIDDEN
916395801235: CHAT_WRITE_FORBIDDEN
Client 919885564728: Error sending message to GIRL_CHAT111: USER_BANNED_IN_CHANNEL
Client 916395801235: Error sending message to null: USER_BANNED_IN_CHANNEL
Client 919885564728: Error sending message to Gf_Bf_Chating2024: USER_BANNED_IN_CHANNEL
Client 916395801235: Error sending message to GangOfGiirls: USER_BANNED_IN_CHANNEL
Client 919885564728: Error sending message to Friendschattinggroup111: USER_BANNED_IN_CHANNEL
Client 919885564728: Error sending message to Girls_chatting_Grouph: USER_BANNED_IN_CHANNEL
Client 916395801235: Error sending message to smart_girls_group: USER_BANNED_IN_CHANNEL
Client 916395801235: Error sending message to american_dating_girls_usa_uk: USER_BANNED_IN_CHANNEL
Client 916395801235: Error sending message to girls_and_boys_chatting_group5: USER_BANNED_IN_CHANNEL
Client 916395801235: Error sending message to delhi_dating_group1: USER_BANNED_IN_CHANNEL
Client 916395801235: Error sending message to Chattingwithgirls_group: USER_BANNED_IN_CHANNEL
Error with token 7614665094:AAFCUYuiuYHon6FUDtlbE_PBbW_NmIAf3Rw: Request failed with status code 401 message:  @DIVYA1 : Limited :  916395801235 as daysLeft : 1
Error with token 7614665094:AAFCUYuiuYHon6FUDtlbE_PBbW_NmIAf3Rw: Request failed with status code 401 message:  @DIVYA1 : Limited :  916395801235 as daysLeft : 1
Error with token 7614665094:AAFCUYuiuYHon6FUDtlbE_PBbW_NmIAf3Rw: Request failed with status code 401 message:  @DIVYA1 : Limited :  916395801235 as daysLeft : 1
Error with token 7614665094:AAFCUYuiuYHon6FUDtlbE_PBbW_NmIAf3Rw: Request failed with status code 401 message:  @DIVYA1 : Limited :  916395801235 as daysLeft : 1
Error with token 7614665094:AAFCUYuiuYHon6FUDtlbE_PBbW_NmIAf3Rw: Request failed with status code 401 message:  @DIVYA1 : Limited :  916395801235 as daysLeft : 1
Error with token 7614665094:AAFCUYuiuYHon6FUDtlbE_PBbW_NmIAf3Rw: Request failed with status code 401 message:  @DIVYA1 : Limited :  916395801235 as daysLeft : 1
Error with token 7614665094:AAFCUYuiuYHon6FUDtlbE_PBbW_NmIAf3Rw: Request failed with status code 401 message:  @DIVYA1 : Limited :  916395801235 as daysLeft : 1
Error with token 7828340584:AAHAh0HP9vjaMsw42iEzc125NaOsOKrSfAo: Request failed with status code 401 message:  @DIVYA1 : 916395801235
Bikki: Video call karo
Error with token 7828340584:AAHAh0HP9vjaMsw42iEzc125NaOsOKrSfAo: Request failed with status code 401 message:  @DIVYA1 : Limited :  916395801235 as daysLeft : 1
Message sending failed after 8 retries
Error with token 7828340584:AAHAh0HP9vjaMsw42iEzc125NaOsOKrSfAo: Request failed with status code 401 message:  @DIVYA1 : 916395801235
Bikki: Video call karo
Error with token 7828340584:AAHAh0HP9vjaMsw42iEzc125NaOsOKrSfAo: Request failed with status code 401 message:  @DIVYA1 : 916395801235
Bikki: Video call karo
Error with token 7828340584:AAHAh0HP9vjaMsw42iEzc125NaOsOKrSfAo: Request failed with status code 401 message:  @DIVYA1 : 916395801235
Bikki: Video call karo
Error with token 7828340584:AAHAh0HP9vjaMsw42iEzc125NaOsOKrSfAo: Request failed with status code 401 message:  @DIVYA1 : 916395801235
Bikki: Video call karo
Error with token 7828340584:AAHAh0HP9vjaMsw42iEzc125NaOsOKrSfAo: Request failed with status code 401 message:  @DIVYA1 : 916395801235
Bikki: Video call karo
Error with token 7828340584:AAHAh0HP9vjaMsw42iEzc125NaOsOKrSfAo: Request failed with status code 401 message:  @DIVYA1 : 916395801235
Bikki: Video call karo
Error with token 7828340584:AAHAh0HP9vjaMsw42iEzc125NaOsOKrSfAo: Request failed with status code 401 message:  @DIVYA1 : 916395801235
Bikki: Video call karo
Message sending failed after 8 retries
Client 917347661546: Error sending message to Lovely_GirlsChattingGroup: USER_BANNED_IN_CHANNEL
Client 919885564728: Error sending message to Chattingwithgirls_group: USER_BANNED_IN_CHANNEL
Client 919885564728: Error sending message to Dasi_Bhabhi_Chatting_Group: USER_BANNED_IN_CHANNEL
Client 919885564728: Error sending message to SWAPPING_INDIA_P4U: USER_BANNED_IN_CHANNEL
Client 919885564728: Error sending message to Paid_Girls_Service_Available102: USER_BANNED_IN_CHANNEL
Error with token 7614665094:AAFCUYuiuYHon6FUDtlbE_PBbW_NmIAf3Rw: Request failed with status code 401 message:  @DIVYA1 : Limited :  916395801235 as daysLeft : 1
Error with token 7614665094:AAFCUYuiuYHon6FUDtlbE_PBbW_NmIAf3Rw: Request failed with status code 401 message:  @DIVYA1 : Limited :  916395801235 as daysLeft : 1
Error with token 7614665094:AAFCUYuiuYHon6FUDtlbE_PBbW_NmIAf3Rw: Request failed with status code 401 message:  @DIVYA1 : Limited :  916395801235 as daysLeft : 1
Error with token 7614665094:AAFCUYuiuYHon6FUDtlbE_PBbW_NmIAf3Rw: Request failed with status code 401 message:  @DIVYA1 : Limited :  916395801235 as daysLeft : 1
Error with token 7614665094:AAFCUYuiuYHon6FUDtlbE_PBbW_NmIAf3Rw: Request failed with status code 401 message:  @DIVYA1 : Limited :  916395801235 as daysLeft : 1
Error with token 7614665094:AAFCUYuiuYHon6FUDtlbE_PBbW_NmIAf3Rw: Request failed with status code 401 message:  @DIVYA1 : Limited :  916395801235 as daysLeft : 1
Timeout error with token 7614665094:AAFCUYuiuYHon6FUDtlbE_PBbW_NmIAf3Rw: timeout of 1500ms exceeded message:  @DIVYA1 : Limited :  916395801235 as daysLeft : 1
Error with token 7828340584:AAHAh0HP9vjaMsw42iEzc125NaOsOKrSfAo: Request failed with status code 401 message:  @DIVYA1 : 916395801235
Bikki: Nahi ho raha he
Error with token 7828340584:AAHAh0HP9vjaMsw42iEzc125NaOsOKrSfAo: Request failed with status code 401 message:  @DIVYA1 : 916395801235
Bikki: Nahi ho raha he
Error with token 7828340584:AAHAh0HP9vjaMsw42iEzc125NaOsOKrSfAo: Request failed with status code 401 message:  @DIVYA1 : 916395801235
Bikki: Nahi ho raha he
Error with token 7828340584:AAHAh0HP9vjaMsw42iEzc125NaOsOKrSfAo: Request failed with status code 401 message:  @DIVYA1 : 916395801235
Bikki: Nahi ho raha he
Error with token 7828340584:AAHAh0HP9vjaMsw42iEzc125NaOsOKrSfAo: Request failed with status code 401 message:  @DIVYA1 : 916395801235
Bikki: Nahi ho raha he
Error with token 7828340584:AAHAh0HP9vjaMsw42iEzc125NaOsOKrSfAo: Request failed with status code 401 message:  @DIVYA1 : 916395801235
Bikki: Nahi ho raha he
Error with token 7828340584:AAHAh0HP9vjaMsw42iEzc125NaOsOKrSfAo: Request failed with status code 401 message:  @DIVYA1 : 916395801235
Bikki: Nahi ho raha he
Error with token 7828340584:AAHAh0HP9vjaMsw42iEzc125NaOsOKrSfAo: Request failed with status code 401 message:  @DIVYA1 : 916395801235
Bikki: Nahi ho raha he
Message sending failed after 8 retries
Client 917347661546: Error sending message to Tamil_gay_zone01: USER_BANNED_IN_CHANNEL
Client 917347661546: Error sending message to shayari_loverrr: USER_BANNED_IN_CHANNEL
Client 917347661546: Error sending message to Videohive_templates_chat: USER_BANNED_IN_CHANNEL
Client 919885564728: Error sending message to telugu_groups_friends_chatting: USER_BANNED_IN_CHANNEL
Client 919885564728: Error sending message to Bhaabhi_ChattingGroup_Global: USER_BANNED_IN_CHANNEL
Client 919885564728: Error sending message to delhi_dating_group1: USER_BANNED_IN_CHANNEL
Client 919885564728: Error sending message to Girls_and_boy_love_story: USER_BANNED_IN_CHANNEL
🚨 Heap exceeded 100 MB. Cleaning up...
⚠️ GC not available. Start Node with --expose-gc
Error with token 7614665094:AAFCUYuiuYHon6FUDtlbE_PBbW_NmIAf3Rw: Request failed with status code 401 message:  @DIVYA1 : 
Average Reaction Delay: 8663: last:0.06mins

Error with token 7614665094:AAFCUYuiuYHon6FUDtlbE_PBbW_NmIAf3Rw: Request failed with status code 401 message:  @DIVYA1 : 
Average Reaction Delay: 8663: last:0.06mins

Error with token 7614665094:AAFCUYuiuYHon6FUDtlbE_PBbW_NmIAf3Rw: Request failed with status code 401 message:  @DIVYA1 : 
Average Reaction Delay: 8663: last:0.06mins

Error with token 7614665094:AAFCUYuiuYHon6FUDtlbE_PBbW_NmIAf3Rw: Request failed with status code 401 message:  @DIVYA1 : 
Average Reaction Delay: 8663: last:0.06mins

Error with token 7614665094:AAFCUYuiuYHon6FUDtlbE_PBbW_NmIAf3Rw: Request failed with status code 401 message:  @DIVYA1 : 
Average Reaction Delay: 8663: last:0.06mins

Error with token 7614665094:AAFCUYuiuYHon6FUDtlbE_PBbW_NmIAf3Rw: Request failed with status code 401 message:  @DIVYA1 : 
Average Reaction Delay: 8663: last:0.06mins

Error with token 7614665094:AAFCUYuiuYHon6FUDtlbE_PBbW_NmIAf3Rw: Request failed with status code 401 message:  @DIVYA1 : 
Average Reaction Delay: 8663: last:0.06mins

Error with token 7614665094:AAFCUYuiuYHon6FUDtlbE_PBbW_NmIAf3Rw: Request failed with status code 401 message:  @DIVYA1 : 
Average Reaction Delay: 8663: last:0.06mins

Message sending failed after 8 retries
Error with token 7828340584:AAHAh0HP9vjaMsw42iEzc125NaOsOKrSfAo: Request failed with status code 401 message:  @DIVYA1 : Limited :  916395801235 as daysLeft : 1
Error with token 7828340584:AAHAh0HP9vjaMsw42iEzc125NaOsOKrSfAo: Request failed with status code 401 message:  @DIVYA1 : Limited :  916395801235 as daysLeft : 1
Error with token 7828340584:AAHAh0HP9vjaMsw42iEzc125NaOsOKrSfAo: Request failed with status code 401 message:  @DIVYA1 : Limited :  916395801235 as daysLeft : 1
Error with token 7828340584:AAHAh0HP9vjaMsw42iEzc125NaOsOKrSfAo: Request failed with status code 401 message:  @DIVYA1 : Limited :  916395801235 as daysLeft : 1
Error with token 7828340584:AAHAh0HP9vjaMsw42iEzc125NaOsOKrSfAo: Request failed with status code 401 message:  @DIVYA1 : Limited :  916395801235 as daysLeft : 1
Error with token 7828340584:AAHAh0HP9vjaMsw42iEzc125NaOsOKrSfAo: Request failed with status code 401 message:  @DIVYA1 : Limited :  916395801235 as daysLeft : 1
Error with token 7828340584:AAHAh0HP9vjaMsw42iEzc125NaOsOKrSfAo: Request failed with status code 401 message:  @DIVYA1 : Limited :  916395801235 as daysLeft : 1
Error with token 7828340584:AAHAh0HP9vjaMsw42iEzc125NaOsOKrSfAo: Request failed with status code 401 message:  @DIVYA1 : Limited :  916395801235 as daysLeft : 1
Message sending failed after 8 retries
Client 917347661546: Error sending message to usadateworld: CHAT_WRITE_FORBIDDEN
917347661546: CHAT_WRITE_FORBIDDEN
Client 917347661546: Error sending message to GayDatingHub: USER_BANNED_IN_CHANNEL
Client 917347661546: Error sending message to Village_GirlsChattingGroup: USER_BANNED_IN_CHANNEL
Client 917347661546: Error sending message to Telugu_Friends_ChattingGroup: USER_BANNED_IN_CHANNEL
Client 917347661546: Error sending message to odessawork_ua: USER_BANNED_IN_CHANNEL
Client 917347661546: Error sending message to Friends_forever_zone0: undefined
917347661546: undefined
Client 919492776308: Error sending message to bestfriend_Girls_Chatting_group: USER_BANNED_IN_CHANNEL
Error with token 7614665094:AAFCUYuiuYHon6FUDtlbE_PBbW_NmIAf3Rw: Request failed with status code 401 message:  @DIVYA1 : Limited :  916395801235 as daysLeft : 1
Error with token 7614665094:AAFCUYuiuYHon6FUDtlbE_PBbW_NmIAf3Rw: Request failed with status code 401 message:  @DIVYA1 : Limited :  916395801235 as daysLeft : 1
Error with token 7614665094:AAFCUYuiuYHon6FUDtlbE_PBbW_NmIAf3Rw: Request failed with status code 401 message:  @DIVYA1 : Limited :  916395801235 as daysLeft : 1
Client 919492776308: Error sending message to null: USER_BANNED_IN_CHANNEL
Error with token 7614665094:AAFCUYuiuYHon6FUDtlbE_PBbW_NmIAf3Rw: Request failed with status code 401 message:  @DIVYA1 : Limited :  916395801235 as daysLeft : 1
Error with token 7614665094:AAFCUYuiuYHon6FUDtlbE_PBbW_NmIAf3Rw: Request failed with status code 401 message:  @DIVYA1 : Limited :  916395801235 as daysLeft : 1
Error with token 7614665094:AAFCUYuiuYHon6FUDtlbE_PBbW_NmIAf3Rw: Request failed with status code 401 message:  @DIVYA1 : Limited :  916395801235 as daysLeft : 1
Error with token 7614665094:AAFCUYuiuYHon6FUDtlbE_PBbW_NmIAf3Rw: Request failed with status code 401 message:  @DIVYA1 : Limited :  916395801235 as daysLeft : 1
Error with token 7614665094:AAFCUYuiuYHon6FUDtlbE_PBbW_NmIAf3Rw: Request failed with status code 401 message:  @DIVYA1 : Limited :  916395801235 as daysLeft : 1
Message sending failed after 8 retries
Client 919492776308: Error sending message to REDZONE_6346934: USER_BANNED_IN_CHANNEL
🚨 Heap exceeded 100 MB. Cleaning up...
⚠️ GC not available. Start Node with --expose-gc
Timeout error with token 7828340584:AAHAh0HP9vjaMsw42iEzc125NaOsOKrSfAo: timeout of 1500ms exceeded message:  @DIVYA1 : 
Average Reaction Delay: 7744: last:0.08mins

Client 919885564728: Error sending message to Ahmedabadgayboy: USER_BANNED_IN_CHANNEL
Client 919885564728: Error sending message to friend_Chatting_Group_Pro: USER_BANNED_IN_CHANNEL
Client 919885564728: Error sending message to girlsandboyschattingroup8: USER_BANNED_IN_CHANNEL
Client 919885564728: Error sending message to GIRLS_BOYS111: USER_BANNED_IN_CHANNEL
Timeout error with token 7958113591:AAG_HKjeSu35Abm4ktqU46FqIhAaprR9KaA: timeout of 1500ms exceeded message:  @DIVYA1 : Limited :  916395801235 as daysLeft : 1
Client 917347661546: Error sending message to Bangladeshigaygroup: USER_BANNED_IN_CHANNEL
Client 917347661546: Error sending message to tosslovers469: CHAT_SEND_PLAIN_FORBIDDEN
917347661546: CHAT_SEND_PLAIN_FORBIDDEN
Client 917347661546: Error sending message to WIFE_SWAPPING_INDIAQ: USER_BANNED_IN_CHANNEL
Client 917347661546: Error sending message to delhi_dating_group1: USER_BANNED_IN_CHANNEL
Error with token 7614665094:AAFCUYuiuYHon6FUDtlbE_PBbW_NmIAf3Rw: Request failed with status code 401 message:  @DIVYA1 : Limited :  916395801235 as daysLeft : 1
Error with token 7614665094:AAFCUYuiuYHon6FUDtlbE_PBbW_NmIAf3Rw: Request failed with status code 401 message:  @DIVYA1 : Limited :  916395801235 as daysLeft : 1
Error with token 7614665094:AAFCUYuiuYHon6FUDtlbE_PBbW_NmIAf3Rw: Request failed with status code 401 message:  @DIVYA1 : Limited :  916395801235 as daysLeft : 1
Error with token 7614665094:AAFCUYuiuYHon6FUDtlbE_PBbW_NmIAf3Rw: Request failed with status code 401 message:  @DIVYA1 : Limited :  916395801235 as daysLeft : 1
Error with token 7614665094:AAFCUYuiuYHon6FUDtlbE_PBbW_NmIAf3Rw: Request failed with status code 401 message:  @DIVYA1 : Limited :  916395801235 as daysLeft : 1
Error with token 7614665094:AAFCUYuiuYHon6FUDtlbE_PBbW_NmIAf3Rw: Request failed with status code 401 message:  @DIVYA1 : Limited :  916395801235 as daysLeft : 1
Error with token 7614665094:AAFCUYuiuYHon6FUDtlbE_PBbW_NmIAf3Rw: Request failed with status code 401 message:  @DIVYA1 : Limited :  916395801235 as daysLeft : 1
Error with token 7614665094:AAFCUYuiuYHon6FUDtlbE_PBbW_NmIAf3Rw: Request failed with status code 401 message:  @DIVYA1 : Limited :  916395801235 as daysLeft : 1
Message sending failed after 8 retries
Error with token 7828340584:AAHAh0HP9vjaMsw42iEzc125NaOsOKrSfAo: Request failed with status code 401 message:  @DIVYA1 : Limited :  916395801235 as daysLeft : 1
Timeout error with token 7828340584:AAHAh0HP9vjaMsw42iEzc125NaOsOKrSfAo: timeout of 1500ms exceeded message:  @DIVYA1 : Limited :  916395801235 as daysLeft : 1
🚨 Heap exceeded 100 MB. Cleaning up...
⚠️ GC not available. Start Node with --expose-gc
Timeout error with token 7614665094:AAFCUYuiuYHon6FUDtlbE_PBbW_NmIAf3Rw: timeout of 1500ms exceeded message:  @DIVYA1 : Limited :  916395801235 as daysLeft : 1
Error with token 7828340584:AAHAh0HP9vjaMsw42iEzc125NaOsOKrSfAo: Request failed with status code 401 message:  @DIVYA1 : Limited :  916395801235 as daysLeft : 1
Error with token 7828340584:AAHAh0HP9vjaMsw42iEzc125NaOsOKrSfAo: Request failed with status code 401 message:  @DIVYA1 : Limited :  916395801235 as daysLeft : 1
Error with token 7828340584:AAHAh0HP9vjaMsw42iEzc125NaOsOKrSfAo: Request failed with status code 401 message:  @DIVYA1 : Limited :  916395801235 as daysLeft : 1
Error with token 7828340584:AAHAh0HP9vjaMsw42iEzc125NaOsOKrSfAo: Request failed with status code 401 message:  @DIVYA1 : Limited :  916395801235 as daysLeft : 1
Error with token 7828340584:AAHAh0HP9vjaMsw42iEzc125NaOsOKrSfAo: Request failed with status code 401 message:  @DIVYA1 : Limited :  916395801235 as daysLeft : 1
Error with token 7828340584:AAHAh0HP9vjaMsw42iEzc125NaOsOKrSfAo: Request failed with status code 401 message:  @DIVYA1 : Limited :  916395801235 as daysLeft : 1
Error with token 7828340584:AAHAh0HP9vjaMsw42iEzc125NaOsOKrSfAo: Request failed with status code 401 message:  @DIVYA1 : Limited :  916395801235 as daysLeft : 1
Error with token 7828340584:AAHAh0HP9vjaMsw42iEzc125NaOsOKrSfAo: Request failed with status code 401 message:  @DIVYA1 : Limited :  916395801235 as daysLeft : 1
Message sending failed after 8 retries
Client 917347661546: Error sending message to Matrimony_Dating_Group: USER_BANNED_IN_CHANNEL
Client 917347661546: Error sending message to paidstudies: USER_BANNED_IN_CHANNEL
Client 917347661546: Error sending message to Adults_Chat_fun_Group: USER_BANNED_IN_CHANNEL
Client 917347661546: Error sending message to BestFriendchatting_Group: USER_BANNED_IN_CHANNEL
Client 917347661546: Error sending message to indiangaychatrooom: USER_BANNED_IN_CHANNEL
Client 917347661546: Error sending message to Bhabhi_Chatting_Group01: USER_BANNED_IN_CHANNEL
Client 917347661546: Error sending message to Cute_Girls_Chatting_Group: USER_BANNED_IN_CHANNEL
Timeout error with token 7958113591:AAG_HKjeSu35Abm4ktqU46FqIhAaprR9KaA: timeout of 1500ms exceeded message:  @DIVYA1 : Limited :  916395801235 as daysLeft : 1
Client 919885564728: Error sending message to WIFE_SWAPPING_INDIAQ: USER_BANNED_IN_CHANNEL
Client 919885564728: Error sending message to GirlschattingGroup_Superchatting: USER_BANNED_IN_CHANNEL
Client 917347661546: Error sending message to geniunegirlsclub: USER_BANNED_IN_CHANNEL
Client 919885564728: Error sending message to telugu_genuine_girls: undefined
919885564728: undefined
Client 919885564728: Error sending message to usadateworld: CHAT_WRITE_FORBIDDEN
919885564728: CHAT_WRITE_FORBIDDEN
Error with token 7614665094:AAFCUYuiuYHon6FUDtlbE_PBbW_NmIAf3Rw: Request failed with status code 401 message:  @DIVYA1 : Limited :  916395801235 as daysLeft : 1
Error with token 7614665094:AAFCUYuiuYHon6FUDtlbE_PBbW_NmIAf3Rw: Request failed with status code 401 message:  @DIVYA1 : Limited :  916395801235 as daysLeft : 1
Error with token 7614665094:AAFCUYuiuYHon6FUDtlbE_PBbW_NmIAf3Rw: Request failed with status code 401 message:  @DIVYA1 : Limited :  916395801235 as daysLeft : 1
Error with token 7614665094:AAFCUYuiuYHon6FUDtlbE_PBbW_NmIAf3Rw: Request failed with status code 401 message:  @DIVYA1 : Limited :  916395801235 as daysLeft : 1
Error with token 7614665094:AAFCUYuiuYHon6FUDtlbE_PBbW_NmIAf3Rw: Request failed with status code 401 message:  @DIVYA1 : Limited :  916395801235 as daysLeft : 1
Error with token 7614665094:AAFCUYuiuYHon6FUDtlbE_PBbW_NmIAf3Rw: Request failed with status code 401 message:  @DIVYA1 : Limited :  916395801235 as daysLeft : 1
Error with token 7614665094:AAFCUYuiuYHon6FUDtlbE_PBbW_NmIAf3Rw: Request failed with status code 401 message:  @DIVYA1 : Limited :  916395801235 as daysLeft : 1
Error with token 7614665094:AAFCUYuiuYHon6FUDtlbE_PBbW_NmIAf3Rw: Request failed with status code 401 message:  @DIVYA1 : Limited :  916395801235 as daysLeft : 1
Message sending failed after 8 retries
Error with token 7828340584:AAHAh0HP9vjaMsw42iEzc125NaOsOKrSfAo: Request failed with status code 401 message:  @DIVYA1 : Limited :  916395801235 as daysLeft : 1
Error with token 7828340584:AAHAh0HP9vjaMsw42iEzc125NaOsOKrSfAo: Request failed with status code 401 message:  @DIVYA1 : Limited :  916395801235 as daysLeft : 1
Error with token 7828340584:AAHAh0HP9vjaMsw42iEzc125NaOsOKrSfAo: Request failed with status code 401 message:  @DIVYA1 : Limited :  916395801235 as daysLeft : 1
Error with token 7828340584:AAHAh0HP9vjaMsw42iEzc125NaOsOKrSfAo: Request failed with status code 401 message:  @DIVYA1 : Limited :  916395801235 as daysLeft : 1
Error with token 7828340584:AAHAh0HP9vjaMsw42iEzc125NaOsOKrSfAo: Request failed with status code 401 message:  @DIVYA1 : Limited :  916395801235 as daysLeft : 1
Error with token 7828340584:AAHAh0HP9vjaMsw42iEzc125NaOsOKrSfAo: Request failed with status code 401 message:  @DIVYA1 : Limited :  916395801235 as daysLeft : 1
Error with token 7828340584:AAHAh0HP9vjaMsw42iEzc125NaOsOKrSfAo: Request failed with status code 401 message:  @DIVYA1 : Limited :  916395801235 as daysLeft : 1
Error with token 7828340584:AAHAh0HP9vjaMsw42iEzc125NaOsOKrSfAo: Request failed with status code 401 message:  @DIVYA1 : Limited :  916395801235 as daysLeft : 1
Message sending failed after 8 retries
Client 917347661546: Error sending message to M21771: TOPIC_CLOSED
917347661546: TOPIC_CLOSED
Client 917347661546: Error sending message to virtiklove: ALLOW_PAYMENT_REQUIRED
917347661546: ALLOW_PAYMENT_REQUIRED
Client 917347661546: Error sending message to Realme1Community: CHAT_WRITE_FORBIDDEN
917347661546: CHAT_WRITE_FORBIDDEN
Client 917347661546: Error sending message to Tamil_wife_swapping123: USER_BANNED_IN_CHANNEL
Error with token 7614665094:AAFCUYuiuYHon6FUDtlbE_PBbW_NmIAf3Rw: Request failed with status code 401 message:  @DIVYA1 : 
❌❌ Promotion stopped ❌❌
916395801235:
LastMSg : 32.21 mins ago
Error with token 7614665094:AAFCUYuiuYHon6FUDtlbE_PBbW_NmIAf3Rw: Request failed with status code 401 message:  @DIVYA1 : 
❌❌ Promotion stopped ❌❌
916395801235:
LastMSg : 32.21 mins ago
Error with token 7614665094:AAFCUYuiuYHon6FUDtlbE_PBbW_NmIAf3Rw: Request failed with status code 401 message:  @DIVYA1 : 
❌❌ Promotion stopped ❌❌
916395801235:
LastMSg : 32.21 mins ago
Error with token 7614665094:AAFCUYuiuYHon6FUDtlbE_PBbW_NmIAf3Rw: Request failed with status code 401 message:  @DIVYA1 : 
❌❌ Promotion stopped ❌❌
916395801235:
LastMSg : 32.21 mins ago
Error with token 7614665094:AAFCUYuiuYHon6FUDtlbE_PBbW_NmIAf3Rw: Request failed with status code 401 message:  @DIVYA1 : 
❌❌ Promotion stopped ❌❌
916395801235:
LastMSg : 32.21 mins ago
Error with token 7614665094:AAFCUYuiuYHon6FUDtlbE_PBbW_NmIAf3Rw: Request failed with status code 401 message:  @DIVYA1 : 
❌❌ Promotion stopped ❌❌
916395801235:
LastMSg : 32.21 mins ago
Error with token 7614665094:AAFCUYuiuYHon6FUDtlbE_PBbW_NmIAf3Rw: Request failed with status code 401 message:  @DIVYA1 : 
❌❌ Promotion stopped ❌❌
916395801235:
LastMSg : 32.21 mins ago
Error with token 7614665094:AAFCUYuiuYHon6FUDtlbE_PBbW_NmIAf3Rw: Request failed with status code 401 message:  @DIVYA1 : 
❌❌ Promotion stopped ❌❌
916395801235:
LastMSg : 32.21 mins ago
Message sending failed after 8 retries
Error with token 7828340584:AAHAh0HP9vjaMsw42iEzc125NaOsOKrSfAo: Request failed with status code 401 message:  @DIVYA1 : Setting up new client for :  divya1 as days : 1
Error with token 7828340584:AAHAh0HP9vjaMsw42iEzc125NaOsOKrSfAo: Request failed with status code 401 message:  @DIVYA1 : Setting up new client for :  divya1 as days : 1
Error with token 7828340584:AAHAh0HP9vjaMsw42iEzc125NaOsOKrSfAo: Request failed with status code 401 message:  @DIVYA1 : Setting up new client for :  divya1 as days : 1
Error with token 7828340584:AAHAh0HP9vjaMsw42iEzc125NaOsOKrSfAo: Request failed with status code 401 message:  @DIVYA1 : Setting up new client for :  divya1 as days : 1
Error with token 7828340584:AAHAh0HP9vjaMsw42iEzc125NaOsOKrSfAo: Request failed with status code 401 message:  @DIVYA1 : Setting up new client for :  divya1 as days : 1
Error with token 7828340584:AAHAh0HP9vjaMsw42iEzc125NaOsOKrSfAo: Request failed with status code 401 message:  @DIVYA1 : Setting up new client for :  divya1 as days : 1
Error with token 7828340584:AAHAh0HP9vjaMsw42iEzc125NaOsOKrSfAo: Request failed with status code 401 message:  @DIVYA1 : Setting up new client for :  divya1 as days : 1
Error with token 7828340584:AAHAh0HP9vjaMsw42iEzc125NaOsOKrSfAo: Request failed with status code 401 message:  @DIVYA1 : Setting up new client for :  divya1 as days : 1
Message sending failed after 8 retries
Database instance does not exist.
Database instance does not exist.
Database instance does not exist.
(node:74708) [MONGODB DRIVER] Warning: useNewUrlParser is a deprecated option: useNewUrlParser has no effect since Node.js Driver version 4.0.0 and will be removed in the next major version
(Use `node --trace-warnings ...` to show where the warning was created)
(node:74708) [MONGODB DRIVER] Warning: useUnifiedTopology is a deprecated option: useUnifiedTopology has no effect since Node.js Driver version 4.0.0 and will be removed in the next major version
Client 917347661546: Error sending message to bhabhiyon_ki_duniya: USER_BANNED_IN_CHANNEL
File not found: ./mobileStats-917287876982.json
Client 917347661546: Error sending message to jagruthiimpact: USER_BANNED_IN_CHANNEL
Client 919885564728: Error sending message to Live_Video_Call_Chating: USER_BANNED_IN_CHANNEL
Failed to delete temporary file /root/telegram/promote-clients/src/services/downloads/divya1.jpg: Error: ENOENT: no such file or directory, unlink '/root/telegram/promote-clients/src/services/downloads/divya1.jpg'
    at Object.unlinkSync (node:fs:1881:3)
    at TelegramManager.<anonymous> (/root/telegram/promote-clients/src/services/promotion-clients-new.js:2180:28)
    at Generator.next (<anonymous>)
    at fulfilled (/root/telegram/promote-clients/src/services/promotion-clients-new.js:1406:58)
    at process.processTicksAndRejections (node:internal/process/task_queues:95:5) {
  errno: -2,
  syscall: 'unlink',
  code: 'ENOENT',
  path: '/root/telegram/promote-clients/src/services/downloads/divya1.jpg'
}
Client 917347661546: Error sending message to Girls_Chatting_Group_100K: USER_BANNED_IN_CHANNEL
Client 919885564728: Error sending message to goodfrienscome: USER_BANNED_IN_CHANNEL
Client 917347661546: Error sending message to Couplessmaping1: USER_BANNED_IN_CHANNEL
Client 919492776308: Error sending message to onlydefencelove: USER_BANNED_IN_CHANNEL
Client 919492776308: Error sending message to GirlsBoysXD: USER_BANNED_IN_CHANNEL
Client 917347661546: Error sending message to BangaloreGirlsAndHotAunt: USER_BANNED_IN_CHANNEL
Client 919885564728: Error sending message to Advertisements_Uploading_Group: CHAT_SEND_PLAIN_FORBIDDEN
919885564728: CHAT_SEND_PLAIN_FORBIDDEN
Client 917347661546: Error sending message to Paki_Girls_Chatting_Group: USER_BANNED_IN_CHANNEL
Client 919885564728: Error sending message to TamilAnutyveriyanahahahah: USER_BANNED_IN_CHANNEL
Client 917347661546: Error sending message to Chatting_with_bhabhi: USER_BANNED_IN_CHANNEL
Client 917347661546: Error sending message to MaharashtraGayClubOfficial: USER_BANNED_IN_CHANNEL
Client 917347661546: Error sending message to FRIENDS_ARE_LOVE: CHAT_WRITE_FORBIDDEN
917347661546: CHAT_WRITE_FORBIDDEN
Error: TIMEOUT
    at /root/telegram/promote-clients/node_modules/telegram/client/updates.js:250:85
    at runNextTicks (node:internal/process/task_queues:60:5)
    at listOnTimeout (node:internal/timers:538:9)
    at process.processTimers (node:internal/timers:512:7)
    at async _updateLoop (/root/telegram/promote-clients/node_modules/telegram/client/updates.js:191:17)
🚨 Heap exceeded 100 MB. Cleaning up...
⚠️ GC not available. Start Node with --expose-gc
Client 917347661546: Error sending message to Tamil_Friendship_Groupss: USER_BANNED_IN_CHANNEL
Client 917347661546: Error sending message to Dasi_Bhabhi_Chatting_Group: USER_BANNED_IN_CHANNEL
Client 917347661546: Error sending message to TELUGU_WIFE_SWAPING: USER_BANNED_IN_CHANNEL
Client 919885564728: Error sending message to best_friends_chatting_club2: CHAT_WRITE_FORBIDDEN
919885564728: CHAT_WRITE_FORBIDDEN
Client 919885564728: Error sending message to TAMIL_INDIA_SWPPING: CHAT_WRITE_FORBIDDEN
919885564728: CHAT_WRITE_FORBIDDEN
Client 919885564728: Error sending message to FRIENDS_ARE_LOVE: CHAT_WRITE_FORBIDDEN
919885564728: CHAT_WRITE_FORBIDDEN
Client 917347661546: Error sending message to WIFE_SWAPPING_BULLS: USER_BANNED_IN_CHANNEL
Client 917347661546: Error sending message to Telugugayzone: CHAT_WRITE_FORBIDDEN
917347661546: CHAT_WRITE_FORBIDDEN
Client 919885564728: Error sending message to Tamil_wife_swapping123: USER_BANNED_IN_CHANNEL
Client 919885564728: Error sending message to Darazmysteryboxlovers: USER_BANNED_IN_CHANNEL
Client 917347661546: Error sending message to podrabotki_odessa_lion: USER_BANNED_IN_CHANNEL
Client 917347661546: Error sending message to Sweet_Girls_Chatting_Group: USER_BANNED_IN_CHANNEL
Client 917347661546: Error sending message to Indiangaygroupvc: USER_BANNED_IN_CHANNEL
Client 917347661546: Error sending message to Delhigayy: USER_BANNED_IN_CHANNEL
Client 917347661546: Error sending message to Friends_Chatting_Group_Haweli: USER_BANNED_IN_CHANNEL
Client 917347661546: Error sending message to Paid_Chats_Of_Tg: USER_BANNED_IN_CHANNEL
Client 919885564728: Error sending message to Shilpasree_SWAPPING_INDIA: USER_BANNED_IN_CHANNEL
Client 919885564728: Error sending message to Single_Girls_Chatting_Friendship: USER_BANNED_IN_CHANNEL
Client 919885564728: Error sending message to Cute_Girls_Chatting_Group: USER_BANNED_IN_CHANNEL
Client 919885564728: Error sending message to indiangaychatrooom: USER_BANNED_IN_CHANNEL
Client 919885564728: Error sending message to Delhigroupgay: USER_BANNED_IN_CHANNEL
Client 919885564728: Error sending message to telanganarealestate: CHAT_WRITE_FORBIDDEN
919885564728: CHAT_WRITE_FORBIDDEN
Client 919885564728: Error sending message to KrakenRealtor: USER_BANNED_IN_CHANNEL
Client 919885564728: Error sending message to virtiklove: ALLOW_PAYMENT_REQUIRED
919885564728: ALLOW_PAYMENT_REQUIRED
Client 917347661546: Error sending message to KrakenRealtor: USER_BANNED_IN_CHANNEL
Client 919885564728: Error sending message to girlchat901: CHAT_WRITE_FORBIDDEN
919885564728: CHAT_WRITE_FORBIDDEN
Client 919885564728: Error sending message to collage_girl_frand: USER_BANNED_IN_CHANNEL
Client 917347661546: Error sending message to null: USER_BANNED_IN_CHANNEL
Client 917347661546: Error sending message to IRLFRIEND_COUPLE_WIFE_SWAPPING: USER_BANNED_IN_CHANNEL
Client 917347661546: Error sending message to Bhabhi_Chatting_Group_New: USER_BANNED_IN_CHANNEL
Client 917347661546: Error sending message to american_dating_girls_usa_uk: USER_BANNED_IN_CHANNEL
Error with token 7614665094:AAFCUYuiuYHon6FUDtlbE_PBbW_NmIAf3Rw: Request failed with status code 401 message:  @DIVYA1 : 919885564728
XAUUSD_KILLER_UZ2: Hey
Error with token 7614665094:AAFCUYuiuYHon6FUDtlbE_PBbW_NmIAf3Rw: Request failed with status code 401 message:  @DIVYA1 : 919885564728
XAUUSD_KILLER_UZ2: Hey
Error with token 7614665094:AAFCUYuiuYHon6FUDtlbE_PBbW_NmIAf3Rw: Request failed with status code 401 message:  @DIVYA1 : 919885564728
XAUUSD_KILLER_UZ2: Hey
Error with token 7614665094:AAFCUYuiuYHon6FUDtlbE_PBbW_NmIAf3Rw: Request failed with status code 401 message:  @DIVYA1 : 919885564728
XAUUSD_KILLER_UZ2: Hey
Error with token 7614665094:AAFCUYuiuYHon6FUDtlbE_PBbW_NmIAf3Rw: Request failed with status code 401 message:  @DIVYA1 : 919885564728
XAUUSD_KILLER_UZ2: Hey
Error with token 7614665094:AAFCUYuiuYHon6FUDtlbE_PBbW_NmIAf3Rw: Request failed with status code 401 message:  @DIVYA1 : 919885564728
XAUUSD_KILLER_UZ2: Hey
Client 917347661546: Error sending message to Friends_Community_Life_Time: USER_BANNED_IN_CHANNEL
Error with token 7614665094:AAFCUYuiuYHon6FUDtlbE_PBbW_NmIAf3Rw: Request failed with status code 401 message:  @DIVYA1 : 919885564728
XAUUSD_KILLER_UZ2: Hey
Error with token 7614665094:AAFCUYuiuYHon6FUDtlbE_PBbW_NmIAf3Rw: Request failed with status code 401 message:  @DIVYA1 : 919885564728
XAUUSD_KILLER_UZ2: Hey
Message sending failed after 8 retries
🚨 Heap exceeded 100 MB. Cleaning up...
⚠️ GC not available. Start Node with --expose-gc
Error with token 7828340584:AAHAh0HP9vjaMsw42iEzc125NaOsOKrSfAo: Request failed with status code 401 message:  @DIVYA1 : 
Average Reaction Delay: 8897: last:0.03mins

Error with token 7828340584:AAHAh0HP9vjaMsw42iEzc125NaOsOKrSfAo: Request failed with status code 401 message:  @DIVYA1 : 
Average Reaction Delay: 8897: last:0.03mins

Error with token 7828340584:AAHAh0HP9vjaMsw42iEzc125NaOsOKrSfAo: Request failed with status code 401 message:  @DIVYA1 : 
Average Reaction Delay: 8897: last:0.03mins

Error with token 7828340584:AAHAh0HP9vjaMsw42iEzc125NaOsOKrSfAo: Request failed with status code 401 message:  @DIVYA1 : 
Average Reaction Delay: 8897: last:0.03mins

Error with token 7828340584:AAHAh0HP9vjaMsw42iEzc125NaOsOKrSfAo: Request failed with status code 401 message:  @DIVYA1 : 
Average Reaction Delay: 8897: last:0.03mins

Error with token 7828340584:AAHAh0HP9vjaMsw42iEzc125NaOsOKrSfAo: Request failed with status code 401 message:  @DIVYA1 : 
Average Reaction Delay: 8897: last:0.03mins

Error with token 7828340584:AAHAh0HP9vjaMsw42iEzc125NaOsOKrSfAo: Request failed with status code 401 message:  @DIVYA1 : 
Average Reaction Delay: 8897: last:0.03mins

Error with token 7828340584:AAHAh0HP9vjaMsw42iEzc125NaOsOKrSfAo: Request failed with status code 401 message:  @DIVYA1 : 
Average Reaction Delay: 8897: last:0.03mins

Message sending failed after 8 retries
Client 917287876982: Failed to send message to 1574391715 || @delhi_dating_group1
Client 919885564728: Error sending message to Girls_love_xxROOM: USER_BANNED_IN_CHANNEL
Client 917347661546: Error sending message to friendwithbenefitbase: CHAT_WRITE_FORBIDDEN
917347661546: CHAT_WRITE_FORBIDDEN
Timeout error with token 7680874957:AAE1mGeePmCICi806D6kx8otQ4UbEMXOZS0: timeout of 1500ms exceeded message:  @DIVYA1 : 
Average Reaction Delay: 6713: last:0.09mins

Client 917287876982: Error sending message to Ahmedabadgayboy: USER_BANNED_IN_CHANNEL
Client 917287876982: Error sending message to jagruthiimpact: USER_BANNED_IN_CHANNEL
Client 917287876982: Error sending message to Indiangirlchatting111: USER_BANNED_IN_CHANNEL
Client 917287876982: Error sending message to GIRLS_BOYS111: USER_BANNED_IN_CHANNEL
Client 919885564728: Error sending message to INTERNATIONAL_BHABHI: USER_BANNED_IN_CHANNEL
🚨 Heap exceeded 100 MB. Cleaning up...
⚠️ GC not available. Start Node with --expose-gc
Client 919885564728: Error sending message to paidstudies: USER_BANNED_IN_CHANNEL
Client 917347661546: Error sending message to Delhigroupgay: USER_BANNED_IN_CHANNEL
Client 919492776308: Failed to send message to 1978983095 || @Shilpasree_BEST_LOVER
Client 919492776308: Error sending message to GIRLCHAT138: USER_BANNED_IN_CHANNEL
Client 919492776308: Error sending message to Bhabhi_Chatting_Group01: USER_BANNED_IN_CHANNEL
Client 917347661546: Error sending message to LoveChattingGroup111: USER_BANNED_IN_CHANNEL
Client 919885564728: Error sending message to tamil_gay_group143: USER_BANNED_IN_CHANNEL
Client 919885564728: Error sending message to null: USER_BANNED_IN_CHANNEL
Client 917347661546: Error sending message to Girls_chatting_zone_club: USER_BANNED_IN_CHANNEL
Client 917347661546: Error sending message to tamil_gay_group143: USER_BANNED_IN_CHANNEL
Client 917347661546: Error sending message to Lucky_Draw_Master_Service_Group: USER_BANNED_IN_CHANNEL
Client 917347661546: Error sending message to null: USER_BANNED_IN_CHANNEL
Client 917347661546: Error sending message to Delhi_Gay_Group_no1: USER_BANNED_IN_CHANNEL
Client 917347661546: Error sending message to GIRL_CHAT111: USER_BANNED_IN_CHANNEL
Error with token 7614665094:AAFCUYuiuYHon6FUDtlbE_PBbW_NmIAf3Rw: Request failed with status code 401 message:  @DIVYA1 : 917347661546
Srreef: Kuu like kr rahi ho
Error with token 7614665094:AAFCUYuiuYHon6FUDtlbE_PBbW_NmIAf3Rw: Request failed with status code 401 message:  @DIVYA1 : 917347661546
Srreef: Kuu like kr rahi ho
Error with token 7614665094:AAFCUYuiuYHon6FUDtlbE_PBbW_NmIAf3Rw: Request failed with status code 401 message:  @DIVYA1 : 917347661546
Srreef: Kuu like kr rahi ho
Error with token 7614665094:AAFCUYuiuYHon6FUDtlbE_PBbW_NmIAf3Rw: Request failed with status code 401 message:  @DIVYA1 : 917347661546
Srreef: Kuu like kr rahi ho
Error with token 7614665094:AAFCUYuiuYHon6FUDtlbE_PBbW_NmIAf3Rw: Request failed with status code 401 message:  @DIVYA1 : 917347661546
Srreef: Kuu like kr rahi ho
Error with token 7614665094:AAFCUYuiuYHon6FUDtlbE_PBbW_NmIAf3Rw: Request failed with status code 401 message:  @DIVYA1 : 917347661546
Srreef: Kuu like kr rahi ho
Error with token 7614665094:AAFCUYuiuYHon6FUDtlbE_PBbW_NmIAf3Rw: Request failed with status code 401 message:  @DIVYA1 : 917347661546
Srreef: Kuu like kr rahi ho
Error with token 7614665094:AAFCUYuiuYHon6FUDtlbE_PBbW_NmIAf3Rw: Request failed with status code 401 message:  @DIVYA1 : 917347661546
Srreef: Kuu like kr rahi ho
Message sending failed after 8 retries
Client 919885564728: Error sending message to WIFE_SWAPPING_INDIA00: USER_BANNED_IN_CHANNEL
Client 919885564728: Error sending message to realmarwahmedicine: USER_BANNED_IN_CHANNEL
🚨 Heap exceeded 100 MB. Cleaning up...
⚠️ GC not available. Start Node with --expose-gc
Error with token 7828340584:AAHAh0HP9vjaMsw42iEzc125NaOsOKrSfAo: Request failed with status code 401 message:  @DIVYA1 : 917347661546
Srreef: Bolo kya baatttt haiii
Error with token 7828340584:AAHAh0HP9vjaMsw42iEzc125NaOsOKrSfAo: Request failed with status code 401 message:  @DIVYA1 : 917347661546
Srreef: Bolo kya baatttt haiii
Timeout error with token 7680874957:AAE1mGeePmCICi806D6kx8otQ4UbEMXOZS0: timeout of 1500ms exceeded message:  @DIVYA1 : 917347661546
Srreef: Je kya attitude
Timeout error with token 7464291326:AAH7NCQ6dT7YVwFypv5H2K9Og2xaLXiQPSs: timeout of 1500ms exceeded message:  @DIVYA1 : 919492776308
Khan: No thanks
Client 917347661546: Error sending message to And_Girls_Boys_Group_Chatting_4: USER_BANNED_IN_CHANNEL
Timeout error with token 7614665094:AAFCUYuiuYHon6FUDtlbE_PBbW_NmIAf3Rw: timeout of 1500ms exceeded message:  @DIVYA1 : 917347661546
Srreef: Je karte time
Client 917347661546: Error sending message to COUPLE_SWAPPING_GROUP: CHAT_WRITE_FORBIDDEN
917347661546: CHAT_WRITE_FORBIDDEN
Client 917347661546: Error sending message to Indiangirlchatting111: USER_BANNED_IN_CHANNEL
Timeout error with token 7828340584:AAHAh0HP9vjaMsw42iEzc125NaOsOKrSfAo: timeout of 1500ms exceeded message:  @DIVYA1 : 917347661546
Srreef: Kitni kitni bed image laga rakhi hai
Client 917287876982: Error sending message to tosslovers469: CHAT_SEND_PLAIN_FORBIDDEN
917287876982: CHAT_SEND_PLAIN_FORBIDDEN
Client 917287876982: Error sending message to M21771: TOPIC_CLOSED
917287876982: TOPIC_CLOSED
Client 917287876982: Error sending message to Darazmysteryboxlovers: USER_BANNED_IN_CHANNEL
Client 917287876982: Error sending message to Advertisements_Uploading_Group: CHAT_SEND_PLAIN_FORBIDDEN
917287876982: CHAT_SEND_PLAIN_FORBIDDEN
Client 917287876982: Error sending message to FRIEND_CHATTING_CLUB_01: USER_BANNED_IN_CHANNEL
Error with token 7614665094:AAFCUYuiuYHon6FUDtlbE_PBbW_NmIAf3Rw: Request failed with status code 401 message:  @DIVYA1 : 917347661546
1: 
Error with token 7614665094:AAFCUYuiuYHon6FUDtlbE_PBbW_NmIAf3Rw: Request failed with status code 401 message:  @DIVYA1 : 917347661546
1: 
Error with token 7614665094:AAFCUYuiuYHon6FUDtlbE_PBbW_NmIAf3Rw: Request failed with status code 401 message:  @DIVYA1 : 917347661546
1: 
Error with token 7614665094:AAFCUYuiuYHon6FUDtlbE_PBbW_NmIAf3Rw: Request failed with status code 401 message:  @DIVYA1 : 917347661546
1: 
Error with token 7614665094:AAFCUYuiuYHon6FUDtlbE_PBbW_NmIAf3Rw: Request failed with status code 401 message:  @DIVYA1 : 917347661546
1: 
Error with token 7614665094:AAFCUYuiuYHon6FUDtlbE_PBbW_NmIAf3Rw: Request failed with status code 401 message:  @DIVYA1 : 917347661546
1: 
Error with token 7614665094:AAFCUYuiuYHon6FUDtlbE_PBbW_NmIAf3Rw: Request failed with status code 401 message:  @DIVYA1 : 917347661546
1: 
Error with token 7614665094:AAFCUYuiuYHon6FUDtlbE_PBbW_NmIAf3Rw: Request failed with status code 401 message:  @DIVYA1 : 917347661546
1: 
Message sending failed after 8 retries
Client 917347661546: Error sending message to Grils_Chatting_group_boy_loves: USER_BANNED_IN_CHANNEL
Error with token 7828340584:AAHAh0HP9vjaMsw42iEzc125NaOsOKrSfAo: Request failed with status code 401 message:  @DIVYA1 : 917347661546
Srreef: No
Error with token 7828340584:AAHAh0HP9vjaMsw42iEzc125NaOsOKrSfAo: Request failed with status code 401 message:  @DIVYA1 : 917347661546
Srreef: No
Error with token 7828340584:AAHAh0HP9vjaMsw42iEzc125NaOsOKrSfAo: Request failed with status code 401 message:  @DIVYA1 : 917347661546
Srreef: No
Error with token 7828340584:AAHAh0HP9vjaMsw42iEzc125NaOsOKrSfAo: Request failed with status code 401 message:  @DIVYA1 : 917347661546
Srreef: No
🚨 Heap exceeded 100 MB. Cleaning up...
⚠️ GC not available. Start Node with --expose-gc
Client 919885564728: Error sending message to Anesthesia_PPTs_PDFs_Videos: USER_BANNED_IN_CHANNEL
Client 919885564728: Error sending message to chatting_group_girls12: USER_BANNED_IN_CHANNEL
Client 919885564728: Error sending message to Paid_Chats_Of_Tg: USER_BANNED_IN_CHANNEL
Client 919885564728: Error sending message to Ayesha_X_girl: USER_BANNED_IN_CHANNEL
Client 917347661546: Error sending message to TeluguChatroomm: CHAT_WRITE_FORBIDDEN
917347661546: CHAT_WRITE_FORBIDDEN
Client 917347661546: Error sending message to Ahmedabadgayboy: USER_BANNED_IN_CHANNEL
Client 917347661546: Error sending message to Ayesha_X_girl: USER_BANNED_IN_CHANNEL
Client 917347661546: Error sending message to Friendship_Club_Music_Group: USER_BANNED_IN_CHANNEL
Client 917347661546: Error sending message to Girls_love_xxROOM: USER_BANNED_IN_CHANNEL
Client 917347661546: Error sending message to Shilpasree_SWAPPING_INDIA: USER_BANNED_IN_CHANNEL
Client 917347661546: Error sending message to GIRLCHAT138: USER_BANNED_IN_CHANNEL
Client 917347661546: Error sending message to GirlsSquare: CHAT_WRITE_FORBIDDEN
917347661546: CHAT_WRITE_FORBIDDEN
Client 919492776308: Error sending message to INTERFAITH_LOVE_TRAP: USER_BANNED_IN_CHANNEL
Client 919492776308: Error sending message to Friendschattinggroup111: USER_BANNED_IN_CHANNEL
Client 919492776308: Error sending message to smart_girls_group: USER_BANNED_IN_CHANNEL
Client 917347661546: Error sending message to Girls_Friends_Chatting_Groupp1: USER_BANNED_IN_CHANNEL
Client 919492776308: Error sending message to top_dating_usa_chat: CHAT_WRITE_FORBIDDEN
919492776308: CHAT_WRITE_FORBIDDEN
Client 919492776308: Error sending message to IRLFRIEND_COUPLE_WIFE_SWAPPING: USER_BANNED_IN_CHANNEL
Client 919492776308: Error sending message to COUPLE_SWAPPING_GROUP: CHAT_WRITE_FORBIDDEN
919492776308: CHAT_WRITE_FORBIDDEN
Client 919492776308: Error sending message to tosslovers469: CHAT_SEND_PLAIN_FORBIDDEN
919492776308: CHAT_SEND_PLAIN_FORBIDDEN
Client 919885564728: Error sending message to Delhigayy: USER_BANNED_IN_CHANNEL
Client 919885564728: Error sending message to Hindi_English_Chatting_com: CHAT_WRITE_FORBIDDEN
919885564728: CHAT_WRITE_FORBIDDEN
🚨 Heap exceeded 100 MB. Cleaning up...
⚠️ GC not available. Start Node with --expose-gc
Client 917347661546: Error sending message to Bengaligaygroup: USER_BANNED_IN_CHANNEL
Client 917347661546: Error sending message to REDZONE_6346934: USER_BANNED_IN_CHANNEL
Client 917347661546: Error sending message to null: USER_BANNED_IN_CHANNEL
Client 917347661546: Error sending message to Friends_Chatting_group_6: USER_BANNED_IN_CHANNEL
Client 917347661546: Error sending message to lawlightforum: USER_BANNED_IN_CHANNEL
Client 917347661546: Error sending message to FRIEND_CHATTING_CLUB_01: USER_BANNED_IN_CHANNEL
Client 917347661546: Error sending message to GirlschattingGroup_Superchatting: USER_BANNED_IN_CHANNEL
Client 917347661546: Error sending message to WIFE_SWAPPING_INDIAN_MEETING: USER_BANNED_IN_CHANNEL
Client 917347661546: Error sending message to Erode_gay_group: USER_BANNED_IN_CHANNEL
Client 917347661546: Error sending message to HOUSE_WIFE_CHATTING: USER_BANNED_IN_CHANNEL
Client 917347661546: Error sending message to Darazmysteryboxlovers: USER_BANNED_IN_CHANNEL
Client 917347661546: Error sending message to GirlsBoysXD: USER_BANNED_IN_CHANNEL
Error: TIMEOUT
    at /root/telegram/promote-clients/node_modules/telegram/client/updates.js:250:85
    at runNextTicks (node:internal/process/task_queues:60:5)
    at listOnTimeout (node:internal/timers:538:9)
    at process.processTimers (node:internal/timers:512:7)
    at async _updateLoop (/root/telegram/promote-clients/node_modules/telegram/client/updates.js:191:17)
Client 919885564728: Error sending message to srilankan_boys_and_girls_chat: USER_BANNED_IN_CHANNEL
Client 919885564728: Error sending message to girls_Love_chatting_group_07: USER_BANNED_IN_CHANNEL
Client 917347661546: Error sending message to Tamil_Gay_Dating_Group: USER_BANNED_IN_CHANNEL
Client 917347661546: Error sending message to IndianGirlsBoysFlix: USER_BANNED_IN_CHANNEL
Client 917347661546: Error sending message to Dubaistrangers: USER_BANNED_IN_CHANNEL
Client 919885564728: Error sending message to GIRLCHAT138: USER_BANNED_IN_CHANNEL
Client 919885564728: Error sending message to Sl_friend_chat_2k: USER_BANNED_IN_CHANNEL
Client 917347661546: Error sending message to bngfrnds: USER_BANNED_IN_CHANNEL
Client 919885564728: Error sending message to BestFriendchatting_Group: USER_BANNED_IN_CHANNEL
Client 919885564728: Error sending message to Girlfriendmastigroup: USER_BANNED_IN_CHANNEL
Client 919885564728: Error sending message to FRIENDS_CHATTING_GROUP_MASTI: CHAT_WRITE_FORBIDDEN
919885564728: CHAT_WRITE_FORBIDDEN
Client 917347661546: Error sending message to Sl_friend_chat_2k: USER_BANNED_IN_CHANNEL
Client 919885564728: Error sending message to Girlschattinggroup_new: USER_BANNED_IN_CHANNEL
Client 919885564728: Error sending message to tosslovers469: CHAT_SEND_PLAIN_FORBIDDEN
919885564728: CHAT_SEND_PLAIN_FORBIDDEN
Error with token 7614665094:AAFCUYuiuYHon6FUDtlbE_PBbW_NmIAf3Rw: Request failed with status code 401 message:  @DIVYA1 : 
Average Reaction Delay: 9490: last:0.10mins

Error with token 7614665094:AAFCUYuiuYHon6FUDtlbE_PBbW_NmIAf3Rw: Request failed with status code 401 message:  @DIVYA1 : 
Average Reaction Delay: 9490: last:0.10mins

Error with token 7614665094:AAFCUYuiuYHon6FUDtlbE_PBbW_NmIAf3Rw: Request failed with status code 401 message:  @DIVYA1 : 
Average Reaction Delay: 9490: last:0.10mins

Error with token 7614665094:AAFCUYuiuYHon6FUDtlbE_PBbW_NmIAf3Rw: Request failed with status code 401 message:  @DIVYA1 : 
Average Reaction Delay: 9490: last:0.10mins

Error with token 7614665094:AAFCUYuiuYHon6FUDtlbE_PBbW_NmIAf3Rw: Request failed with status code 401 message:  @DIVYA1 : 
Average Reaction Delay: 9490: last:0.10mins

Error with token 7614665094:AAFCUYuiuYHon6FUDtlbE_PBbW_NmIAf3Rw: Request failed with status code 401 message:  @DIVYA1 : 
Average Reaction Delay: 9490: last:0.10mins

Error with token 7614665094:AAFCUYuiuYHon6FUDtlbE_PBbW_NmIAf3Rw: Request failed with status code 401 message:  @DIVYA1 : 
Average Reaction Delay: 9490: last:0.10mins

Error with token 7614665094:AAFCUYuiuYHon6FUDtlbE_PBbW_NmIAf3Rw: Request failed with status code 401 message:  @DIVYA1 : 
Average Reaction Delay: 9490: last:0.10mins

Message sending failed after 8 retries
Client 919885564728: Error sending message to Friendship_Club_Music_Group: USER_BANNED_IN_CHANNEL
Client 919885564728: Error sending message to Bhabhi_Chatting_Group01: USER_BANNED_IN_CHANNEL
Client 919885564728: Error sending message to freefireforgirls: USER_BANNED_IN_CHANNEL
Client 917287876982: Error sending message to Ayesha_X_girl: USER_BANNED_IN_CHANNEL
Client 917287876982: Error sending message to HOUSE_WIFE_CHATTING: USER_BANNED_IN_CHANNEL
Timeout error with token 7828340584:AAHAh0HP9vjaMsw42iEzc125NaOsOKrSfAo: timeout of 1500ms exceeded message:  @DIVYA1 : 919492776308
Saurabh49657: 
Timeout error with token 7958113591:AAG_HKjeSu35Abm4ktqU46FqIhAaprR9KaA: timeout of 1500ms exceeded message:  @DIVYA1 : 
Average Reaction Delay: 8066: last:0.08mins

Client 919492776308: Error sending message to Girls_love_xxROOM: USER_BANNED_IN_CHANNEL
Client 917347661546: Error sending message to Shilpasree_BEST_LOVER: USER_BANNED_IN_CHANNEL
Client 917347661546: Error sending message to null: CHAT_WRITE_FORBIDDEN
917347661546: CHAT_WRITE_FORBIDDEN
Client 919885564728: Error sending message to top_dating_usa_chat: ALLOW_PAYMENT_REQUIRED
919885564728: ALLOW_PAYMENT_REQUIRED
Client 917347661546: Error sending message to bchatting9: USER_BANNED_IN_CHANNEL
Client 917347661546: Error sending message to smart_girls_group: USER_BANNED_IN_CHANNEL
Client 917347661546: Error sending message to THE_FRIENDZ: USER_BANNED_IN_CHANNEL
🚨 Heap exceeded 100 MB. Cleaning up...
⚠️ GC not available. Start Node with --expose-gc
Client 919885564728: Error sending message to Chatting_International_Friends: USER_BANNED_IN_CHANNEL
Client 919885564728: Error sending message to CHATTING_GIRLS_BOYS_GROUP: USER_BANNED_IN_CHANNEL
Client 919885564728: Error sending message to IRLFRIEND_COUPLE_WIFE_SWAPPING: USER_BANNED_IN_CHANNEL
Client 919885564728: Error sending message to Girlfriend_chatting_4u: undefined
919885564728: undefined
Client 919885564728: Error sending message to GangOfGiirls: USER_BANNED_IN_CHANNEL
Client 919885564728: Error sending message to Bangladeshigaygroup: USER_BANNED_IN_CHANNEL
Client 919885564728: Error sending message to Realme1Community: CHAT_WRITE_FORBIDDEN
919885564728: CHAT_WRITE_FORBIDDEN
Error: TIMEOUT
    at /root/telegram/promote-clients/node_modules/telegram/client/updates.js:250:85
    at async _updateLoop (/root/telegram/promote-clients/node_modules/telegram/client/updates.js:191:17)
Error with token 7614665094:AAFCUYuiuYHon6FUDtlbE_PBbW_NmIAf3Rw: Request failed with status code 401 message:  @DIVYA1 : 917347661546
Srreef: What
Error with token 7614665094:AAFCUYuiuYHon6FUDtlbE_PBbW_NmIAf3Rw: Request failed with status code 401 message:  @DIVYA1 : 917347661546
Srreef: What
Error with token 7614665094:AAFCUYuiuYHon6FUDtlbE_PBbW_NmIAf3Rw: Request failed with status code 401 message:  @DIVYA1 : 917347661546
Srreef: What
Error with token 7614665094:AAFCUYuiuYHon6FUDtlbE_PBbW_NmIAf3Rw: Request failed with status code 401 message:  @DIVYA1 : 917347661546
Srreef: What
Error with token 7614665094:AAFCUYuiuYHon6FUDtlbE_PBbW_NmIAf3Rw: Request failed with status code 401 message:  @DIVYA1 : 917347661546
Srreef: What
Error with token 7828340584:AAHAh0HP9vjaMsw42iEzc125NaOsOKrSfAo: Request failed with status code 401 message:  @DIVYA1 : 
Average Reaction Delay: 5940: last:0.04mins

Error with token 7828340584:AAHAh0HP9vjaMsw42iEzc125NaOsOKrSfAo: Request failed with status code 401 message:  @DIVYA1 : 917347661546
Srreef: What
Error with token 7828340584:AAHAh0HP9vjaMsw42iEzc125NaOsOKrSfAo: Request failed with status code 401 message:  @DIVYA1 : 
Average Reaction Delay: 5940: last:0.04mins

Error with token 7828340584:AAHAh0HP9vjaMsw42iEzc125NaOsOKrSfAo: Request failed with status code 401 message:  @DIVYA1 : 917347661546
Srreef: What
Error with token 7828340584:AAHAh0HP9vjaMsw42iEzc125NaOsOKrSfAo: Request failed with status code 401 message:  @DIVYA1 : 
Average Reaction Delay: 5940: last:0.04mins

Error with token 7828340584:AAHAh0HP9vjaMsw42iEzc125NaOsOKrSfAo: Request failed with status code 401 message:  @DIVYA1 : 917347661546
Srreef: What
Message sending failed after 8 retries
Error with token 7828340584:AAHAh0HP9vjaMsw42iEzc125NaOsOKrSfAo: Request failed with status code 401 message:  @DIVYA1 : 
Average Reaction Delay: 5940: last:0.04mins

Error with token 7828340584:AAHAh0HP9vjaMsw42iEzc125NaOsOKrSfAo: Request failed with status code 401 message:  @DIVYA1 : 
Average Reaction Delay: 5940: last:0.04mins

Error with token 7828340584:AAHAh0HP9vjaMsw42iEzc125NaOsOKrSfAo: Request failed with status code 401 message:  @DIVYA1 : 
Average Reaction Delay: 5940: last:0.04mins

Error with token 7828340584:AAHAh0HP9vjaMsw42iEzc125NaOsOKrSfAo: Request failed with status code 401 message:  @DIVYA1 : 
Average Reaction Delay: 5940: last:0.04mins

Error with token 7828340584:AAHAh0HP9vjaMsw42iEzc125NaOsOKrSfAo: Request failed with status code 401 message:  @DIVYA1 : 
Average Reaction Delay: 5940: last:0.04mins

Message sending failed after 8 retries
