Database instance does not exist.
Database instance does not exist.
Database instance does not exist.
Database instance does not exist.
Database instance does not exist.
Database instance does not exist.
Database instance does not exist.
Database instance does not exist.
Database instance does not exist.
Database instance does not exist.
(node:73966) [MONGODB DRIVER] Warning: useNewUrlParser is a deprecated option: useNewUrlParser has no effect since Node.js Driver version 4.0.0 and will be removed in the next major version
(Use `node --trace-warnings ...` to show where the warning was created)
(node:73966) [MONGODB DRIVER] Warning: useUnifiedTopology is a deprecated option: useUnifiedTopology has no effect since Node.js Driver version 4.0.0 and will be removed in the next major version
File not found: ./mobileStats-917408309201.json
File not found: ./mobileStats-918754006288.json
Client 917408309201: Error sending message to girls_Love_chatting_group_07: USER_BANNED_IN_CHANNEL
File not found: ./mobileStats-916382731525.json
File not found: ./mobileStats-916002326603.json
Client 916382731525: Error sending message to usadateworld: CHAT_WRITE_FORBIDDEN
916382731525: CHAT_WRITE_FORBIDDEN
Client 916002326603: Error sending message to indianwife_Swapping: USER_BANNED_IN_CHANNEL
Client 916002326603: Error sending message to Bhaabhi_ChattingGroup_Global: USER_BANNED_IN_CHANNEL
Client 916002326603: Error sending message to indian_men: USER_BANNED_IN_CHANNEL
Client 916002326603: Error sending message to Shilpasree_BEST_LOVER: USER_BANNED_IN_CHANNEL
Client 916002326603: Error sending message to wife_swapping_bangalore: USER_BANNED_IN_CHANNEL
Client 916002326603: Error sending message to pookie_hoon: USER_BANNED_IN_CHANNEL
Client 916002326603: Error sending message to Girls_And_Boy_Chatting_Group: USER_BANNED_IN_CHANNEL
Client 916002326603: Error sending message to Lovely_GirlsChattingGroup: USER_BANNED_IN_CHANNEL
Error with token 7614665094:AAFCUYuiuYHon6FUDtlbE_PBbW_NmIAf3Rw: Request failed with status code 401 message:  @NIDHI2 : 918754006288
Marshleno: ..
Error with token 7614665094:AAFCUYuiuYHon6FUDtlbE_PBbW_NmIAf3Rw: Request failed with status code 401 message:  @NIDHI2 : 918754006288
Marshleno: ..
Error with token 7614665094:AAFCUYuiuYHon6FUDtlbE_PBbW_NmIAf3Rw: Request failed with status code 401 message:  @NIDHI2 : 918754006288
Marshleno: ..
Error with token 7614665094:AAFCUYuiuYHon6FUDtlbE_PBbW_NmIAf3Rw: Request failed with status code 401 message:  @NIDHI2 : 918754006288
Marshleno: ..
Error with token 7614665094:AAFCUYuiuYHon6FUDtlbE_PBbW_NmIAf3Rw: Request failed with status code 401 message:  @NIDHI2 : 918754006288
Marshleno: ..
Error with token 7614665094:AAFCUYuiuYHon6FUDtlbE_PBbW_NmIAf3Rw: Request failed with status code 401 message:  @NIDHI2 : 918754006288
Marshleno: ..
Error with token 7614665094:AAFCUYuiuYHon6FUDtlbE_PBbW_NmIAf3Rw: Request failed with status code 401 message:  @NIDHI2 : 918754006288
Marshleno: ..
Error with token 7614665094:AAFCUYuiuYHon6FUDtlbE_PBbW_NmIAf3Rw: Request failed with status code 401 message:  @NIDHI2 : 918754006288
Marshleno: ..
Message sending failed after 8 retries
Error with token 7828340584:AAHAh0HP9vjaMsw42iEzc125NaOsOKrSfAo: Request failed with status code 401 message:  @NIDHI2 : 918754006288
Marshleno: You are a banana
Error with token 7828340584:AAHAh0HP9vjaMsw42iEzc125NaOsOKrSfAo: Request failed with status code 401 message:  @NIDHI2 : 918754006288
Marshleno: You are a banana
Error with token 7828340584:AAHAh0HP9vjaMsw42iEzc125NaOsOKrSfAo: Request failed with status code 401 message:  @NIDHI2 : 918754006288
Marshleno: You are a banana
Error with token 7828340584:AAHAh0HP9vjaMsw42iEzc125NaOsOKrSfAo: Request failed with status code 401 message:  @NIDHI2 : 918754006288
Marshleno: You are a banana
Error with token 7828340584:AAHAh0HP9vjaMsw42iEzc125NaOsOKrSfAo: Request failed with status code 401 message:  @NIDHI2 : 918754006288
Marshleno: You are a banana
Error with token 7828340584:AAHAh0HP9vjaMsw42iEzc125NaOsOKrSfAo: Request failed with status code 401 message:  @NIDHI2 : 918754006288
Marshleno: You are a banana
Error with token 7828340584:AAHAh0HP9vjaMsw42iEzc125NaOsOKrSfAo: Request failed with status code 401 message:  @NIDHI2 : 918754006288
Marshleno: You are a banana
Error with token 7828340584:AAHAh0HP9vjaMsw42iEzc125NaOsOKrSfAo: Request failed with status code 401 message:  @NIDHI2 : 918754006288
Marshleno: You are a banana
Message sending failed after 8 retries
Client 917408309201: Error sending message to chattingangles: USER_BANNED_IN_CHANNEL
Client 916382731525: Error sending message to Telugugayzone: CHAT_WRITE_FORBIDDEN
916382731525: CHAT_WRITE_FORBIDDEN
Client 917408309201: Error sending message to paidstudies: USER_BANNED_IN_CHANNEL
Client 916382731525: Error sending message to dharmik5: USER_BANNED_IN_CHANNEL
Client 916382731525: Error sending message to lovechattinggroup: USER_BANNED_IN_CHANNEL
Client 917408309201: Error sending message to TAMILWIFE_SWAPPING: USER_BANNED_IN_CHANNEL
Client 916382731525: Error sending message to gayindiachatroomm: USER_BANNED_IN_CHANNEL
Client 916382731525: Error sending message to hindi_english_chatting_group07: USER_BANNED_IN_CHANNEL
Client 916382731525: Error sending message to girlsboyschattings: USER_BANNED_IN_CHANNEL
Client 916382731525: Error sending message to REAL_MADARA_CHAT: USER_BANNED_IN_CHANNEL
Client 917408309201: Error sending message to Girls_Chatting_Group_100K: USER_BANNED_IN_CHANNEL
Client 917408309201: Error sending message to MOVIE_GROUP_CINEMA_VILLA_hub: USER_BANNED_IN_CHANNEL
Client 917408309201: Error sending message to null: USER_BANNED_IN_CHANNEL
Client 917408309201: Error sending message to IRLFRIEND_COUPLE_WIFE_SWAPPING: USER_BANNED_IN_CHANNEL
Client 917408309201: Error sending message to null: USER_BANNED_IN_CHANNEL
Client 916002326603: Error sending message to null: CHAT_WRITE_FORBIDDEN
916002326603: CHAT_WRITE_FORBIDDEN
Client 916002326603: Error sending message to bhabhiyon_ki_duniya: USER_BANNED_IN_CHANNEL
Error: TIMEOUT
    at /root/telegram/promote-clients/node_modules/telegram/client/updates.js:250:85
    at runNextTicks (node:internal/process/task_queues:60:5)
    at process.processTimers (node:internal/timers:509:9)
    at async _updateLoop (/root/telegram/promote-clients/node_modules/telegram/client/updates.js:191:17)
Client 916002326603: Error sending message to Darazmysteryboxlovers: USER_BANNED_IN_CHANNEL
Client 916002326603: Error sending message to hindi_english_chatting_group07: USER_BANNED_IN_CHANNEL
Error with token 7614665094:AAFCUYuiuYHon6FUDtlbE_PBbW_NmIAf3Rw: Request failed with status code 401 message:  @NIDHI2 : 
Average Reaction Delay: 6777: last:0.01mins

Error with token 7614665094:AAFCUYuiuYHon6FUDtlbE_PBbW_NmIAf3Rw: Request failed with status code 401 message:  @NIDHI2 : 
Average Reaction Delay: 6777: last:0.01mins

Error with token 7614665094:AAFCUYuiuYHon6FUDtlbE_PBbW_NmIAf3Rw: Request failed with status code 401 message:  @NIDHI2 : 
Average Reaction Delay: 6777: last:0.01mins

Error with token 7614665094:AAFCUYuiuYHon6FUDtlbE_PBbW_NmIAf3Rw: Request failed with status code 401 message:  @NIDHI2 : 
Average Reaction Delay: 6777: last:0.01mins

Error with token 7614665094:AAFCUYuiuYHon6FUDtlbE_PBbW_NmIAf3Rw: Request failed with status code 401 message:  @NIDHI2 : 
Average Reaction Delay: 6777: last:0.01mins

Error with token 7614665094:AAFCUYuiuYHon6FUDtlbE_PBbW_NmIAf3Rw: Request failed with status code 401 message:  @NIDHI2 : 
Average Reaction Delay: 6777: last:0.01mins

Error with token 7614665094:AAFCUYuiuYHon6FUDtlbE_PBbW_NmIAf3Rw: Request failed with status code 401 message:  @NIDHI2 : 
Average Reaction Delay: 6777: last:0.01mins

Error with token 7614665094:AAFCUYuiuYHon6FUDtlbE_PBbW_NmIAf3Rw: Request failed with status code 401 message:  @NIDHI2 : 
Average Reaction Delay: 6777: last:0.01mins

Message sending failed after 8 retries
Timeout error with token 7828340584:AAHAh0HP9vjaMsw42iEzc125NaOsOKrSfAo: timeout of 1500ms exceeded message:  @NIDHI2 : 
Average Reaction Delay: 9421: last:0.08mins

Client 918754006288: Error sending message to Grils_Chatting_group_boy_loves: USER_BANNED_IN_CHANNEL
Client 918754006288: Error sending message to Free_Girls_Chatting_Group: USER_BANNED_IN_CHANNEL
Client 918754006288: Error sending message to shayari_loverrr: USER_BANNED_IN_CHANNEL
Client 918754006288: Error sending message to Friendship_Club_Music_Group: USER_BANNED_IN_CHANNEL
Client 918754006288: Error sending message to Dasi_Bhabhi_Chatting_Group: USER_BANNED_IN_CHANNEL
Client 916002326603: Error sending message to Tamil_wife_swapping123: USER_BANNED_IN_CHANNEL
Client 918754006288: Error sending message to And_Girls_Boys_Group_Chatting_4: USER_BANNED_IN_CHANNEL
Client 918754006288: Error sending message to Telugu_Friends_ChattingGroup: USER_BANNED_IN_CHANNEL
Client 918754006288: Error sending message to odessawork_ua: USER_BANNED_IN_CHANNEL
Client 917408309201: Error sending message to telugu_groups_friends_chatting: USER_BANNED_IN_CHANNEL
Client 917408309201: Error sending message to Girlfriendmastigroup: USER_BANNED_IN_CHANNEL
Client 918754006288: Error sending message to GirlsSquare: CHAT_WRITE_FORBIDDEN
918754006288: CHAT_WRITE_FORBIDDEN
🚨 Heap exceeded 100 MB. Cleaning up...
⚠️ GC not available. Start Node with --expose-gc
Error with token 7614665094:AAFCUYuiuYHon6FUDtlbE_PBbW_NmIAf3Rw: Request failed with status code 401 message:  @NIDHI2 : 
Average Reaction Delay: 8489: last:0.00mins

Error with token 7614665094:AAFCUYuiuYHon6FUDtlbE_PBbW_NmIAf3Rw: Request failed with status code 401 message:  @NIDHI2 : 
Average Reaction Delay: 8489: last:0.00mins

Error with token 7614665094:AAFCUYuiuYHon6FUDtlbE_PBbW_NmIAf3Rw: Request failed with status code 401 message:  @NIDHI2 : 
Average Reaction Delay: 8489: last:0.00mins

Error with token 7614665094:AAFCUYuiuYHon6FUDtlbE_PBbW_NmIAf3Rw: Request failed with status code 401 message:  @NIDHI2 : 
Average Reaction Delay: 8489: last:0.00mins

Error with token 7614665094:AAFCUYuiuYHon6FUDtlbE_PBbW_NmIAf3Rw: Request failed with status code 401 message:  @NIDHI2 : 
Average Reaction Delay: 8489: last:0.00mins

Error with token 7614665094:AAFCUYuiuYHon6FUDtlbE_PBbW_NmIAf3Rw: Request failed with status code 401 message:  @NIDHI2 : 
Average Reaction Delay: 8489: last:0.00mins

Error with token 7614665094:AAFCUYuiuYHon6FUDtlbE_PBbW_NmIAf3Rw: Request failed with status code 401 message:  @NIDHI2 : 
Average Reaction Delay: 8489: last:0.00mins

Error with token 7614665094:AAFCUYuiuYHon6FUDtlbE_PBbW_NmIAf3Rw: Request failed with status code 401 message:  @NIDHI2 : 
Average Reaction Delay: 8489: last:0.00mins

Message sending failed after 8 retries
Error with token 7828340584:AAHAh0HP9vjaMsw42iEzc125NaOsOKrSfAo: Request failed with status code 401 message:  @NIDHI2 : 
Average Reaction Delay: 6909: last:0.01mins

Error with token 7828340584:AAHAh0HP9vjaMsw42iEzc125NaOsOKrSfAo: Request failed with status code 401 message:  @NIDHI2 : 
Average Reaction Delay: 6909: last:0.01mins

Error with token 7828340584:AAHAh0HP9vjaMsw42iEzc125NaOsOKrSfAo: Request failed with status code 401 message:  @NIDHI2 : 
Average Reaction Delay: 6909: last:0.01mins

Error with token 7828340584:AAHAh0HP9vjaMsw42iEzc125NaOsOKrSfAo: Request failed with status code 401 message:  @NIDHI2 : 
Average Reaction Delay: 6909: last:0.01mins

Error with token 7828340584:AAHAh0HP9vjaMsw42iEzc125NaOsOKrSfAo: Request failed with status code 401 message:  @NIDHI2 : 
Average Reaction Delay: 6909: last:0.01mins

Error with token 7828340584:AAHAh0HP9vjaMsw42iEzc125NaOsOKrSfAo: Request failed with status code 401 message:  @NIDHI2 : 
Average Reaction Delay: 6909: last:0.01mins

Error with token 7828340584:AAHAh0HP9vjaMsw42iEzc125NaOsOKrSfAo: Request failed with status code 401 message:  @NIDHI2 : 
Average Reaction Delay: 6909: last:0.01mins

Error with token 7828340584:AAHAh0HP9vjaMsw42iEzc125NaOsOKrSfAo: Request failed with status code 401 message:  @NIDHI2 : 
Average Reaction Delay: 6909: last:0.01mins

Message sending failed after 8 retries
Client 917408309201: Error sending message to muslimgirlhinduboys: USER_BANNED_IN_CHANNEL
Client 918754006288: Error sending message to Girls_Friends_Chatting_Groupp1: USER_BANNED_IN_CHANNEL
Client 917408309201: Error sending message to hindi_english_chatting_group07: USER_BANNED_IN_CHANNEL
Client 918754006288: Error sending message to saigonhub: USER_BANNED_IN_CHANNEL
Client 917408309201: Error sending message to Paki_bhaabhi_ChattingGroup: USER_BANNED_IN_CHANNEL
Client 918754006288: Error sending message to TAMILWIFE_SWAPPING: USER_BANNED_IN_CHANNEL
Client 917408309201: Error sending message to matchv: USER_BANNED_IN_CHANNEL
Client 917408309201: Error sending message to And_Girls_Boys_Group_Chatting_4: USER_BANNED_IN_CHANNEL
Client 918754006288: Error sending message to Darazmysteryboxlovers: USER_BANNED_IN_CHANNEL
Error: TIMEOUT
    at /root/telegram/promote-clients/node_modules/telegram/client/updates.js:250:85
    at runNextTicks (node:internal/process/task_queues:60:5)
    at listOnTimeout (node:internal/timers:538:9)
    at process.processTimers (node:internal/timers:512:7)
    at async _updateLoop (/root/telegram/promote-clients/node_modules/telegram/client/updates.js:191:17)
Error: Cannot send requests while disconnected. Please reconnect.
    at Object.invoke (/root/telegram/promote-clients/node_modules/telegram/client/users.js:43:15)
    at TelegramClient.invoke (/root/telegram/promote-clients/node_modules/telegram/client/TelegramClient.js:943:28)
    at Object.getMe (/root/telegram/promote-clients/node_modules/telegram/client/users.js:117:30)
    at TelegramClient.getMe (/root/telegram/promote-clients/node_modules/telegram/client/TelegramClient.js:949:28)
    at TelegramClient._handleReconnect (/root/telegram/promote-clients/node_modules/telegram/client/TelegramClient.js:1046:36)
    at MTProtoSender._reconnect (/root/telegram/promote-clients/node_modules/telegram/network/MTProtoSender.js:835:24)
    at process.processTicksAndRejections (node:internal/process/task_queues:95:5)
Client 918754006288: Error sending message to lovechattinggroup: USER_BANNED_IN_CHANNEL
Error checking recent promotion for channel 1320770863: Error: Cannot send requests while disconnected. Please reconnect.
    at Object.invoke (/root/telegram/promote-clients/node_modules/telegram/client/users.js:43:15)
    at TelegramClient.invoke (/root/telegram/promote-clients/node_modules/telegram/client/TelegramClient.js:943:28)
    at _MessagesIter._loadNextChunk (/root/telegram/promote-clients/node_modules/telegram/client/messages.js:200:37)
    at Object.next (/root/telegram/promote-clients/node_modules/telegram/requestIter.js:56:50)
    at process.processTicksAndRejections (node:internal/process/task_queues:95:5)
    at async _MessagesIter.collect (/root/telegram/promote-clients/node_modules/telegram/requestIter.js:88:68)
    at async Object.getMessages (/root/telegram/promote-clients/node_modules/telegram/client/messages.js:444:13)
Client 917408309201: Error sending message to Dubaistrangers: undefined
917408309201: undefined
Error checking recent promotion for channel 1960738765: Error: Cannot send requests while disconnected. Please reconnect.
    at Object.invoke (/root/telegram/promote-clients/node_modules/telegram/client/users.js:43:15)
    at TelegramClient.invoke (/root/telegram/promote-clients/node_modules/telegram/client/TelegramClient.js:943:28)
    at _MessagesIter._loadNextChunk (/root/telegram/promote-clients/node_modules/telegram/client/messages.js:200:37)
    at Object.next (/root/telegram/promote-clients/node_modules/telegram/requestIter.js:56:50)
    at process.processTicksAndRejections (node:internal/process/task_queues:95:5)
    at async _MessagesIter.collect (/root/telegram/promote-clients/node_modules/telegram/requestIter.js:88:68)
    at async Object.getMessages (/root/telegram/promote-clients/node_modules/telegram/client/messages.js:444:13)
Client 916002326603: Error sending message to matchv: USER_BANNED_IN_CHANNEL
Client 917408309201: Error sending message to Girls_Boys_CHATTING_GROUP_007: USER_BANNED_IN_CHANNEL
Client 917408309201: Error sending message to null: USER_BANNED_IN_CHANNEL
Client 917408309201: Error sending message to girls_boy_chatting_interfaith: USER_BANNED_IN_CHANNEL
Client 917408309201: Error sending message to TclotteryteamCT: USER_BANNED_IN_CHANNEL
🚨 Heap exceeded 100 MB. Cleaning up...
⚠️ GC not available. Start Node with --expose-gc
