Database instance does not exist.
Database instance does not exist.
Database instance does not exist.
Database instance does not exist.
Database instance does not exist.
Database instance does not exist.
Database instance does not exist.
Database instance does not exist.
Database instance does not exist.
Database instance does not exist.
Database instance does not exist.
Database instance does not exist.
(node:73928) [MONGODB DRIVER] Warning: useNewUrlParser is a deprecated option: useNewUrlParser has no effect since Node.js Driver version 4.0.0 and will be removed in the next major version
(Use `node --trace-warnings ...` to show where the warning was created)
(node:73928) [MONGODB DRIVER] Warning: useUnifiedTopology is a deprecated option: useUnifiedTopology has no effect since Node.js Driver version 4.0.0 and will be removed in the next major version
File not found: ./mobileStats-918248068734.json
File not found: ./mobileStats-918220724013.json
Client 918220724013: Error sending message to indiangaychatrooom: USER_BANNED_IN_CHANNEL
Error with token 7614665094:AAFCUYuiuYHon6FUDtlbE_PBbW_NmIAf3Rw: Request failed with status code 401 message:  @NIDHI1 : Limited :  918220724013 as daysLeft : 0
Error with token 7614665094:AAFCUYuiuYHon6FUDtlbE_PBbW_NmIAf3Rw: Request failed with status code 401 message:  @NIDHI1 : Limited :  918220724013 as daysLeft : 0
File not found: ./mobileStats-919607418307.json
Error with token 7614665094:AAFCUYuiuYHon6FUDtlbE_PBbW_NmIAf3Rw: Request failed with status code 401 message:  @NIDHI1 : Limited :  918220724013 as daysLeft : 0
Error with token 7614665094:AAFCUYuiuYHon6FUDtlbE_PBbW_NmIAf3Rw: Request failed with status code 401 message:  @NIDHI1 : Limited :  918220724013 as daysLeft : 0
Error with token 7614665094:AAFCUYuiuYHon6FUDtlbE_PBbW_NmIAf3Rw: Request failed with status code 401 message:  @NIDHI1 : Limited :  918220724013 as daysLeft : 0
Client 918220724013: Error sending message to Paki_Girls_Chatting_Group: USER_BANNED_IN_CHANNEL
Error with token 7614665094:AAFCUYuiuYHon6FUDtlbE_PBbW_NmIAf3Rw: Request failed with status code 401 message:  @NIDHI1 : Limited :  918220724013 as daysLeft : 0
Client 919607418307: Error sending message to Chatting_with_bhabhi: USER_BANNED_IN_CHANNEL
Error with token 7614665094:AAFCUYuiuYHon6FUDtlbE_PBbW_NmIAf3Rw: Request failed with status code 401 message:  @NIDHI1 : Limited :  918220724013 as daysLeft : 0
Error with token 7614665094:AAFCUYuiuYHon6FUDtlbE_PBbW_NmIAf3Rw: Request failed with status code 401 message:  @NIDHI1 : Limited :  918220724013 as daysLeft : 0
Message sending failed after 8 retries
Error with token 7828340584:AAHAh0HP9vjaMsw42iEzc125NaOsOKrSfAo: Request failed with status code 401 message:  @NIDHI1 : Limited :  919607418307 as daysLeft : 0
Error with token 7828340584:AAHAh0HP9vjaMsw42iEzc125NaOsOKrSfAo: Request failed with status code 401 message:  @NIDHI1 : Limited :  919607418307 as daysLeft : 0
File not found: ./mobileStats-919845715366.json
Error with token 7828340584:AAHAh0HP9vjaMsw42iEzc125NaOsOKrSfAo: Request failed with status code 401 message:  @NIDHI1 : Limited :  919607418307 as daysLeft : 0
Error with token 7828340584:AAHAh0HP9vjaMsw42iEzc125NaOsOKrSfAo: Request failed with status code 401 message:  @NIDHI1 : Limited :  919607418307 as daysLeft : 0
Error with token 7828340584:AAHAh0HP9vjaMsw42iEzc125NaOsOKrSfAo: Request failed with status code 401 message:  @NIDHI1 : Limited :  919607418307 as daysLeft : 0
Error with token 7828340584:AAHAh0HP9vjaMsw42iEzc125NaOsOKrSfAo: Request failed with status code 401 message:  @NIDHI1 : Limited :  919607418307 as daysLeft : 0
Client 919845715366: Error sending message to Gf_Bf_Chating2024: USER_BANNED_IN_CHANNEL
Error with token 7828340584:AAHAh0HP9vjaMsw42iEzc125NaOsOKrSfAo: Request failed with status code 401 message:  @NIDHI1 : Limited :  919607418307 as daysLeft : 0
Error with token 7828340584:AAHAh0HP9vjaMsw42iEzc125NaOsOKrSfAo: Request failed with status code 401 message:  @NIDHI1 : Limited :  919607418307 as daysLeft : 0
Message sending failed after 8 retries
Client 918248068734: Error sending message to FRIENDSHIP_KA_GOAL: USER_BANNED_IN_CHANNEL
Client 919607418307: Error sending message to girls_Love_chatting_group_07: USER_BANNED_IN_CHANNEL
Client 918248068734: Error sending message to Girls_chatting_Grouph: USER_BANNED_IN_CHANNEL
Client 918220724013: Error sending message to null: USER_BANNED_IN_CHANNEL
Client 919845715366: Error sending message to delhi_dating_group1: USER_BANNED_IN_CHANNEL
Client 918220724013: Error sending message to international_friends_besties: USER_BANNED_IN_CHANNEL
Client 919607418307: Error sending message to Girls_chatting_zone_club: USER_BANNED_IN_CHANNEL
Client 918220724013: Error sending message to Bengaligaygroup: USER_BANNED_IN_CHANNEL
Client 919607418307: Error sending message to FREE_Couple_Showww: USER_BANNED_IN_CHANNEL
Client 918220724013: Error sending message to MaharashtraGayClubOfficial: USER_BANNED_IN_CHANNEL
Error with token 7614665094:AAFCUYuiuYHon6FUDtlbE_PBbW_NmIAf3Rw: Request failed with status code 401 message:  @NIDHI1 : 
Average Reaction Delay: 8416: last:0.07mins

Error with token 7614665094:AAFCUYuiuYHon6FUDtlbE_PBbW_NmIAf3Rw: Request failed with status code 401 message:  @NIDHI1 : 
Average Reaction Delay: 8416: last:0.07mins

Error with token 7614665094:AAFCUYuiuYHon6FUDtlbE_PBbW_NmIAf3Rw: Request failed with status code 401 message:  @NIDHI1 : 
Average Reaction Delay: 8416: last:0.07mins

Error with token 7614665094:AAFCUYuiuYHon6FUDtlbE_PBbW_NmIAf3Rw: Request failed with status code 401 message:  @NIDHI1 : 
Average Reaction Delay: 8416: last:0.07mins

Error with token 7614665094:AAFCUYuiuYHon6FUDtlbE_PBbW_NmIAf3Rw: Request failed with status code 401 message:  @NIDHI1 : 
Average Reaction Delay: 8416: last:0.07mins

Error with token 7614665094:AAFCUYuiuYHon6FUDtlbE_PBbW_NmIAf3Rw: Request failed with status code 401 message:  @NIDHI1 : 
Average Reaction Delay: 8416: last:0.07mins

Error with token 7614665094:AAFCUYuiuYHon6FUDtlbE_PBbW_NmIAf3Rw: Request failed with status code 401 message:  @NIDHI1 : 
Average Reaction Delay: 8416: last:0.07mins

Error with token 7614665094:AAFCUYuiuYHon6FUDtlbE_PBbW_NmIAf3Rw: Request failed with status code 401 message:  @NIDHI1 : 
Average Reaction Delay: 8416: last:0.07mins

Message sending failed after 8 retries
🚨 Heap exceeded 100 MB. Cleaning up...
⚠️ GC not available. Start Node with --expose-gc
Error with token 7828340584:AAHAh0HP9vjaMsw42iEzc125NaOsOKrSfAo: Request failed with status code 401 message:  @NIDHI1 : 
Average Reaction Delay: 8977: last:0.23mins

Error with token 7828340584:AAHAh0HP9vjaMsw42iEzc125NaOsOKrSfAo: Request failed with status code 401 message:  @NIDHI1 : 
Average Reaction Delay: 8977: last:0.23mins

Error with token 7828340584:AAHAh0HP9vjaMsw42iEzc125NaOsOKrSfAo: Request failed with status code 401 message:  @NIDHI1 : 
Average Reaction Delay: 8977: last:0.23mins

Error with token 7828340584:AAHAh0HP9vjaMsw42iEzc125NaOsOKrSfAo: Request failed with status code 401 message:  @NIDHI1 : 
Average Reaction Delay: 8977: last:0.23mins

Error with token 7828340584:AAHAh0HP9vjaMsw42iEzc125NaOsOKrSfAo: Request failed with status code 401 message:  @NIDHI1 : 
Average Reaction Delay: 8977: last:0.23mins

Error with token 7828340584:AAHAh0HP9vjaMsw42iEzc125NaOsOKrSfAo: Request failed with status code 401 message:  @NIDHI1 : 
Average Reaction Delay: 8977: last:0.23mins

Error with token 7828340584:AAHAh0HP9vjaMsw42iEzc125NaOsOKrSfAo: Request failed with status code 401 message:  @NIDHI1 : 
Average Reaction Delay: 8977: last:0.23mins

Error with token 7828340584:AAHAh0HP9vjaMsw42iEzc125NaOsOKrSfAo: Request failed with status code 401 message:  @NIDHI1 : 
Average Reaction Delay: 8977: last:0.23mins

Message sending failed after 8 retries
Error: TIMEOUT
    at /root/telegram/promote-clients/node_modules/telegram/client/updates.js:250:85
    at runNextTicks (node:internal/process/task_queues:60:5)
    at listOnTimeout (node:internal/timers:538:9)
    at process.processTimers (node:internal/timers:512:7)
    at async _updateLoop (/root/telegram/promote-clients/node_modules/telegram/client/updates.js:191:17)
Client 918248068734: Error sending message to GIRLCHAT138: USER_BANNED_IN_CHANNEL
Client 918248068734: Error sending message to virtiklove: ALLOW_PAYMENT_REQUIRED
918248068734: ALLOW_PAYMENT_REQUIRED
Client 919607418307: Error sending message to Girls_chatting_Grouph: USER_BANNED_IN_CHANNEL
🚨 Heap exceeded 100 MB. Cleaning up...
⚠️ GC not available. Start Node with --expose-gc
Client 919845715366: Error sending message to null: USER_BANNED_IN_CHANNEL
Client 919845715366: Error sending message to CricketFriendCircle: CHAT_SEND_PLAIN_FORBIDDEN
919845715366: CHAT_SEND_PLAIN_FORBIDDEN
Client 918220724013: Error sending message to usadateworld: CHAT_WRITE_FORBIDDEN
918220724013: CHAT_WRITE_FORBIDDEN
Client 919845715366: Error sending message to null: USER_BANNED_IN_CHANNEL
Client 918220724013: Error sending message to GirlsBoysXD: USER_BANNED_IN_CHANNEL
Client 918248068734: Error sending message to Bangladeshigaygroup: USER_BANNED_IN_CHANNEL
Client 919607418307: Error sending message to Bangladeshigaygroup: USER_BANNED_IN_CHANNEL
Client 918248068734: Error sending message to Tamil_wife_swapping123: USER_BANNED_IN_CHANNEL
Client 919607418307: Error sending message to onlydefencelove: USER_BANNED_IN_CHANNEL
Client 918248068734: Error sending message to usadateworld: CHAT_WRITE_FORBIDDEN
918248068734: CHAT_WRITE_FORBIDDEN
Client 919607418307: Error sending message to FRIENDSHIP_CHAT_GROUP0: USER_BANNED_IN_CHANNEL
Client 918220724013: Error sending message to And_Girls_Boys_Group_Chatting_4: USER_BANNED_IN_CHANNEL
Client 918248068734: Error sending message to GIRLS_BOYS111: USER_BANNED_IN_CHANNEL
Client 919607418307: Error sending message to saigonhub: USER_BANNED_IN_CHANNEL
Client 918220724013: Error sending message to M21771: TOPIC_CLOSED
918220724013: TOPIC_CLOSED
Client 918220724013: Error sending message to GangOfGiirls: USER_BANNED_IN_CHANNEL
🚨 Heap exceeded 100 MB. Cleaning up...
⚠️ GC not available. Start Node with --expose-gc
Client 919607418307: Error sending message to paidstudies: USER_BANNED_IN_CHANNEL
Client 918248068734: Error sending message to Cute_Girls_ChattingGroup: USER_BANNED_IN_CHANNEL
Client 919607418307: Error sending message to telugu_genuine_girls: undefined
919607418307: undefined
Client 919607418307: Error sending message to Girlfriend_chatting_4u: undefined
919607418307: undefined
Client 918248068734: Error sending message to Girlfriendmastigroup: USER_BANNED_IN_CHANNEL
Client 918248068734: Error sending message to Girls_love_xxROOM: USER_BANNED_IN_CHANNEL
Client 918248068734: Error sending message to TamilAnutyveriyanahahahah: USER_BANNED_IN_CHANNEL
Client 918248068734: Error sending message to RCSClub: USER_BANNED_IN_CHANNEL
Error with token 7614665094:AAFCUYuiuYHon6FUDtlbE_PBbW_NmIAf3Rw: Request failed with status code 401 message:  @NIDHI1 : 918220724013
A_gupta07: Can you call
Error with token 7614665094:AAFCUYuiuYHon6FUDtlbE_PBbW_NmIAf3Rw: Request failed with status code 401 message:  @NIDHI1 : 918220724013
A_gupta07: Can you call
Error with token 7614665094:AAFCUYuiuYHon6FUDtlbE_PBbW_NmIAf3Rw: Request failed with status code 401 message:  @NIDHI1 : 918220724013
A_gupta07: Can you call
Error with token 7614665094:AAFCUYuiuYHon6FUDtlbE_PBbW_NmIAf3Rw: Request failed with status code 401 message:  @NIDHI1 : 918220724013
A_gupta07: Can you call
Error with token 7614665094:AAFCUYuiuYHon6FUDtlbE_PBbW_NmIAf3Rw: Request failed with status code 401 message:  @NIDHI1 : 918220724013
A_gupta07: Can you call
Error with token 7614665094:AAFCUYuiuYHon6FUDtlbE_PBbW_NmIAf3Rw: Request failed with status code 401 message:  @NIDHI1 : 918220724013
A_gupta07: Can you call
Error with token 7614665094:AAFCUYuiuYHon6FUDtlbE_PBbW_NmIAf3Rw: Request failed with status code 401 message:  @NIDHI1 : 918220724013
A_gupta07: Can you call
Error with token 7614665094:AAFCUYuiuYHon6FUDtlbE_PBbW_NmIAf3Rw: Request failed with status code 401 message:  @NIDHI1 : 918220724013
A_gupta07: Can you call
Message sending failed after 8 retries
Error with token 7828340584:AAHAh0HP9vjaMsw42iEzc125NaOsOKrSfAo: Request failed with status code 401 message:  @NIDHI1 : 918220724013
A_gupta07: Not my side your sude
Error with token 7828340584:AAHAh0HP9vjaMsw42iEzc125NaOsOKrSfAo: Request failed with status code 401 message:  @NIDHI1 : 918220724013
A_gupta07: Not my side your sude
Error with token 7828340584:AAHAh0HP9vjaMsw42iEzc125NaOsOKrSfAo: Request failed with status code 401 message:  @NIDHI1 : 918220724013
A_gupta07: Not my side your sude
Error with token 7828340584:AAHAh0HP9vjaMsw42iEzc125NaOsOKrSfAo: Request failed with status code 401 message:  @NIDHI1 : 918220724013
A_gupta07: Not my side your sude
Error with token 7828340584:AAHAh0HP9vjaMsw42iEzc125NaOsOKrSfAo: Request failed with status code 401 message:  @NIDHI1 : 918220724013
A_gupta07: Not my side your sude
Error with token 7828340584:AAHAh0HP9vjaMsw42iEzc125NaOsOKrSfAo: Request failed with status code 401 message:  @NIDHI1 : 918220724013
A_gupta07: Not my side your sude
Error with token 7828340584:AAHAh0HP9vjaMsw42iEzc125NaOsOKrSfAo: Request failed with status code 401 message:  @NIDHI1 : 918220724013
A_gupta07: Not my side your sude
Error with token 7828340584:AAHAh0HP9vjaMsw42iEzc125NaOsOKrSfAo: Request failed with status code 401 message:  @NIDHI1 : 918220724013
A_gupta07: Not my side your sude
Message sending failed after 8 retries
🚨 Heap exceeded 100 MB. Cleaning up...
⚠️ GC not available. Start Node with --expose-gc
🚨 Heap exceeded 100 MB. Cleaning up...
⚠️ GC not available. Start Node with --expose-gc
Client 919845715366: Error sending message to tosslovers469: CHAT_SEND_PLAIN_FORBIDDEN
919845715366: CHAT_SEND_PLAIN_FORBIDDEN
Client 918220724013: Error sending message to slfriends20: USER_BANNED_IN_CHANNEL
Client 918220724013: Error sending message to null: USER_BANNED_IN_CHANNEL
Client 919607418307: Error sending message to lovechattinggroup: USER_BANNED_IN_CHANNEL
Client 918248068734: Error sending message to null: USER_BANNED_IN_CHANNEL
Client 919607418307: Error sending message to Dasi_Bhabhi_Chatting_Group: USER_BANNED_IN_CHANNEL
Client 919607418307: Error sending message to Girlz_chat_Group: FLOOD
919607418307: FLOOD
Client 919607418307: Error sending message to M21771: TOPIC_CLOSED
919607418307: TOPIC_CLOSED
Client 919607418307: Error sending message to OFFICAL_COLOUR_HUB: USER_BANNED_IN_CHANNEL
Client 919845715366: Error sending message to realmarwahmedicine: USER_BANNED_IN_CHANNEL
Client 919845715366: Error sending message to WIFE_SWAPPING_INDIA00: USER_BANNED_IN_CHANNEL
Client 918220724013: Error sending message to HOUSE_WIFE_CHATTING: USER_BANNED_IN_CHANNEL
Error with token 7614665094:AAFCUYuiuYHon6FUDtlbE_PBbW_NmIAf3Rw: Request failed with status code 401 message:  @NIDHI1 : 
Average Reaction Delay: 6862: last:0.11mins

Error with token 7614665094:AAFCUYuiuYHon6FUDtlbE_PBbW_NmIAf3Rw: Request failed with status code 401 message:  @NIDHI1 : 
Average Reaction Delay: 6862: last:0.11mins

Error with token 7614665094:AAFCUYuiuYHon6FUDtlbE_PBbW_NmIAf3Rw: Request failed with status code 401 message:  @NIDHI1 : 
Average Reaction Delay: 6862: last:0.11mins

Error with token 7614665094:AAFCUYuiuYHon6FUDtlbE_PBbW_NmIAf3Rw: Request failed with status code 401 message:  @NIDHI1 : 
Average Reaction Delay: 6862: last:0.11mins

Error with token 7614665094:AAFCUYuiuYHon6FUDtlbE_PBbW_NmIAf3Rw: Request failed with status code 401 message:  @NIDHI1 : 
Average Reaction Delay: 6862: last:0.11mins

Error with token 7614665094:AAFCUYuiuYHon6FUDtlbE_PBbW_NmIAf3Rw: Request failed with status code 401 message:  @NIDHI1 : 
Average Reaction Delay: 6862: last:0.11mins

Error with token 7614665094:AAFCUYuiuYHon6FUDtlbE_PBbW_NmIAf3Rw: Request failed with status code 401 message:  @NIDHI1 : 
Average Reaction Delay: 6862: last:0.11mins

Error with token 7614665094:AAFCUYuiuYHon6FUDtlbE_PBbW_NmIAf3Rw: Request failed with status code 401 message:  @NIDHI1 : 
Average Reaction Delay: 6862: last:0.11mins

Message sending failed after 8 retries
Error with token 7828340584:AAHAh0HP9vjaMsw42iEzc125NaOsOKrSfAo: Request failed with status code 401 message:  @NIDHI1 : 
Average Reaction Delay: 7413: last:0.13mins

Error with token 7828340584:AAHAh0HP9vjaMsw42iEzc125NaOsOKrSfAo: Request failed with status code 401 message:  @NIDHI1 : 
Average Reaction Delay: 7413: last:0.13mins

Error with token 7828340584:AAHAh0HP9vjaMsw42iEzc125NaOsOKrSfAo: Request failed with status code 401 message:  @NIDHI1 : 
Average Reaction Delay: 7413: last:0.13mins

Error with token 7828340584:AAHAh0HP9vjaMsw42iEzc125NaOsOKrSfAo: Request failed with status code 401 message:  @NIDHI1 : 
Average Reaction Delay: 7413: last:0.13mins

Error with token 7828340584:AAHAh0HP9vjaMsw42iEzc125NaOsOKrSfAo: Request failed with status code 401 message:  @NIDHI1 : 
Average Reaction Delay: 7413: last:0.13mins

Error with token 7828340584:AAHAh0HP9vjaMsw42iEzc125NaOsOKrSfAo: Request failed with status code 401 message:  @NIDHI1 : 
Average Reaction Delay: 7413: last:0.13mins

Error with token 7828340584:AAHAh0HP9vjaMsw42iEzc125NaOsOKrSfAo: Request failed with status code 401 message:  @NIDHI1 : 
Average Reaction Delay: 7413: last:0.13mins

Error with token 7828340584:AAHAh0HP9vjaMsw42iEzc125NaOsOKrSfAo: Request failed with status code 401 message:  @NIDHI1 : 
Average Reaction Delay: 7413: last:0.13mins

Message sending failed after 8 retries
Client 919607418307: Error sending message to bhabhiyon_ki_duniya: USER_BANNED_IN_CHANNEL
Client 919845715366: Error sending message to Adults_Chat_fun_Group: USER_BANNED_IN_CHANNEL
Client 919845715366: Error sending message to GangOfGiirls: USER_BANNED_IN_CHANNEL
Client 919845715366: Error sending message to Single_Girls_Chatting_Friendship: USER_BANNED_IN_CHANNEL
Client 919845715366: Error sending message to Couplessmaping1: USER_BANNED_IN_CHANNEL
