Database instance does not exist.
Database instance does not exist.
Database instance does not exist.
Database instance does not exist.
Database instance does not exist.
Database instance does not exist.
Database instance does not exist.
Database instance does not exist.
Database instance does not exist.
Database instance does not exist.
Database instance does not exist.
Database instance does not exist.
(node:74087) [MONGODB DRIVER] Warning: useNewUrlParser is a deprecated option: useNewUrlParser has no effect since Node.js Driver version 4.0.0 and will be removed in the next major version
(Use `node --trace-warnings ...` to show where the warning was created)
(node:74087) [MONGODB DRIVER] Warning: useUnifiedTopology is a deprecated option: useUnifiedTopology has no effect since Node.js Driver version 4.0.0 and will be removed in the next major version
File not found: ./mobileStats-918087590742.json
File not found: ./mobileStats-916369043078.json
Client 918087590742: Error sending message to shaadi_com: USER_BANNED_IN_CHANNEL
Error with token 7828340584:AAHAh0HP9vjaMsw42iEzc125NaOsOKrSfAo: Request failed with status code 401 message:  @RAMYA2 : Limited :  918087590742 as daysLeft : 0
Client 916369043078: Error sending message to Tamil_Friendship_Chatting_Groups: USER_BANNED_IN_CHANNEL
Error with token 7828340584:AAHAh0HP9vjaMsw42iEzc125NaOsOKrSfAo: Request failed with status code 401 message:  @RAMYA2 : Limited :  918087590742 as daysLeft : 0
Error with token 7828340584:AAHAh0HP9vjaMsw42iEzc125NaOsOKrSfAo: Request failed with status code 401 message:  @RAMYA2 : Limited :  918087590742 as daysLeft : 0
File not found: ./mobileStats-918147165483.json
Client 916369043078: Error sending message to Cute_Girls_ChattingGroup: USER_BANNED_IN_CHANNEL
File not found: ./mobileStats-919980969571.json
Client 916369043078: Error sending message to Telugu_groups_chatting_friends: USER_BANNED_IN_CHANNEL
Client 916369043078: Error sending message to Hindi_English_Chatting_com: CHAT_SEND_PLAIN_FORBIDDEN
916369043078: CHAT_SEND_PLAIN_FORBIDDEN
Client 919980969571: Error sending message to LoveChattingGroup111: USER_BANNED_IN_CHANNEL
Client 919980969571: Error sending message to Mumbaigayboys: USER_BANNED_IN_CHANNEL
Timeout error with token 7433483604:AAEX84KOmBgdixxxwFFFbjmQ1jCX9Mz7Mfw: timeout of 1500ms exceeded message:  @RAMYA2 : Limited :  918147165483 as daysLeft : 1
Client 916369043078: Error sending message to Dubaistrangers: USER_BANNED_IN_CHANNEL
Client 918147165483: Error sending message to Matrimony_Dating_Group: USER_BANNED_IN_CHANNEL
Client 918147165483: Error sending message to Chattingwithgirls_group: USER_BANNED_IN_CHANNEL
Client 918147165483: Error sending message to Girlfriend_chatting_4u: undefined
918147165483: undefined
Client 918147165483: Error sending message to THE_FRIENDZ: USER_BANNED_IN_CHANNEL
Client 918147165483: Error sending message to BENGAL_WIFE_SWAPPING: USER_BANNED_IN_CHANNEL
Client 918147165483: Error sending message to Videohive_templates_chat: USER_BANNED_IN_CHANNEL
Client 918147165483: Error sending message to plentyoff: USER_BANNED_IN_CHANNEL
Client 918147165483: Error sending message to tamil_gay_group143: USER_BANNED_IN_CHANNEL
Client 918147165483: Error sending message to M21771: TOPIC_CLOSED
918147165483: TOPIC_CLOSED
Client 918147165483: Error sending message to MaharashtraGayClubOfficial: USER_BANNED_IN_CHANNEL
Client 916369043078: Error sending message to Friends_Chatting_group_6: USER_BANNED_IN_CHANNEL
Client 916369043078: Error sending message to Lovely_GirlsChattingGroup: USER_BANNED_IN_CHANNEL
Client 916369043078: Error sending message to Girls_Chatting_Group_100K: USER_BANNED_IN_CHANNEL
Client 916369043078: Error sending message to CHATTING_GIRLS_BOYS_GROUP: USER_BANNED_IN_CHANNEL
Error with token 7614665094:AAFCUYuiuYHon6FUDtlbE_PBbW_NmIAf3Rw: Request failed with status code 401 message:  @RAMYA2 : 
Average Reaction Delay: 8800: last:0.10mins

Error with token 7614665094:AAFCUYuiuYHon6FUDtlbE_PBbW_NmIAf3Rw: Request failed with status code 401 message:  @RAMYA2 : 
Average Reaction Delay: 8800: last:0.10mins

Error with token 7614665094:AAFCUYuiuYHon6FUDtlbE_PBbW_NmIAf3Rw: Request failed with status code 401 message:  @RAMYA2 : 
Average Reaction Delay: 8800: last:0.10mins

Error with token 7614665094:AAFCUYuiuYHon6FUDtlbE_PBbW_NmIAf3Rw: Request failed with status code 401 message:  @RAMYA2 : 
Average Reaction Delay: 8800: last:0.10mins

Error with token 7614665094:AAFCUYuiuYHon6FUDtlbE_PBbW_NmIAf3Rw: Request failed with status code 401 message:  @RAMYA2 : 
Average Reaction Delay: 8800: last:0.10mins

Error with token 7614665094:AAFCUYuiuYHon6FUDtlbE_PBbW_NmIAf3Rw: Request failed with status code 401 message:  @RAMYA2 : 
Average Reaction Delay: 8800: last:0.10mins

Error with token 7614665094:AAFCUYuiuYHon6FUDtlbE_PBbW_NmIAf3Rw: Request failed with status code 401 message:  @RAMYA2 : 
Average Reaction Delay: 8800: last:0.10mins

Error with token 7614665094:AAFCUYuiuYHon6FUDtlbE_PBbW_NmIAf3Rw: Request failed with status code 401 message:  @RAMYA2 : 
Average Reaction Delay: 8800: last:0.10mins

Message sending failed after 8 retries
Client 919980969571: Error sending message to HOUSE_WIFE_CHATTING: USER_BANNED_IN_CHANNEL
Client 919980969571: Error sending message to Paki_Girls_Chatting_Group: USER_BANNED_IN_CHANNEL
Client 919980969571: Error sending message to Hot_nudeService: CHAT_WRITE_FORBIDDEN
919980969571: CHAT_WRITE_FORBIDDEN
Client 919980969571: Error sending message to SWAPPING_INDIA_P4U: USER_BANNED_IN_CHANNEL
Client 918147165483: Error sending message to thefriendsforever21: USER_BANNED_IN_CHANNEL
Client 918147165483: Error sending message to Bangladeshigaygroup: USER_BANNED_IN_CHANNEL
Client 918147165483: Error sending message to tosslovers469: CHAT_SEND_PLAIN_FORBIDDEN
918147165483: CHAT_SEND_PLAIN_FORBIDDEN
Client 918147165483: Error sending message to SWAPPING_INDIA_P4U: USER_BANNED_IN_CHANNEL
Client 918147165483: Error sending message to Hindi_English_Chatting_com: CHAT_WRITE_FORBIDDEN
918147165483: CHAT_WRITE_FORBIDDEN
Client 918147165483: Error sending message to bhabhiyon_ki_duniya: USER_BANNED_IN_CHANNEL
Client 918147165483: Error sending message to realmarwahmedicine: USER_BANNED_IN_CHANNEL
Client 918147165483: Error sending message to amaloversclub: USER_BANNED_IN_CHANNEL
Error with token 7828340584:AAHAh0HP9vjaMsw42iEzc125NaOsOKrSfAo: Request failed with status code 401 message:  @RAMYA2 : 918147165483
G: Hi
Error with token 7828340584:AAHAh0HP9vjaMsw42iEzc125NaOsOKrSfAo: Request failed with status code 401 message:  @RAMYA2 : 918147165483
G: Hi
Error with token 7828340584:AAHAh0HP9vjaMsw42iEzc125NaOsOKrSfAo: Request failed with status code 401 message:  @RAMYA2 : 918147165483
G: Hi
Error with token 7828340584:AAHAh0HP9vjaMsw42iEzc125NaOsOKrSfAo: Request failed with status code 401 message:  @RAMYA2 : 918147165483
G: Hi
Client 916369043078: Error sending message to Girls_love_xxROOM: USER_BANNED_IN_CHANNEL
Client 916369043078: Error sending message to REAL_MADARA_CHAT: USER_BANNED_IN_CHANNEL
Client 916369043078: Error sending message to IRLFRIEND_COUPLE_WIFE_SWAPPING: USER_BANNED_IN_CHANNEL
Client 916369043078: Error sending message to WIFE_SWAPPING_BULLS: USER_BANNED_IN_CHANNEL
Client 916369043078: Error sending message to Gf_Bf_Chating2024: USER_BANNED_IN_CHANNEL
Client 918147165483: Error sending message to null: USER_BANNED_IN_CHANNEL
Client 916369043078: Error sending message to indiangaychatrooom: USER_BANNED_IN_CHANNEL
Error: TIMEOUT
    at /root/telegram/promote-clients/node_modules/telegram/client/updates.js:250:85
    at runNextTicks (node:internal/process/task_queues:60:5)
    at listOnTimeout (node:internal/timers:538:9)
    at process.processTimers (node:internal/timers:512:7)
    at async _updateLoop (/root/telegram/promote-clients/node_modules/telegram/client/updates.js:191:17)
Client 918147165483: Error sending message to jagruthiimpact: USER_BANNED_IN_CHANNEL
Client 918147165483: Error sending message to Lucky_Draw_Master_Service_Group: USER_BANNED_IN_CHANNEL
Client 918147165483: Error sending message to hindi_english_chatting_group07: USER_BANNED_IN_CHANNEL
Client 916369043078: Error sending message to slfriends20: USER_BANNED_IN_CHANNEL
Client 918147165483: Error sending message to BhabhiloversChat: USER_BANNED_IN_CHANNEL
Client 918147165483: Error sending message to Girlschattinggroup_new: USER_BANNED_IN_CHANNEL
Error with token 7614665094:AAFCUYuiuYHon6FUDtlbE_PBbW_NmIAf3Rw: Request failed with status code 401 message:  @RAMYA2 : 
Average Reaction Delay: 7805: last:0.06mins

Error with token 7614665094:AAFCUYuiuYHon6FUDtlbE_PBbW_NmIAf3Rw: Request failed with status code 401 message:  @RAMYA2 : 
Average Reaction Delay: 7805: last:0.06mins

Error with token 7614665094:AAFCUYuiuYHon6FUDtlbE_PBbW_NmIAf3Rw: Request failed with status code 401 message:  @RAMYA2 : 
Average Reaction Delay: 7805: last:0.06mins

Error with token 7614665094:AAFCUYuiuYHon6FUDtlbE_PBbW_NmIAf3Rw: Request failed with status code 401 message:  @RAMYA2 : 
Average Reaction Delay: 7805: last:0.06mins

Error with token 7614665094:AAFCUYuiuYHon6FUDtlbE_PBbW_NmIAf3Rw: Request failed with status code 401 message:  @RAMYA2 : 
Average Reaction Delay: 7805: last:0.06mins

Error with token 7614665094:AAFCUYuiuYHon6FUDtlbE_PBbW_NmIAf3Rw: Request failed with status code 401 message:  @RAMYA2 : 
Average Reaction Delay: 7805: last:0.06mins

Error with token 7614665094:AAFCUYuiuYHon6FUDtlbE_PBbW_NmIAf3Rw: Request failed with status code 401 message:  @RAMYA2 : 
Average Reaction Delay: 7805: last:0.06mins

Error with token 7614665094:AAFCUYuiuYHon6FUDtlbE_PBbW_NmIAf3Rw: Request failed with status code 401 message:  @RAMYA2 : 
Average Reaction Delay: 7805: last:0.06mins

Message sending failed after 8 retries
Client 918087590742: Error sending message to Bhaabhi_ChattingGroup_Global: USER_BANNED_IN_CHANNEL
Client 918147165483: Error sending message to FRIEND_CHATTING_CLUB_01: USER_BANNED_IN_CHANNEL
Client 918087590742: Error sending message to GayFashionShow: USER_BANNED_IN_CHANNEL
Client 918147165483: Error sending message to smart_girls_group: USER_BANNED_IN_CHANNEL
Client 918147165483: Error sending message to Adults_Chat_fun_Group: USER_BANNED_IN_CHANNEL
Client 918147165483: Error sending message to matchv: USER_BANNED_IN_CHANNEL
Client 919980969571: Error sending message to tamilrealcouplesswaping: CHAT_WRITE_FORBIDDEN
919980969571: CHAT_WRITE_FORBIDDEN
Client 918147165483: Error sending message to INTERNATIONAL_BHABHI: USER_BANNED_IN_CHANNEL
Client 918147165483: Error sending message to REAL_MADARA_CHAT: USER_BANNED_IN_CHANNEL
Client 918147165483: Error sending message to Punjabgayys: USER_BANNED_IN_CHANNEL
Client 916369043078: Error sending message to GaysMenVideoChat: USER_BANNED_IN_CHANNEL
Client 916369043078: Error sending message to Girls_chatting_Grouph: USER_BANNED_IN_CHANNEL
Client 916369043078: Error sending message to Dasi_Bhabhi_Chatting_Group: USER_BANNED_IN_CHANNEL
Client 916369043078: Error sending message to null: USER_BANNED_IN_CHANNEL
Client 916369043078: Error sending message to REDZONE_6346934: USER_BANNED_IN_CHANNEL
Client 916369043078: Error sending message to FRIENDSHIP_CHAT_GROUP0: USER_BANNED_IN_CHANNEL
Client 916369043078: Error sending message to Delhigayy: USER_BANNED_IN_CHANNEL
Client 916369043078: Error sending message to null: CHAT_SEND_PLAIN_FORBIDDEN
916369043078: CHAT_SEND_PLAIN_FORBIDDEN
Client 916369043078: Error sending message to GirlsSquare: CHAT_WRITE_FORBIDDEN
916369043078: CHAT_WRITE_FORBIDDEN
Client 916369043078: Error sending message to SWAPPING_INDIA_P4U: USER_BANNED_IN_CHANNEL
Client 916369043078: Error sending message to Mumbaigayboys: USER_BANNED_IN_CHANNEL
Client 916369043078: Error sending message to geniunegirlsclub: USER_BANNED_IN_CHANNEL
Client 916369043078: Error sending message to tosslovers469: CHAT_SEND_PLAIN_FORBIDDEN
916369043078: CHAT_SEND_PLAIN_FORBIDDEN
Client 918147165483: Error sending message to IRLFRIEND_COUPLE_WIFE_SWAPPING: USER_BANNED_IN_CHANNEL
🚨 Heap exceeded 100 MB. Cleaning up...
⚠️ GC not available. Start Node with --expose-gc
Error with token 7828340584:AAHAh0HP9vjaMsw42iEzc125NaOsOKrSfAo: Request failed with status code 401 message:  @RAMYA2 : 
Average Reaction Delay: 8936: last:0.05mins

Error with token 7828340584:AAHAh0HP9vjaMsw42iEzc125NaOsOKrSfAo: Request failed with status code 401 message:  @RAMYA2 : 
Average Reaction Delay: 8936: last:0.05mins

Error with token 7828340584:AAHAh0HP9vjaMsw42iEzc125NaOsOKrSfAo: Request failed with status code 401 message:  @RAMYA2 : 
Average Reaction Delay: 8936: last:0.05mins

Error with token 7828340584:AAHAh0HP9vjaMsw42iEzc125NaOsOKrSfAo: Request failed with status code 401 message:  @RAMYA2 : 
Average Reaction Delay: 8936: last:0.05mins

Error with token 7828340584:AAHAh0HP9vjaMsw42iEzc125NaOsOKrSfAo: Request failed with status code 401 message:  @RAMYA2 : 
Average Reaction Delay: 8936: last:0.05mins

Error with token 7828340584:AAHAh0HP9vjaMsw42iEzc125NaOsOKrSfAo: Request failed with status code 401 message:  @RAMYA2 : 
Average Reaction Delay: 8936: last:0.05mins

Error with token 7828340584:AAHAh0HP9vjaMsw42iEzc125NaOsOKrSfAo: Request failed with status code 401 message:  @RAMYA2 : 
Average Reaction Delay: 8936: last:0.05mins

Error with token 7828340584:AAHAh0HP9vjaMsw42iEzc125NaOsOKrSfAo: Request failed with status code 401 message:  @RAMYA2 : 
Average Reaction Delay: 8936: last:0.05mins

Message sending failed after 8 retries
Client 916369043078: Error sending message to Bhabhi_Chatting_Group01: USER_BANNED_IN_CHANNEL
Client 916369043078: Error sending message to bhabichattinggc: CHAT_WRITE_FORBIDDEN
916369043078: CHAT_WRITE_FORBIDDEN
Client 916369043078: Error sending message to virtiklove: ALLOW_PAYMENT_REQUIRED
916369043078: ALLOW_PAYMENT_REQUIRED
Client 916369043078: Error sending message to GIRLS_BOYS111: USER_BANNED_IN_CHANNEL
Client 916369043078: Error sending message to Girlschattinggroup_new: USER_BANNED_IN_CHANNEL
Client 916369043078: Error sending message to GirlschattingGroup_Superchatting: USER_BANNED_IN_CHANNEL
Client 916369043078: Error sending message to BENGAL_WIFE_SWAPPING: USER_BANNED_IN_CHANNEL
Client 916369043078: Error sending message to thefriendsforever21: USER_BANNED_IN_CHANNEL
Client 916369043078: Error sending message to INTERNATIONAL_BHABHI: USER_BANNED_IN_CHANNEL
Client 918147165483: Error sending message to Ahmedabadgayboy: USER_BANNED_IN_CHANNEL
Client 918147165483: Error sending message to Advertisements_Uploading_Group: CHAT_SEND_PLAIN_FORBIDDEN
918147165483: CHAT_SEND_PLAIN_FORBIDDEN
Client 918147165483: Error sending message to BangaloreGirlsAndHotAunt: USER_BANNED_IN_CHANNEL
Client 918147165483: Error sending message to Paki_Girls_Chatting_Group: USER_BANNED_IN_CHANNEL
Client 918147165483: Error sending message to Gf_Bf_Chating2024: USER_BANNED_IN_CHANNEL
Client 916369043078: Error sending message to Ahmedabadgayboy: USER_BANNED_IN_CHANNEL
Client 916369043078: Error sending message to BestFriendchatting_Group: USER_BANNED_IN_CHANNEL
Client 918147165483: Error sending message to INTERFAITH_LOVE_TRAP: USER_BANNED_IN_CHANNEL
Client 916369043078: Error sending message to DehradunGayChat: USER_BANNED_IN_CHANNEL
Client 916369043078: Error sending message to KrakenRealtor: USER_BANNED_IN_CHANNEL
Client 916369043078: Error sending message to Tamil_wife_swapping123: USER_BANNED_IN_CHANNEL
Client 916369043078: Error sending message to Sweet_Girls_Chatting_Group: USER_BANNED_IN_CHANNEL
Client 916369043078: Error sending message to Friends_Chatting_Group_Haweli: USER_BANNED_IN_CHANNEL
Client 916369043078: Error sending message to american_dating_girls_usa_uk: USER_BANNED_IN_CHANNEL
Client 916369043078: Error sending message to Chatting_International_Friends: USER_BANNED_IN_CHANNEL
Client 916369043078: Error sending message to hindi_english_chatting_group07: USER_BANNED_IN_CHANNEL
Client 918147165483: Error sending message to Delhigayy: USER_BANNED_IN_CHANNEL
Client 918147165483: Error sending message to bngfrnds: USER_BANNED_IN_CHANNEL
Client 918087590742: Error sending message to Hot_Girls_Chatting_Group1: USER_BANNED_IN_CHANNEL
Client 919980969571: Error sending message to Girls_love_xxROOM: USER_BANNED_IN_CHANNEL
Client 919980969571: Error sending message to TamilAnutyveriyanahahahah: USER_BANNED_IN_CHANNEL
Client 919980969571: Error sending message to usadateworld: CHAT_WRITE_FORBIDDEN
919980969571: CHAT_WRITE_FORBIDDEN
Client 919980969571: Error sending message to amaloversclub: USER_BANNED_IN_CHANNEL
Client 919980969571: Error sending message to Tamil_wife_swapping123: USER_BANNED_IN_CHANNEL
Client 919980969571: Error sending message to telugu_groups_friends_chatting: USER_BANNED_IN_CHANNEL
Client 918147165483: Error sending message to Girls_love_xxROOM: USER_BANNED_IN_CHANNEL
Client 918147165483: Error sending message to Indiangirlchatting111: USER_BANNED_IN_CHANNEL
Client 918087590742: Error sending message to Girlz_chat_Group: FLOOD
918087590742: FLOOD
Client 918147165483: Error sending message to GIRLS_BOYS111: USER_BANNED_IN_CHANNEL
Client 918147165483: Error sending message to Lovely_GirlsChattingGroup: USER_BANNED_IN_CHANNEL
Client 916369043078: Error sending message to TAMILWIFE_SWAPPING: USER_BANNED_IN_CHANNEL
Error with token 7614665094:AAFCUYuiuYHon6FUDtlbE_PBbW_NmIAf3Rw: Request failed with status code 401 message:  @RAMYA2 : 919980969571
dhruv: Hi
Error with token 7614665094:AAFCUYuiuYHon6FUDtlbE_PBbW_NmIAf3Rw: Request failed with status code 401 message:  @RAMYA2 : 919980969571
dhruv: Hi
Error with token 7828340584:AAHAh0HP9vjaMsw42iEzc125NaOsOKrSfAo: Request failed with status code 401 message:  @RAMYA2 : 919980969571
dhruv: Hi
Error with token 7828340584:AAHAh0HP9vjaMsw42iEzc125NaOsOKrSfAo: Request failed with status code 401 message:  @RAMYA2 : 919980969571
dhruv: Hi
Error with token 7828340584:AAHAh0HP9vjaMsw42iEzc125NaOsOKrSfAo: Request failed with status code 401 message:  @RAMYA2 : 919980969571
dhruv: Hi
Error with token 7828340584:AAHAh0HP9vjaMsw42iEzc125NaOsOKrSfAo: Request failed with status code 401 message:  @RAMYA2 : 919980969571
dhruv: Hi
Error with token 7828340584:AAHAh0HP9vjaMsw42iEzc125NaOsOKrSfAo: Request failed with status code 401 message:  @RAMYA2 : 919980969571
dhruv: Hi
Error with token 7828340584:AAHAh0HP9vjaMsw42iEzc125NaOsOKrSfAo: Request failed with status code 401 message:  @RAMYA2 : 919980969571
dhruv: Hi
Error with token 7828340584:AAHAh0HP9vjaMsw42iEzc125NaOsOKrSfAo: Request failed with status code 401 message:  @RAMYA2 : 919980969571
dhruv: Hi
Error with token 7828340584:AAHAh0HP9vjaMsw42iEzc125NaOsOKrSfAo: Request failed with status code 401 message:  @RAMYA2 : 919980969571
dhruv: Hi
Client 918147165483: Error sending message to LoveChattingGroup111: USER_BANNED_IN_CHANNEL
Client 918147165483: Error sending message to Shilpasree_BEST_LOVER: USER_BANNED_IN_CHANNEL
Client 918147165483: Error sending message to RCSClub: USER_BANNED_IN_CHANNEL
Client 918147165483: Error sending message to Delhigroupgay: USER_BANNED_IN_CHANNEL
Client 918147165483: Error sending message to Single_Girls_Chatting_Friendship: USER_BANNED_IN_CHANNEL
Client 918147165483: Error sending message to REDZONE_6346934: USER_BANNED_IN_CHANNEL
Client 918147165483: Error sending message to CHATTING_GIRLS_BOYS_GROUP: USER_BANNED_IN_CHANNEL
Client 918087590742: Error sending message to Grils_Chatting_group_boy_loves: USER_BANNED_IN_CHANNEL
Client 918147165483: Error sending message to Paid_Chats_Of_Tg: USER_BANNED_IN_CHANNEL
Client 918147165483: Error sending message to Friendship_Club_Music_Group: USER_BANNED_IN_CHANNEL
Client 918147165483: Error sending message to Couplessmaping1: USER_BANNED_IN_CHANNEL
Client 918147165483: Error sending message to Telugu_groups_chatting_friends: USER_BANNED_IN_CHANNEL
Client 916369043078: Error sending message to Chatting_with_bhabhi: USER_BANNED_IN_CHANNEL
Client 916369043078: Error sending message to TeluguChatroomm: CHAT_WRITE_FORBIDDEN
916369043078: CHAT_WRITE_FORBIDDEN
Client 916369043078: Error sending message to Hot_Girls_Chatting_Group1: USER_BANNED_IN_CHANNEL
Client 916369043078: Error sending message to Adults_Chat_fun_Group: USER_BANNED_IN_CHANNEL
Client 916369043078: Error sending message to Free_Girls_Chatting_Group: USER_BANNED_IN_CHANNEL
Client 916369043078: Error sending message to LOVE_FEELINGS_WILL1: USER_BANNED_IN_CHANNEL
Client 916369043078: Error sending message to BhabhiloversChat: USER_BANNED_IN_CHANNEL
Client 918147165483: Error sending message to And_Girls_Boys_Group_Chatting_4: USER_BANNED_IN_CHANNEL
Client 918147165483: Error sending message to FRIENDSHIP_CHAT_GROUP0: USER_BANNED_IN_CHANNEL
Error with token 7614665094:AAFCUYuiuYHon6FUDtlbE_PBbW_NmIAf3Rw: Request failed with status code 401 message:  @RAMYA2 : 
Average Reaction Delay: 8401: last:0.02mins

Error with token 7614665094:AAFCUYuiuYHon6FUDtlbE_PBbW_NmIAf3Rw: Request failed with status code 401 message:  @RAMYA2 : 
Average Reaction Delay: 8401: last:0.02mins

Error with token 7614665094:AAFCUYuiuYHon6FUDtlbE_PBbW_NmIAf3Rw: Request failed with status code 401 message:  @RAMYA2 : 
Average Reaction Delay: 8401: last:0.02mins

Client 918147165483: Error sending message to GirlschattingGroup_Superchatting: USER_BANNED_IN_CHANNEL
Error with token 7614665094:AAFCUYuiuYHon6FUDtlbE_PBbW_NmIAf3Rw: Request failed with status code 401 message:  @RAMYA2 : 
Average Reaction Delay: 8401: last:0.02mins

Error with token 7614665094:AAFCUYuiuYHon6FUDtlbE_PBbW_NmIAf3Rw: Request failed with status code 401 message:  @RAMYA2 : 
Average Reaction Delay: 8401: last:0.02mins

Error with token 7614665094:AAFCUYuiuYHon6FUDtlbE_PBbW_NmIAf3Rw: Request failed with status code 401 message:  @RAMYA2 : 
Average Reaction Delay: 8401: last:0.02mins

Error with token 7614665094:AAFCUYuiuYHon6FUDtlbE_PBbW_NmIAf3Rw: Request failed with status code 401 message:  @RAMYA2 : 
Average Reaction Delay: 8401: last:0.02mins

Error with token 7614665094:AAFCUYuiuYHon6FUDtlbE_PBbW_NmIAf3Rw: Request failed with status code 401 message:  @RAMYA2 : 
Average Reaction Delay: 8401: last:0.02mins

Message sending failed after 8 retries
Client 916369043078: Error sending message to Bhaabhi_ChattingGroup_Global: USER_BANNED_IN_CHANNEL
Client 916369043078: Error sending message to binge_bdreal: USER_BANNED_IN_CHANNEL
Client 916369043078: Error sending message to Lzqn7NGvVxJiYzg1: CHAT_SEND_PLAIN_FORBIDDEN
916369043078: CHAT_SEND_PLAIN_FORBIDDEN
Client 916369043078: Error sending message to Videohive_templates_chat: USER_BANNED_IN_CHANNEL
Client 916369043078: Error sending message to INTERFAITH_LOVE_TRAP: USER_BANNED_IN_CHANNEL
Client 916369043078: Error sending message to bestfriend_Girls_Chatting_group: USER_BANNED_IN_CHANNEL
Client 916369043078: Error sending message to Delhi_Gay_Group_no1: USER_BANNED_IN_CHANNEL
Client 916369043078: Error sending message to Friends_Community_Life_Time: USER_BANNED_IN_CHANNEL
Client 916369043078: Error sending message to Bhabhi_Chatting_Group_point: USER_BANNED_IN_CHANNEL
Error with token 7828340584:AAHAh0HP9vjaMsw42iEzc125NaOsOKrSfAo: Request failed with status code 401 message:  @RAMYA2 : 918147165483
Henry: Hi
Error with token 7828340584:AAHAh0HP9vjaMsw42iEzc125NaOsOKrSfAo: Request failed with status code 401 message:  @RAMYA2 : 918147165483
Henry: Hi
Error with token 7828340584:AAHAh0HP9vjaMsw42iEzc125NaOsOKrSfAo: Request failed with status code 401 message:  @RAMYA2 : 918147165483
Henry: Hi
Error with token 7828340584:AAHAh0HP9vjaMsw42iEzc125NaOsOKrSfAo: Request failed with status code 401 message:  @RAMYA2 : 918147165483
Henry: Hi
Error with token 7828340584:AAHAh0HP9vjaMsw42iEzc125NaOsOKrSfAo: Request failed with status code 401 message:  @RAMYA2 : 918147165483
Henry: Hi
Error with token 7828340584:AAHAh0HP9vjaMsw42iEzc125NaOsOKrSfAo: Request failed with status code 401 message:  @RAMYA2 : 918147165483
Henry: Hi
Error with token 7828340584:AAHAh0HP9vjaMsw42iEzc125NaOsOKrSfAo: Request failed with status code 401 message:  @RAMYA2 : 918147165483
Henry: Hi
Error with token 7828340584:AAHAh0HP9vjaMsw42iEzc125NaOsOKrSfAo: Request failed with status code 401 message:  @RAMYA2 : 918147165483
Henry: Hi
Message sending failed after 8 retries
Client 918147165483: Error sending message to Sl_friend_chat_2k: USER_BANNED_IN_CHANNEL
Client 918147165483: Error sending message to shayari_loverrr: USER_BANNED_IN_CHANNEL
Client 918147165483: Error sending message to null: USER_BANNED_IN_CHANNEL
Client 918147165483: Error sending message to slfriends20: USER_BANNED_IN_CHANNEL
Client 918147165483: Error sending message to geniunegirlsclub: USER_BANNED_IN_CHANNEL
Client 918147165483: Error sending message to null: USER_BANNED_IN_CHANNEL
Client 918147165483: Error sending message to Darazmysteryboxlovers: USER_BANNED_IN_CHANNEL
Client 918147165483: Error sending message to TamilAnutyveriyanahahahah: USER_BANNED_IN_CHANNEL
Client 918147165483: Error sending message to BestFriendchatting_Group: USER_BANNED_IN_CHANNEL
Client 918147165483: Error sending message to Friends_Chatting_Group_Haweli: USER_BANNED_IN_CHANNEL
Client 918147165483: Error sending message to Ayesha_X_girl: USER_BANNED_IN_CHANNEL
Client 918147165483: Error sending message to null: USER_BANNED_IN_CHANNEL
Client 918147165483: Error sending message to GangOfGiirls: USER_BANNED_IN_CHANNEL
Client 918147165483: Error sending message to Gay_arabul: CHAT_WRITE_FORBIDDEN
918147165483: CHAT_WRITE_FORBIDDEN
Client 916369043078: Error sending message to boyfriendChatting: USER_BANNED_IN_CHANNEL
Client 918147165483: Error sending message to GIRLCHAT138: USER_BANNED_IN_CHANNEL
Client 918147165483: Error sending message to Bengaligaygroup: USER_BANNED_IN_CHANNEL
Client 916369043078: Error sending message to null: USER_BANNED_IN_CHANNEL
Client 916369043078: Error sending message to callboyservice02: USER_BANNED_IN_CHANNEL
Client 916369043078: Error sending message to WIFE_SWAPPING_INDIAQ: USER_BANNED_IN_CHANNEL
Client 916369043078: Error sending message to girls_Love_chatting_group_07: USER_BANNED_IN_CHANNEL
Client 916369043078: Error sending message to Friend_chatting_english_hindi: USER_BANNED_IN_CHANNEL
Client 916369043078: Error sending message to shayari_loverrr: USER_BANNED_IN_CHANNEL
Client 916369043078: Error sending message to Ayesha_X_girl: USER_BANNED_IN_CHANNEL
Client 916369043078: Error sending message to Friends_forever_zone0: undefined
916369043078: undefined
Error: TIMEOUT
    at /root/telegram/promote-clients/node_modules/telegram/client/updates.js:250:85
    at runNextTicks (node:internal/process/task_queues:60:5)
    at process.processTimers (node:internal/timers:509:9)
    at async _updateLoop (/root/telegram/promote-clients/node_modules/telegram/client/updates.js:191:17)
Timeout error with token 7614665094:AAFCUYuiuYHon6FUDtlbE_PBbW_NmIAf3Rw: timeout of 1500ms exceeded message:  @RAMYA2 : Limited :  918147165483 as daysLeft : 1
Error with token 7828340584:AAHAh0HP9vjaMsw42iEzc125NaOsOKrSfAo: Request failed with status code 401 message:  @RAMYA2 : Limited :  918147165483 as daysLeft : 1
Error with token 7828340584:AAHAh0HP9vjaMsw42iEzc125NaOsOKrSfAo: Request failed with status code 401 message:  @RAMYA2 : Limited :  918147165483 as daysLeft : 1
Error with token 7828340584:AAHAh0HP9vjaMsw42iEzc125NaOsOKrSfAo: Request failed with status code 401 message:  @RAMYA2 : Limited :  918147165483 as daysLeft : 1
Error with token 7828340584:AAHAh0HP9vjaMsw42iEzc125NaOsOKrSfAo: Request failed with status code 401 message:  @RAMYA2 : Limited :  918147165483 as daysLeft : 1
Error with token 7828340584:AAHAh0HP9vjaMsw42iEzc125NaOsOKrSfAo: Request failed with status code 401 message:  @RAMYA2 : Limited :  918147165483 as daysLeft : 1
Error with token 7828340584:AAHAh0HP9vjaMsw42iEzc125NaOsOKrSfAo: Request failed with status code 401 message:  @RAMYA2 : Limited :  918147165483 as daysLeft : 1
Error with token 7828340584:AAHAh0HP9vjaMsw42iEzc125NaOsOKrSfAo: Request failed with status code 401 message:  @RAMYA2 : Limited :  918147165483 as daysLeft : 1
Error with token 7828340584:AAHAh0HP9vjaMsw42iEzc125NaOsOKrSfAo: Request failed with status code 401 message:  @RAMYA2 : Limited :  918147165483 as daysLeft : 1
Message sending failed after 8 retries
Client 916369043078: Error sending message to chatgayarts: CHAT_WRITE_FORBIDDEN
916369043078: CHAT_WRITE_FORBIDDEN
Client 916369043078: Error sending message to Bangladeshigaygroup: USER_BANNED_IN_CHANNEL
Client 916369043078: Error sending message to Darazmysteryboxlovers: USER_BANNED_IN_CHANNEL
🚨 Heap exceeded 100 MB. Cleaning up...
⚠️ GC not available. Start Node with --expose-gc
Timeout error with token 7433483604:AAEX84KOmBgdixxxwFFFbjmQ1jCX9Mz7Mfw: timeout of 1500ms exceeded message:  @RAMYA2 : Limited :  918147165483 as daysLeft : 1
Error with token 7614665094:AAFCUYuiuYHon6FUDtlbE_PBbW_NmIAf3Rw: Request failed with status code 401 message:  @RAMYA2 : Limited :  918147165483 as daysLeft : 1
Error with token 7614665094:AAFCUYuiuYHon6FUDtlbE_PBbW_NmIAf3Rw: Request failed with status code 401 message:  @RAMYA2 : Limited :  918147165483 as daysLeft : 1
Error with token 7614665094:AAFCUYuiuYHon6FUDtlbE_PBbW_NmIAf3Rw: Request failed with status code 401 message:  @RAMYA2 : Limited :  918147165483 as daysLeft : 1
Error with token 7614665094:AAFCUYuiuYHon6FUDtlbE_PBbW_NmIAf3Rw: Request failed with status code 401 message:  @RAMYA2 : Limited :  918147165483 as daysLeft : 1
Error with token 7614665094:AAFCUYuiuYHon6FUDtlbE_PBbW_NmIAf3Rw: Request failed with status code 401 message:  @RAMYA2 : Limited :  918147165483 as daysLeft : 1
Error with token 7614665094:AAFCUYuiuYHon6FUDtlbE_PBbW_NmIAf3Rw: Request failed with status code 401 message:  @RAMYA2 : Limited :  918147165483 as daysLeft : 1
Error with token 7614665094:AAFCUYuiuYHon6FUDtlbE_PBbW_NmIAf3Rw: Request failed with status code 401 message:  @RAMYA2 : Limited :  918147165483 as daysLeft : 1
Error with token 7614665094:AAFCUYuiuYHon6FUDtlbE_PBbW_NmIAf3Rw: Request failed with status code 401 message:  @RAMYA2 : Limited :  918147165483 as daysLeft : 1
Message sending failed after 8 retries
Client 918087590742: Error sending message to chatting_group_girls12: USER_BANNED_IN_CHANNEL
Error with token 7828340584:AAHAh0HP9vjaMsw42iEzc125NaOsOKrSfAo: Request failed with status code 401 message:  @RAMYA2 : Limited :  918147165483 as daysLeft : 1
Error with token 7828340584:AAHAh0HP9vjaMsw42iEzc125NaOsOKrSfAo: Request failed with status code 401 message:  @RAMYA2 : Limited :  918147165483 as daysLeft : 1
Client 918087590742: Error sending message to M21771: TOPIC_CLOSED
918087590742: TOPIC_CLOSED
Error with token 7828340584:AAHAh0HP9vjaMsw42iEzc125NaOsOKrSfAo: read ECONNRESET message:  @RAMYA2 : Limited :  918147165483 as daysLeft : 1
Error with token 7828340584:AAHAh0HP9vjaMsw42iEzc125NaOsOKrSfAo: Request failed with status code 401 message:  @RAMYA2 : Limited :  918147165483 as daysLeft : 1
Error with token 7828340584:AAHAh0HP9vjaMsw42iEzc125NaOsOKrSfAo: Request failed with status code 401 message:  @RAMYA2 : Limited :  918147165483 as daysLeft : 1
Error with token 7828340584:AAHAh0HP9vjaMsw42iEzc125NaOsOKrSfAo: Request failed with status code 401 message:  @RAMYA2 : Limited :  918147165483 as daysLeft : 1
Client 918087590742: Error sending message to null: USER_BANNED_IN_CHANNEL
Error with token 7828340584:AAHAh0HP9vjaMsw42iEzc125NaOsOKrSfAo: Request failed with status code 401 message:  @RAMYA2 : Limited :  918147165483 as daysLeft : 1
Error with token 7828340584:AAHAh0HP9vjaMsw42iEzc125NaOsOKrSfAo: Request failed with status code 401 message:  @RAMYA2 : Limited :  918147165483 as daysLeft : 1
Message sending failed after 8 retries
Client 918087590742: Error sending message to Chatting_International_Friends: USER_BANNED_IN_CHANNEL
🚨 Heap exceeded 100 MB. Cleaning up...
⚠️ GC not available. Start Node with --expose-gc
Error with token 7614665094:AAFCUYuiuYHon6FUDtlbE_PBbW_NmIAf3Rw: Request failed with status code 401 message:  @RAMYA2 : Limited :  918147165483 as daysLeft : 1
Error with token 7614665094:AAFCUYuiuYHon6FUDtlbE_PBbW_NmIAf3Rw: Request failed with status code 401 message:  @RAMYA2 : Limited :  918147165483 as daysLeft : 1
Error with token 7614665094:AAFCUYuiuYHon6FUDtlbE_PBbW_NmIAf3Rw: Request failed with status code 401 message:  @RAMYA2 : Limited :  918147165483 as daysLeft : 1
Error with token 7614665094:AAFCUYuiuYHon6FUDtlbE_PBbW_NmIAf3Rw: Request failed with status code 401 message:  @RAMYA2 : Limited :  918147165483 as daysLeft : 1
Error with token 7614665094:AAFCUYuiuYHon6FUDtlbE_PBbW_NmIAf3Rw: Request failed with status code 401 message:  @RAMYA2 : Limited :  918147165483 as daysLeft : 1
Error with token 7614665094:AAFCUYuiuYHon6FUDtlbE_PBbW_NmIAf3Rw: Request failed with status code 401 message:  @RAMYA2 : Limited :  918147165483 as daysLeft : 1
Error with token 7614665094:AAFCUYuiuYHon6FUDtlbE_PBbW_NmIAf3Rw: Request failed with status code 401 message:  @RAMYA2 : Limited :  918147165483 as daysLeft : 1
Error with token 7614665094:AAFCUYuiuYHon6FUDtlbE_PBbW_NmIAf3Rw: Request failed with status code 401 message:  @RAMYA2 : Limited :  918147165483 as daysLeft : 1
Message sending failed after 8 retries
Error with token 7828340584:AAHAh0HP9vjaMsw42iEzc125NaOsOKrSfAo: Request failed with status code 401 message:  @RAMYA2 : Limited :  918147165483 as daysLeft : 1
Error with token 7828340584:AAHAh0HP9vjaMsw42iEzc125NaOsOKrSfAo: Request failed with status code 401 message:  @RAMYA2 : Limited :  918147165483 as daysLeft : 1
Error with token 7828340584:AAHAh0HP9vjaMsw42iEzc125NaOsOKrSfAo: Request failed with status code 401 message:  @RAMYA2 : Limited :  918147165483 as daysLeft : 1
Error with token 7828340584:AAHAh0HP9vjaMsw42iEzc125NaOsOKrSfAo: Request failed with status code 401 message:  @RAMYA2 : Limited :  918147165483 as daysLeft : 1
Error with token 7828340584:AAHAh0HP9vjaMsw42iEzc125NaOsOKrSfAo: Request failed with status code 401 message:  @RAMYA2 : Limited :  918147165483 as daysLeft : 1
Error with token 7828340584:AAHAh0HP9vjaMsw42iEzc125NaOsOKrSfAo: Request failed with status code 401 message:  @RAMYA2 : Limited :  918147165483 as daysLeft : 1
Error with token 7828340584:AAHAh0HP9vjaMsw42iEzc125NaOsOKrSfAo: Request failed with status code 401 message:  @RAMYA2 : Limited :  918147165483 as daysLeft : 1
Error with token 7828340584:AAHAh0HP9vjaMsw42iEzc125NaOsOKrSfAo: Request failed with status code 401 message:  @RAMYA2 : Limited :  918147165483 as daysLeft : 1
Message sending failed after 8 retries
Timeout error with token 7433483604:AAEX84KOmBgdixxxwFFFbjmQ1jCX9Mz7Mfw: timeout of 1500ms exceeded message:  @RAMYA2 : Limited :  918147165483 as daysLeft : 1
🚨 Heap exceeded 100 MB. Cleaning up...
⚠️ GC not available. Start Node with --expose-gc
Error with token 7614665094:AAFCUYuiuYHon6FUDtlbE_PBbW_NmIAf3Rw: Request failed with status code 401 message:  @RAMYA2 : 
Average Reaction Delay: 9051: last:0.11mins

Error with token 7614665094:AAFCUYuiuYHon6FUDtlbE_PBbW_NmIAf3Rw: Request failed with status code 401 message:  @RAMYA2 : 
Average Reaction Delay: 9051: last:0.11mins

Error with token 7614665094:AAFCUYuiuYHon6FUDtlbE_PBbW_NmIAf3Rw: Request failed with status code 401 message:  @RAMYA2 : 
Average Reaction Delay: 9051: last:0.11mins

Error with token 7614665094:AAFCUYuiuYHon6FUDtlbE_PBbW_NmIAf3Rw: Request failed with status code 401 message:  @RAMYA2 : 
Average Reaction Delay: 9051: last:0.11mins

Error with token 7614665094:AAFCUYuiuYHon6FUDtlbE_PBbW_NmIAf3Rw: Request failed with status code 401 message:  @RAMYA2 : 
Average Reaction Delay: 9051: last:0.11mins

Error with token 7614665094:AAFCUYuiuYHon6FUDtlbE_PBbW_NmIAf3Rw: Request failed with status code 401 message:  @RAMYA2 : 
Average Reaction Delay: 9051: last:0.11mins

Error with token 7614665094:AAFCUYuiuYHon6FUDtlbE_PBbW_NmIAf3Rw: Request failed with status code 401 message:  @RAMYA2 : 
Average Reaction Delay: 9051: last:0.11mins

Error with token 7614665094:AAFCUYuiuYHon6FUDtlbE_PBbW_NmIAf3Rw: Request failed with status code 401 message:  @RAMYA2 : 
Average Reaction Delay: 9051: last:0.11mins

Message sending failed after 8 retries
Error with token 7828340584:AAHAh0HP9vjaMsw42iEzc125NaOsOKrSfAo: Request failed with status code 401 message:  @RAMYA2 : Limited :  918147165483 as daysLeft : 1
Error with token 7828340584:AAHAh0HP9vjaMsw42iEzc125NaOsOKrSfAo: Request failed with status code 401 message:  @RAMYA2 : Limited :  918147165483 as daysLeft : 1
Error with token 7828340584:AAHAh0HP9vjaMsw42iEzc125NaOsOKrSfAo: Request failed with status code 401 message:  @RAMYA2 : Limited :  918147165483 as daysLeft : 1
Error with token 7828340584:AAHAh0HP9vjaMsw42iEzc125NaOsOKrSfAo: Request failed with status code 401 message:  @RAMYA2 : Limited :  918147165483 as daysLeft : 1
Error with token 7828340584:AAHAh0HP9vjaMsw42iEzc125NaOsOKrSfAo: Request failed with status code 401 message:  @RAMYA2 : Limited :  918147165483 as daysLeft : 1
Error with token 7828340584:AAHAh0HP9vjaMsw42iEzc125NaOsOKrSfAo: Request failed with status code 401 message:  @RAMYA2 : Limited :  918147165483 as daysLeft : 1
Error with token 7828340584:AAHAh0HP9vjaMsw42iEzc125NaOsOKrSfAo: Request failed with status code 401 message:  @RAMYA2 : Limited :  918147165483 as daysLeft : 1
Error with token 7828340584:AAHAh0HP9vjaMsw42iEzc125NaOsOKrSfAo: Request failed with status code 401 message:  @RAMYA2 : Limited :  918147165483 as daysLeft : 1
Message sending failed after 8 retries
Client 916369043078: Error sending message to TamilAnutyveriyanahahahah: USER_BANNED_IN_CHANNEL
Client 916369043078: Error sending message to LoveChattingGroup111: USER_BANNED_IN_CHANNEL
Client 916369043078: Error sending message to null: USER_BANNED_IN_CHANNEL
Client 916369043078: Error sending message to Anesthesia_PPTs_PDFs_Videos: USER_BANNED_IN_CHANNEL
Client 916369043078: Error sending message to Cute_Girls_Chatting_Group: USER_BANNED_IN_CHANNEL
Client 916369043078: Error sending message to Girls_chatting_zone_club: USER_BANNED_IN_CHANNEL
Error with token 7614665094:AAFCUYuiuYHon6FUDtlbE_PBbW_NmIAf3Rw: Request failed with status code 401 message:  @RAMYA2 : Limited :  918147165483 as daysLeft : 1
Error with token 7614665094:AAFCUYuiuYHon6FUDtlbE_PBbW_NmIAf3Rw: Request failed with status code 401 message:  @RAMYA2 : Limited :  918147165483 as daysLeft : 1
Error with token 7614665094:AAFCUYuiuYHon6FUDtlbE_PBbW_NmIAf3Rw: Request failed with status code 401 message:  @RAMYA2 : Limited :  918147165483 as daysLeft : 1
Error with token 7614665094:AAFCUYuiuYHon6FUDtlbE_PBbW_NmIAf3Rw: Request failed with status code 401 message:  @RAMYA2 : Limited :  918147165483 as daysLeft : 1
Error with token 7614665094:AAFCUYuiuYHon6FUDtlbE_PBbW_NmIAf3Rw: Request failed with status code 401 message:  @RAMYA2 : Limited :  918147165483 as daysLeft : 1
Error with token 7614665094:AAFCUYuiuYHon6FUDtlbE_PBbW_NmIAf3Rw: Request failed with status code 401 message:  @RAMYA2 : Limited :  918147165483 as daysLeft : 1
Error with token 7614665094:AAFCUYuiuYHon6FUDtlbE_PBbW_NmIAf3Rw: Request failed with status code 401 message:  @RAMYA2 : Limited :  918147165483 as daysLeft : 1
Error with token 7614665094:AAFCUYuiuYHon6FUDtlbE_PBbW_NmIAf3Rw: Request failed with status code 401 message:  @RAMYA2 : Limited :  918147165483 as daysLeft : 1
Message sending failed after 8 retries
Client 916369043078: Error sending message to Lucky_Draw_Master_Service_Group: USER_BANNED_IN_CHANNEL
🚨 Heap exceeded 100 MB. Cleaning up...
⚠️ GC not available. Start Node with --expose-gc
Timeout error with token 7828340584:AAHAh0HP9vjaMsw42iEzc125NaOsOKrSfAo: timeout of 1500ms exceeded message:  @RAMYA2 : Limited :  918147165483 as daysLeft : 1
Timeout error with token 7958113591:AAG_HKjeSu35Abm4ktqU46FqIhAaprR9KaA: timeout of 1500ms exceeded message:  @RAMYA2 : Limited :  918147165483 as daysLeft : 1
Error with token 7614665094:AAFCUYuiuYHon6FUDtlbE_PBbW_NmIAf3Rw: Request failed with status code 401 message:  @RAMYA2 : Limited :  918147165483 as daysLeft : 1
Error with token 7614665094:AAFCUYuiuYHon6FUDtlbE_PBbW_NmIAf3Rw: Request failed with status code 401 message:  @RAMYA2 : Limited :  918147165483 as daysLeft : 1
Error with token 7614665094:AAFCUYuiuYHon6FUDtlbE_PBbW_NmIAf3Rw: Request failed with status code 401 message:  @RAMYA2 : Limited :  918147165483 as daysLeft : 1
Error with token 7614665094:AAFCUYuiuYHon6FUDtlbE_PBbW_NmIAf3Rw: Request failed with status code 401 message:  @RAMYA2 : Limited :  918147165483 as daysLeft : 1
Error with token 7614665094:AAFCUYuiuYHon6FUDtlbE_PBbW_NmIAf3Rw: Request failed with status code 401 message:  @RAMYA2 : Limited :  918147165483 as daysLeft : 1
Error with token 7614665094:AAFCUYuiuYHon6FUDtlbE_PBbW_NmIAf3Rw: Request failed with status code 401 message:  @RAMYA2 : Limited :  918147165483 as daysLeft : 1
Error with token 7614665094:AAFCUYuiuYHon6FUDtlbE_PBbW_NmIAf3Rw: Request failed with status code 401 message:  @RAMYA2 : Limited :  918147165483 as daysLeft : 1
Error with token 7614665094:AAFCUYuiuYHon6FUDtlbE_PBbW_NmIAf3Rw: Request failed with status code 401 message:  @RAMYA2 : Limited :  918147165483 as daysLeft : 1
Message sending failed after 8 retries
Error with token 7828340584:AAHAh0HP9vjaMsw42iEzc125NaOsOKrSfAo: Request failed with status code 401 message:  @RAMYA2 : Limited :  918147165483 as daysLeft : 1
Error with token 7828340584:AAHAh0HP9vjaMsw42iEzc125NaOsOKrSfAo: Request failed with status code 401 message:  @RAMYA2 : Limited :  918147165483 as daysLeft : 1
Error with token 7828340584:AAHAh0HP9vjaMsw42iEzc125NaOsOKrSfAo: Request failed with status code 401 message:  @RAMYA2 : Limited :  918147165483 as daysLeft : 1
Error with token 7828340584:AAHAh0HP9vjaMsw42iEzc125NaOsOKrSfAo: Request failed with status code 401 message:  @RAMYA2 : Limited :  918147165483 as daysLeft : 1
Error with token 7828340584:AAHAh0HP9vjaMsw42iEzc125NaOsOKrSfAo: Request failed with status code 401 message:  @RAMYA2 : Limited :  918147165483 as daysLeft : 1
Error with token 7828340584:AAHAh0HP9vjaMsw42iEzc125NaOsOKrSfAo: Request failed with status code 401 message:  @RAMYA2 : Limited :  918147165483 as daysLeft : 1
Error with token 7828340584:AAHAh0HP9vjaMsw42iEzc125NaOsOKrSfAo: Request failed with status code 401 message:  @RAMYA2 : Limited :  918147165483 as daysLeft : 1
Error with token 7828340584:AAHAh0HP9vjaMsw42iEzc125NaOsOKrSfAo: Request failed with status code 401 message:  @RAMYA2 : Limited :  918147165483 as daysLeft : 1
Message sending failed after 8 retries
🚨 Heap exceeded 100 MB. Cleaning up...
⚠️ GC not available. Start Node with --expose-gc
Client 918087590742: Error sending message to null: USER_BANNED_IN_CHANNEL
Client 918087590742: Error sending message to Dasi_Bhabhi_Chatting_Group: USER_BANNED_IN_CHANNEL
Client 918087590742: Error sending message to null: USER_BANNED_IN_CHANNEL
Database instance does not exist.
Database instance does not exist.
Database instance does not exist.
(node:75195) [MONGODB DRIVER] Warning: useNewUrlParser is a deprecated option: useNewUrlParser has no effect since Node.js Driver version 4.0.0 and will be removed in the next major version
(Use `node --trace-warnings ...` to show where the warning was created)
(node:75195) [MONGODB DRIVER] Warning: useUnifiedTopology is a deprecated option: useUnifiedTopology has no effect since Node.js Driver version 4.0.0 and will be removed in the next major version
Client 918087590742: Error sending message to binge_bdreal: USER_BANNED_IN_CHANNEL
File not found: ./mobileStats-919424520120.json
Client 918087590742: Error sending message to Robota_v_Odesi: CHAT_WRITE_FORBIDDEN
918087590742: CHAT_WRITE_FORBIDDEN
Failed to delete temporary file /root/telegram/promote-clients/src/services/downloads/ramya2.jpg: Error: ENOENT: no such file or directory, unlink '/root/telegram/promote-clients/src/services/downloads/ramya2.jpg'
    at Object.unlinkSync (node:fs:1881:3)
    at TelegramManager.<anonymous> (/root/telegram/promote-clients/src/services/promotion-clients-new.js:2185:28)
    at Generator.next (<anonymous>)
    at fulfilled (/root/telegram/promote-clients/src/services/promotion-clients-new.js:1411:58)
    at process.processTicksAndRejections (node:internal/process/task_queues:95:5) {
  errno: -2,
  syscall: 'unlink',
  code: 'ENOENT',
  path: '/root/telegram/promote-clients/src/services/downloads/ramya2.jpg'
}
Client 918087590742: Error sending message to Matrimony_Dating_Group: USER_BANNED_IN_CHANNEL
