Database instance does not exist.
Database instance does not exist.
Database instance does not exist.
Database instance does not exist.
Database instance does not exist.
Database instance does not exist.
Database instance does not exist.
Database instance does not exist.
Database instance does not exist.
Database instance does not exist.
Database instance does not exist.
Database instance does not exist.
Database instance does not exist.
Database instance does not exist.
(node:74059) [MONGODB DRIVER] Warning: useNewUrlParser is a deprecated option: useNewUrlParser has no effect since Node.js Driver version 4.0.0 and will be removed in the next major version
(Use `node --trace-warnings ...` to show where the warning was created)
(node:74059) [MONGODB DRIVER] Warning: useUnifiedTopology is a deprecated option: useUnifiedTopology has no effect since Node.js Driver version 4.0.0 and will be removed in the next major version
File not found: ./mobileStats-918197061859.json
File not found: ./mobileStats-917259210025.json
Client 918197061859: Error sending message to null: USER_BANNED_IN_CHANNEL
Client 917259210025: Error sending message to GirlschattingGroup_Superchatting: USER_BANNED_IN_CHANNEL
Error with token 7614665094:AAFCUYuiuYHon6FUDtlbE_PBbW_NmIAf3Rw: Request failed with status code 401 message:  @RAMYA1 : Limited :  918197061859 as daysLeft : 0
Error with token 7828340584:AAHAh0HP9vjaMsw42iEzc125NaOsOKrSfAo: Request failed with status code 401 message:  @RAMYA1 : Limited :  917259210025 as daysLeft : 0
Error with token 7828340584:AAHAh0HP9vjaMsw42iEzc125NaOsOKrSfAo: Request failed with status code 401 message:  @RAMYA1 : Limited :  918197061859 as daysLeft : 0
Error with token 7828340584:AAHAh0HP9vjaMsw42iEzc125NaOsOKrSfAo: Request failed with status code 401 message:  @RAMYA1 : Limited :  917259210025 as daysLeft : 0
Error with token 7828340584:AAHAh0HP9vjaMsw42iEzc125NaOsOKrSfAo: Request failed with status code 401 message:  @RAMYA1 : Limited :  918197061859 as daysLeft : 0
Error with token 7828340584:AAHAh0HP9vjaMsw42iEzc125NaOsOKrSfAo: Request failed with status code 401 message:  @RAMYA1 : Limited :  917259210025 as daysLeft : 0
File not found: ./mobileStats-918726378944.json
Error with token 7828340584:AAHAh0HP9vjaMsw42iEzc125NaOsOKrSfAo: Request failed with status code 401 message:  @RAMYA1 : Limited :  918197061859 as daysLeft : 0
Error with token 7828340584:AAHAh0HP9vjaMsw42iEzc125NaOsOKrSfAo: Request failed with status code 401 message:  @RAMYA1 : Limited :  917259210025 as daysLeft : 0
Error with token 7828340584:AAHAh0HP9vjaMsw42iEzc125NaOsOKrSfAo: Request failed with status code 401 message:  @RAMYA1 : Limited :  917259210025 as daysLeft : 0
Error with token 7828340584:AAHAh0HP9vjaMsw42iEzc125NaOsOKrSfAo: Request failed with status code 401 message:  @RAMYA1 : Limited :  918197061859 as daysLeft : 0
Error with token 7828340584:AAHAh0HP9vjaMsw42iEzc125NaOsOKrSfAo: Request failed with status code 401 message:  @RAMYA1 : Limited :  918197061859 as daysLeft : 0
Error with token 7828340584:AAHAh0HP9vjaMsw42iEzc125NaOsOKrSfAo: Request failed with status code 401 message:  @RAMYA1 : Limited :  917259210025 as daysLeft : 0
Error with token 7828340584:AAHAh0HP9vjaMsw42iEzc125NaOsOKrSfAo: Request failed with status code 401 message:  @RAMYA1 : Limited :  917259210025 as daysLeft : 0
Error with token 7828340584:AAHAh0HP9vjaMsw42iEzc125NaOsOKrSfAo: Request failed with status code 401 message:  @RAMYA1 : Limited :  918197061859 as daysLeft : 0
Error with token 7828340584:AAHAh0HP9vjaMsw42iEzc125NaOsOKrSfAo: Request failed with status code 401 message:  @RAMYA1 : Limited :  917259210025 as daysLeft : 0
Message sending failed after 8 retries
Error with token 7828340584:AAHAh0HP9vjaMsw42iEzc125NaOsOKrSfAo: Request failed with status code 401 message:  @RAMYA1 : Limited :  918197061859 as daysLeft : 0
Message sending failed after 8 retries
Client 918726378944: Error sending message to GangOfGiirls: USER_BANNED_IN_CHANNEL
Client 917259210025: Error sending message to lovechattinggroup: USER_BANNED_IN_CHANNEL
File not found: ./mobileStats-918428812189.json
Client 918428812189: Error sending message to Ayesha_X_girl: USER_BANNED_IN_CHANNEL
Client 917259210025: Error sending message to FRIENDS_ARE_LOVE: CHAT_WRITE_FORBIDDEN
917259210025: CHAT_WRITE_FORBIDDEN
Client 918726378944: Error sending message to Grils_Chatting_group_boy_loves: USER_BANNED_IN_CHANNEL
Client 917259210025: Error sending message to M21771: TOPIC_CLOSED
917259210025: TOPIC_CLOSED
Client 918726378944: Error sending message to IRLFRIEND_COUPLE_WIFE_SWAPPING: USER_BANNED_IN_CHANNEL
Client 918726378944: Error sending message to international_friends_besties: USER_BANNED_IN_CHANNEL
🚨 Heap exceeded 100 MB. Cleaning up...
⚠️ GC not available. Start Node with --expose-gc
Client 918428812189: Error sending message to GayDatingHub: USER_BANNED_IN_CHANNEL
Client 918428812189: Error sending message to hindi_english_chatting_group07: USER_BANNED_IN_CHANNEL
Client 918428812189: Error sending message to GIRLCHAT138: USER_BANNED_IN_CHANNEL
Client 918428812189: Error sending message to TamilAnutyveriyanahahahah: USER_BANNED_IN_CHANNEL
Client 918428812189: Error sending message to bchatting9: USER_BANNED_IN_CHANNEL
Client 918428812189: Error sending message to Cute_Girls_Chatting_Group: USER_BANNED_IN_CHANNEL
Error with token 7614665094:AAFCUYuiuYHon6FUDtlbE_PBbW_NmIAf3Rw: Request failed with status code 401 message:  @RAMYA1 : 918428812189
Lucky: So here we must be talk okay baby
Error with token 7614665094:AAFCUYuiuYHon6FUDtlbE_PBbW_NmIAf3Rw: Request failed with status code 401 message:  @RAMYA1 : 918428812189
Lucky: So here we must be talk okay baby
Error with token 7614665094:AAFCUYuiuYHon6FUDtlbE_PBbW_NmIAf3Rw: Request failed with status code 401 message:  @RAMYA1 : 918428812189
Lucky: So here we must be talk okay baby
Error with token 7614665094:AAFCUYuiuYHon6FUDtlbE_PBbW_NmIAf3Rw: Request failed with status code 401 message:  @RAMYA1 : 918428812189
Lucky: So here we must be talk okay baby
Error with token 7614665094:AAFCUYuiuYHon6FUDtlbE_PBbW_NmIAf3Rw: Request failed with status code 401 message:  @RAMYA1 : 918428812189
Lucky: So here we must be talk okay baby
Error with token 7614665094:AAFCUYuiuYHon6FUDtlbE_PBbW_NmIAf3Rw: Request failed with status code 401 message:  @RAMYA1 : 918428812189
Lucky: So here we must be talk okay baby
Error with token 7614665094:AAFCUYuiuYHon6FUDtlbE_PBbW_NmIAf3Rw: Request failed with status code 401 message:  @RAMYA1 : 918428812189
Lucky: So here we must be talk okay baby
Error with token 7614665094:AAFCUYuiuYHon6FUDtlbE_PBbW_NmIAf3Rw: Request failed with status code 401 message:  @RAMYA1 : 918428812189
Lucky: So here we must be talk okay baby
Message sending failed after 8 retries
Error with token 7828340584:AAHAh0HP9vjaMsw42iEzc125NaOsOKrSfAo: Request failed with status code 401 message:  @RAMYA1 : 
Average Reaction Delay: 8252: last:0.02mins

Error with token 7828340584:AAHAh0HP9vjaMsw42iEzc125NaOsOKrSfAo: Request failed with status code 401 message:  @RAMYA1 : 
Average Reaction Delay: 8252: last:0.02mins

Error with token 7828340584:AAHAh0HP9vjaMsw42iEzc125NaOsOKrSfAo: Request failed with status code 401 message:  @RAMYA1 : 
Average Reaction Delay: 8252: last:0.02mins

Error with token 7828340584:AAHAh0HP9vjaMsw42iEzc125NaOsOKrSfAo: Request failed with status code 401 message:  @RAMYA1 : 
Average Reaction Delay: 8252: last:0.02mins

Error with token 7828340584:AAHAh0HP9vjaMsw42iEzc125NaOsOKrSfAo: Request failed with status code 401 message:  @RAMYA1 : 
Average Reaction Delay: 8252: last:0.02mins

Error with token 7828340584:AAHAh0HP9vjaMsw42iEzc125NaOsOKrSfAo: Request failed with status code 401 message:  @RAMYA1 : 
Average Reaction Delay: 8252: last:0.02mins

Error with token 7828340584:AAHAh0HP9vjaMsw42iEzc125NaOsOKrSfAo: Request failed with status code 401 message:  @RAMYA1 : 
Average Reaction Delay: 8252: last:0.02mins

Error with token 7828340584:AAHAh0HP9vjaMsw42iEzc125NaOsOKrSfAo: Request failed with status code 401 message:  @RAMYA1 : 
Average Reaction Delay: 8252: last:0.02mins

Message sending failed after 8 retries
Error with token 7614665094:AAFCUYuiuYHon6FUDtlbE_PBbW_NmIAf3Rw: Request failed with status code 401 message:  @RAMYA1 : 918197061859
Online_Rider: 
Error with token 7614665094:AAFCUYuiuYHon6FUDtlbE_PBbW_NmIAf3Rw: Request failed with status code 401 message:  @RAMYA1 : 918197061859
Online_Rider: 
Error with token 7614665094:AAFCUYuiuYHon6FUDtlbE_PBbW_NmIAf3Rw: Request failed with status code 401 message:  @RAMYA1 : 918197061859
Online_Rider: 
Error with token 7614665094:AAFCUYuiuYHon6FUDtlbE_PBbW_NmIAf3Rw: Request failed with status code 401 message:  @RAMYA1 : 918197061859
Online_Rider: 
Error with token 7614665094:AAFCUYuiuYHon6FUDtlbE_PBbW_NmIAf3Rw: Request failed with status code 401 message:  @RAMYA1 : 918197061859
Online_Rider: 
Error with token 7614665094:AAFCUYuiuYHon6FUDtlbE_PBbW_NmIAf3Rw: Request failed with status code 401 message:  @RAMYA1 : 918197061859
Online_Rider: 
Error with token 7828340584:AAHAh0HP9vjaMsw42iEzc125NaOsOKrSfAo: Request failed with status code 401 message:  @RAMYA1 : 918428812189
malvareprovidersystemhackersssss: SHARE YOUR LINK 👆👆👆👆
Error with token 7828340584:AAHAh0HP9vjaMsw42iEzc125NaOsOKrSfAo: Request failed with status code 401 message:  @RAMYA1 : 918197061859
Online_Rider: 
Error with token 7828340584:AAHAh0HP9vjaMsw42iEzc125NaOsOKrSfAo: Request failed with status code 401 message:  @RAMYA1 : 918428812189
malvareprovidersystemhackersssss: SHARE YOUR LINK 👆👆👆👆
Error with token 7828340584:AAHAh0HP9vjaMsw42iEzc125NaOsOKrSfAo: Request failed with status code 401 message:  @RAMYA1 : 918197061859
Online_Rider: 
Message sending failed after 8 retries
Error with token 7828340584:AAHAh0HP9vjaMsw42iEzc125NaOsOKrSfAo: Request failed with status code 401 message:  @RAMYA1 : 918428812189
malvareprovidersystemhackersssss: SHARE YOUR LINK 👆👆👆👆
Error with token 7828340584:AAHAh0HP9vjaMsw42iEzc125NaOsOKrSfAo: Request failed with status code 401 message:  @RAMYA1 : 918428812189
malvareprovidersystemhackersssss: SHARE YOUR LINK 👆👆👆👆
Error with token 7828340584:AAHAh0HP9vjaMsw42iEzc125NaOsOKrSfAo: Request failed with status code 401 message:  @RAMYA1 : 918428812189
malvareprovidersystemhackersssss: SHARE YOUR LINK 👆👆👆👆
Error with token 7828340584:AAHAh0HP9vjaMsw42iEzc125NaOsOKrSfAo: Request failed with status code 401 message:  @RAMYA1 : 918428812189
malvareprovidersystemhackersssss: SHARE YOUR LINK 👆👆👆👆
Error with token 7828340584:AAHAh0HP9vjaMsw42iEzc125NaOsOKrSfAo: Request failed with status code 401 message:  @RAMYA1 : 918428812189
malvareprovidersystemhackersssss: SHARE YOUR LINK 👆👆👆👆
Error with token 7828340584:AAHAh0HP9vjaMsw42iEzc125NaOsOKrSfAo: Request failed with status code 401 message:  @RAMYA1 : 918428812189
malvareprovidersystemhackersssss: SHARE YOUR LINK 👆👆👆👆
Message sending failed after 8 retries
Error with token 7614665094:AAFCUYuiuYHon6FUDtlbE_PBbW_NmIAf3Rw: Request failed with status code 401 message:  @RAMYA1 : 918428812189
Lucky: I can't msg you
Error with token 7614665094:AAFCUYuiuYHon6FUDtlbE_PBbW_NmIAf3Rw: Request failed with status code 401 message:  @RAMYA1 : 918428812189
Lucky: I can't msg you
Error with token 7614665094:AAFCUYuiuYHon6FUDtlbE_PBbW_NmIAf3Rw: Request failed with status code 401 message:  @RAMYA1 : 918428812189
Lucky: I can't msg you
Error with token 7614665094:AAFCUYuiuYHon6FUDtlbE_PBbW_NmIAf3Rw: Request failed with status code 401 message:  @RAMYA1 : 918428812189
Lucky: I can't msg you
Error with token 7614665094:AAFCUYuiuYHon6FUDtlbE_PBbW_NmIAf3Rw: Request failed with status code 401 message:  @RAMYA1 : 918428812189
Lucky: I can't msg you
Error with token 7614665094:AAFCUYuiuYHon6FUDtlbE_PBbW_NmIAf3Rw: Request failed with status code 401 message:  @RAMYA1 : 918428812189
Lucky: I can't msg you
Error with token 7614665094:AAFCUYuiuYHon6FUDtlbE_PBbW_NmIAf3Rw: Request failed with status code 401 message:  @RAMYA1 : 918428812189
Lucky: I can't msg you
Error with token 7614665094:AAFCUYuiuYHon6FUDtlbE_PBbW_NmIAf3Rw: Request failed with status code 401 message:  @RAMYA1 : 918428812189
Lucky: I can't msg you
Message sending failed after 8 retries
Error with token 7828340584:AAHAh0HP9vjaMsw42iEzc125NaOsOKrSfAo: Request failed with status code 401 message:  @RAMYA1 : 918428812189
Lucky: Msg me fast
Error with token 7828340584:AAHAh0HP9vjaMsw42iEzc125NaOsOKrSfAo: Request failed with status code 401 message:  @RAMYA1 : 918428812189
Lucky: Msg me fast
Error with token 7828340584:AAHAh0HP9vjaMsw42iEzc125NaOsOKrSfAo: Request failed with status code 401 message:  @RAMYA1 : 918428812189
Lucky: Msg me fast
Error with token 7828340584:AAHAh0HP9vjaMsw42iEzc125NaOsOKrSfAo: Request failed with status code 401 message:  @RAMYA1 : 918428812189
Lucky: Msg me fast
Error with token 7828340584:AAHAh0HP9vjaMsw42iEzc125NaOsOKrSfAo: Request failed with status code 401 message:  @RAMYA1 : 918428812189
Lucky: Msg me fast
Error with token 7828340584:AAHAh0HP9vjaMsw42iEzc125NaOsOKrSfAo: Request failed with status code 401 message:  @RAMYA1 : 918428812189
Lucky: Msg me fast
Error with token 7828340584:AAHAh0HP9vjaMsw42iEzc125NaOsOKrSfAo: Request failed with status code 401 message:  @RAMYA1 : 918428812189
Lucky: Msg me fast
Error with token 7828340584:AAHAh0HP9vjaMsw42iEzc125NaOsOKrSfAo: Request failed with status code 401 message:  @RAMYA1 : 918428812189
Lucky: Msg me fast
Message sending failed after 8 retries
Client 917259210025: Error sending message to gujaratgaygroup: USER_BANNED_IN_CHANNEL
Client 917259210025: Error sending message to dharmik5: USER_BANNED_IN_CHANNEL
Client 917259210025: Error sending message to realmarwahmedicine: USER_BANNED_IN_CHANNEL
Client 917259210025: Error sending message to telugu_sex_storys: CHAT_SEND_PLAIN_FORBIDDEN
917259210025: CHAT_SEND_PLAIN_FORBIDDEN
Client 917259210025: Error sending message to Dasi_Bhabhi_Chatting_Group: USER_BANNED_IN_CHANNEL
Client 918428812189: Error sending message to Gf_Bf_Chating2024: USER_BANNED_IN_CHANNEL
Client 918428812189: Error sending message to TeluguChatroomm: CHAT_WRITE_FORBIDDEN
918428812189: CHAT_WRITE_FORBIDDEN
Client 918726378944: Error sending message to girlschatgroup2: FLOOD
918726378944: FLOOD
Error: TIMEOUT
    at /root/telegram/promote-clients/node_modules/telegram/client/updates.js:250:85
    at runNextTicks (node:internal/process/task_queues:60:5)
    at listOnTimeout (node:internal/timers:538:9)
    at process.processTimers (node:internal/timers:512:7)
    at async _updateLoop (/root/telegram/promote-clients/node_modules/telegram/client/updates.js:191:17)
Client 918428812189: Error sending message to THE_FRIENDZ: USER_BANNED_IN_CHANNEL
Client 918428812189: Error sending message to Telugu_groups_chatting_friends: USER_BANNED_IN_CHANNEL
Client 918428812189: Error sending message to paidstudies: USER_BANNED_IN_CHANNEL
Client 918428812189: Error sending message to RCSClub: USER_BANNED_IN_CHANNEL
Client 918428812189: Error sending message to null: USER_BANNED_IN_CHANNEL
Client 918428812189: Error sending message to Girls_chatting_Grouph: USER_BANNED_IN_CHANNEL
Client 918428812189: Error sending message to And_Girls_Boys_Group_Chatting0: USER_BANNED_IN_CHANNEL
Client 918428812189: Error sending message to Tamil_wife_swapping123: USER_BANNED_IN_CHANNEL
Client 917259210025: Error sending message to Single_Girls_Chatting_Friendship: USER_BANNED_IN_CHANNEL
Client 918428812189: Error sending message to GIRL_CHAT111: USER_BANNED_IN_CHANNEL
Client 918428812189: Error sending message to Girls_Friends_Chatting_Groupp1: USER_BANNED_IN_CHANNEL
Client 918428812189: Error sending message to Adults_Chat_fun_Group: USER_BANNED_IN_CHANNEL
Client 918428812189: Error sending message to GIRLS_BOYS111: USER_BANNED_IN_CHANNEL
Client 918428812189: Error sending message to thefriendsforever21: USER_BANNED_IN_CHANNEL
Client 918428812189: Error sending message to Friendship_Club_Music_Group: USER_BANNED_IN_CHANNEL
Client 918428812189: Error sending message to CallGirls_And_Playboys: USER_BANNED_IN_CHANNEL
Client 918428812189: Error sending message to Bhabhi_Chatting_Group_point: USER_BANNED_IN_CHANNEL
🚨 Heap exceeded 100 MB. Cleaning up...
⚠️ GC not available. Start Node with --expose-gc
Client 918428812189: Error sending message to MaharashtraGayClubOfficial: USER_BANNED_IN_CHANNEL
Client 918428812189: Error sending message to usadateworld: CHAT_WRITE_FORBIDDEN
918428812189: CHAT_WRITE_FORBIDDEN
Client 918726378944: Error sending message to chennaigaygroup1: USER_BANNED_IN_CHANNEL
Client 918726378944: Error sending message to Indiangirlchatting111: USER_BANNED_IN_CHANNEL
Client 918726378944: Error sending message to And_Girls_Boys_Group_Chatting_4: USER_BANNED_IN_CHANNEL
Client 918726378944: Error sending message to boys_girl_chating_group: USER_BANNED_IN_CHANNEL
Client 918726378944: Error sending message to THE_FRIENDZ: USER_BANNED_IN_CHANNEL
Client 918726378944: Error sending message to bchatting9: USER_BANNED_IN_CHANNEL
Client 918428812189: Error sending message to bestfriend_Girls_Chatting_group: USER_BANNED_IN_CHANNEL
Client 918428812189: Error sending message to Bengaligaygroup: USER_BANNED_IN_CHANNEL
Client 918428812189: Error sending message to boyfriendChatting: USER_BANNED_IN_CHANNEL
🚨 Heap exceeded 100 MB. Cleaning up...
⚠️ GC not available. Start Node with --expose-gc
Client 918428812189: Error sending message to Tamil_Gay_Dating_Group: USER_BANNED_IN_CHANNEL
Timeout error with token 7614665094:AAFCUYuiuYHon6FUDtlbE_PBbW_NmIAf3Rw: timeout of 1500ms exceeded message:  @RAMYA1 : 
Average Reaction Delay: 8554: last:0.16mins

Client 918197061859: Error sending message to Ayesha_X_girl: USER_BANNED_IN_CHANNEL
Client 918197061859: Error sending message to WIFE_SWAPPING_INDIA00: USER_BANNED_IN_CHANNEL
Client 918197061859: Error sending message to usadateworld: CHAT_WRITE_FORBIDDEN
918197061859: CHAT_WRITE_FORBIDDEN
Client 918197061859: Error sending message to BhabhiloversChat: USER_BANNED_IN_CHANNEL
Client 918197061859: Error sending message to lottery61earn: undefined
918197061859: undefined
Client 918197061859: Error sending message to secret_society00: USER_BANNED_IN_CHANNEL
Client 917259210025: Error sending message to Advertisements_Uploading_Group: CHAT_SEND_PLAIN_FORBIDDEN
917259210025: CHAT_SEND_PLAIN_FORBIDDEN
Client 917259210025: Error sending message to indian_service_girls: USER_BANNED_IN_CHANNEL
Client 918428812189: Error sending message to Girls_Boys_CHATTING_GROUP_007: USER_BANNED_IN_CHANNEL
Client 918428812189: Error sending message to Lovely_GirlsChattingGroup: USER_BANNED_IN_CHANNEL
Client 918428812189: Error sending message to shayari_loverrr: USER_BANNED_IN_CHANNEL
Client 918428812189: Error sending message to DehradunGayChat: USER_BANNED_IN_CHANNEL
Client 918428812189: Error sending message to INTERFAITH_LOVE_TRAP: USER_BANNED_IN_CHANNEL
Client 918428812189: Error sending message to null: USER_BANNED_IN_CHANNEL
Error with token 7828340584:AAHAh0HP9vjaMsw42iEzc125NaOsOKrSfAo: Request failed with status code 401 message:  @RAMYA1 : 
Average Reaction Delay: 8159: last:0.24mins

Error with token 7828340584:AAHAh0HP9vjaMsw42iEzc125NaOsOKrSfAo: Request failed with status code 401 message:  @RAMYA1 : 
Average Reaction Delay: 8159: last:0.24mins

Error with token 7828340584:AAHAh0HP9vjaMsw42iEzc125NaOsOKrSfAo: Request failed with status code 401 message:  @RAMYA1 : 
Average Reaction Delay: 8159: last:0.24mins

Error with token 7828340584:AAHAh0HP9vjaMsw42iEzc125NaOsOKrSfAo: Request failed with status code 401 message:  @RAMYA1 : 
Average Reaction Delay: 8159: last:0.24mins

Error with token 7828340584:AAHAh0HP9vjaMsw42iEzc125NaOsOKrSfAo: Request failed with status code 401 message:  @RAMYA1 : 
Average Reaction Delay: 8159: last:0.24mins

Error with token 7828340584:AAHAh0HP9vjaMsw42iEzc125NaOsOKrSfAo: Request failed with status code 401 message:  @RAMYA1 : 
Average Reaction Delay: 8159: last:0.24mins

Error with token 7828340584:AAHAh0HP9vjaMsw42iEzc125NaOsOKrSfAo: Request failed with status code 401 message:  @RAMYA1 : 
Average Reaction Delay: 8159: last:0.24mins

Error with token 7828340584:AAHAh0HP9vjaMsw42iEzc125NaOsOKrSfAo: Request failed with status code 401 message:  @RAMYA1 : 
Average Reaction Delay: 8159: last:0.24mins

Message sending failed after 8 retries
Client 918428812189: Error sending message to KrakenRealtor: USER_BANNED_IN_CHANNEL
Client 918428812189: Error sending message to jagruthiimpact: USER_BANNED_IN_CHANNEL
Client 918428812189: Error sending message to Shilpasree_BEST_LOVER: USER_BANNED_IN_CHANNEL
Client 918428812189: Error sending message to Girls_and_boy_love_story: USER_BANNED_IN_CHANNEL
Client 918428812189: Error sending message to Bhaabhi_ChattingGroup_Global: USER_BANNED_IN_CHANNEL
Client 918428812189: Error sending message to binge_bdreal: USER_BANNED_IN_CHANNEL
Client 918428812189: Error sending message to friendwithbenefitbase: CHAT_WRITE_FORBIDDEN
918428812189: CHAT_WRITE_FORBIDDEN
Client 918428812189: Error sending message to tosslovers469: CHAT_SEND_PLAIN_FORBIDDEN
918428812189: CHAT_SEND_PLAIN_FORBIDDEN
Client 918428812189: Error sending message to FRIENDSHIP_CHAT_GROUP0: USER_BANNED_IN_CHANNEL
Client 918428812189: Error sending message to Dubaistrangers: USER_BANNED_IN_CHANNEL
Client 918428812189: Error sending message to bhabichattinggc: CHAT_WRITE_FORBIDDEN
918428812189: CHAT_WRITE_FORBIDDEN
Client 918428812189: Error sending message to Telugugayzone: CHAT_WRITE_FORBIDDEN
918428812189: CHAT_WRITE_FORBIDDEN
Client 918428812189: Error sending message to telugu_groups_friends_chatting: USER_BANNED_IN_CHANNEL
Client 918428812189: Error sending message to Sweet_Girls_Chatting_Group: USER_BANNED_IN_CHANNEL
Client 918428812189: Error sending message to Realme1Community: CHAT_WRITE_FORBIDDEN
918428812189: CHAT_WRITE_FORBIDDEN
Client 918428812189: Error sending message to indiangaychatrooom: USER_BANNED_IN_CHANNEL
Client 918428812189: Error sending message to Ahmedabadgayboy: USER_BANNED_IN_CHANNEL
Client 918428812189: Error sending message to Bhabhi_Chatting_Group01: USER_BANNED_IN_CHANNEL
Client 918428812189: Error sending message to FRIENDS_ARE_LOVE: CHAT_WRITE_FORBIDDEN
918428812189: CHAT_WRITE_FORBIDDEN
Client 918428812189: Error sending message to WIFE_SWAPPING_INDIA00: USER_BANNED_IN_CHANNEL
Client 918428812189: Error sending message to SrilankanGayClubOfficial: USER_BANNED_IN_CHANNEL
Client 918428812189: Error sending message to null: USER_BANNED_IN_CHANNEL
Client 918428812189: Error sending message to Girls_Chatting_Group_100K: USER_BANNED_IN_CHANNEL
Client 918726378944: Error sending message to girls_chatting_group_lovers: USER_BANNED_IN_CHANNEL
Client 918428812189: Error sending message to Punjabgayys: USER_BANNED_IN_CHANNEL
Client 918197061859: Error sending message to Girlschattinggroup_new: USER_BANNED_IN_CHANNEL
Client 918197061859: Error sending message to dharmik5: USER_BANNED_IN_CHANNEL
Client 917259210025: Error sending message to Ayesha_X_girl: USER_BANNED_IN_CHANNEL
Client 917259210025: Error sending message to bngfrnds: USER_BANNED_IN_CHANNEL
Client 917259210025: Error sending message to best_friends_chatting_club2: CHAT_WRITE_FORBIDDEN
917259210025: CHAT_WRITE_FORBIDDEN
Client 917259210025: Error sending message to Girls_Chatting_Group_100K: USER_BANNED_IN_CHANNEL
Client 918428812189: Error sending message to Delhi_Gay_Group_no1: USER_BANNED_IN_CHANNEL
Client 918428812189: Error sending message to Chattingwithgirls_group: USER_BANNED_IN_CHANNEL
Client 918428812189: Error sending message to Tamil_gay_zone01: USER_BANNED_IN_CHANNEL
Client 918428812189: Error sending message to CHATTING_GIRLS_BOYS_GROUP: USER_BANNED_IN_CHANNEL
Error with token 7614665094:AAFCUYuiuYHon6FUDtlbE_PBbW_NmIAf3Rw: Request failed with status code 401 message:  @RAMYA1 : 918726378944
qauwski: 
Error with token 7614665094:AAFCUYuiuYHon6FUDtlbE_PBbW_NmIAf3Rw: Request failed with status code 401 message:  @RAMYA1 : 918726378944
qauwski: 
Error with token 7614665094:AAFCUYuiuYHon6FUDtlbE_PBbW_NmIAf3Rw: Request failed with status code 401 message:  @RAMYA1 : 918726378944
qauwski: 
Error with token 7614665094:AAFCUYuiuYHon6FUDtlbE_PBbW_NmIAf3Rw: Request failed with status code 401 message:  @RAMYA1 : 918726378944
qauwski: 
Error with token 7614665094:AAFCUYuiuYHon6FUDtlbE_PBbW_NmIAf3Rw: Request failed with status code 401 message:  @RAMYA1 : 918726378944
qauwski: 
Error with token 7614665094:AAFCUYuiuYHon6FUDtlbE_PBbW_NmIAf3Rw: Request failed with status code 401 message:  @RAMYA1 : 918726378944
qauwski: 
Error with token 7614665094:AAFCUYuiuYHon6FUDtlbE_PBbW_NmIAf3Rw: Request failed with status code 401 message:  @RAMYA1 : 918726378944
qauwski: 
Error with token 7614665094:AAFCUYuiuYHon6FUDtlbE_PBbW_NmIAf3Rw: Request failed with status code 401 message:  @RAMYA1 : 918726378944
qauwski: 
Message sending failed after 8 retries
Error with token 7828340584:AAHAh0HP9vjaMsw42iEzc125NaOsOKrSfAo: Request failed with status code 401 message:  @RAMYA1 : 918726378944
qauwski: 
Error with token 7828340584:AAHAh0HP9vjaMsw42iEzc125NaOsOKrSfAo: Request failed with status code 401 message:  @RAMYA1 : 918726378944
qauwski: 
Error with token 7614665094:AAFCUYuiuYHon6FUDtlbE_PBbW_NmIAf3Rw: Request failed with status code 401 message:  @RAMYA1 : 918726378944
qauwski: 
Error with token 7614665094:AAFCUYuiuYHon6FUDtlbE_PBbW_NmIAf3Rw: Request failed with status code 401 message:  @RAMYA1 : 918726378944
qauwski: 
Error with token 7614665094:AAFCUYuiuYHon6FUDtlbE_PBbW_NmIAf3Rw: Request failed with status code 401 message:  @RAMYA1 : 918726378944
qauwski: 
Error with token 7614665094:AAFCUYuiuYHon6FUDtlbE_PBbW_NmIAf3Rw: Request failed with status code 401 message:  @RAMYA1 : 918726378944
qauwski: 
Error with token 7614665094:AAFCUYuiuYHon6FUDtlbE_PBbW_NmIAf3Rw: Request failed with status code 401 message:  @RAMYA1 : 918726378944
qauwski: 
Error with token 7614665094:AAFCUYuiuYHon6FUDtlbE_PBbW_NmIAf3Rw: Request failed with status code 401 message:  @RAMYA1 : 918726378944
qauwski: 
Error with token 7614665094:AAFCUYuiuYHon6FUDtlbE_PBbW_NmIAf3Rw: Request failed with status code 401 message:  @RAMYA1 : 918726378944
qauwski: 
Error with token 7614665094:AAFCUYuiuYHon6FUDtlbE_PBbW_NmIAf3Rw: Request failed with status code 401 message:  @RAMYA1 : 918726378944
qauwski: 
Message sending failed after 8 retries
Error with token 7828340584:AAHAh0HP9vjaMsw42iEzc125NaOsOKrSfAo: Request failed with status code 401 message:  @RAMYA1 : 918726378944
qauwski: 
Error with token 7828340584:AAHAh0HP9vjaMsw42iEzc125NaOsOKrSfAo: Request failed with status code 401 message:  @RAMYA1 : 918726378944
qauwski: 
Error with token 7828340584:AAHAh0HP9vjaMsw42iEzc125NaOsOKrSfAo: Request failed with status code 401 message:  @RAMYA1 : 918726378944
qauwski: 
Error with token 7828340584:AAHAh0HP9vjaMsw42iEzc125NaOsOKrSfAo: Request failed with status code 401 message:  @RAMYA1 : 918726378944
qauwski: 
Error with token 7828340584:AAHAh0HP9vjaMsw42iEzc125NaOsOKrSfAo: Request failed with status code 401 message:  @RAMYA1 : 918726378944
qauwski: 
Error with token 7828340584:AAHAh0HP9vjaMsw42iEzc125NaOsOKrSfAo: Request failed with status code 401 message:  @RAMYA1 : 918726378944
qauwski: 
Error with token 7828340584:AAHAh0HP9vjaMsw42iEzc125NaOsOKrSfAo: Request failed with status code 401 message:  @RAMYA1 : 918726378944
qauwski: 
Error with token 7828340584:AAHAh0HP9vjaMsw42iEzc125NaOsOKrSfAo: Request failed with status code 401 message:  @RAMYA1 : 918726378944
qauwski: 
Message sending failed after 8 retries
Client 918428812189: Error sending message to Anesthesia_PPTs_PDFs_Videos: USER_BANNED_IN_CHANNEL
Client 918428812189: Error sending message to BestFriendchatting_Group: USER_BANNED_IN_CHANNEL
Client 918428812189: Error sending message to Dasi_Bhabhi_Chatting_Group: USER_BANNED_IN_CHANNEL
Client 918428812189: Error sending message to Delhigroupgay: USER_BANNED_IN_CHANNEL
Client 918428812189: Error sending message to GirlschattingGroup_Superchatting: USER_BANNED_IN_CHANNEL
Client 918428812189: Error sending message to onlydefencelove: USER_BANNED_IN_CHANNEL
Client 918428812189: Error sending message to IRLFRIEND_COUPLE_WIFE_SWAPPING: USER_BANNED_IN_CHANNEL
Client 918428812189: Error sending message to TELUGU_WIFE_SWAPING: USER_BANNED_IN_CHANNEL
Client 918428812189: Error sending message to Couplessmaping1: USER_BANNED_IN_CHANNEL
Client 918428812189: Error sending message to GaysMenVideoChat: USER_BANNED_IN_CHANNEL
Client 918428812189: Error sending message to Friends_Chatting_group_6: USER_BANNED_IN_CHANNEL
Client 918428812189: Error sending message to Telugu_Friends_ChattingGroup: USER_BANNED_IN_CHANNEL
Client 918428812189: Error sending message to Videohive_templates_chat: USER_BANNED_IN_CHANNEL
Client 918726378944: Error sending message to Bhabhi_Chatting_Group01: USER_BANNED_IN_CHANNEL
Error with token 7614665094:AAFCUYuiuYHon6FUDtlbE_PBbW_NmIAf3Rw: Request failed with status code 401 message:  @RAMYA1 : 918726378944
qauwski: 
Error with token 7614665094:AAFCUYuiuYHon6FUDtlbE_PBbW_NmIAf3Rw: Request failed with status code 401 message:  @RAMYA1 : 918726378944
qauwski: 
Error with token 7614665094:AAFCUYuiuYHon6FUDtlbE_PBbW_NmIAf3Rw: Request failed with status code 401 message:  @RAMYA1 : 918726378944
qauwski: 
Error with token 7614665094:AAFCUYuiuYHon6FUDtlbE_PBbW_NmIAf3Rw: Request failed with status code 401 message:  @RAMYA1 : 918726378944
qauwski: 
Error with token 7614665094:AAFCUYuiuYHon6FUDtlbE_PBbW_NmIAf3Rw: Request failed with status code 401 message:  @RAMYA1 : 918726378944
qauwski: 
Error with token 7614665094:AAFCUYuiuYHon6FUDtlbE_PBbW_NmIAf3Rw: Request failed with status code 401 message:  @RAMYA1 : 918726378944
qauwski: 
Error with token 7614665094:AAFCUYuiuYHon6FUDtlbE_PBbW_NmIAf3Rw: Request failed with status code 401 message:  @RAMYA1 : 918726378944
qauwski: 
Error with token 7614665094:AAFCUYuiuYHon6FUDtlbE_PBbW_NmIAf3Rw: Request failed with status code 401 message:  @RAMYA1 : 918726378944
qauwski: 
Message sending failed after 8 retries
Error with token 7828340584:AAHAh0HP9vjaMsw42iEzc125NaOsOKrSfAo: Request failed with status code 401 message:  @RAMYA1 : 918726378944
qauwski: 
Error with token 7828340584:AAHAh0HP9vjaMsw42iEzc125NaOsOKrSfAo: Request failed with status code 401 message:  @RAMYA1 : 918726378944
qauwski: 
Error with token 7828340584:AAHAh0HP9vjaMsw42iEzc125NaOsOKrSfAo: Request failed with status code 401 message:  @RAMYA1 : 918726378944
qauwski: 
Error with token 7828340584:AAHAh0HP9vjaMsw42iEzc125NaOsOKrSfAo: Request failed with status code 401 message:  @RAMYA1 : 918726378944
qauwski: 
Error with token 7828340584:AAHAh0HP9vjaMsw42iEzc125NaOsOKrSfAo: Request failed with status code 401 message:  @RAMYA1 : 918726378944
qauwski: 
Error with token 7828340584:AAHAh0HP9vjaMsw42iEzc125NaOsOKrSfAo: Request failed with status code 401 message:  @RAMYA1 : 918726378944
qauwski: 
Error with token 7828340584:AAHAh0HP9vjaMsw42iEzc125NaOsOKrSfAo: Request failed with status code 401 message:  @RAMYA1 : 918726378944
qauwski: 
Error with token 7828340584:AAHAh0HP9vjaMsw42iEzc125NaOsOKrSfAo: Request failed with status code 401 message:  @RAMYA1 : 918726378944
qauwski: 
Message sending failed after 8 retries
Error with token 7614665094:AAFCUYuiuYHon6FUDtlbE_PBbW_NmIAf3Rw: Request failed with status code 401 message:  @RAMYA1 : 918726378944
qauwski: 
Error with token 7614665094:AAFCUYuiuYHon6FUDtlbE_PBbW_NmIAf3Rw: Request failed with status code 401 message:  @RAMYA1 : 918726378944
qauwski: 
Error with token 7614665094:AAFCUYuiuYHon6FUDtlbE_PBbW_NmIAf3Rw: Request failed with status code 401 message:  @RAMYA1 : 918726378944
qauwski: 
Error with token 7614665094:AAFCUYuiuYHon6FUDtlbE_PBbW_NmIAf3Rw: Request failed with status code 401 message:  @RAMYA1 : 918726378944
qauwski: 
Error with token 7614665094:AAFCUYuiuYHon6FUDtlbE_PBbW_NmIAf3Rw: Request failed with status code 401 message:  @RAMYA1 : 918726378944
qauwski: 
Error with token 7614665094:AAFCUYuiuYHon6FUDtlbE_PBbW_NmIAf3Rw: Request failed with status code 401 message:  @RAMYA1 : 918726378944
qauwski: 
Error with token 7614665094:AAFCUYuiuYHon6FUDtlbE_PBbW_NmIAf3Rw: Request failed with status code 401 message:  @RAMYA1 : 918726378944
qauwski: 
Error with token 7614665094:AAFCUYuiuYHon6FUDtlbE_PBbW_NmIAf3Rw: Request failed with status code 401 message:  @RAMYA1 : 918726378944
qauwski: 
Message sending failed after 8 retries
Error with token 7828340584:AAHAh0HP9vjaMsw42iEzc125NaOsOKrSfAo: Request failed with status code 401 message:  @RAMYA1 : 
Average Reaction Delay: 7047: last:0.04mins

Error with token 7828340584:AAHAh0HP9vjaMsw42iEzc125NaOsOKrSfAo: Request failed with status code 401 message:  @RAMYA1 : 
Average Reaction Delay: 7047: last:0.04mins

Error with token 7828340584:AAHAh0HP9vjaMsw42iEzc125NaOsOKrSfAo: Request failed with status code 401 message:  @RAMYA1 : 
Average Reaction Delay: 7047: last:0.04mins

Error with token 7828340584:AAHAh0HP9vjaMsw42iEzc125NaOsOKrSfAo: Request failed with status code 401 message:  @RAMYA1 : 
Average Reaction Delay: 7047: last:0.04mins

Error with token 7828340584:AAHAh0HP9vjaMsw42iEzc125NaOsOKrSfAo: Request failed with status code 401 message:  @RAMYA1 : 
Average Reaction Delay: 7047: last:0.04mins

Error with token 7828340584:AAHAh0HP9vjaMsw42iEzc125NaOsOKrSfAo: Request failed with status code 401 message:  @RAMYA1 : 
Average Reaction Delay: 7047: last:0.04mins

Error with token 7828340584:AAHAh0HP9vjaMsw42iEzc125NaOsOKrSfAo: Request failed with status code 401 message:  @RAMYA1 : 
Average Reaction Delay: 7047: last:0.04mins

Error with token 7828340584:AAHAh0HP9vjaMsw42iEzc125NaOsOKrSfAo: Request failed with status code 401 message:  @RAMYA1 : 
Average Reaction Delay: 7047: last:0.04mins

Message sending failed after 8 retries
Client 918428812189: Error sending message to slfriends20: USER_BANNED_IN_CHANNEL
Client 918428812189: Error sending message to Free_Girls_Chatting_Group: USER_BANNED_IN_CHANNEL
Client 918428812189: Error sending message to FRIEND_CHATTING_CLUB_01: USER_BANNED_IN_CHANNEL
Client 917259210025: Error sending message to Adults_Chat_fun_Group: USER_BANNED_IN_CHANNEL
Client 917259210025: Error sending message to GirlsBoysXD: USER_BANNED_IN_CHANNEL
Client 918428812189: Error sending message to geniunegirlsclub: USER_BANNED_IN_CHANNEL
Client 918428812189: Error sending message to null: USER_BANNED_IN_CHANNEL
Client 918428812189: Error sending message to Grils_Chatting_group_boy_loves: USER_BANNED_IN_CHANNEL
Error with token 7614665094:AAFCUYuiuYHon6FUDtlbE_PBbW_NmIAf3Rw: Request failed with status code 401 message:  @RAMYA1 : 918726378944
qauwski: 
Error with token 7614665094:AAFCUYuiuYHon6FUDtlbE_PBbW_NmIAf3Rw: Request failed with status code 401 message:  @RAMYA1 : 918726378944
qauwski: 
Error with token 7614665094:AAFCUYuiuYHon6FUDtlbE_PBbW_NmIAf3Rw: Request failed with status code 401 message:  @RAMYA1 : 918726378944
qauwski: 
Error with token 7614665094:AAFCUYuiuYHon6FUDtlbE_PBbW_NmIAf3Rw: Request failed with status code 401 message:  @RAMYA1 : 918726378944
qauwski: 
Error with token 7614665094:AAFCUYuiuYHon6FUDtlbE_PBbW_NmIAf3Rw: Request failed with status code 401 message:  @RAMYA1 : 918726378944
qauwski: 
Error with token 7614665094:AAFCUYuiuYHon6FUDtlbE_PBbW_NmIAf3Rw: Request failed with status code 401 message:  @RAMYA1 : 918726378944
qauwski: 
Error with token 7614665094:AAFCUYuiuYHon6FUDtlbE_PBbW_NmIAf3Rw: Request failed with status code 401 message:  @RAMYA1 : 918726378944
qauwski: 
Error with token 7614665094:AAFCUYuiuYHon6FUDtlbE_PBbW_NmIAf3Rw: Request failed with status code 401 message:  @RAMYA1 : 918726378944
qauwski: 
Message sending failed after 8 retries
Error with token 7828340584:AAHAh0HP9vjaMsw42iEzc125NaOsOKrSfAo: Request failed with status code 401 message:  @RAMYA1 : 918726378944
qauwski: 
Error with token 7828340584:AAHAh0HP9vjaMsw42iEzc125NaOsOKrSfAo: Request failed with status code 401 message:  @RAMYA1 : 918726378944
qauwski: 
Error with token 7828340584:AAHAh0HP9vjaMsw42iEzc125NaOsOKrSfAo: Request failed with status code 401 message:  @RAMYA1 : 918726378944
qauwski: 
Error with token 7828340584:AAHAh0HP9vjaMsw42iEzc125NaOsOKrSfAo: Request failed with status code 401 message:  @RAMYA1 : 918726378944
qauwski: 
Error with token 7828340584:AAHAh0HP9vjaMsw42iEzc125NaOsOKrSfAo: Request failed with status code 401 message:  @RAMYA1 : 918726378944
qauwski: 
Error with token 7828340584:AAHAh0HP9vjaMsw42iEzc125NaOsOKrSfAo: Request failed with status code 401 message:  @RAMYA1 : 918726378944
qauwski: 
Error with token 7828340584:AAHAh0HP9vjaMsw42iEzc125NaOsOKrSfAo: Request failed with status code 401 message:  @RAMYA1 : 918726378944
qauwski: 
Error with token 7828340584:AAHAh0HP9vjaMsw42iEzc125NaOsOKrSfAo: Request failed with status code 401 message:  @RAMYA1 : 918726378944
qauwski: 
Message sending failed after 8 retries
Client 918428812189: Error sending message to Friends_Chatting_Group_Haweli: USER_BANNED_IN_CHANNEL
Client 918428812189: Error sending message to Girlschattinggroup_new: USER_BANNED_IN_CHANNEL
Client 918428812189: Error sending message to Chatting_with_bhabhi: USER_BANNED_IN_CHANNEL
Error with token 7614665094:AAFCUYuiuYHon6FUDtlbE_PBbW_NmIAf3Rw: Request failed with status code 401 message:  @RAMYA1 : 918726378944
qauwski: 
Error with token 7614665094:AAFCUYuiuYHon6FUDtlbE_PBbW_NmIAf3Rw: Request failed with status code 401 message:  @RAMYA1 : 918726378944
qauwski: 
Error with token 7614665094:AAFCUYuiuYHon6FUDtlbE_PBbW_NmIAf3Rw: Request failed with status code 401 message:  @RAMYA1 : 918726378944
qauwski: 
Error with token 7614665094:AAFCUYuiuYHon6FUDtlbE_PBbW_NmIAf3Rw: Request failed with status code 401 message:  @RAMYA1 : 918726378944
qauwski: 
Error with token 7828340584:AAHAh0HP9vjaMsw42iEzc125NaOsOKrSfAo: Request failed with status code 401 message:  @RAMYA1 : 918726378944
qauwski: 
Error with token 7828340584:AAHAh0HP9vjaMsw42iEzc125NaOsOKrSfAo: Request failed with status code 401 message:  @RAMYA1 : 918726378944
qauwski: 
Error with token 7828340584:AAHAh0HP9vjaMsw42iEzc125NaOsOKrSfAo: Request failed with status code 401 message:  @RAMYA1 : 918726378944
qauwski: 
Client 918428812189: Error sending message to And_Girls_Boys_Group_Chatting_4: USER_BANNED_IN_CHANNEL
Client 918428812189: Error sending message to Shilpasree_SWAPPING_INDIA: USER_BANNED_IN_CHANNEL
Error with token 7614665094:AAFCUYuiuYHon6FUDtlbE_PBbW_NmIAf3Rw: Request failed with status code 401 message:  @RAMYA1 : 918726378944
qauwski: 
Error with token 7614665094:AAFCUYuiuYHon6FUDtlbE_PBbW_NmIAf3Rw: Request failed with status code 401 message:  @RAMYA1 : 918726378944
qauwski: 
Error with token 7828340584:AAHAh0HP9vjaMsw42iEzc125NaOsOKrSfAo: Request failed with status code 401 message:  @RAMYA1 : 918726378944
qauwski: 
Error with token 7828340584:AAHAh0HP9vjaMsw42iEzc125NaOsOKrSfAo: Request failed with status code 401 message:  @RAMYA1 : 918726378944
qauwski: 
Error with token 7828340584:AAHAh0HP9vjaMsw42iEzc125NaOsOKrSfAo: Request failed with status code 401 message:  @RAMYA1 : 918726378944
qauwski: 
Error with token 7828340584:AAHAh0HP9vjaMsw42iEzc125NaOsOKrSfAo: Request failed with status code 401 message:  @RAMYA1 : 918726378944
qauwski: 
Error with token 7828340584:AAHAh0HP9vjaMsw42iEzc125NaOsOKrSfAo: Request failed with status code 401 message:  @RAMYA1 : 918726378944
qauwski: 
Error with token 7828340584:AAHAh0HP9vjaMsw42iEzc125NaOsOKrSfAo: Request failed with status code 401 message:  @RAMYA1 : 918726378944
qauwski: 
Error with token 7828340584:AAHAh0HP9vjaMsw42iEzc125NaOsOKrSfAo: Request failed with status code 401 message:  @RAMYA1 : 918726378944
qauwski: 
Error with token 7828340584:AAHAh0HP9vjaMsw42iEzc125NaOsOKrSfAo: Request failed with status code 401 message:  @RAMYA1 : 918726378944
qauwski: 
Error with token 7828340584:AAHAh0HP9vjaMsw42iEzc125NaOsOKrSfAo: Request failed with status code 401 message:  @RAMYA1 : 918726378944
qauwski: 
Error with token 7828340584:AAHAh0HP9vjaMsw42iEzc125NaOsOKrSfAo: Request failed with status code 401 message:  @RAMYA1 : 918726378944
qauwski: 
Error with token 7828340584:AAHAh0HP9vjaMsw42iEzc125NaOsOKrSfAo: Request failed with status code 401 message:  @RAMYA1 : 918726378944
qauwski: 
Message sending failed after 8 retries
Error with token 7828340584:AAHAh0HP9vjaMsw42iEzc125NaOsOKrSfAo: Request failed with status code 401 message:  @RAMYA1 : 918726378944
qauwski: 
Error with token 7828340584:AAHAh0HP9vjaMsw42iEzc125NaOsOKrSfAo: Request failed with status code 401 message:  @RAMYA1 : 918726378944
qauwski: 
Error with token 7828340584:AAHAh0HP9vjaMsw42iEzc125NaOsOKrSfAo: Request failed with status code 401 message:  @RAMYA1 : 918726378944
qauwski: 
Message sending failed after 8 retries
Error with token 7614665094:AAFCUYuiuYHon6FUDtlbE_PBbW_NmIAf3Rw: Request failed with status code 401 message:  @RAMYA1 : 918726378944
qauwski: 
Error with token 7614665094:AAFCUYuiuYHon6FUDtlbE_PBbW_NmIAf3Rw: Request failed with status code 401 message:  @RAMYA1 : 918726378944
qauwski: 
Error with token 7614665094:AAFCUYuiuYHon6FUDtlbE_PBbW_NmIAf3Rw: Request failed with status code 401 message:  @RAMYA1 : 918726378944
qauwski: 
Error with token 7614665094:AAFCUYuiuYHon6FUDtlbE_PBbW_NmIAf3Rw: Request failed with status code 401 message:  @RAMYA1 : 918726378944
qauwski: 
Error with token 7614665094:AAFCUYuiuYHon6FUDtlbE_PBbW_NmIAf3Rw: Request failed with status code 401 message:  @RAMYA1 : 918726378944
qauwski: 
Error with token 7614665094:AAFCUYuiuYHon6FUDtlbE_PBbW_NmIAf3Rw: Request failed with status code 401 message:  @RAMYA1 : 918726378944
qauwski: 
Error with token 7828340584:AAHAh0HP9vjaMsw42iEzc125NaOsOKrSfAo: Request failed with status code 401 message:  @RAMYA1 : 918726378944
qauwski: 
Error with token 7828340584:AAHAh0HP9vjaMsw42iEzc125NaOsOKrSfAo: Request failed with status code 401 message:  @RAMYA1 : 918726378944
qauwski: 
Error with token 7828340584:AAHAh0HP9vjaMsw42iEzc125NaOsOKrSfAo: Request failed with status code 401 message:  @RAMYA1 : 918726378944
qauwski: 
Error with token 7828340584:AAHAh0HP9vjaMsw42iEzc125NaOsOKrSfAo: Request failed with status code 401 message:  @RAMYA1 : 918726378944
qauwski: 
Message sending failed after 8 retries
Error with token 7828340584:AAHAh0HP9vjaMsw42iEzc125NaOsOKrSfAo: Request failed with status code 401 message:  @RAMYA1 : 918726378944
qauwski: 
Error with token 7828340584:AAHAh0HP9vjaMsw42iEzc125NaOsOKrSfAo: Request failed with status code 401 message:  @RAMYA1 : 918726378944
qauwski: 
Error with token 7828340584:AAHAh0HP9vjaMsw42iEzc125NaOsOKrSfAo: Request failed with status code 401 message:  @RAMYA1 : 918726378944
qauwski: 
Error with token 7828340584:AAHAh0HP9vjaMsw42iEzc125NaOsOKrSfAo: Request failed with status code 401 message:  @RAMYA1 : 918726378944
qauwski: 
Error with token 7828340584:AAHAh0HP9vjaMsw42iEzc125NaOsOKrSfAo: Request failed with status code 401 message:  @RAMYA1 : 918726378944
qauwski: 
Error with token 7828340584:AAHAh0HP9vjaMsw42iEzc125NaOsOKrSfAo: Request failed with status code 401 message:  @RAMYA1 : 918726378944
qauwski: 
Message sending failed after 8 retries
