Database instance does not exist.
Database instance does not exist.
Database instance does not exist.
Database instance does not exist.
Database instance does not exist.
Database instance does not exist.
Database instance does not exist.
Database instance does not exist.
Database instance does not exist.
Database instance does not exist.
(node:73817) [MONGODB DRIVER] Warning: useNewUrlParser is a deprecated option: useNewUrlParser has no effect since Node.js Driver version 4.0.0 and will be removed in the next major version
(Use `node --trace-warnings ...` to show where the warning was created)
(node:73817) [MONGODB DRIVER] Warning: useUnifiedTopology is a deprecated option: useUnifiedTopology has no effect since Node.js Driver version 4.0.0 and will be removed in the next major version
File not found: ./mobileStats-919654044877.json
File not found: ./mobileStats-918487919908.json
File not found: ./mobileStats-917989262293.json
Client 918487919908: Error sending message to Realme1Community: CHAT_WRITE_FORBIDDEN
918487919908: CHAT_WRITE_FORBIDDEN
File not found: ./mobileStats-917095061136.json
Client 917095061136: Error sending message to realmarwahmedicine: USER_BANNED_IN_CHANNEL
Client 917095061136: Error sending message to WIFE_SWAPPING_INDIAN_MEETING: USER_BANNED_IN_CHANNEL
Client 917095061136: Error sending message to Darazmysteryboxlovers: USER_BANNED_IN_CHANNEL
Client 917095061136: Error sending message to Chatting_International_Friends: USER_BANNED_IN_CHANNEL
Client 917095061136: Error sending message to international_english_chattingss: USER_BANNED_IN_CHANNEL
Client 917095061136: Error sending message to telugu_sex_storys: CHAT_SEND_PLAIN_FORBIDDEN
917095061136: CHAT_SEND_PLAIN_FORBIDDEN
Client 917095061136: Error sending message to aapnemoviewalebaba: CHAT_SEND_PLAIN_FORBIDDEN
917095061136: CHAT_SEND_PLAIN_FORBIDDEN
Client 918487919908: Error sending message to Kraj9: FLOOD
918487919908: FLOOD
Client 918487919908: Error sending message to indian_men: USER_BANNED_IN_CHANNEL
Client 917095061136: Error sending message to girlschatgroup2: FLOOD
917095061136: FLOOD
Client 919654044877: Error sending message to BhabhiloversChat: USER_BANNED_IN_CHANNEL
Client 919654044877: Error sending message to LOVE_FEELINGS_WILL1: USER_BANNED_IN_CHANNEL
Client 919654044877: Error sending message to BestFriendchatting_Group: USER_BANNED_IN_CHANNEL
Error with token 7614665094:AAFCUYuiuYHon6FUDtlbE_PBbW_NmIAf3Rw: Request failed with status code 401 message:  @SNEHA1 : 
Average Reaction Delay: 8415: last:0.04mins

Error with token 7614665094:AAFCUYuiuYHon6FUDtlbE_PBbW_NmIAf3Rw: Request failed with status code 401 message:  @SNEHA1 : 
Average Reaction Delay: 8415: last:0.04mins

Error with token 7614665094:AAFCUYuiuYHon6FUDtlbE_PBbW_NmIAf3Rw: Request failed with status code 401 message:  @SNEHA1 : 
Average Reaction Delay: 8415: last:0.04mins

Error with token 7614665094:AAFCUYuiuYHon6FUDtlbE_PBbW_NmIAf3Rw: Request failed with status code 401 message:  @SNEHA1 : 
Average Reaction Delay: 8415: last:0.04mins

Error with token 7614665094:AAFCUYuiuYHon6FUDtlbE_PBbW_NmIAf3Rw: Request failed with status code 401 message:  @SNEHA1 : 
Average Reaction Delay: 8415: last:0.04mins

Error with token 7614665094:AAFCUYuiuYHon6FUDtlbE_PBbW_NmIAf3Rw: Request failed with status code 401 message:  @SNEHA1 : 
Average Reaction Delay: 8415: last:0.04mins

Error with token 7614665094:AAFCUYuiuYHon6FUDtlbE_PBbW_NmIAf3Rw: Request failed with status code 401 message:  @SNEHA1 : 
Average Reaction Delay: 8415: last:0.04mins

Error with token 7614665094:AAFCUYuiuYHon6FUDtlbE_PBbW_NmIAf3Rw: Request failed with status code 401 message:  @SNEHA1 : 
Average Reaction Delay: 8415: last:0.04mins

Message sending failed after 8 retries
Client 918487919908: Error sending message to FreelanceVideoEditingWorld: USER_BANNED_IN_CHANNEL
Client 917989262293: Error sending message to gaychat_gr: USER_BANNED_IN_CHANNEL
Client 919654044877: Error sending message to mkdphotostudiofamily: USER_BANNED_IN_CHANNEL
Client 919654044877: Error sending message to paidstudies: USER_BANNED_IN_CHANNEL
Client 917989262293: Error sending message to Girls_Boys_CHATTING_GROUP_007: USER_BANNED_IN_CHANNEL
Client 918487919908: Error sending message to lovechattinggroup: USER_BANNED_IN_CHANNEL
Client 919654044877: Error sending message to null: USER_BANNED_IN_CHANNEL
Client 918487919908: Error sending message to DAMAN_HUB_00: USER_BANNED_IN_CHANNEL
Client 917989262293: Error sending message to Anesthesia_PPTs_PDFs_Videos: USER_BANNED_IN_CHANNEL
Client 917095061136: Error sending message to LOVE_FEELINGS_WILL1: USER_BANNED_IN_CHANNEL
Error with token 7828340584:AAHAh0HP9vjaMsw42iEzc125NaOsOKrSfAo: Request failed with status code 401 message:  @SNEHA1 : 
Average Reaction Delay: 6834: last:0.18mins

Error with token 7828340584:AAHAh0HP9vjaMsw42iEzc125NaOsOKrSfAo: Request failed with status code 401 message:  @SNEHA1 : 
Average Reaction Delay: 6834: last:0.18mins

Error with token 7828340584:AAHAh0HP9vjaMsw42iEzc125NaOsOKrSfAo: Request failed with status code 401 message:  @SNEHA1 : 
Average Reaction Delay: 6834: last:0.18mins

Error with token 7828340584:AAHAh0HP9vjaMsw42iEzc125NaOsOKrSfAo: Request failed with status code 401 message:  @SNEHA1 : 
Average Reaction Delay: 6834: last:0.18mins

Error with token 7828340584:AAHAh0HP9vjaMsw42iEzc125NaOsOKrSfAo: Request failed with status code 401 message:  @SNEHA1 : 
Average Reaction Delay: 6834: last:0.18mins

Error with token 7828340584:AAHAh0HP9vjaMsw42iEzc125NaOsOKrSfAo: Request failed with status code 401 message:  @SNEHA1 : 
Average Reaction Delay: 6834: last:0.18mins

Error with token 7828340584:AAHAh0HP9vjaMsw42iEzc125NaOsOKrSfAo: Request failed with status code 401 message:  @SNEHA1 : 
Average Reaction Delay: 6834: last:0.18mins

Error with token 7828340584:AAHAh0HP9vjaMsw42iEzc125NaOsOKrSfAo: Request failed with status code 401 message:  @SNEHA1 : 
Average Reaction Delay: 6834: last:0.18mins

Message sending failed after 8 retries
Client 918487919908: Error sending message to null: USER_BANNED_IN_CHANNEL
Client 918487919908: Error sending message to hindi_english_chatting_group07: USER_BANNED_IN_CHANNEL
Client 918487919908: Error sending message to null: USER_BANNED_IN_CHANNEL
Client 917989262293: Error sending message to tosslovers469: CHAT_SEND_PLAIN_FORBIDDEN
917989262293: CHAT_SEND_PLAIN_FORBIDDEN
Client 918487919908: Error sending message to Anesthesia_PPTs_PDFs_Videos: USER_BANNED_IN_CHANNEL
Client 917989262293: Error sending message to Bhaabhi_ChattingGroup_Global: USER_BANNED_IN_CHANNEL
Client 918487919908: Error sending message to GIRL_CHAT111: USER_BANNED_IN_CHANNEL
Client 918487919908: Error sending message to Telugu_Friends_ChattingGroup: USER_BANNED_IN_CHANNEL
Client 918487919908: Error sending message to girlsandboyschattingroup8: USER_BANNED_IN_CHANNEL
Client 918487919908: Error sending message to Darazmysteryboxlovers: USER_BANNED_IN_CHANNEL
Client 918487919908: Error sending message to Shilpasree_BEST_LOVER: USER_BANNED_IN_CHANNEL
Client 918487919908: Error sending message to Girlschattinggroup_new: USER_BANNED_IN_CHANNEL
Client 917989262293: Error sending message to Global_CHATTING_HINDI_ZONE: USER_BANNED_IN_CHANNEL
Client 918487919908: Error sending message to riyaservicegrup: USER_BANNED_IN_CHANNEL
Client 918487919908: Error sending message to bhabhiyon_ki_duniya: USER_BANNED_IN_CHANNEL
Client 918487919908: Error sending message to Bhabhi_Chatting_Group_point: USER_BANNED_IN_CHANNEL
Client 918487919908: Error sending message to Village_GirlsChattingGroup: USER_BANNED_IN_CHANNEL
Client 918487919908: Error sending message to Paid_Girls_Service_Available102: USER_BANNED_IN_CHANNEL
Client 918487919908: Error sending message to BhabhiloversChat: USER_BANNED_IN_CHANNEL
Client 919654044877: Error sending message to Advertisements_Uploading_Group: CHAT_SEND_PLAIN_FORBIDDEN
919654044877: CHAT_SEND_PLAIN_FORBIDDEN
Client 919654044877: Error sending message to Girls_love_xxROOM: USER_BANNED_IN_CHANNEL
Client 919654044877: Error sending message to Dubaistrangers: USER_BANNED_IN_CHANNEL
Client 919654044877: Error sending message to null: USER_BANNED_IN_CHANNEL
Client 917989262293: Error sending message to Videohive_templates_chat: USER_BANNED_IN_CHANNEL
Client 917989262293: Error sending message to indianwife_Swapping: USER_BANNED_IN_CHANNEL
Client 917989262293: Error sending message to riyaservicegrup: USER_BANNED_IN_CHANNEL
Client 918487919908: Error sending message to null: USER_BANNED_IN_CHANNEL
Client 918487919908: Error sending message to Girls_love_xxROOM: USER_BANNED_IN_CHANNEL
Client 917989262293: Error sending message to dharmik5: USER_BANNED_IN_CHANNEL
Client 917989262293: Error sending message to Telugu_Friends_ChattingGroup: USER_BANNED_IN_CHANNEL
Client 917989262293: Error sending message to jesussongvideos: USER_BANNED_IN_CHANNEL
Client 918487919908: Error sending message to bngfrnds: USER_BANNED_IN_CHANNEL
Client 918487919908: Error sending message to LOVE_FEELINGS_WILL1: USER_BANNED_IN_CHANNEL
Client 918487919908: Error sending message to Grils_Chatting_group_boy_loves: USER_BANNED_IN_CHANNEL
Client 918487919908: Error sending message to Gf_Bf_Chating2024: USER_BANNED_IN_CHANNEL
Client 919654044877: Error sending message to perfectmatedating: USER_BANNED_IN_CHANNEL
Client 919654044877: Error sending message to GirlschattingGroup_Superchatting: USER_BANNED_IN_CHANNEL
Client 917989262293: Error sending message to girls_and_boys_chatting_group5: USER_BANNED_IN_CHANNEL
Client 917989262293: Error sending message to Matrimony_Dating_Group: USER_BANNED_IN_CHANNEL
Client 917989262293: Error sending message to World_friends_chatting_zonee: USER_BANNED_IN_CHANNEL
Client 917989262293: Error sending message to CUCKOLD_COUPLE_GROUP: CHAT_WRITE_FORBIDDEN
917989262293: CHAT_WRITE_FORBIDDEN
Client 917989262293: Error sending message to onlydefencelove: USER_BANNED_IN_CHANNEL
Client 918487919908: Error sending message to tamil_gay_group143: USER_BANNED_IN_CHANNEL
Client 918487919908: Error sending message to Lovely_GirlsChattingGroup: USER_BANNED_IN_CHANNEL
Client 917095061136: Error sending message to Shilpasree_SWAPPING_INDIA: USER_BANNED_IN_CHANNEL
Client 918487919908: Error sending message to Advertisements_Uploading_Group: CHAT_SEND_PLAIN_FORBIDDEN
918487919908: CHAT_SEND_PLAIN_FORBIDDEN
Client 917095061136: Error sending message to callboyservice02: USER_BANNED_IN_CHANNEL
Client 918487919908: Error sending message to Shilpasree_SWAPPING_INDIA: USER_BANNED_IN_CHANNEL
Client 918487919908: Error sending message to humasfar_KI_LOVE: USER_BANNED_IN_CHANNEL
Client 918487919908: Error sending message to jagruthiimpact: USER_BANNED_IN_CHANNEL
Client 918487919908: Error sending message to TamilGayClubOfficial: CHAT_WRITE_FORBIDDEN
918487919908: CHAT_WRITE_FORBIDDEN
Client 918487919908: Error sending message to Punjabgayys: USER_BANNED_IN_CHANNEL
Client 918487919908: Error sending message to freefireforgirls: USER_BANNED_IN_CHANNEL
Client 919654044877: Error sending message to jesussongvideos: USER_BANNED_IN_CHANNEL
Client 919654044877: Error sending message to Bhabhi_Chatting_Group01: USER_BANNED_IN_CHANNEL
Client 919654044877: Error sending message to collage_girl_frand: USER_BANNED_IN_CHANNEL
Client 919654044877: Error sending message to IndianGirlsBoysFlix: USER_BANNED_IN_CHANNEL
Client 919654044877: Error sending message to Telugu_Friends_ChattingGroup: USER_BANNED_IN_CHANNEL
Error: TIMEOUT
    at /root/telegram/promote-clients/node_modules/telegram/client/updates.js:250:85
    at async _updateLoop (/root/telegram/promote-clients/node_modules/telegram/client/updates.js:191:17)
Client 918487919908: Error sending message to null: USER_BANNED_IN_CHANNEL
Client 918487919908: Error sending message to FRIENDS_ARE_LOVE: CHAT_WRITE_FORBIDDEN
918487919908: CHAT_WRITE_FORBIDDEN
Client 918487919908: Error sending message to Matrimony_Dating_Group: USER_BANNED_IN_CHANNEL
Client 918487919908: Error sending message to Girlfriendmastigroup: USER_BANNED_IN_CHANNEL
Client 918487919908: Error sending message to Chatting_with_bhabhi: USER_BANNED_IN_CHANNEL
Client 917989262293: Error sending message to humasfar_KI_LOVE: USER_BANNED_IN_CHANNEL
Client 917989262293: Error sending message to M21771: TOPIC_CLOSED
917989262293: TOPIC_CLOSED
Client 917989262293: Error sending message to Girlschattinggroup_new: USER_BANNED_IN_CHANNEL
Client 918487919908: Error sending message to realmarwahmedicine: USER_BANNED_IN_CHANNEL
Client 917989262293: Error sending message to IndianGirlsBoysFlix: USER_BANNED_IN_CHANNEL
Client 919654044877: Error sending message to geniunegirlsclub: USER_BANNED_IN_CHANNEL
Client 919654044877: Error sending message to null: USER_BANNED_IN_CHANNEL
Client 917989262293: Error sending message to jagruthiimpact: USER_BANNED_IN_CHANNEL
Client 917989262293: Error sending message to TAMIL_INDIA_SWPPING: CHAT_WRITE_FORBIDDEN
917989262293: CHAT_WRITE_FORBIDDEN
Client 917989262293: Error sending message to Telugu_groups_chatting_friends: USER_BANNED_IN_CHANNEL
Client 917989262293: Error sending message to collage_girl_frand: USER_BANNED_IN_CHANNEL
Client 917989262293: Error sending message to friendwithbenefitbase: CHAT_WRITE_FORBIDDEN
917989262293: CHAT_WRITE_FORBIDDEN
Client 918487919908: Error sending message to delhi_dating_group1: USER_BANNED_IN_CHANNEL
Client 918487919908: Error sending message to Hot_Girls_Chatting_Group1: USER_BANNED_IN_CHANNEL
Client 919654044877: Error sending message to friends_foreverI: USER_BANNED_IN_CHANNEL
Client 919654044877: Error sending message to srilankan_boys_and_girls_chat: USER_BANNED_IN_CHANNEL
Client 917989262293: Error sending message to virtiklove: ALLOW_PAYMENT_REQUIRED
917989262293: ALLOW_PAYMENT_REQUIRED
Client 918487919908: Error sending message to indian_service_girls: USER_BANNED_IN_CHANNEL
Client 918487919908: Error sending message to telanganarealestate: CHAT_WRITE_FORBIDDEN
918487919908: CHAT_WRITE_FORBIDDEN
Client 917095061136: Error sending message to friendwithbenefitbase: CHAT_WRITE_FORBIDDEN
917095061136: CHAT_WRITE_FORBIDDEN
Client 919654044877: Error sending message to indian_service_girls: USER_BANNED_IN_CHANNEL
Client 919654044877: Error sending message to freefireforgirls: USER_BANNED_IN_CHANNEL
Client 919654044877: Error sending message to GangOfGiirls: USER_BANNED_IN_CHANNEL
Client 919654044877: Error sending message to telanganarealestate: CHAT_WRITE_FORBIDDEN
919654044877: CHAT_WRITE_FORBIDDEN
Client 919654044877: Error sending message to And_Girls_Boys_Group_Chatting_4: USER_BANNED_IN_CHANNEL
Client 919654044877: Error sending message to riyaservicegrup: USER_BANNED_IN_CHANNEL
Client 919654044877: Error sending message to Tamil_wife_swapping123: USER_BANNED_IN_CHANNEL
Client 919654044877: Error sending message to AGAIN_FRIEND_FOREVER_GC: CHAT_WRITE_FORBIDDEN
919654044877: CHAT_WRITE_FORBIDDEN
Client 917989262293: Error sending message to girls_Love_chatting_group_07: USER_BANNED_IN_CHANNEL
Client 917989262293: Error sending message to GirlschattingGroup_Superchatting: USER_BANNED_IN_CHANNEL
Client 917989262293: Error sending message to adultTv_1k: CHAT_WRITE_FORBIDDEN
917989262293: CHAT_WRITE_FORBIDDEN
Error with token 7614665094:AAFCUYuiuYHon6FUDtlbE_PBbW_NmIAf3Rw: Request failed with status code 401 message:  @SNEHA1 : 
Average Reaction Delay: 7755: last:0.02mins

Error with token 7614665094:AAFCUYuiuYHon6FUDtlbE_PBbW_NmIAf3Rw: Request failed with status code 401 message:  @SNEHA1 : 
Average Reaction Delay: 7755: last:0.02mins

Error with token 7614665094:AAFCUYuiuYHon6FUDtlbE_PBbW_NmIAf3Rw: Request failed with status code 401 message:  @SNEHA1 : 
Average Reaction Delay: 7755: last:0.02mins

Error with token 7614665094:AAFCUYuiuYHon6FUDtlbE_PBbW_NmIAf3Rw: Request failed with status code 401 message:  @SNEHA1 : 
Average Reaction Delay: 7755: last:0.02mins

Error with token 7614665094:AAFCUYuiuYHon6FUDtlbE_PBbW_NmIAf3Rw: Request failed with status code 401 message:  @SNEHA1 : 
Average Reaction Delay: 7755: last:0.02mins

Error with token 7614665094:AAFCUYuiuYHon6FUDtlbE_PBbW_NmIAf3Rw: Request failed with status code 401 message:  @SNEHA1 : 
Average Reaction Delay: 7755: last:0.02mins

Error with token 7614665094:AAFCUYuiuYHon6FUDtlbE_PBbW_NmIAf3Rw: Request failed with status code 401 message:  @SNEHA1 : 
Average Reaction Delay: 7755: last:0.02mins

Error with token 7614665094:AAFCUYuiuYHon6FUDtlbE_PBbW_NmIAf3Rw: Request failed with status code 401 message:  @SNEHA1 : 
Average Reaction Delay: 7755: last:0.02mins

Message sending failed after 8 retries
Client 918487919908: Error sending message to TAMILWIFE_SWAPPING: USER_BANNED_IN_CHANNEL
Client 918487919908: Error sending message to Free_Girls_Chatting_Group: USER_BANNED_IN_CHANNEL
Client 919654044877: Error sending message to indianwife_Swapping: USER_BANNED_IN_CHANNEL
Client 919654044877: Error sending message to BaByGiRLGaP: USER_BANNED_IN_CHANNEL
Client 918487919908: Error sending message to SWAPPING_INDIA_P4U: USER_BANNED_IN_CHANNEL
Client 918487919908: Error sending message to Girls_Chatting_Group_100K: USER_BANNED_IN_CHANNEL
Client 918487919908: Error sending message to indiangaychatrooom: USER_BANNED_IN_CHANNEL
Client 918487919908: Error sending message to BangaloreGirlsAndHotAunt: USER_BANNED_IN_CHANNEL
Client 918487919908: Error sending message to paidstudies: USER_BANNED_IN_CHANNEL
Client 918487919908: Error sending message to moviesall0007: USER_BANNED_IN_CHANNEL
Error with token 7828340584:AAHAh0HP9vjaMsw42iEzc125NaOsOKrSfAo: Request failed with status code 401 message:  @SNEHA1 : 
Average Reaction Delay: 5560: last:0.06mins

Error with token 7828340584:AAHAh0HP9vjaMsw42iEzc125NaOsOKrSfAo: Request failed with status code 401 message:  @SNEHA1 : 
Average Reaction Delay: 5560: last:0.06mins

Error with token 7828340584:AAHAh0HP9vjaMsw42iEzc125NaOsOKrSfAo: Request failed with status code 401 message:  @SNEHA1 : 
Average Reaction Delay: 5560: last:0.06mins

Error with token 7828340584:AAHAh0HP9vjaMsw42iEzc125NaOsOKrSfAo: Request failed with status code 401 message:  @SNEHA1 : 
Average Reaction Delay: 5560: last:0.06mins

Error with token 7828340584:AAHAh0HP9vjaMsw42iEzc125NaOsOKrSfAo: Request failed with status code 401 message:  @SNEHA1 : 
Average Reaction Delay: 5560: last:0.06mins

Error with token 7828340584:AAHAh0HP9vjaMsw42iEzc125NaOsOKrSfAo: Request failed with status code 401 message:  @SNEHA1 : 
Average Reaction Delay: 5560: last:0.06mins

Error with token 7828340584:AAHAh0HP9vjaMsw42iEzc125NaOsOKrSfAo: Request failed with status code 401 message:  @SNEHA1 : 
Average Reaction Delay: 5560: last:0.06mins

Error with token 7828340584:AAHAh0HP9vjaMsw42iEzc125NaOsOKrSfAo: Request failed with status code 401 message:  @SNEHA1 : 
Average Reaction Delay: 5560: last:0.06mins

Message sending failed after 8 retries
Client 919654044877: Error sending message to gujaratgaygroup: USER_BANNED_IN_CHANNEL
Client 917989262293: Error sending message to Advertisements_Uploading_Group: CHAT_SEND_PLAIN_FORBIDDEN
917989262293: CHAT_SEND_PLAIN_FORBIDDEN
Client 917989262293: Error sending message to Bhabhi_Chatting_Group_New: USER_BANNED_IN_CHANNEL
Client 917989262293: Error sending message to realmarwahmedicine: USER_BANNED_IN_CHANNEL
Client 917989262293: Error sending message to realmahadevbookid: USER_BANNED_IN_CHANNEL
Client 917989262293: Error sending message to smart_girls_group: USER_BANNED_IN_CHANNEL
Client 918487919908: Error sending message to girls_Love_chatting_group_07: USER_BANNED_IN_CHANNEL
Client 918487919908: Error sending message to GirlsBoysXD: USER_BANNED_IN_CHANNEL
Client 918487919908: Error sending message to Paki_Girls_Chatting_Group: USER_BANNED_IN_CHANNEL
Client 919654044877: Error sending message to smart_girls_group: USER_BANNED_IN_CHANNEL
Client 919654044877: Error sending message to Gay_arabul: CHAT_WRITE_FORBIDDEN
919654044877: CHAT_WRITE_FORBIDDEN
Client 919654044877: Error sending message to Darazmysteryboxlovers: USER_BANNED_IN_CHANNEL
Client 919654044877: Error sending message to chatting_group_girls12: USER_BANNED_IN_CHANNEL
Client 919654044877: Error sending message to Gf_Bf_Chating2024: USER_BANNED_IN_CHANNEL
Client 919654044877: Error sending message to Girlschattinggroup_new: USER_BANNED_IN_CHANNEL
Client 917989262293: Error sending message to best_friends_chatting_club2: CHAT_WRITE_FORBIDDEN
917989262293: CHAT_WRITE_FORBIDDEN
Client 917989262293: Error sending message to CallGirls_And_Playboys: USER_BANNED_IN_CHANNEL
Client 917989262293: Error sending message to Single_Girls_Chatting_Friendship: USER_BANNED_IN_CHANNEL
Client 917989262293: Error sending message to srilankan_boys_and_girls_chat: USER_BANNED_IN_CHANNEL
Client 917989262293: Error sending message to perfectmatedating: USER_BANNED_IN_CHANNEL
Client 918487919908: Error sending message to chatting_group_girls12: USER_BANNED_IN_CHANNEL
Client 918487919908: Error sending message to Sweet_Girls_Chatting_Group: USER_BANNED_IN_CHANNEL
🚨 Heap exceeded 100 MB. Cleaning up...
⚠️ GC not available. Start Node with --expose-gc
Client 917095061136: Error sending message to tamil_gay_group143: USER_BANNED_IN_CHANNEL
Client 917095061136: Error sending message to M21771: TOPIC_CLOSED
917095061136: TOPIC_CLOSED
Client 919654044877: Error sending message to gaychat_gr: USER_BANNED_IN_CHANNEL
Client 919654044877: Error sending message to Realme1Community: CHAT_WRITE_FORBIDDEN
919654044877: CHAT_WRITE_FORBIDDEN
Client 919654044877: Error sending message to thefriendsforever21: USER_BANNED_IN_CHANNEL
Client 917989262293: Error sending message to Darazmysteryboxlovers: USER_BANNED_IN_CHANNEL
Client 919654044877: Error sending message to bhabhiyon_ki_duniya: USER_BANNED_IN_CHANNEL
Client 919654044877: Error sending message to CUCKOLD_COUPLE_GROUP: CHAT_WRITE_FORBIDDEN
919654044877: CHAT_WRITE_FORBIDDEN
Client 919654044877: Error sending message to WIFE_SWAPPING_INDIA_INDIA: CHAT_WRITE_FORBIDDEN
919654044877: CHAT_WRITE_FORBIDDEN
Client 919654044877: Error sending message to Telugugayzone: CHAT_WRITE_FORBIDDEN
919654044877: CHAT_WRITE_FORBIDDEN
Client 919654044877: Error sending message to GirlsBoysXD: USER_BANNED_IN_CHANNEL
Client 918487919908: Error sending message to Single_Girls_Chatting_Friendship: USER_BANNED_IN_CHANNEL
Client 918487919908: Error sending message to geniunegirlsclub: USER_BANNED_IN_CHANNEL
Client 918487919908: Error sending message to saigonhub: USER_BANNED_IN_CHANNEL
Client 918487919908: Error sending message to shayari_loverrr: USER_BANNED_IN_CHANNEL
Client 918487919908: Error sending message to HOUSE_WIFE_CHATTING: USER_BANNED_IN_CHANNEL
Client 918487919908: Error sending message to Dubaistrangers: USER_BANNED_IN_CHANNEL
Client 919654044877: Error sending message to Girls_Boys_CHATTING_GROUP_007: USER_BANNED_IN_CHANNEL
Client 919654044877: Error sending message to lovechattinggroup: USER_BANNED_IN_CHANNEL
Client 917989262293: Error sending message to Ayesha_X_girl: USER_BANNED_IN_CHANNEL
Client 919654044877: Error sending message to null: USER_BANNED_IN_CHANNEL
Client 917989262293: Error sending message to Girls_chatting_Grouph: USER_BANNED_IN_CHANNEL
Client 917989262293: Error sending message to egyptian_in_dubai: USER_BANNED_IN_CHANNEL
Client 917989262293: Error sending message to girls_chatting_group_lovers: USER_BANNED_IN_CHANNEL
Client 917989262293: Error sending message to Cute_Girls_ChattingGroup: USER_BANNED_IN_CHANNEL
Client 917989262293: Error sending message to WIFE_SWAPPING_INDIA_INDIA: CHAT_WRITE_FORBIDDEN
917989262293: CHAT_WRITE_FORBIDDEN
Client 917989262293: Error sending message to Girls_and_boy_love_story: USER_BANNED_IN_CHANNEL
Client 917989262293: Error sending message to BangaloreGirlsAndHotAunt: USER_BANNED_IN_CHANNEL
Client 917989262293: Error sending message to chatting_group_girls12: USER_BANNED_IN_CHANNEL
Client 918487919908: Error sending message to Lucky_Draw_Master_Service_Group: USER_BANNED_IN_CHANNEL
🚨 Heap exceeded 100 MB. Cleaning up...
⚠️ GC not available. Start Node with --expose-gc
Client 919654044877: Error sending message to girls_chatting_group_lovers: USER_BANNED_IN_CHANNEL
Client 917989262293: Error sending message to girlsandboyschattingroup8: USER_BANNED_IN_CHANNEL
Client 919654044877: Error sending message to Shilpasree_SWAPPING_INDIA: USER_BANNED_IN_CHANNEL
Client 919654044877: Error sending message to tamil_gay_group143: USER_BANNED_IN_CHANNEL
Client 919654044877: Error sending message to WIFE_SWAPPING_INDIAN_MEETING: USER_BANNED_IN_CHANNEL
Client 919654044877: Error sending message to Friends_Chatting_Group_Haweli: USER_BANNED_IN_CHANNEL
Client 919654044877: Error sending message to humasfar_KI_LOVE: USER_BANNED_IN_CHANNEL
Client 919654044877: Error sending message to Bengaligaygroup: USER_BANNED_IN_CHANNEL
Client 918487919908: Error sending message to virtiklove: ALLOW_PAYMENT_REQUIRED
918487919908: ALLOW_PAYMENT_REQUIRED
Client 918487919908: Error sending message to genuinepaidgroup987: USER_BANNED_IN_CHANNEL
Client 918487919908: Error sending message to Bhabhi_Chatting_Group01: USER_BANNED_IN_CHANNEL
Client 918487919908: Error sending message to Cute_Girls_Chatting_Group: USER_BANNED_IN_CHANNEL
Client 919654044877: Error sending message to amaloversclub: USER_BANNED_IN_CHANNEL
Error with token 7614665094:AAFCUYuiuYHon6FUDtlbE_PBbW_NmIAf3Rw: Request failed with status code 401 message:  @SNEHA1 : 
Average Reaction Delay: 7232: last:0.07mins

Error with token 7614665094:AAFCUYuiuYHon6FUDtlbE_PBbW_NmIAf3Rw: Request failed with status code 401 message:  @SNEHA1 : 
Average Reaction Delay: 7232: last:0.07mins

Error with token 7614665094:AAFCUYuiuYHon6FUDtlbE_PBbW_NmIAf3Rw: Request failed with status code 401 message:  @SNEHA1 : 
Average Reaction Delay: 7232: last:0.07mins

Error with token 7614665094:AAFCUYuiuYHon6FUDtlbE_PBbW_NmIAf3Rw: Request failed with status code 401 message:  @SNEHA1 : 
Average Reaction Delay: 7232: last:0.07mins

Error with token 7614665094:AAFCUYuiuYHon6FUDtlbE_PBbW_NmIAf3Rw: Request failed with status code 401 message:  @SNEHA1 : 
Average Reaction Delay: 7232: last:0.07mins

Error with token 7614665094:AAFCUYuiuYHon6FUDtlbE_PBbW_NmIAf3Rw: Request failed with status code 401 message:  @SNEHA1 : 
Average Reaction Delay: 7232: last:0.07mins

Error with token 7614665094:AAFCUYuiuYHon6FUDtlbE_PBbW_NmIAf3Rw: Request failed with status code 401 message:  @SNEHA1 : 
Average Reaction Delay: 7232: last:0.07mins

Error with token 7614665094:AAFCUYuiuYHon6FUDtlbE_PBbW_NmIAf3Rw: Request failed with status code 401 message:  @SNEHA1 : 
Average Reaction Delay: 7232: last:0.07mins

Message sending failed after 8 retries
Client 919654044877: Error sending message to Girls_chatting_Grouph: USER_BANNED_IN_CHANNEL
Client 917989262293: Error sending message to Mumbaigayboys: USER_BANNED_IN_CHANNEL
Client 919654044877: Error sending message to FRIENDS_ARE_LOVE: CHAT_WRITE_FORBIDDEN
919654044877: CHAT_WRITE_FORBIDDEN
Client 919654044877: Error sending message to international_english_chattingss: USER_BANNED_IN_CHANNEL
Client 919654044877: Error sending message to slfriends20: USER_BANNED_IN_CHANNEL
Client 919654044877: Error sending message to Village_GirlsChattingGroup: USER_BANNED_IN_CHANNEL
🚨 Heap exceeded 100 MB. Cleaning up...
⚠️ GC not available. Start Node with --expose-gc
Error with token 7828340584:AAHAh0HP9vjaMsw42iEzc125NaOsOKrSfAo: Request failed with status code 401 message:  @SNEHA1 : 
Average Reaction Delay: 7712: last:0.05mins

Error with token 7828340584:AAHAh0HP9vjaMsw42iEzc125NaOsOKrSfAo: Request failed with status code 401 message:  @SNEHA1 : 
Average Reaction Delay: 7712: last:0.05mins

Error with token 7828340584:AAHAh0HP9vjaMsw42iEzc125NaOsOKrSfAo: Request failed with status code 401 message:  @SNEHA1 : 
Average Reaction Delay: 7712: last:0.05mins

Error with token 7828340584:AAHAh0HP9vjaMsw42iEzc125NaOsOKrSfAo: Request failed with status code 401 message:  @SNEHA1 : 
Average Reaction Delay: 7712: last:0.05mins

Error with token 7828340584:AAHAh0HP9vjaMsw42iEzc125NaOsOKrSfAo: Request failed with status code 401 message:  @SNEHA1 : 
Average Reaction Delay: 7712: last:0.05mins

Error with token 7828340584:AAHAh0HP9vjaMsw42iEzc125NaOsOKrSfAo: Request failed with status code 401 message:  @SNEHA1 : 
Average Reaction Delay: 7712: last:0.05mins

Error with token 7828340584:AAHAh0HP9vjaMsw42iEzc125NaOsOKrSfAo: Request failed with status code 401 message:  @SNEHA1 : 
Average Reaction Delay: 7712: last:0.05mins

Error with token 7828340584:AAHAh0HP9vjaMsw42iEzc125NaOsOKrSfAo: Request failed with status code 401 message:  @SNEHA1 : 
Average Reaction Delay: 7712: last:0.05mins

Message sending failed after 8 retries
Client 917989262293: Error sending message to Shilpasree_SWAPPING_INDIA: USER_BANNED_IN_CHANNEL
Client 917989262293: Error sending message to indiangaychatrooom: USER_BANNED_IN_CHANNEL
Client 917989262293: Error sending message to thefriendsforever21: USER_BANNED_IN_CHANNEL
Client 917989262293: Error sending message to international_friends_besties: USER_BANNED_IN_CHANNEL
Client 917989262293: Error sending message to shayari_loverrr: USER_BANNED_IN_CHANNEL
Error: TIMEOUT
    at /root/telegram/promote-clients/node_modules/telegram/client/updates.js:250:85
    at runNextTicks (node:internal/process/task_queues:60:5)
    at process.processTimers (node:internal/timers:509:9)
    at async _updateLoop (/root/telegram/promote-clients/node_modules/telegram/client/updates.js:191:17)
Client 918487919908: Error sending message to dharmik5: USER_BANNED_IN_CHANNEL
Client 918487919908: Error sending message to GangOfGiirls: USER_BANNED_IN_CHANNEL
🚨 Heap exceeded 100 MB. Cleaning up...
⚠️ GC not available. Start Node with --expose-gc
Client 919654044877: Error sending message to Bangladeshigaygroup: USER_BANNED_IN_CHANNEL
Client 919654044877: Error sending message to usadateworld: CHAT_WRITE_FORBIDDEN
919654044877: CHAT_WRITE_FORBIDDEN
Client 919654044877: Error sending message to virtiklove: ALLOW_PAYMENT_REQUIRED
919654044877: ALLOW_PAYMENT_REQUIRED
Client 918487919908: Error sending message to friends_foreverI: USER_BANNED_IN_CHANNEL
Client 917095061136: Error sending message to REAL_MADARA_CHAT: USER_BANNED_IN_CHANNEL
Client 917095061136: Error sending message to indiangaychatrooom: USER_BANNED_IN_CHANNEL
🚨 Heap exceeded 100 MB. Cleaning up...
⚠️ GC not available. Start Node with --expose-gc
Client 918487919908: Error sending message to Chattingwithgirls_group: USER_BANNED_IN_CHANNEL
Error with token 7614665094:AAFCUYuiuYHon6FUDtlbE_PBbW_NmIAf3Rw: Request failed with status code 401 message:  @SNEHA1 : 918487919908
Ak0997262: Pic
Error with token 7614665094:AAFCUYuiuYHon6FUDtlbE_PBbW_NmIAf3Rw: Request failed with status code 401 message:  @SNEHA1 : 918487919908
Ak0997262: Pic
Error with token 7614665094:AAFCUYuiuYHon6FUDtlbE_PBbW_NmIAf3Rw: Request failed with status code 401 message:  @SNEHA1 : 918487919908
Ak0997262: Pic
Error with token 7614665094:AAFCUYuiuYHon6FUDtlbE_PBbW_NmIAf3Rw: Request failed with status code 401 message:  @SNEHA1 : 918487919908
Ak0997262: Pic
Error with token 7828340584:AAHAh0HP9vjaMsw42iEzc125NaOsOKrSfAo: Request failed with status code 401 message:  @SNEHA1 : 918487919908
Ak0997262: Send
Error with token 7828340584:AAHAh0HP9vjaMsw42iEzc125NaOsOKrSfAo: Request failed with status code 401 message:  @SNEHA1 : 918487919908
Ak0997262: Pic
Error with token 7828340584:AAHAh0HP9vjaMsw42iEzc125NaOsOKrSfAo: Request failed with status code 401 message:  @SNEHA1 : 918487919908
Ak0997262: Send
Error with token 7828340584:AAHAh0HP9vjaMsw42iEzc125NaOsOKrSfAo: Request failed with status code 401 message:  @SNEHA1 : 918487919908
Ak0997262: Pic
Error with token 7828340584:AAHAh0HP9vjaMsw42iEzc125NaOsOKrSfAo: Request failed with status code 401 message:  @SNEHA1 : 918487919908
Ak0997262: Send
Error with token 7828340584:AAHAh0HP9vjaMsw42iEzc125NaOsOKrSfAo: Request failed with status code 401 message:  @SNEHA1 : 918487919908
Ak0997262: Pic
Error with token 7828340584:AAHAh0HP9vjaMsw42iEzc125NaOsOKrSfAo: Request failed with status code 401 message:  @SNEHA1 : 918487919908
Ak0997262: Send
Error with token 7828340584:AAHAh0HP9vjaMsw42iEzc125NaOsOKrSfAo: Request failed with status code 401 message:  @SNEHA1 : 918487919908
Ak0997262: Pic
Message sending failed after 8 retries
Timeout error with token 7384145001:AAF4Nl2pSazwu38-XWTJmet5FlrDxashEuU: timeout of 1500ms exceeded message:  @SNEHA1 : 918487919908
Ak0997262: Send
Error with token 7614665094:AAFCUYuiuYHon6FUDtlbE_PBbW_NmIAf3Rw: Request failed with status code 401 message:  @SNEHA1 : 918487919908
Ak0997262: Land lo gi
Error with token 7614665094:AAFCUYuiuYHon6FUDtlbE_PBbW_NmIAf3Rw: Request failed with status code 401 message:  @SNEHA1 : 918487919908
Ak0997262: Land lo gi
Timeout error with token 7828340584:AAHAh0HP9vjaMsw42iEzc125NaOsOKrSfAo: timeout of 1500ms exceeded message:  @SNEHA1 : 918487919908
Ak0997262: Mera
Timeout error with token 7828340584:AAHAh0HP9vjaMsw42iEzc125NaOsOKrSfAo: timeout of 1500ms exceeded message:  @SNEHA1 : 918487919908
Ak0997262: Land lo gi
Client 917989262293: Error sending message to FRIENDS_ARE_LOVE: CHAT_WRITE_FORBIDDEN
917989262293: CHAT_WRITE_FORBIDDEN
Client 917989262293: Error sending message to telugu_sex_storys: CHAT_SEND_PLAIN_FORBIDDEN
917989262293: CHAT_SEND_PLAIN_FORBIDDEN
Client 917989262293: Error sending message to maximtaxseehyderabad: USER_BANNED_IN_CHANNEL
Error: TIMEOUT
    at /root/telegram/promote-clients/node_modules/telegram/client/updates.js:250:85
    at runNextTicks (node:internal/process/task_queues:60:5)
    at process.processTimers (node:internal/timers:509:9)
    at async _updateLoop (/root/telegram/promote-clients/node_modules/telegram/client/updates.js:191:17)
Client 918487919908: Error sending message to gujaratgaygroup: USER_BANNED_IN_CHANNEL
🚨 Heap exceeded 100 MB. Cleaning up...
⚠️ GC not available. Start Node with --expose-gc
Client 917989262293: Error sending message to BestFriendchatting_Group: USER_BANNED_IN_CHANNEL
Client 917989262293: Error sending message to Adults_Chat_fun_Group: USER_BANNED_IN_CHANNEL
Client 917989262293: Error sending message to COUPLE_SWAPPING_GROUP: CHAT_WRITE_FORBIDDEN
917989262293: CHAT_WRITE_FORBIDDEN
Client 918487919908: Error sending message to Videohive_templates_chat: USER_BANNED_IN_CHANNEL
Client 918487919908: Error sending message to Girls_chatting_Grouph: USER_BANNED_IN_CHANNEL
Client 919654044877: Error sending message to Global_CHATTING_HINDI_ZONE: USER_BANNED_IN_CHANNEL
Error with token 7614665094:AAFCUYuiuYHon6FUDtlbE_PBbW_NmIAf3Rw: Request failed with status code 401 message:  @SNEHA1 : 918487919908
Ak0997262: Milega
Error with token 7614665094:AAFCUYuiuYHon6FUDtlbE_PBbW_NmIAf3Rw: Request failed with status code 401 message:  @SNEHA1 : 918487919908
Ak0997262: Milega
Error with token 7614665094:AAFCUYuiuYHon6FUDtlbE_PBbW_NmIAf3Rw: Request failed with status code 401 message:  @SNEHA1 : 918487919908
Ak0997262: Milega
Error with token 7614665094:AAFCUYuiuYHon6FUDtlbE_PBbW_NmIAf3Rw: Request failed with status code 401 message:  @SNEHA1 : 918487919908
Ak0997262: Milega
Error with token 7614665094:AAFCUYuiuYHon6FUDtlbE_PBbW_NmIAf3Rw: Request failed with status code 401 message:  @SNEHA1 : 918487919908
Ak0997262: Milega
Error with token 7614665094:AAFCUYuiuYHon6FUDtlbE_PBbW_NmIAf3Rw: Request failed with status code 401 message:  @SNEHA1 : 918487919908
Ak0997262: Milega
Error with token 7614665094:AAFCUYuiuYHon6FUDtlbE_PBbW_NmIAf3Rw: Request failed with status code 401 message:  @SNEHA1 : 918487919908
Ak0997262: Milega
Error with token 7614665094:AAFCUYuiuYHon6FUDtlbE_PBbW_NmIAf3Rw: Request failed with status code 401 message:  @SNEHA1 : 918487919908
Ak0997262: Milega
Message sending failed after 8 retries
