Database instance does not exist.
Database instance does not exist.
Database instance does not exist.
Database instance does not exist.
Database instance does not exist.
Database instance does not exist.
Database instance does not exist.
Database instance does not exist.
Database instance does not exist.
Database instance does not exist.
Database instance does not exist.
Database instance does not exist.
Database instance does not exist.
(node:73839) [MONGODB DRIVER] Warning: useNewUrlParser is a deprecated option: useNewUrlParser has no effect since Node.js Driver version 4.0.0 and will be removed in the next major version
(Use `node --trace-warnings ...` to show where the warning was created)
(node:73839) [MONGODB DRIVER] Warning: useUnifiedTopology is a deprecated option: useUnifiedTopology has no effect since Node.js Driver version 4.0.0 and will be removed in the next major version
File not found: ./mobileStats-919891963252.json
File not found: ./mobileStats-918398831335.json
Client 919891963252: Error sending message to Hot_Girls_Chatting_Group1: USER_BANNED_IN_CHANNEL
Error with token 7828340584:AAHAh0HP9vjaMsw42iEzc125NaOsOKrSfAo: Request failed with status code 401 message:  @SNEHA2 : Limited :  919891963252 as daysLeft : 1
Error with token 7828340584:AAHAh0HP9vjaMsw42iEzc125NaOsOKrSfAo: Request failed with status code 401 message:  @SNEHA2 : Limited :  919891963252 as daysLeft : 1
File not found: ./mobileStats-917692093572.json
Error with token 7828340584:AAHAh0HP9vjaMsw42iEzc125NaOsOKrSfAo: Request failed with status code 401 message:  @SNEHA2 : Limited :  919891963252 as daysLeft : 1
Error with token 7828340584:AAHAh0HP9vjaMsw42iEzc125NaOsOKrSfAo: Request failed with status code 401 message:  @SNEHA2 : Limited :  919891963252 as daysLeft : 1
Client 918398831335: Error sending message to thefriendsforever21: USER_BANNED_IN_CHANNEL
Error with token 7828340584:AAHAh0HP9vjaMsw42iEzc125NaOsOKrSfAo: Request failed with status code 401 message:  @SNEHA2 : Limited :  919891963252 as daysLeft : 1
Error with token 7828340584:AAHAh0HP9vjaMsw42iEzc125NaOsOKrSfAo: Request failed with status code 401 message:  @SNEHA2 : Limited :  919891963252 as daysLeft : 1
File not found: ./mobileStats-918989971646.json
Client 918989971646: Error sending message to Cute_Girls_Chatting_Group: USER_BANNED_IN_CHANNEL
Client 918398831335: Error sending message to Chatting_International_Friends: USER_BANNED_IN_CHANNEL
Client 918989971646: Error sending message to BestFriendchatting_Group: USER_BANNED_IN_CHANNEL
Client 918398831335: Error sending message to best_friends_chatting_club2: CHAT_WRITE_FORBIDDEN
918398831335: CHAT_WRITE_FORBIDDEN
Client 919891963252: Error sending message to usadateworld: CHAT_WRITE_FORBIDDEN
919891963252: CHAT_WRITE_FORBIDDEN
Client 919891963252: Error sending message to null: CHAT_SEND_PLAIN_FORBIDDEN
919891963252: CHAT_SEND_PLAIN_FORBIDDEN
Client 919891963252: Error sending message to GIRLS_BOYS111: USER_BANNED_IN_CHANNEL
Timeout error with token 7464291326:AAH7NCQ6dT7YVwFypv5H2K9Og2xaLXiQPSs: timeout of 1500ms exceeded message:  @SNEHA2 : Limited :  917692093572 as daysLeft : 2
Client 919891963252: Error sending message to null: USER_BANNED_IN_CHANNEL
Client 919891963252: Error sending message to Gf_Bf_Chating2024: USER_BANNED_IN_CHANNEL
Client 918398831335: Error sending message to Tc_officiallottery_9987: CHAT_WRITE_FORBIDDEN
918398831335: CHAT_WRITE_FORBIDDEN
Client 919891963252: Error sending message to Chatting_with_bhabhi: USER_BANNED_IN_CHANNEL
Client 918398831335: Error sending message to Global_CHATTING_HINDI_ZONE: USER_BANNED_IN_CHANNEL
Client 919891963252: Error sending message to Cute_Girls_Chatting_Group: USER_BANNED_IN_CHANNEL
Client 919891963252: Error sending message to bgdwing: USER_BANNED_IN_CHANNEL
Client 919891963252: Error sending message to Shilpasree_SWAPPING_INDIA: USER_BANNED_IN_CHANNEL
Client 919891963252: Error sending message to Girlschattinggroup_new: USER_BANNED_IN_CHANNEL
Client 919891963252: Error sending message to Grils_Chatting_group_boy_loves: USER_BANNED_IN_CHANNEL
Client 919891963252: Error sending message to girls_Love_chatting_group_07: USER_BANNED_IN_CHANNEL
Client 919891963252: Error sending message to friends_foreverI: USER_BANNED_IN_CHANNEL
Client 917692093572: Error sending message to Bhaabhi_ChattingGroup_Global: USER_BANNED_IN_CHANNEL
Client 917692093572: Error sending message to null: CHAT_WRITE_FORBIDDEN
917692093572: CHAT_WRITE_FORBIDDEN
Client 917692093572: Error sending message to hindi_english_chatting_group07: USER_BANNED_IN_CHANNEL
Client 917692093572: Error sending message to And_Girls_Boys_Group_Chatting_4: USER_BANNED_IN_CHANNEL
Client 918398831335: Error sending message to hindi_english_chatting_group07: USER_BANNED_IN_CHANNEL
Client 918398831335: Error sending message to internationalchatting_chatting: USER_BANNED_IN_CHANNEL
Client 918398831335: Error sending message to null: CHAT_SEND_PLAIN_FORBIDDEN
918398831335: CHAT_SEND_PLAIN_FORBIDDEN
Client 918398831335: Error sending message to srilanka_group_friends: USER_BANNED_IN_CHANNEL
Client 919891963252: Error sending message to wife_wapping_chatting: USER_BANNED_IN_CHANNEL
Client 919891963252: Error sending message to Tamil_chatz_hoty: USER_BANNED_IN_CHANNEL
Client 918398831335: Error sending message to null: USER_BANNED_IN_CHANNEL
Client 919891963252: Error sending message to Girlfriendmastigroup: USER_BANNED_IN_CHANNEL
Client 918398831335: Error sending message to tosslovers469: CHAT_SEND_PLAIN_FORBIDDEN
918398831335: CHAT_SEND_PLAIN_FORBIDDEN
Client 918398831335: Error sending message to Bhabhi_Chatting_Group01: USER_BANNED_IN_CHANNEL
Client 918398831335: Error sending message to USDTP2PINDIA0: USER_BANNED_IN_CHANNEL
Client 918398831335: Error sending message to genuinepaidgroup987: USER_BANNED_IN_CHANNEL
Client 918398831335: Error sending message to humasfar_KI_LOVE: USER_BANNED_IN_CHANNEL
Client 918398831335: Error sending message to CRICBET99WINID_criekbet99: CHAT_SEND_PLAIN_FORBIDDEN
918398831335: CHAT_SEND_PLAIN_FORBIDDEN
Client 918398831335: Error sending message to Friendship_Club_Music_Group: USER_BANNED_IN_CHANNEL
Client 918398831335: Error sending message to girls_chatting_group_lovers: USER_BANNED_IN_CHANNEL
Client 918398831335: Error sending message to Gf_Bf_Chating2024: USER_BANNED_IN_CHANNEL
Client 918398831335: Error sending message to international_friends_besties: USER_BANNED_IN_CHANNEL
Client 918398831335: Error sending message to girls_Love_chatting_group_07: USER_BANNED_IN_CHANNEL
Client 918398831335: Error sending message to friends_ship_moj: USER_BANNED_IN_CHANNEL
Client 918398831335: Error sending message to bngfrnds: USER_BANNED_IN_CHANNEL
Client 918398831335: Error sending message to sureshot_vvip: USER_BANNED_IN_CHANNEL
Client 917692093572: Error sending message to virtiklove: ALLOW_PAYMENT_REQUIRED
917692093572: ALLOW_PAYMENT_REQUIRED
Client 918398831335: Error sending message to smart_girls_group: USER_BANNED_IN_CHANNEL
Client 918398831335: Error sending message to international_english_chattingss: USER_BANNED_IN_CHANNEL
Error with token 7614665094:AAFCUYuiuYHon6FUDtlbE_PBbW_NmIAf3Rw: Request failed with status code 401 message:  @SNEHA2 : 
Average Reaction Delay: 7562: last:0.02mins

Error with token 7614665094:AAFCUYuiuYHon6FUDtlbE_PBbW_NmIAf3Rw: Request failed with status code 401 message:  @SNEHA2 : 
Average Reaction Delay: 7562: last:0.02mins

Error with token 7614665094:AAFCUYuiuYHon6FUDtlbE_PBbW_NmIAf3Rw: Request failed with status code 401 message:  @SNEHA2 : 
Average Reaction Delay: 7562: last:0.02mins

Error with token 7614665094:AAFCUYuiuYHon6FUDtlbE_PBbW_NmIAf3Rw: Request failed with status code 401 message:  @SNEHA2 : 
Average Reaction Delay: 7562: last:0.02mins

Error with token 7614665094:AAFCUYuiuYHon6FUDtlbE_PBbW_NmIAf3Rw: Request failed with status code 401 message:  @SNEHA2 : 
Average Reaction Delay: 7562: last:0.02mins

Error with token 7614665094:AAFCUYuiuYHon6FUDtlbE_PBbW_NmIAf3Rw: Request failed with status code 401 message:  @SNEHA2 : 
Average Reaction Delay: 7562: last:0.02mins

Error with token 7614665094:AAFCUYuiuYHon6FUDtlbE_PBbW_NmIAf3Rw: Request failed with status code 401 message:  @SNEHA2 : 
Average Reaction Delay: 7562: last:0.02mins

Error with token 7614665094:AAFCUYuiuYHon6FUDtlbE_PBbW_NmIAf3Rw: Request failed with status code 401 message:  @SNEHA2 : 
Average Reaction Delay: 7562: last:0.02mins

Message sending failed after 8 retries
Client 918989971646: Error sending message to Chatting_with_bhabhi: USER_BANNED_IN_CHANNEL
Client 918989971646: Error sending message to usadateworld: CHAT_WRITE_FORBIDDEN
918989971646: CHAT_WRITE_FORBIDDEN
Client 917692093572: Error sending message to matchv: USER_BANNED_IN_CHANNEL
Client 918398831335: Error sending message to jagruthiimpact: USER_BANNED_IN_CHANNEL
Client 917692093572: Error sending message to girls_chatting_group_lovers: USER_BANNED_IN_CHANNEL
Client 918398831335: Error sending message to friendforever23459: USER_BANNED_IN_CHANNEL
Client 917692093572: Error sending message to Girls_Chatting_Group_100K: USER_BANNED_IN_CHANNEL
Error: TIMEOUT
    at /root/telegram/promote-clients/node_modules/telegram/client/updates.js:250:85
    at runNextTicks (node:internal/process/task_queues:60:5)
    at listOnTimeout (node:internal/timers:538:9)
    at process.processTimers (node:internal/timers:512:7)
    at async _updateLoop (/root/telegram/promote-clients/node_modules/telegram/client/updates.js:191:17)
Client 919891963252: Error sending message to Videohive_templates_chat: USER_BANNED_IN_CHANNEL
Client 919891963252: Error sending message to friendwithbenefitbase: CHAT_WRITE_FORBIDDEN
919891963252: CHAT_WRITE_FORBIDDEN
Client 918398831335: Error sending message to Bhaabhi_ChattingGroup_Global: USER_BANNED_IN_CHANNEL
Client 917692093572: Error sending message to Bhabhi_Chatting_Group_point: USER_BANNED_IN_CHANNEL
Client 918398831335: Error sending message to indiangaychatrooom: USER_BANNED_IN_CHANNEL
Client 917692093572: Error sending message to Bhabhi_Chatting_Group01: USER_BANNED_IN_CHANNEL
Error with token 7828340584:AAHAh0HP9vjaMsw42iEzc125NaOsOKrSfAo: Request failed with status code 401 message:  @SNEHA2 : 
Average Reaction Delay: 7672: last:0.15mins

Error with token 7828340584:AAHAh0HP9vjaMsw42iEzc125NaOsOKrSfAo: Request failed with status code 401 message:  @SNEHA2 : 
Average Reaction Delay: 7672: last:0.15mins

Error with token 7828340584:AAHAh0HP9vjaMsw42iEzc125NaOsOKrSfAo: Request failed with status code 401 message:  @SNEHA2 : 
Average Reaction Delay: 7672: last:0.15mins

Error with token 7828340584:AAHAh0HP9vjaMsw42iEzc125NaOsOKrSfAo: Request failed with status code 401 message:  @SNEHA2 : 
Average Reaction Delay: 7672: last:0.15mins

Error with token 7828340584:AAHAh0HP9vjaMsw42iEzc125NaOsOKrSfAo: Request failed with status code 401 message:  @SNEHA2 : 
Average Reaction Delay: 7672: last:0.15mins

Error with token 7828340584:AAHAh0HP9vjaMsw42iEzc125NaOsOKrSfAo: Request failed with status code 401 message:  @SNEHA2 : 
Average Reaction Delay: 7672: last:0.15mins

Error with token 7828340584:AAHAh0HP9vjaMsw42iEzc125NaOsOKrSfAo: Request failed with status code 401 message:  @SNEHA2 : 
Average Reaction Delay: 7672: last:0.15mins

Error with token 7828340584:AAHAh0HP9vjaMsw42iEzc125NaOsOKrSfAo: Request failed with status code 401 message:  @SNEHA2 : 
Average Reaction Delay: 7672: last:0.15mins

Message sending failed after 8 retries
Client 918398831335: Error sending message to null: USER_BANNED_IN_CHANNEL
Client 917692093572: Error sending message to WIFE_SWaping_india_115: USER_BANNED_IN_CHANNEL
Client 917692093572: Error sending message to Cute_Girls_Chatting_Group: USER_BANNED_IN_CHANNEL
Error: TIMEOUT
    at /root/telegram/promote-clients/node_modules/telegram/client/updates.js:250:85
    at runNextTicks (node:internal/process/task_queues:60:5)
    at listOnTimeout (node:internal/timers:538:9)
    at process.processTimers (node:internal/timers:512:7)
    at async _updateLoop (/root/telegram/promote-clients/node_modules/telegram/client/updates.js:191:17)
Client 919891963252: Error sending message to chattingwithgirlss: USER_BANNED_IN_CHANNEL
Client 918398831335: Error sending message to TASHANHUB_00: USER_BANNED_IN_CHANNEL
Client 918398831335: Error sending message to money_Earn_99_club: undefined
918398831335: undefined
Client 917692093572: Error sending message to Ayesha_X_girl: USER_BANNED_IN_CHANNEL
Client 917692093572: Error sending message to WIFE_Sowpinge_news: USER_BANNED_IN_CHANNEL
Client 917692093572: Error sending message to BangaloreGirlsAndHotAunt: USER_BANNED_IN_CHANNEL
Client 917692093572: Error sending message to Shilpasree_BEST_LOVER: USER_BANNED_IN_CHANNEL
Client 917692093572: Error sending message to BestFriendchatting_Group: USER_BANNED_IN_CHANNEL
Client 917692093572: Error sending message to null: USER_BANNED_IN_CHANNEL
Client 917692093572: Error sending message to coupleswapingz: USER_BANNED_IN_CHANNEL
Client 917692093572: Error sending message to eharmonycom: CHAT_WRITE_FORBIDDEN
917692093572: CHAT_WRITE_FORBIDDEN
Client 919891963252: Error sending message to aunty_Girls_Chatting_Group: USER_BANNED_IN_CHANNEL
Client 919891963252: Error sending message to chattingangles: USER_BANNED_IN_CHANNEL
Client 919891963252: Error sending message to null: USER_BANNED_IN_CHANNEL
Client 919891963252: Error sending message to Tamil_wife_swapping123: USER_BANNED_IN_CHANNEL
Client 918398831335: Error sending message to Mahakal_online_Book: USER_BANNED_IN_CHANNEL
Client 918398831335: Error sending message to aapnemoviewalebaba: CHAT_SEND_PLAIN_FORBIDDEN
918398831335: CHAT_SEND_PLAIN_FORBIDDEN
Client 918989971646: Error sending message to M21771: TOPIC_CLOSED
918989971646: TOPIC_CLOSED
Client 918989971646: Error sending message to WIFE_SWAPPING_INDIAQ: USER_BANNED_IN_CHANNEL
Client 918989971646: Error sending message to GangOfGiirls: USER_BANNED_IN_CHANNEL
Client 918989971646: Error sending message to Girls_Chatting_Group_100K: USER_BANNED_IN_CHANNEL
Client 918989971646: Error sending message to Hot_Girls_Chatting_Group1: USER_BANNED_IN_CHANNEL
Client 917692093572: Error sending message to CallGirls_And_Playboys: USER_BANNED_IN_CHANNEL
🚨 Heap exceeded 100 MB. Cleaning up...
⚠️ GC not available. Start Node with --expose-gc
Client 918398831335: Error sending message to IndianGirlsBoysFlix: USER_BANNED_IN_CHANNEL
Client 918398831335: Error sending message to WIFE_SWAPPING_INDIA00: USER_BANNED_IN_CHANNEL
Client 918398831335: Error sending message to Tamil_wife_swapping123: USER_BANNED_IN_CHANNEL
Client 918398831335: Error sending message to ludo_players_group: USER_BANNED_IN_CHANNEL
Client 917692093572: Error sending message to collage_girl_frand: USER_BANNED_IN_CHANNEL
Client 918398831335: Error sending message to Telugu_Friends_ChattingGroup: USER_BANNED_IN_CHANNEL
Client 918398831335: Error sending message to dharmik5: USER_BANNED_IN_CHANNEL
Client 918398831335: Error sending message to Girlschattinggroup_new: USER_BANNED_IN_CHANNEL
Client 919891963252: Error sending message to null: USER_BANNED_IN_CHANNEL
Client 919891963252: Error sending message to realmarwahmedicine: USER_BANNED_IN_CHANNEL
Client 919891963252: Error sending message to FRIENDS_ARE_LOVE: CHAT_WRITE_FORBIDDEN
919891963252: CHAT_WRITE_FORBIDDEN
Client 919891963252: Error sending message to gayworldzone: USER_BANNED_IN_CHANNEL
Client 919891963252: Error sending message to And_Girls_Boys_Group_Chatting_4: USER_BANNED_IN_CHANNEL
Client 919891963252: Error sending message to Paki_bhaabhi_ChattingGroup: USER_BANNED_IN_CHANNEL
Client 919891963252: Error sending message to WIFE_SWAPPING_BULLS: USER_BANNED_IN_CHANNEL
Client 919891963252: Error sending message to Shilpasree_BEST_LOVER: USER_BANNED_IN_CHANNEL
Client 919891963252: Error sending message to tosslovers469: CHAT_SEND_PLAIN_FORBIDDEN
919891963252: CHAT_SEND_PLAIN_FORBIDDEN
Client 919891963252: Error sending message to M21771: TOPIC_CLOSED
919891963252: TOPIC_CLOSED
Client 919891963252: Error sending message to WIFE_SWAPPING_INDIA00: USER_BANNED_IN_CHANNEL
Client 919891963252: Error sending message to null: CHAT_WRITE_FORBIDDEN
919891963252: CHAT_WRITE_FORBIDDEN
Client 919891963252: Error sending message to null: USER_BANNED_IN_CHANNEL
Client 919891963252: Error sending message to american_dating_girls_usa_uk: USER_BANNED_IN_CHANNEL
Client 917692093572: Error sending message to delhi_dating_group1: USER_BANNED_IN_CHANNEL
Client 918398831335: Error sending message to Best_Friends_Forever_United: USER_BANNED_IN_CHANNEL
Client 918398831335: Error sending message to indianwife_Swapping: USER_BANNED_IN_CHANNEL
Client 919891963252: Error sending message to Girls_Boys_CHATTING_GROUP_007: USER_BANNED_IN_CHANNEL
Client 919891963252: Error sending message to WIFE_SWaping_india_115: USER_BANNED_IN_CHANNEL
Client 919891963252: Error sending message to mkdphotostudiofamily: USER_BANNED_IN_CHANNEL
Client 919891963252: Error sending message to geniunegirlsclub: USER_BANNED_IN_CHANNEL
Client 919891963252: Error sending message to girls_and_boys_chatting_group5: USER_BANNED_IN_CHANNEL
Client 919891963252: Error sending message to Darazmysteryboxlovers: USER_BANNED_IN_CHANNEL
Client 917692093572: Error sending message to freefireforgirls: USER_BANNED_IN_CHANNEL
Client 918398831335: Error sending message to usadateworld: CHAT_WRITE_FORBIDDEN
918398831335: CHAT_WRITE_FORBIDDEN
Client 917692093572: Error sending message to GIRLS_BOYS111: USER_BANNED_IN_CHANNEL
Client 918398831335: Error sending message to gaychat_gr: USER_BANNED_IN_CHANNEL
🚨 Heap exceeded 100 MB. Cleaning up...
⚠️ GC not available. Start Node with --expose-gc
Error with token 7614665094:AAFCUYuiuYHon6FUDtlbE_PBbW_NmIAf3Rw: Request failed with status code 401 message:  @SNEHA2 : 
Average Reaction Delay: 6143: last:0.02mins

Error with token 7614665094:AAFCUYuiuYHon6FUDtlbE_PBbW_NmIAf3Rw: Request failed with status code 401 message:  @SNEHA2 : 
Average Reaction Delay: 6143: last:0.02mins

Error with token 7614665094:AAFCUYuiuYHon6FUDtlbE_PBbW_NmIAf3Rw: Request failed with status code 401 message:  @SNEHA2 : 
Average Reaction Delay: 6143: last:0.02mins

Error with token 7614665094:AAFCUYuiuYHon6FUDtlbE_PBbW_NmIAf3Rw: Request failed with status code 401 message:  @SNEHA2 : 
Average Reaction Delay: 6143: last:0.02mins

Error with token 7614665094:AAFCUYuiuYHon6FUDtlbE_PBbW_NmIAf3Rw: Request failed with status code 401 message:  @SNEHA2 : 
Average Reaction Delay: 6143: last:0.02mins

Error with token 7614665094:AAFCUYuiuYHon6FUDtlbE_PBbW_NmIAf3Rw: Request failed with status code 401 message:  @SNEHA2 : 
Average Reaction Delay: 6143: last:0.02mins

Error with token 7614665094:AAFCUYuiuYHon6FUDtlbE_PBbW_NmIAf3Rw: Request failed with status code 401 message:  @SNEHA2 : 
Average Reaction Delay: 6143: last:0.02mins

Error with token 7614665094:AAFCUYuiuYHon6FUDtlbE_PBbW_NmIAf3Rw: Request failed with status code 401 message:  @SNEHA2 : 
Average Reaction Delay: 6143: last:0.02mins

Message sending failed after 8 retries
Client 917692093572: Error sending message to indiangaychatrooom: USER_BANNED_IN_CHANNEL
Client 917692093572: Error sending message to Girlfriendmastigroup: USER_BANNED_IN_CHANNEL
Client 918398831335: Error sending message to telugu_groups_friends_chatting: USER_BANNED_IN_CHANNEL
Client 917692093572: Error sending message to chattingangles: USER_BANNED_IN_CHANNEL
Client 918398831335: Error sending message to paidstudies: USER_BANNED_IN_CHANNEL
Client 917692093572: Error sending message to friendsgroupchating77: USER_BANNED_IN_CHANNEL
Client 918398831335: Error sending message to shayari_loverrr: USER_BANNED_IN_CHANNEL
Client 918398831335: Error sending message to gujaratgaygroup: USER_BANNED_IN_CHANNEL
Client 917692093572: Error sending message to bestfriend_Girls_Chatting_group: USER_BANNED_IN_CHANNEL
Client 918398831335: Error sending message to Cute_Girls_ChattingGroup: USER_BANNED_IN_CHANNEL
Client 917692093572: Error sending message to Girls_love_xxROOM: USER_BANNED_IN_CHANNEL
Client 917692093572: Error sending message to Anesthesia_PPTs_PDFs_Videos: USER_BANNED_IN_CHANNEL
Client 918398831335: Error sending message to collage_girl_frand: USER_BANNED_IN_CHANNEL
Client 917692093572: Error sending message to BENGAL_WIFE_SWAPPING: USER_BANNED_IN_CHANNEL
Client 919891963252: Error sending message to binge_bdreal: USER_BANNED_IN_CHANNEL
Client 919891963252: Error sending message to null: USER_BANNED_IN_CHANNEL
Client 919891963252: Error sending message to BaByGiRLGaP: USER_BANNED_IN_CHANNEL
Client 919891963252: Error sending message to BhabhiloversChat: USER_BANNED_IN_CHANNEL
Client 919891963252: Error sending message to Realme1Community: CHAT_WRITE_FORBIDDEN
919891963252: CHAT_WRITE_FORBIDDEN
Client 919891963252: Error sending message to Soulmates_VoiceChat: USER_BANNED_IN_CHANNEL
Client 917692093572: Error sending message to WIFE_SWAPPING_KERALA_REAL: USER_BANNED_IN_CHANNEL
Client 918398831335: Error sending message to Girls_Chatting_Group_100K: USER_BANNED_IN_CHANNEL
Client 917692093572: Error sending message to FRIENDS_ARE_LOVE: CHAT_WRITE_FORBIDDEN
917692093572: CHAT_WRITE_FORBIDDEN
Client 917692093572: Error sending message to SWAPPING_INDIA_P4U: USER_BANNED_IN_CHANNEL
Client 918989971646: Error sending message to love_BHABHIsex_ROM: USER_BANNED_IN_CHANNEL
Error with token 7828340584:AAHAh0HP9vjaMsw42iEzc125NaOsOKrSfAo: Request failed with status code 401 message:  @SNEHA2 : 
Average Reaction Delay: 6961: last:0.12mins

Error with token 7828340584:AAHAh0HP9vjaMsw42iEzc125NaOsOKrSfAo: Request failed with status code 401 message:  @SNEHA2 : 
Average Reaction Delay: 6961: last:0.12mins

Error with token 7828340584:AAHAh0HP9vjaMsw42iEzc125NaOsOKrSfAo: Request failed with status code 401 message:  @SNEHA2 : 
Average Reaction Delay: 6961: last:0.12mins

Error with token 7828340584:AAHAh0HP9vjaMsw42iEzc125NaOsOKrSfAo: Request failed with status code 401 message:  @SNEHA2 : 
Average Reaction Delay: 6961: last:0.12mins

Client 918989971646: Error sending message to BaByGiRLGaP: USER_BANNED_IN_CHANNEL
Error with token 7828340584:AAHAh0HP9vjaMsw42iEzc125NaOsOKrSfAo: Request failed with status code 401 message:  @SNEHA2 : 
Average Reaction Delay: 6961: last:0.12mins

Error with token 7828340584:AAHAh0HP9vjaMsw42iEzc125NaOsOKrSfAo: Request failed with status code 401 message:  @SNEHA2 : 
Average Reaction Delay: 6961: last:0.12mins

Timeout error with token 7828340584:AAHAh0HP9vjaMsw42iEzc125NaOsOKrSfAo: timeout of 1500ms exceeded message:  @SNEHA2 : 
Average Reaction Delay: 6961: last:0.12mins

Client 918989971646: Error sending message to wife_swapping_bangalore: USER_BANNED_IN_CHANNEL
Client 918989971646: Error sending message to null: USER_BANNED_IN_CHANNEL
Client 918989971646: Error sending message to pookie_hoon: USER_BANNED_IN_CHANNEL
Client 918989971646: Error sending message to pinki_real_room: USER_BANNED_IN_CHANNEL
Client 919891963252: Error sending message to Sweet_Girls_Chatting_Group: USER_BANNED_IN_CHANNEL
Client 919891963252: Error sending message to bhabhiyon_ki_duniya: USER_BANNED_IN_CHANNEL
Client 919891963252: Error sending message to TclotteryteamCT: USER_BANNED_IN_CHANNEL
Client 919891963252: Error sending message to WIFE_SWAPPING_INDIAQ: USER_BANNED_IN_CHANNEL
Client 918398831335: Error sending message to Shilpasree_SWAPPING_INDIA: USER_BANNED_IN_CHANNEL
Client 917692093572: Error sending message to CHATTING_GIRLS_BOYS_GROUP: USER_BANNED_IN_CHANNEL
Client 917692093572: Error sending message to aunty_Girls_Chatting_Group: USER_BANNED_IN_CHANNEL
Client 917692093572: Error sending message to Paid_Girls_Service_Available102: USER_BANNED_IN_CHANNEL
Client 917692093572: Error sending message to Bengaligaygroup: USER_BANNED_IN_CHANNEL
Client 917692093572: Error sending message to null: USER_BANNED_IN_CHANNEL
Client 917692093572: Error sending message to international_friends_besties: USER_BANNED_IN_CHANNEL
Client 919891963252: Error sending message to girls_boy_chatting_interfaith: USER_BANNED_IN_CHANNEL
Client 919891963252: Error sending message to Gay_arabul: CHAT_WRITE_FORBIDDEN
919891963252: CHAT_WRITE_FORBIDDEN
Client 918398831335: Error sending message to WIFE_SWAPPING_INDIAN_MEETING: USER_BANNED_IN_CHANNEL
Client 918398831335: Error sending message to Lovely_GirlsChattingGroup: USER_BANNED_IN_CHANNEL
Client 918398831335: Error sending message to girls_chatting_groupsssw: USER_BANNED_IN_CHANNEL
Client 918398831335: Error sending message to bhabhiyon_ki_duniya: USER_BANNED_IN_CHANNEL
Client 918398831335: Error sending message to LOVE_FEELINGS_WILL1: USER_BANNED_IN_CHANNEL
Client 919891963252: Error sending message to Anesthesia_PPTs_PDFs_Videos: USER_BANNED_IN_CHANNEL
Client 919891963252: Error sending message to Single_Girls_Chatting_Friendship: USER_BANNED_IN_CHANNEL
Client 918398831335: Error sending message to telugu_sex_storys: CHAT_SEND_PLAIN_FORBIDDEN
918398831335: CHAT_SEND_PLAIN_FORBIDDEN
Client 917692093572: Error sending message to crypto_airdrop_trading_signal: undefined
917692093572: undefined
Client 917692093572: Error sending message to chatting_group_girls12: USER_BANNED_IN_CHANNEL
Client 919891963252: Error sending message to virtiklove: ALLOW_PAYMENT_REQUIRED
919891963252: ALLOW_PAYMENT_REQUIRED
🚨 Heap exceeded 100 MB. Cleaning up...
⚠️ GC not available. Start Node with --expose-gc
Client 917692093572: Error sending message to plentyoff: USER_BANNED_IN_CHANNEL
Client 918989971646: Error sending message to virtiklove: ALLOW_PAYMENT_REQUIRED
918989971646: ALLOW_PAYMENT_REQUIRED
Client 919891963252: Error sending message to telugu_sex_storys: CHAT_SEND_PLAIN_FORBIDDEN
919891963252: CHAT_SEND_PLAIN_FORBIDDEN
Client 919891963252: Error sending message to Dasi_Bhabhi_Chatting_Group: USER_BANNED_IN_CHANNEL
Client 919891963252: Error sending message to love_BHABHIsex_ROM: USER_BANNED_IN_CHANNEL
Client 917692093572: Error sending message to null: USER_BANNED_IN_CHANNEL
Client 917692093572: Error sending message to geniunegirlsclub: USER_BANNED_IN_CHANNEL
Client 917692093572: Error sending message to Matrimony_Dating_Group: USER_BANNED_IN_CHANNEL
Client 919891963252: Error sending message to tigerbook2017: USER_BANNED_IN_CHANNEL
Timeout error with token 7885356543:AAH2NQHh-tg-18mx4Esfxii-KvqFmqX_oTY: timeout of 1500ms exceeded message:  @SNEHA2 : 917692093572
R: Hi baby
Error with token 7614665094:AAFCUYuiuYHon6FUDtlbE_PBbW_NmIAf3Rw: Request failed with status code 401 message:  @SNEHA2 : 917692093572
R: Demo plz
Error with token 7614665094:AAFCUYuiuYHon6FUDtlbE_PBbW_NmIAf3Rw: Request failed with status code 401 message:  @SNEHA2 : 917692093572
R: Demo plz
Error with token 7614665094:AAFCUYuiuYHon6FUDtlbE_PBbW_NmIAf3Rw: Request failed with status code 401 message:  @SNEHA2 : 917692093572
R: Demo plz
Error with token 7614665094:AAFCUYuiuYHon6FUDtlbE_PBbW_NmIAf3Rw: Request failed with status code 401 message:  @SNEHA2 : 917692093572
R: Demo plz
Error with token 7614665094:AAFCUYuiuYHon6FUDtlbE_PBbW_NmIAf3Rw: Request failed with status code 401 message:  @SNEHA2 : 917692093572
R: Demo plz
Error with token 7614665094:AAFCUYuiuYHon6FUDtlbE_PBbW_NmIAf3Rw: Request failed with status code 401 message:  @SNEHA2 : 917692093572
R: Demo plz
Error with token 7614665094:AAFCUYuiuYHon6FUDtlbE_PBbW_NmIAf3Rw: Request failed with status code 401 message:  @SNEHA2 : 917692093572
R: Demo plz
Error with token 7614665094:AAFCUYuiuYHon6FUDtlbE_PBbW_NmIAf3Rw: Request failed with status code 401 message:  @SNEHA2 : 917692093572
R: Demo plz
Message sending failed after 8 retries
Client 917692093572: Error sending message to Lucky_Draw_Master_Service_Group: USER_BANNED_IN_CHANNEL
Error with token 7828340584:AAHAh0HP9vjaMsw42iEzc125NaOsOKrSfAo: Request failed with status code 401 message:  @SNEHA2 : 917692093572
R: Call me
Error with token 7828340584:AAHAh0HP9vjaMsw42iEzc125NaOsOKrSfAo: Request failed with status code 401 message:  @SNEHA2 : 917692093572
R: Call me
Error with token 7828340584:AAHAh0HP9vjaMsw42iEzc125NaOsOKrSfAo: Request failed with status code 401 message:  @SNEHA2 : 917692093572
R: Call me
Client 919891963252: Error sending message to CallGirls_And_Playboys: USER_BANNED_IN_CHANNEL
Client 919891963252: Error sending message to WIFE_SWAPPING_INDIAN_MEETING: USER_BANNED_IN_CHANNEL
Client 919891963252: Error sending message to aapnemoviewalebaba: CHAT_SEND_PLAIN_FORBIDDEN
919891963252: CHAT_SEND_PLAIN_FORBIDDEN
🚨 Heap exceeded 100 MB. Cleaning up...
⚠️ GC not available. Start Node with --expose-gc
Client 917692093572: Error sending message to GirlsBoysXD: USER_BANNED_IN_CHANNEL
Error with token 7614665094:AAFCUYuiuYHon6FUDtlbE_PBbW_NmIAf3Rw: Request failed with status code 401 message:  @SNEHA2 : 917692093572
R: Which no. I need to pay but give me first demo
Error with token 7614665094:AAFCUYuiuYHon6FUDtlbE_PBbW_NmIAf3Rw: Request failed with status code 401 message:  @SNEHA2 : 917692093572
R: Which no. I need to pay but give me first demo
Timeout error with token 7614665094:AAFCUYuiuYHon6FUDtlbE_PBbW_NmIAf3Rw: timeout of 1500ms exceeded message:  @SNEHA2 : 917692093572
R: Which no. I need to pay but give me first demo
Error with token 7828340584:AAHAh0HP9vjaMsw42iEzc125NaOsOKrSfAo: Request failed with status code 401 message:  @SNEHA2 : 917692093572
R: Or upi
Error with token 7828340584:AAHAh0HP9vjaMsw42iEzc125NaOsOKrSfAo: Request failed with status code 401 message:  @SNEHA2 : 917692093572
R: Or upi
Error with token 7828340584:AAHAh0HP9vjaMsw42iEzc125NaOsOKrSfAo: Request failed with status code 401 message:  @SNEHA2 : 917692093572
R: Or upi
Error with token 7828340584:AAHAh0HP9vjaMsw42iEzc125NaOsOKrSfAo: Request failed with status code 401 message:  @SNEHA2 : 917692093572
R: Or upi
Error with token 7828340584:AAHAh0HP9vjaMsw42iEzc125NaOsOKrSfAo: Request failed with status code 401 message:  @SNEHA2 : 917692093572
R: Or upi
Error with token 7828340584:AAHAh0HP9vjaMsw42iEzc125NaOsOKrSfAo: Request failed with status code 401 message:  @SNEHA2 : 917692093572
R: Or upi
Error with token 7828340584:AAHAh0HP9vjaMsw42iEzc125NaOsOKrSfAo: Request failed with status code 401 message:  @SNEHA2 : 917692093572
R: Or upi
Error with token 7828340584:AAHAh0HP9vjaMsw42iEzc125NaOsOKrSfAo: Request failed with status code 401 message:  @SNEHA2 : 917692093572
R: Or upi
Message sending failed after 8 retries
Client 919891963252: Error sending message to Bhabhi_Chatting_Group01: USER_BANNED_IN_CHANNEL
Client 919891963252: Error sending message to GirlschattingGroup_Superchatting: USER_BANNED_IN_CHANNEL
Client 917692093572: Error sending message to bhabhi_chatting_groups1: USER_BANNED_IN_CHANNEL
Client 918398831335: Error sending message to M21771: TOPIC_CLOSED
918398831335: TOPIC_CLOSED
Client 919891963252: Error sending message to Ayesha_X_girl: USER_BANNED_IN_CHANNEL
Client 919891963252: Error sending message to telugu_groups_friends_chatting: USER_BANNED_IN_CHANNEL
Client 919891963252: Error sending message to dharmik5: USER_BANNED_IN_CHANNEL
Client 919891963252: Error sending message to chatting_group_girls12: USER_BANNED_IN_CHANNEL
Client 917692093572: Error sending message to binge_bdreal: USER_BANNED_IN_CHANNEL
Error with token 7614665094:AAFCUYuiuYHon6FUDtlbE_PBbW_NmIAf3Rw: Request failed with status code 401 message:  @SNEHA2 : 917692093572
R: ?
Error with token 7614665094:AAFCUYuiuYHon6FUDtlbE_PBbW_NmIAf3Rw: Request failed with status code 401 message:  @SNEHA2 : 917692093572
R: ?
Error with token 7614665094:AAFCUYuiuYHon6FUDtlbE_PBbW_NmIAf3Rw: Request failed with status code 401 message:  @SNEHA2 : 917692093572
R: ?
Error with token 7614665094:AAFCUYuiuYHon6FUDtlbE_PBbW_NmIAf3Rw: Request failed with status code 401 message:  @SNEHA2 : 917692093572
R: ?
Error with token 7614665094:AAFCUYuiuYHon6FUDtlbE_PBbW_NmIAf3Rw: Request failed with status code 401 message:  @SNEHA2 : 917692093572
R: ?
Error with token 7614665094:AAFCUYuiuYHon6FUDtlbE_PBbW_NmIAf3Rw: Request failed with status code 401 message:  @SNEHA2 : 917692093572
R: ?
Error with token 7614665094:AAFCUYuiuYHon6FUDtlbE_PBbW_NmIAf3Rw: Request failed with status code 401 message:  @SNEHA2 : 917692093572
R: ?
Error with token 7614665094:AAFCUYuiuYHon6FUDtlbE_PBbW_NmIAf3Rw: Request failed with status code 401 message:  @SNEHA2 : 917692093572
R: ?
Message sending failed after 8 retries
Error with token 7828340584:AAHAh0HP9vjaMsw42iEzc125NaOsOKrSfAo: Request failed with status code 401 message:  @SNEHA2 : 
Average Reaction Delay: 7269: last:0.07mins

Error with token 7828340584:AAHAh0HP9vjaMsw42iEzc125NaOsOKrSfAo: Request failed with status code 401 message:  @SNEHA2 : 
Average Reaction Delay: 7269: last:0.07mins

Error with token 7828340584:AAHAh0HP9vjaMsw42iEzc125NaOsOKrSfAo: Request failed with status code 401 message:  @SNEHA2 : 
Average Reaction Delay: 7269: last:0.07mins

Error with token 7828340584:AAHAh0HP9vjaMsw42iEzc125NaOsOKrSfAo: Request failed with status code 401 message:  @SNEHA2 : 
Average Reaction Delay: 7269: last:0.07mins

Error with token 7828340584:AAHAh0HP9vjaMsw42iEzc125NaOsOKrSfAo: Request failed with status code 401 message:  @SNEHA2 : 
Average Reaction Delay: 7269: last:0.07mins

Error with token 7828340584:AAHAh0HP9vjaMsw42iEzc125NaOsOKrSfAo: Request failed with status code 401 message:  @SNEHA2 : 
Average Reaction Delay: 7269: last:0.07mins

Error with token 7828340584:AAHAh0HP9vjaMsw42iEzc125NaOsOKrSfAo: Request failed with status code 401 message:  @SNEHA2 : 
Average Reaction Delay: 7269: last:0.07mins

Error with token 7828340584:AAHAh0HP9vjaMsw42iEzc125NaOsOKrSfAo: Request failed with status code 401 message:  @SNEHA2 : 
Average Reaction Delay: 7269: last:0.07mins

Message sending failed after 8 retries
Client 919891963252: Error sending message to friendship4uchatttinggroup: USER_BANNED_IN_CHANNEL
Client 917692093572: Error sending message to Darazmysteryboxlovers: USER_BANNED_IN_CHANNEL
Client 917692093572: Error sending message to preplycom: USER_BANNED_IN_CHANNEL
Client 917692093572: Error sending message to Dasi_Bhabhi_Chatting_Group: USER_BANNED_IN_CHANNEL
Client 917692093572: Error sending message to null: USER_BANNED_IN_CHANNEL
Client 917692093572: Error sending message to Lovely_GirlsChattingGroup: USER_BANNED_IN_CHANNEL
Client 917692093572: Error sending message to null: USER_BANNED_IN_CHANNEL
Client 917692093572: Error sending message to WIFE_SWAPPING_BULLS: USER_BANNED_IN_CHANNEL
Client 918398831335: Error sending message to top_dating_usa_chat: ALLOW_PAYMENT_REQUIRED
918398831335: ALLOW_PAYMENT_REQUIRED
Client 918398831335: Error sending message to GirlsBoysXD: USER_BANNED_IN_CHANNEL
Client 919891963252: Error sending message to Bhabhi_Chatting_Group_New: USER_BANNED_IN_CHANNEL
Client 917692093572: Error sending message to friendwithbenefitbase: CHAT_WRITE_FORBIDDEN
917692093572: CHAT_WRITE_FORBIDDEN
Client 917692093572: Error sending message to Bhabhi_Chatting_Group_New: USER_BANNED_IN_CHANNEL
Client 917692093572: Error sending message to Dubaistrangers: USER_BANNED_IN_CHANNEL
Client 917692093572: Error sending message to GIRL_CHAT111: USER_BANNED_IN_CHANNEL
Client 917692093572: Error sending message to usadateworld: CHAT_WRITE_FORBIDDEN
917692093572: CHAT_WRITE_FORBIDDEN
Client 918398831335: Error sending message to FRIENDS_ARE_LOVE: CHAT_WRITE_FORBIDDEN
918398831335: CHAT_WRITE_FORBIDDEN
Client 918398831335: Error sending message to casinoonline_batting_tips: CHAT_SEND_PLAIN_FORBIDDEN
918398831335: CHAT_SEND_PLAIN_FORBIDDEN
Client 918398831335: Error sending message to Ayesha_X_girl: USER_BANNED_IN_CHANNEL
Client 918398831335: Error sending message to Girls_chatting_Grouph: USER_BANNED_IN_CHANNEL
Client 919891963252: Error sending message to girls_chatting_group_lovers: USER_BANNED_IN_CHANNEL
Client 919891963252: Error sending message to backbencherssssssss: CHAT_SEND_PLAIN_FORBIDDEN
919891963252: CHAT_SEND_PLAIN_FORBIDDEN
Client 919891963252: Error sending message to Girls_And_Boy_Chatting_Group: USER_BANNED_IN_CHANNEL
Client 917692093572: Error sending message to Live_Video_Call_Chating: USER_BANNED_IN_CHANNEL
Client 917692093572: Error sending message to WIFE_SWAPPING_INDIAN_MEETING: USER_BANNED_IN_CHANNEL
Client 918398831335: Error sending message to win101_Prediction_vip: undefined
918398831335: undefined
Client 918398831335: Error sending message to Bhabhi_Chatting_Group_New: USER_BANNED_IN_CHANNEL
Client 918398831335: Error sending message to friendwithbenefitbase: CHAT_WRITE_FORBIDDEN
918398831335: CHAT_WRITE_FORBIDDEN
Client 918398831335: Error sending message to null: USER_BANNED_IN_CHANNEL
Client 918398831335: Error sending message to saigonhub: USER_BANNED_IN_CHANNEL
Client 918398831335: Error sending message to GIRLS_BOYS111: USER_BANNED_IN_CHANNEL
Client 918398831335: Error sending message to GirlschattingGroup_Superchatting: USER_BANNED_IN_CHANNEL
Client 919891963252: Error sending message to GayFashionShow: USER_BANNED_IN_CHANNEL
Client 917692093572: Error sending message to paidstudies: USER_BANNED_IN_CHANNEL
Client 917692093572: Error sending message to GirlschattingGroup_Superchatting: USER_BANNED_IN_CHANNEL
Client 917692093572: Error sending message to girls_boys_chatting_group_9995: USER_BANNED_IN_CHANNEL
Client 917692093572: Error sending message to genuinepaidgroup987: USER_BANNED_IN_CHANNEL
Client 917692093572: Error sending message to Single_Girls_Chatting_Friendship: USER_BANNED_IN_CHANNEL
Client 917692093572: Error sending message to TamilAnutyveriyanahahahah: USER_BANNED_IN_CHANNEL
Client 917692093572: Error sending message to Cute_Girls_ChattingGroup: USER_BANNED_IN_CHANNEL
🚨 Heap exceeded 100 MB. Cleaning up...
⚠️ GC not available. Start Node with --expose-gc
Client 919891963252: Error sending message to hindi_english_chatting_group07: USER_BANNED_IN_CHANNEL
Client 919891963252: Error sending message to best_friends_chatting_club2: CHAT_WRITE_FORBIDDEN
919891963252: CHAT_WRITE_FORBIDDEN
Client 918989971646: Error sending message to best_friends_chatting_club2: CHAT_WRITE_FORBIDDEN
918989971646: CHAT_WRITE_FORBIDDEN
Client 919891963252: Error sending message to freefireforgirls: USER_BANNED_IN_CHANNEL
Client 918989971646: Error sending message to Grils_Chatting_group_boy_loves: USER_BANNED_IN_CHANNEL
Client 919891963252: Error sending message to perfectmatedating: USER_BANNED_IN_CHANNEL
