Database instance does not exist.
Database instance does not exist.
Database instance does not exist.
Database instance does not exist.
Database instance does not exist.
Database instance does not exist.
Database instance does not exist.
Database instance does not exist.
Database instance does not exist.
(node:73499) [MONGODB DRIVER] Warning: useNewUrlParser is a deprecated option: useNewUrlParser has no effect since Node.js Driver version 4.0.0 and will be removed in the next major version
(Use `node --trace-warnings ...` to show where the warning was created)
(node:73499) [MONGODB DRIVER] Warning: useUnifiedTopology is a deprecated option: useUnifiedTopology has no effect since Node.js Driver version 4.0.0 and will be removed in the next major version
File not found: ./mobileStats-919890489433.json
File not found: ./mobileStats-918734885628.json
File not found: ./mobileStats-919104300805.json
Client 918734885628: Error sending message to Videohive_templates_chat: USER_BANNED_IN_CHANNEL
Error with token 7828340584:AAHAh0HP9vjaMsw42iEzc125NaOsOKrSfAo: Request failed with status code 401 message:  @SOWMYA1 : Limited :  918734885628 as daysLeft : 2
Error with token 7828340584:AAHAh0HP9vjaMsw42iEzc125NaOsOKrSfAo: Request failed with status code 401 message:  @SOWMYA1 : Limited :  918734885628 as daysLeft : 2
Client 919104300805: Failed to send message to 1837460914 || @RCSClub
Error with token 7828340584:AAHAh0HP9vjaMsw42iEzc125NaOsOKrSfAo: Request failed with status code 401 message:  @SOWMYA1 : Limited :  918734885628 as daysLeft : 2
Error with token 7828340584:AAHAh0HP9vjaMsw42iEzc125NaOsOKrSfAo: Request failed with status code 401 message:  @SOWMYA1 : Limited :  918734885628 as daysLeft : 2
File not found: ./mobileStats-918248262394.json
Error with token 7828340584:AAHAh0HP9vjaMsw42iEzc125NaOsOKrSfAo: Request failed with status code 401 message:  @SOWMYA1 : Limited :  918734885628 as daysLeft : 2
Client 918734885628: Error sending message to Bhaabhi_ChattingGroup_Global: USER_BANNED_IN_CHANNEL
Error with token 7828340584:AAHAh0HP9vjaMsw42iEzc125NaOsOKrSfAo: Request failed with status code 401 message:  @SOWMYA1 : Limited :  918734885628 as daysLeft : 2
Error with token 7828340584:AAHAh0HP9vjaMsw42iEzc125NaOsOKrSfAo: Request failed with status code 401 message:  @SOWMYA1 : Limited :  918734885628 as daysLeft : 2
Client 919104300805: Error sending message to WIFE_SWAPPING_INDIA00: USER_BANNED_IN_CHANNEL
Error with token 7828340584:AAHAh0HP9vjaMsw42iEzc125NaOsOKrSfAo: Request failed with status code 401 message:  @SOWMYA1 : Limited :  918734885628 as daysLeft : 2
Message sending failed after 8 retries
Client 918248262394: Error sending message to tosslovers469: CHAT_SEND_PLAIN_FORBIDDEN
918248262394: CHAT_SEND_PLAIN_FORBIDDEN
Client 918734885628: Error sending message to Girls_love_xxROOM: USER_BANNED_IN_CHANNEL
Client 919104300805: Error sending message to Chatting_with_bhabhi: USER_BANNED_IN_CHANNEL
Client 918734885628: Error sending message to Girls_chatting_Grouph: USER_BANNED_IN_CHANNEL
Client 919104300805: Error sending message to telanganarealestate: CHAT_WRITE_FORBIDDEN
919104300805: CHAT_WRITE_FORBIDDEN
Client 918734885628: Error sending message to BhabhiloversChat: USER_BANNED_IN_CHANNEL
Client 918734885628: Error sending message to RCSClub: USER_BANNED_IN_CHANNEL
Client 919104300805: Error sending message to delhi_dating_group1: USER_BANNED_IN_CHANNEL
Client 918734885628: Error sending message to thefriendsforever21: USER_BANNED_IN_CHANNEL
Client 918734885628: Error sending message to WIFE_SWAPPING_BULLS: USER_BANNED_IN_CHANNEL
Client 918734885628: Error sending message to TeleRoid14: USER_BANNED_IN_CHANNEL
Client 919104300805: Error sending message to indian_men: USER_BANNED_IN_CHANNEL
Client 919104300805: Error sending message to usadateworld: CHAT_WRITE_FORBIDDEN
919104300805: CHAT_WRITE_FORBIDDEN
Client 919104300805: Error sending message to telugu_sex_storys: CHAT_SEND_PLAIN_FORBIDDEN
919104300805: CHAT_SEND_PLAIN_FORBIDDEN
Client 918734885628: Error sending message to BestFriendchatting_Group: USER_BANNED_IN_CHANNEL
Client 918734885628: Error sending message to friend_Chatting_Group_Pro: USER_BANNED_IN_CHANNEL
Client 918734885628: Error sending message to SinglePasagaBoysWorld: CHAT_WRITE_FORBIDDEN
918734885628: CHAT_WRITE_FORBIDDEN
Client 918734885628: Error sending message to bngfrnds: USER_BANNED_IN_CHANNEL
Client 918734885628: Error sending message to Girls_Friends_Chatting_Groupp1: USER_BANNED_IN_CHANNEL
Client 918734885628: Error sending message to Telugu_groups_chatting_friends: USER_BANNED_IN_CHANNEL
Client 918734885628: Error sending message to Tamil_wife_swapping123: USER_BANNED_IN_CHANNEL
Client 918734885628: Error sending message to Bhabhi_Chatting_Group_New: USER_BANNED_IN_CHANNEL
Client 918734885628: Error sending message to CHATTING_GIRLS_BOYS_GROUP: USER_BANNED_IN_CHANNEL
Client 918248262394: Error sending message to Free_Girls_Chatting_Group: USER_BANNED_IN_CHANNEL
Client 918248262394: Error sending message to Shilpasree_BEST_LOVER: USER_BANNED_IN_CHANNEL
Client 918248262394: Error sending message to GIRL_CHAT111: USER_BANNED_IN_CHANNEL
Client 918248262394: Error sending message to humasfar_KI_LOVE: USER_BANNED_IN_CHANNEL
Client 918248262394: Error sending message to Indiangaygroupvc: USER_BANNED_IN_CHANNEL
Client 918248262394: Error sending message to Couplessmaping1: USER_BANNED_IN_CHANNEL
Client 918248262394: Error sending message to CHATTING_GIRLS_BOYS_GROUP: USER_BANNED_IN_CHANNEL
Client 918248262394: Error sending message to Matrimony_Dating_Group: USER_BANNED_IN_CHANNEL
Client 918248262394: Error sending message to null: USER_BANNED_IN_CHANNEL
Client 919104300805: Error sending message to Girls_chatting_zone_club: USER_BANNED_IN_CHANNEL
Client 919890489433: Error sending message to friends_foreverI: USER_BANNED_IN_CHANNEL
Client 918734885628: Error sending message to THE_FRIENDZ: USER_BANNED_IN_CHANNEL
Client 918248262394: Error sending message to indianwife_Swapping: USER_BANNED_IN_CHANNEL
Client 918248262394: Error sending message to Advertisements_Uploading_Group: CHAT_SEND_PLAIN_FORBIDDEN
918248262394: CHAT_SEND_PLAIN_FORBIDDEN
Client 918248262394: Error sending message to freefireforgirls: USER_BANNED_IN_CHANNEL
Client 918248262394: Error sending message to international_english_chattingss: USER_BANNED_IN_CHANNEL
Client 918248262394: Error sending message to Punjabgayys: USER_BANNED_IN_CHANNEL
Client 918248262394: Error sending message to Tamil_wife_swapping123: USER_BANNED_IN_CHANNEL
Client 918248262394: Error sending message to Dubaistrangers: USER_BANNED_IN_CHANNEL
Client 918248262394: Error sending message to Rajasthangujrat: USER_BANNED_IN_CHANNEL
Client 919104300805: Error sending message to Girls_Friends_Chatting_Groupp1: USER_BANNED_IN_CHANNEL
Client 919104300805: Error sending message to hindi_english_chatting_group07: USER_BANNED_IN_CHANNEL
Client 919104300805: Error sending message to Girls_love_xxROOM: USER_BANNED_IN_CHANNEL
Client 919890489433: Error sending message to Girls_chatting_Grouph: USER_BANNED_IN_CHANNEL
Client 919890489433: Error sending message to gujaratgaygroup: USER_BANNED_IN_CHANNEL
Client 919890489433: Error sending message to null: USER_BANNED_IN_CHANNEL
Client 919890489433: Error sending message to aapnemoviewalebaba: CHAT_SEND_PLAIN_FORBIDDEN
919890489433: CHAT_SEND_PLAIN_FORBIDDEN
Error with token 7614665094:AAFCUYuiuYHon6FUDtlbE_PBbW_NmIAf3Rw: Request failed with status code 401 message:  @SOWMYA1 : 
Average Reaction Delay: 8321: last:0.13mins

Error with token 7614665094:AAFCUYuiuYHon6FUDtlbE_PBbW_NmIAf3Rw: Request failed with status code 401 message:  @SOWMYA1 : 
Average Reaction Delay: 8321: last:0.13mins

Error with token 7614665094:AAFCUYuiuYHon6FUDtlbE_PBbW_NmIAf3Rw: Request failed with status code 401 message:  @SOWMYA1 : 
Average Reaction Delay: 8321: last:0.13mins

Error with token 7614665094:AAFCUYuiuYHon6FUDtlbE_PBbW_NmIAf3Rw: Request failed with status code 401 message:  @SOWMYA1 : 
Average Reaction Delay: 8321: last:0.13mins

Error with token 7614665094:AAFCUYuiuYHon6FUDtlbE_PBbW_NmIAf3Rw: Request failed with status code 401 message:  @SOWMYA1 : 
Average Reaction Delay: 8321: last:0.13mins

Error with token 7614665094:AAFCUYuiuYHon6FUDtlbE_PBbW_NmIAf3Rw: Request failed with status code 401 message:  @SOWMYA1 : 
Average Reaction Delay: 8321: last:0.13mins

Error with token 7614665094:AAFCUYuiuYHon6FUDtlbE_PBbW_NmIAf3Rw: Request failed with status code 401 message:  @SOWMYA1 : 
Average Reaction Delay: 8321: last:0.13mins

Error with token 7614665094:AAFCUYuiuYHon6FUDtlbE_PBbW_NmIAf3Rw: Request failed with status code 401 message:  @SOWMYA1 : 
Average Reaction Delay: 8321: last:0.13mins

Message sending failed after 8 retries
Client 918248262394: Error sending message to FRIEND_CHATTING_CLUB_01: USER_BANNED_IN_CHANNEL
Client 919104300805: Error sending message to Dubaistrangers: USER_BANNED_IN_CHANNEL
Client 919104300805: Error sending message to INTERFAITH_LOVE_TRAP: USER_BANNED_IN_CHANNEL
Client 919104300805: Error sending message to M21771: TOPIC_CLOSED
919104300805: TOPIC_CLOSED
Client 919104300805: Error sending message to Dasi_Bhabhi_Chatting_Group: USER_BANNED_IN_CHANNEL
Client 919104300805: Error sending message to Matrimony_Dating_Group: USER_BANNED_IN_CHANNEL
Client 919104300805: Error sending message to GangOfGiirls: USER_BANNED_IN_CHANNEL
Client 919104300805: Error sending message to GirlschattingGroup_Superchatting: USER_BANNED_IN_CHANNEL
Client 918734885628: Error sending message to GIRL_CHAT111: USER_BANNED_IN_CHANNEL
Client 919104300805: Error sending message to pinki_real_room: USER_BANNED_IN_CHANNEL
Client 919104300805: Error sending message to null: USER_BANNED_IN_CHANNEL
🚨 Heap exceeded 100 MB. Cleaning up...
⚠️ GC not available. Start Node with --expose-gc
Error with token 7828340584:AAHAh0HP9vjaMsw42iEzc125NaOsOKrSfAo: Request failed with status code 401 message:  @SOWMYA1 : 
Average Reaction Delay: 7507: last:0.05mins

Error with token 7828340584:AAHAh0HP9vjaMsw42iEzc125NaOsOKrSfAo: Request failed with status code 401 message:  @SOWMYA1 : 
Average Reaction Delay: 7507: last:0.05mins

Error with token 7828340584:AAHAh0HP9vjaMsw42iEzc125NaOsOKrSfAo: Request failed with status code 401 message:  @SOWMYA1 : 
Average Reaction Delay: 7507: last:0.05mins

Error with token 7828340584:AAHAh0HP9vjaMsw42iEzc125NaOsOKrSfAo: Request failed with status code 401 message:  @SOWMYA1 : 
Average Reaction Delay: 7507: last:0.05mins

Error with token 7828340584:AAHAh0HP9vjaMsw42iEzc125NaOsOKrSfAo: Request failed with status code 401 message:  @SOWMYA1 : 
Average Reaction Delay: 7507: last:0.05mins

Error with token 7828340584:AAHAh0HP9vjaMsw42iEzc125NaOsOKrSfAo: Request failed with status code 401 message:  @SOWMYA1 : 
Average Reaction Delay: 7507: last:0.05mins

Error with token 7828340584:AAHAh0HP9vjaMsw42iEzc125NaOsOKrSfAo: Request failed with status code 401 message:  @SOWMYA1 : 
Average Reaction Delay: 7507: last:0.05mins

Error with token 7828340584:AAHAh0HP9vjaMsw42iEzc125NaOsOKrSfAo: Request failed with status code 401 message:  @SOWMYA1 : 
Average Reaction Delay: 7507: last:0.05mins

Message sending failed after 8 retries
Client 919104300805: Error sending message to muslimgirlhinduboys: USER_BANNED_IN_CHANNEL
Client 919890489433: Error sending message to Bhabhi_Chatting_Group_New: USER_BANNED_IN_CHANNEL
Client 918248262394: Error sending message to telugu_groups_friends_chatting: USER_BANNED_IN_CHANNEL
Client 918248262394: Error sending message to bhabhiyon_ki_duniya: USER_BANNED_IN_CHANNEL
Client 918248262394: Error sending message to Girls_chatting_Grouph: USER_BANNED_IN_CHANNEL
Client 919104300805: Error sending message to tosslovers469: CHAT_SEND_PLAIN_FORBIDDEN
919104300805: CHAT_SEND_PLAIN_FORBIDDEN
Client 919104300805: Error sending message to Tamil_wife_swapping123: USER_BANNED_IN_CHANNEL
Client 919104300805: Error sending message to Bhabhi_Chatting_Group_point: USER_BANNED_IN_CHANNEL
Client 918734885628: Error sending message to jagruthiimpact: USER_BANNED_IN_CHANNEL
Client 919104300805: Error sending message to Bhabhi_Chatting_Group01: USER_BANNED_IN_CHANNEL
Client 918734885628: Error sending message to GangOfGiirls: USER_BANNED_IN_CHANNEL
Client 918734885628: Error sending message to Paid_Girls_Service_Available102: USER_BANNED_IN_CHANNEL
Client 918734885628: Error sending message to Dasi_Bhabhi_Chatting_Group: USER_BANNED_IN_CHANNEL
Client 919890489433: Error sending message to top_dating_usa_chat: ALLOW_PAYMENT_REQUIRED
919890489433: ALLOW_PAYMENT_REQUIRED
Client 918734885628: Error sending message to Girls_Chatting_Group_100K: USER_BANNED_IN_CHANNEL
Client 918248262394: Error sending message to Telugu_Friends_ChattingGroup: USER_BANNED_IN_CHANNEL
Client 919104300805: Error sending message to BhabhiloversChat: USER_BANNED_IN_CHANNEL
Client 919104300805: Error sending message to smart_girls_group: USER_BANNED_IN_CHANNEL
Client 919104300805: Error sending message to girls_boy_chatting_interfaith: USER_BANNED_IN_CHANNEL
Client 919104300805: Error sending message to Girls_Chatting_Group_100K: USER_BANNED_IN_CHANNEL
Client 919104300805: Error sending message to geniunegirlsclub: USER_BANNED_IN_CHANNEL
Client 919104300805: Error sending message to And_Girls_Boys_Group_Chatting0: USER_BANNED_IN_CHANNEL
Client 919104300805: Error sending message to preplycom: USER_BANNED_IN_CHANNEL
Client 918248262394: Error sending message to usadateworld: CHAT_WRITE_FORBIDDEN
918248262394: CHAT_WRITE_FORBIDDEN
Client 918248262394: Error sending message to girls_chatting_groupsssw: USER_BANNED_IN_CHANNEL
Client 918248262394: Error sending message to Cute_Girls_Chatting_Group: USER_BANNED_IN_CHANNEL
Client 918248262394: Error sending message to TELUGU_WIFE_SWAPING: USER_BANNED_IN_CHANNEL
Client 919890489433: Error sending message to Chatting_International_Friends: USER_BANNED_IN_CHANNEL
Client 919890489433: Error sending message to And_Girls_Boys_Group_Chatting_4: USER_BANNED_IN_CHANNEL
Client 919890489433: Error sending message to Single_Girls_Chatting_Friendship: USER_BANNED_IN_CHANNEL
Client 919104300805: Error sending message to girls_friends_chatting_group_bo: USER_BANNED_IN_CHANNEL
Client 919104300805: Error sending message to bestfriend_Girls_Chatting_group: USER_BANNED_IN_CHANNEL
Client 919104300805: Error sending message to friendwithbenefitbase: CHAT_WRITE_FORBIDDEN
919104300805: CHAT_WRITE_FORBIDDEN
Client 918248262394: Error sending message to REDZONE_6346934: USER_BANNED_IN_CHANNEL
Client 918734885628: Error sending message to hindi_english_chatting_group07: USER_BANNED_IN_CHANNEL
Client 918734885628: Error sending message to Girls_chatting_zone_club: USER_BANNED_IN_CHANNEL
Client 918734885628: Error sending message to GIRLCHAT138: USER_BANNED_IN_CHANNEL
Client 918734885628: Error sending message to BENGAL_WIFE_SWAPPING: USER_BANNED_IN_CHANNEL
Client 918734885628: Error sending message to telugu_genuine_girls: undefined
918734885628: undefined
Client 918734885628: Error sending message to Girlfriend_chatting_4u: undefined
918734885628: undefined
Client 919104300805: Error sending message to Friendship_Club_Music_Group: USER_BANNED_IN_CHANNEL
Client 919104300805: Error sending message to IRLFRIEND_COUPLE_WIFE_SWAPPING: USER_BANNED_IN_CHANNEL
Client 919104300805: Error sending message to Girls_Boys_CHATTING_GROUP_007: USER_BANNED_IN_CHANNEL
Client 919104300805: Error sending message to CHATTING_GIRLS_BOYS_GROUP: USER_BANNED_IN_CHANNEL
Client 919104300805: Error sending message to Girlschattinggroup_new: USER_BANNED_IN_CHANNEL
Client 919104300805: Error sending message to odessawork_ua: USER_BANNED_IN_CHANNEL
Client 918248262394: Error sending message to jagruthiimpact: USER_BANNED_IN_CHANNEL
Client 919890489433: Error sending message to World_friends_chatting_zonee: USER_BANNED_IN_CHANNEL
Client 919890489433: Error sending message to Girlschattinggroup_new: USER_BANNED_IN_CHANNEL
Client 919890489433: Error sending message to slfriends20: USER_BANNED_IN_CHANNEL
Client 919890489433: Error sending message to Gay_arabul: CHAT_WRITE_FORBIDDEN
919890489433: CHAT_WRITE_FORBIDDEN
Client 918734885628: Error sending message to Chatting_with_bhabhi: USER_BANNED_IN_CHANNEL
Client 918734885628: Error sending message to And_Girls_Boys_Group_Chatting_4: USER_BANNED_IN_CHANNEL
Client 918734885628: Error sending message to Cute_Girls_Chatting_Group: USER_BANNED_IN_CHANNEL
Client 919890489433: Error sending message to And_Girls_Boys_Group_Chatting0: USER_BANNED_IN_CHANNEL
Client 919890489433: Error sending message to dharmik5: USER_BANNED_IN_CHANNEL
Client 918734885628: Error sending message to Free_Girls_Chatting_Group: USER_BANNED_IN_CHANNEL
Client 918248262394: Error sending message to SrilankanGayClubOfficial: USER_BANNED_IN_CHANNEL
Client 919104300805: Error sending message to virtiklove: ALLOW_PAYMENT_REQUIRED
919104300805: ALLOW_PAYMENT_REQUIRED
Error with token 7614665094:AAFCUYuiuYHon6FUDtlbE_PBbW_NmIAf3Rw: Request failed with status code 401 message:  @SOWMYA1 : 918734885628
A_gupta07: Kha se ho
Error with token 7614665094:AAFCUYuiuYHon6FUDtlbE_PBbW_NmIAf3Rw: Request failed with status code 401 message:  @SOWMYA1 : 918734885628
A_gupta07: Kha se ho
Error with token 7614665094:AAFCUYuiuYHon6FUDtlbE_PBbW_NmIAf3Rw: Request failed with status code 401 message:  @SOWMYA1 : 918734885628
A_gupta07: Kha se ho
Error with token 7614665094:AAFCUYuiuYHon6FUDtlbE_PBbW_NmIAf3Rw: Request failed with status code 401 message:  @SOWMYA1 : 918734885628
A_gupta07: Kha se ho
Error with token 7614665094:AAFCUYuiuYHon6FUDtlbE_PBbW_NmIAf3Rw: Request failed with status code 401 message:  @SOWMYA1 : 918734885628
A_gupta07: Kha se ho
Error with token 7614665094:AAFCUYuiuYHon6FUDtlbE_PBbW_NmIAf3Rw: Request failed with status code 401 message:  @SOWMYA1 : 918734885628
A_gupta07: Kha se ho
Error with token 7614665094:AAFCUYuiuYHon6FUDtlbE_PBbW_NmIAf3Rw: Request failed with status code 401 message:  @SOWMYA1 : 918734885628
A_gupta07: Kha se ho
Error with token 7614665094:AAFCUYuiuYHon6FUDtlbE_PBbW_NmIAf3Rw: Request failed with status code 401 message:  @SOWMYA1 : 918734885628
A_gupta07: Kha se ho
Message sending failed after 8 retries
Error with token 7828340584:AAHAh0HP9vjaMsw42iEzc125NaOsOKrSfAo: Request failed with status code 401 message:  @SOWMYA1 : 919890489433
Kartikchaunan: Hello
Error with token 7828340584:AAHAh0HP9vjaMsw42iEzc125NaOsOKrSfAo: Request failed with status code 401 message:  @SOWMYA1 : 919890489433
Kartikchaunan: Hello
Error with token 7828340584:AAHAh0HP9vjaMsw42iEzc125NaOsOKrSfAo: Request failed with status code 401 message:  @SOWMYA1 : 919890489433
Kartikchaunan: Hello
Error with token 7828340584:AAHAh0HP9vjaMsw42iEzc125NaOsOKrSfAo: Request failed with status code 401 message:  @SOWMYA1 : 919890489433
Kartikchaunan: Hello
Error with token 7828340584:AAHAh0HP9vjaMsw42iEzc125NaOsOKrSfAo: Request failed with status code 401 message:  @SOWMYA1 : 919890489433
Kartikchaunan: Hello
Error with token 7828340584:AAHAh0HP9vjaMsw42iEzc125NaOsOKrSfAo: Request failed with status code 401 message:  @SOWMYA1 : 919890489433
Kartikchaunan: Hello
Timeout error with token 7828340584:AAHAh0HP9vjaMsw42iEzc125NaOsOKrSfAo: timeout of 1500ms exceeded message:  @SOWMYA1 : 919890489433
Kartikchaunan: Hello
Client 918734885628: Error sending message to REDZONE_6346934: USER_BANNED_IN_CHANNEL
Client 919104300805: Error sending message to Girls_chatting_Grouph: USER_BANNED_IN_CHANNEL
Client 919104300805: Error sending message to Ayesha_X_girl: USER_BANNED_IN_CHANNEL
Client 919890489433: Error sending message to M21771: TOPIC_CLOSED
919890489433: TOPIC_CLOSED
Client 919104300805: Error sending message to GIRL_CHAT111: USER_BANNED_IN_CHANNEL
Client 919104300805: Error sending message to HOUSE_WIFE_CHATTING: USER_BANNED_IN_CHANNEL
Client 919104300805: Error sending message to BestFriendchatting_Group: USER_BANNED_IN_CHANNEL
Client 919890489433: Error sending message to IndianGirlsBoysFlix: USER_BANNED_IN_CHANNEL
🚨 Heap exceeded 100 MB. Cleaning up...
⚠️ GC not available. Start Node with --expose-gc
Client 918734885628: Error sending message to Punjabgayys: USER_BANNED_IN_CHANNEL
Client 918734885628: Error sending message to THE_VIP_BOY_OP: USER_BANNED_IN_CHANNEL
Client 918734885628: Error sending message to Hindi_English_Chatting_com: CHAT_WRITE_FORBIDDEN
918734885628: CHAT_WRITE_FORBIDDEN
Client 918248262394: Error sending message to GangOfGiirls: USER_BANNED_IN_CHANNEL
Client 919104300805: Error sending message to plentyoff: USER_BANNED_IN_CHANNEL
Client 919104300805: Error sending message to american_dating_girls_usa_uk: USER_BANNED_IN_CHANNEL
Client 919890489433: Error sending message to smart_girls_group: USER_BANNED_IN_CHANNEL
Client 918734885628: Error sending message to Hot_Girls_Chatting_Group1: USER_BANNED_IN_CHANNEL
Client 918734885628: Error sending message to Matrimony_Dating_Group: USER_BANNED_IN_CHANNEL
Client 918734885628: Error sending message to Realme1Community: CHAT_WRITE_FORBIDDEN
918734885628: CHAT_WRITE_FORBIDDEN
Client 918734885628: Error sending message to Grils_Chatting_group_boy_loves: USER_BANNED_IN_CHANNEL
Client 918734885628: Error sending message to punjabtalks: USER_BANNED_IN_CHANNEL
Client 918734885628: Error sending message to Anesthesia_PPTs_PDFs_Videos: USER_BANNED_IN_CHANNEL
Client 918248262394: Error sending message to WIFE_Sowpinge_news: USER_BANNED_IN_CHANNEL
Client 918734885628: Error sending message to Delhigroupgay: USER_BANNED_IN_CHANNEL
Client 919104300805: Error sending message to WIFE_SWaping_india_115: USER_BANNED_IN_CHANNEL
Client 919104300805: Error sending message to TELUGU_WIFE_SWAPING: USER_BANNED_IN_CHANNEL
Client 919104300805: Error sending message to girls_Love_chatting_group_07: USER_BANNED_IN_CHANNEL
Client 919104300805: Error sending message to Friendschattinggroup111: USER_BANNED_IN_CHANNEL
Client 919104300805: Error sending message to Sweet_Girls_Chatting_Group: USER_BANNED_IN_CHANNEL
Client 919104300805: Error sending message to KrakenRealtor: USER_BANNED_IN_CHANNEL
Client 919104300805: Error sending message to telugu_groups_friends_chatting: USER_BANNED_IN_CHANNEL
Client 919104300805: Error sending message to Bangladeshigaygroup: USER_BANNED_IN_CHANNEL
Client 919890489433: Error sending message to jagruthiimpact: USER_BANNED_IN_CHANNEL
Client 919890489433: Error sending message to Shilpasree_SWAPPING_INDIA: USER_BANNED_IN_CHANNEL
Client 919890489433: Error sending message to BaByGiRLGaP: USER_BANNED_IN_CHANNEL
Client 919890489433: Error sending message to realmarwahmedicine: USER_BANNED_IN_CHANNEL
Client 918248262394: Error sending message to And_Girls_Boys_Group_Chatting_4: USER_BANNED_IN_CHANNEL
Client 918734885628: Error sending message to Paki_Girls_Chatting_Group: USER_BANNED_IN_CHANNEL
Client 918734885628: Error sending message to KrakenRealtor: USER_BANNED_IN_CHANNEL
Client 918734885628: Error sending message to Friendschattinggroup111: USER_BANNED_IN_CHANNEL
Client 918734885628: Error sending message to Friends_Chatting_Group_Haweli: USER_BANNED_IN_CHANNEL
Client 918734885628: Error sending message to Lovely_GirlsChattingGroup: USER_BANNED_IN_CHANNEL
Client 918734885628: Error sending message to bhabhiyon_ki_duniya: USER_BANNED_IN_CHANNEL
Client 918734885628: Error sending message to FREE_Couple_Showww: USER_BANNED_IN_CHANNEL
Client 918734885628: Error sending message to TAMILWIFE_SWAPPING: USER_BANNED_IN_CHANNEL
Client 919104300805: Error sending message to tamilboysandgirls2: USER_BANNED_IN_CHANNEL
Client 919104300805: Error sending message to Videohive_templates_chat: USER_BANNED_IN_CHANNEL
Client 919104300805: Error sending message to Bhaabhi_ChattingGroup_Global: USER_BANNED_IN_CHANNEL
Client 919104300805: Error sending message to g4boysgettingpaid: CHAT_SEND_PLAIN_FORBIDDEN
919104300805: CHAT_SEND_PLAIN_FORBIDDEN
Client 919104300805: Error sending message to freefireforgirls: USER_BANNED_IN_CHANNEL
Client 919104300805: Error sending message to Telugugayzone: CHAT_WRITE_FORBIDDEN
919104300805: CHAT_WRITE_FORBIDDEN
Client 919104300805: Error sending message to chattingangles: USER_BANNED_IN_CHANNEL
Client 918734885628: Error sending message to Girlschattinggroup_new: USER_BANNED_IN_CHANNEL
Client 918734885628: Error sending message to Girls_Boys_CHATTING_GROUP_007: USER_BANNED_IN_CHANNEL
Client 918734885628: Error sending message to INTERNATIONAL_BHABHI: USER_BANNED_IN_CHANNEL
Client 918734885628: Error sending message to Single_Girls_Chatting_Friendship: USER_BANNED_IN_CHANNEL
Client 918734885628: Error sending message to Sweet_Girls_Chatting_Group: USER_BANNED_IN_CHANNEL
🚨 Heap exceeded 100 MB. Cleaning up...
⚠️ GC not available. Start Node with --expose-gc
Client 918734885628: Error sending message to Lucky_Draw_Master_Service_Group: USER_BANNED_IN_CHANNEL
Error with token 7614665094:AAFCUYuiuYHon6FUDtlbE_PBbW_NmIAf3Rw: Request failed with status code 401 message:  @SOWMYA1 : 
Average Reaction Delay: 6744: last:0.05mins

Timeout error with token 7614665094:AAFCUYuiuYHon6FUDtlbE_PBbW_NmIAf3Rw: timeout of 1500ms exceeded message:  @SOWMYA1 : 
Average Reaction Delay: 6744: last:0.05mins

Client 919890489433: Error sending message to Friends_FOREVER_CHAT_hindi_zone0: CHAT_WRITE_FORBIDDEN
919890489433: CHAT_WRITE_FORBIDDEN
Client 919104300805: Error sending message to indian_singing_ggroup: CHAT_WRITE_FORBIDDEN
919104300805: CHAT_WRITE_FORBIDDEN
Client 919104300805: Error sending message to Girls_And_Boy_Chatting_Group: USER_BANNED_IN_CHANNEL
Client 918248262394: Error sending message to Lovely_GirlsChattingGroup: USER_BANNED_IN_CHANNEL
Client 919890489433: Error sending message to shayari_loverrr: USER_BANNED_IN_CHANNEL
🚨 Heap exceeded 100 MB. Cleaning up...
⚠️ GC not available. Start Node with --expose-gc
Error with token 7828340584:AAHAh0HP9vjaMsw42iEzc125NaOsOKrSfAo: Request failed with status code 401 message:  @SOWMYA1 : 
Average Reaction Delay: 7327: last:0.15mins

Error with token 7828340584:AAHAh0HP9vjaMsw42iEzc125NaOsOKrSfAo: Request failed with status code 401 message:  @SOWMYA1 : 
Average Reaction Delay: 7327: last:0.15mins

Error with token 7828340584:AAHAh0HP9vjaMsw42iEzc125NaOsOKrSfAo: Request failed with status code 401 message:  @SOWMYA1 : 
Average Reaction Delay: 7327: last:0.15mins

Error with token 7828340584:AAHAh0HP9vjaMsw42iEzc125NaOsOKrSfAo: Request failed with status code 401 message:  @SOWMYA1 : 
Average Reaction Delay: 7327: last:0.15mins

Error with token 7828340584:AAHAh0HP9vjaMsw42iEzc125NaOsOKrSfAo: Request failed with status code 401 message:  @SOWMYA1 : 
Average Reaction Delay: 7327: last:0.15mins

Error with token 7828340584:AAHAh0HP9vjaMsw42iEzc125NaOsOKrSfAo: Request failed with status code 401 message:  @SOWMYA1 : 
Average Reaction Delay: 7327: last:0.15mins

Error with token 7828340584:AAHAh0HP9vjaMsw42iEzc125NaOsOKrSfAo: Request failed with status code 401 message:  @SOWMYA1 : 
Average Reaction Delay: 7327: last:0.15mins

Error with token 7828340584:AAHAh0HP9vjaMsw42iEzc125NaOsOKrSfAo: Request failed with status code 401 message:  @SOWMYA1 : 
Average Reaction Delay: 7327: last:0.15mins

Message sending failed after 8 retries
Client 918248262394: Error sending message to BENGAL_WIFE_SWAPPING: USER_BANNED_IN_CHANNEL
Client 918734885628: Error sending message to Live_Video_Call_Chating: USER_BANNED_IN_CHANNEL
Client 918734885628: Error sending message to Dubaistrangers: USER_BANNED_IN_CHANNEL
Client 918734885628: Error sending message to TamilAnutyveriyanahahahah: USER_BANNED_IN_CHANNEL
Client 918734885628: Error sending message to Paid_Chats_Of_Tg: USER_BANNED_IN_CHANNEL
Client 918734885628: Error sending message to Ahmedabadgayboy: USER_BANNED_IN_CHANNEL
Client 918734885628: Error sending message to Delhigayy: USER_BANNED_IN_CHANNEL
Client 918734885628: Error sending message to amaloversclub: USER_BANNED_IN_CHANNEL
Client 918734885628: Error sending message to Girlfriendmastigroup: USER_BANNED_IN_CHANNEL
Client 918734885628: Error sending message to Chattingwithgirls_group: USER_BANNED_IN_CHANNEL
Client 918734885628: Error sending message to Shilpasree_BEST_LOVER: USER_BANNED_IN_CHANNEL
Client 919890489433: Error sending message to Videohive_templates_chat: USER_BANNED_IN_CHANNEL
Client 919890489433: Error sending message to chatting_group_girls12: USER_BANNED_IN_CHANNEL
Client 919890489433: Error sending message to BestFriendchatting_Group: USER_BANNED_IN_CHANNEL
Client 919890489433: Error sending message to Ayesha_X_girl: USER_BANNED_IN_CHANNEL
Client 919890489433: Error sending message to girls_chatting_group_lovers: USER_BANNED_IN_CHANNEL
Client 919890489433: Error sending message to null: USER_BANNED_IN_CHANNEL
Client 919890489433: Error sending message to Lovely_GirlsChattingGroup: USER_BANNED_IN_CHANNEL
Client 919890489433: Error sending message to saigonhub: USER_BANNED_IN_CHANNEL
Client 919890489433: Error sending message to collage_girl_frand: USER_BANNED_IN_CHANNEL
Client 919890489433: Error sending message to Cute_Girls_Chatting_Group: USER_BANNED_IN_CHANNEL
Client 919890489433: Error sending message to Anesthesia_PPTs_PDFs_Videos: USER_BANNED_IN_CHANNEL
Client 919890489433: Error sending message to srilankan_boys_and_girls_chat: USER_BANNED_IN_CHANNEL
Client 919890489433: Error sending message to FRIENDS_ARE_LOVE: CHAT_WRITE_FORBIDDEN
919890489433: CHAT_WRITE_FORBIDDEN
Client 919890489433: Error sending message to LOVE_FEELINGS_WILL1: USER_BANNED_IN_CHANNEL
Client 919890489433: Error sending message to Girls_Chatting_Group_100K: USER_BANNED_IN_CHANNEL
Client 919890489433: Error sending message to freefireforgirls: USER_BANNED_IN_CHANNEL
🚨 Heap exceeded 100 MB. Cleaning up...
⚠️ GC not available. Start Node with --expose-gc
Client 919104300805: Error sending message to girls_and_boys_chatting_group5: USER_BANNED_IN_CHANNEL
Client 919104300805: Error sending message to genuinepaidgroup987: USER_BANNED_IN_CHANNEL
Client 919104300805: Error sending message to And_Girls_Boys_Group_Chatting_4: USER_BANNED_IN_CHANNEL
Client 918248262394: Error sending message to Girls_and_boy_love_story: USER_BANNED_IN_CHANNEL
Client 918248262394: Error sending message to Ahmedabadgayboy: USER_BANNED_IN_CHANNEL
Client 918248262394: Error sending message to Bhaabhi_ChattingGroup_Global: USER_BANNED_IN_CHANNEL
Client 918248262394: Error sending message to chatting_group_girls12: USER_BANNED_IN_CHANNEL
Client 918248262394: Error sending message to hindi_english_chatting_group07: USER_BANNED_IN_CHANNEL
Client 918248262394: Error sending message to friendforever23459: USER_BANNED_IN_CHANNEL
Error with token 7614665094:AAFCUYuiuYHon6FUDtlbE_PBbW_NmIAf3Rw: Request failed with status code 401 message:  @SOWMYA1 : Limited :  919890489433 as daysLeft : 1
Error with token 7614665094:AAFCUYuiuYHon6FUDtlbE_PBbW_NmIAf3Rw: Request failed with status code 401 message:  @SOWMYA1 : Limited :  919890489433 as daysLeft : 1
Error with token 7614665094:AAFCUYuiuYHon6FUDtlbE_PBbW_NmIAf3Rw: Request failed with status code 401 message:  @SOWMYA1 : Limited :  919890489433 as daysLeft : 1
Error with token 7614665094:AAFCUYuiuYHon6FUDtlbE_PBbW_NmIAf3Rw: Request failed with status code 401 message:  @SOWMYA1 : Limited :  919890489433 as daysLeft : 1
Error with token 7614665094:AAFCUYuiuYHon6FUDtlbE_PBbW_NmIAf3Rw: Request failed with status code 401 message:  @SOWMYA1 : Limited :  919890489433 as daysLeft : 1
Client 918248262394: Error sending message to Chatting_with_bhabhi: USER_BANNED_IN_CHANNEL
Error with token 7614665094:AAFCUYuiuYHon6FUDtlbE_PBbW_NmIAf3Rw: Request failed with status code 401 message:  @SOWMYA1 : Limited :  919890489433 as daysLeft : 1
Error with token 7614665094:AAFCUYuiuYHon6FUDtlbE_PBbW_NmIAf3Rw: Request failed with status code 401 message:  @SOWMYA1 : Limited :  919890489433 as daysLeft : 1
Error with token 7614665094:AAFCUYuiuYHon6FUDtlbE_PBbW_NmIAf3Rw: Request failed with status code 401 message:  @SOWMYA1 : Limited :  919890489433 as daysLeft : 1
Message sending failed after 8 retries
Client 918248262394: Error sending message to international_friends_besties: USER_BANNED_IN_CHANNEL
Client 918248262394: Error sending message to Hot_Girls_Chatting_Group1: USER_BANNED_IN_CHANNEL
Client 918248262394: Error sending message to Telugugayzone: CHAT_WRITE_FORBIDDEN
918248262394: CHAT_WRITE_FORBIDDEN
Error with token 7828340584:AAHAh0HP9vjaMsw42iEzc125NaOsOKrSfAo: Request failed with status code 401 message:  @SOWMYA1 : Limited :  919890489433 as daysLeft : 1
Error with token 7828340584:AAHAh0HP9vjaMsw42iEzc125NaOsOKrSfAo: Request failed with status code 401 message:  @SOWMYA1 : Limited :  919890489433 as daysLeft : 1
Error with token 7828340584:AAHAh0HP9vjaMsw42iEzc125NaOsOKrSfAo: Request failed with status code 401 message:  @SOWMYA1 : Limited :  919890489433 as daysLeft : 1
Error with token 7828340584:AAHAh0HP9vjaMsw42iEzc125NaOsOKrSfAo: Request failed with status code 401 message:  @SOWMYA1 : Limited :  919890489433 as daysLeft : 1
Error with token 7828340584:AAHAh0HP9vjaMsw42iEzc125NaOsOKrSfAo: Request failed with status code 401 message:  @SOWMYA1 : Limited :  919890489433 as daysLeft : 1
Error with token 7828340584:AAHAh0HP9vjaMsw42iEzc125NaOsOKrSfAo: Request failed with status code 401 message:  @SOWMYA1 : Limited :  919890489433 as daysLeft : 1
Error with token 7828340584:AAHAh0HP9vjaMsw42iEzc125NaOsOKrSfAo: Request failed with status code 401 message:  @SOWMYA1 : Limited :  919890489433 as daysLeft : 1
Error with token 7828340584:AAHAh0HP9vjaMsw42iEzc125NaOsOKrSfAo: Request failed with status code 401 message:  @SOWMYA1 : Limited :  919890489433 as daysLeft : 1
Message sending failed after 8 retries
Client 918248262394: Error sending message to BestFriendchatting_Group: USER_BANNED_IN_CHANNEL
Client 918734885628: Error sending message to Bhabhi_Chatting_Group_point: USER_BANNED_IN_CHANNEL
Client 918734885628: Error sending message to paidstudies: USER_BANNED_IN_CHANNEL
Client 919104300805: Error sending message to kannada_chatting_girls: CHAT_WRITE_FORBIDDEN
919104300805: CHAT_WRITE_FORBIDDEN
Client 919104300805: Error sending message to Bengaligaygroup: USER_BANNED_IN_CHANNEL
Client 919104300805: Error sending message to pookie_hoon: USER_BANNED_IN_CHANNEL
Client 919104300805: Error sending message to GIRLS_BOYS111: USER_BANNED_IN_CHANNEL
Client 919104300805: Error sending message to FRIENDS_ARE_LOVE: CHAT_WRITE_FORBIDDEN
919104300805: CHAT_WRITE_FORBIDDEN
Client 919104300805: Error sending message to Grils_Chatting_group_boy_loves: USER_BANNED_IN_CHANNEL
🚨 Heap exceeded 100 MB. Cleaning up...
⚠️ GC not available. Start Node with --expose-gc
Client 918248262394: Error sending message to Bhabhi_Chatting_Group_New: USER_BANNED_IN_CHANNEL
Error with token 7614665094:AAFCUYuiuYHon6FUDtlbE_PBbW_NmIAf3Rw: Request failed with status code 401 message:  @SOWMYA1 : Limited :  919890489433 as daysLeft : 1
Error with token 7614665094:AAFCUYuiuYHon6FUDtlbE_PBbW_NmIAf3Rw: Request failed with status code 401 message:  @SOWMYA1 : Limited :  919890489433 as daysLeft : 1
Error with token 7614665094:AAFCUYuiuYHon6FUDtlbE_PBbW_NmIAf3Rw: Request failed with status code 401 message:  @SOWMYA1 : Limited :  919890489433 as daysLeft : 1
Error with token 7614665094:AAFCUYuiuYHon6FUDtlbE_PBbW_NmIAf3Rw: Request failed with status code 401 message:  @SOWMYA1 : Limited :  919890489433 as daysLeft : 1
Error with token 7614665094:AAFCUYuiuYHon6FUDtlbE_PBbW_NmIAf3Rw: Request failed with status code 401 message:  @SOWMYA1 : Limited :  919890489433 as daysLeft : 1
Error with token 7614665094:AAFCUYuiuYHon6FUDtlbE_PBbW_NmIAf3Rw: Request failed with status code 401 message:  @SOWMYA1 : Limited :  919890489433 as daysLeft : 1
Error with token 7614665094:AAFCUYuiuYHon6FUDtlbE_PBbW_NmIAf3Rw: Request failed with status code 401 message:  @SOWMYA1 : Limited :  919890489433 as daysLeft : 1
Error with token 7614665094:AAFCUYuiuYHon6FUDtlbE_PBbW_NmIAf3Rw: Request failed with status code 401 message:  @SOWMYA1 : Limited :  919890489433 as daysLeft : 1
Message sending failed after 8 retries
Error with token 7828340584:AAHAh0HP9vjaMsw42iEzc125NaOsOKrSfAo: Request failed with status code 401 message:  @SOWMYA1 : Limited :  919890489433 as daysLeft : 1
Error with token 7828340584:AAHAh0HP9vjaMsw42iEzc125NaOsOKrSfAo: Request failed with status code 401 message:  @SOWMYA1 : Limited :  919890489433 as daysLeft : 1
Error with token 7828340584:AAHAh0HP9vjaMsw42iEzc125NaOsOKrSfAo: Request failed with status code 401 message:  @SOWMYA1 : Limited :  919890489433 as daysLeft : 1
Error with token 7828340584:AAHAh0HP9vjaMsw42iEzc125NaOsOKrSfAo: Request failed with status code 401 message:  @SOWMYA1 : Limited :  919890489433 as daysLeft : 1
Error with token 7828340584:AAHAh0HP9vjaMsw42iEzc125NaOsOKrSfAo: Request failed with status code 401 message:  @SOWMYA1 : Limited :  919890489433 as daysLeft : 1
Error with token 7828340584:AAHAh0HP9vjaMsw42iEzc125NaOsOKrSfAo: Request failed with status code 401 message:  @SOWMYA1 : Limited :  919890489433 as daysLeft : 1
Error with token 7828340584:AAHAh0HP9vjaMsw42iEzc125NaOsOKrSfAo: Request failed with status code 401 message:  @SOWMYA1 : Limited :  919890489433 as daysLeft : 1
Error with token 7828340584:AAHAh0HP9vjaMsw42iEzc125NaOsOKrSfAo: Request failed with status code 401 message:  @SOWMYA1 : Limited :  919890489433 as daysLeft : 1
Message sending failed after 8 retries
Client 919104300805: Error sending message to Single_Girls_Chatting_Friendship: USER_BANNED_IN_CHANNEL
Client 919104300805: Error sending message to Gay_arabul: CHAT_WRITE_FORBIDDEN
919104300805: CHAT_WRITE_FORBIDDEN
Client 919104300805: Error sending message to Paki_bhaabhi_ChattingGroup: USER_BANNED_IN_CHANNEL
Timeout error with token 7384145001:AAF4Nl2pSazwu38-XWTJmet5FlrDxashEuU: timeout of 1500ms exceeded message:  @SOWMYA1 : Limited :  919890489433 as daysLeft : 1
Client 918734885628: Error sending message to tosslovers469: CHAT_SEND_PLAIN_FORBIDDEN
918734885628: CHAT_SEND_PLAIN_FORBIDDEN
Client 918248262394: Error sending message to Tamil_Gay_Dating_Group: USER_BANNED_IN_CHANNEL
Client 918734885628: Error sending message to GirlsBoysXD: USER_BANNED_IN_CHANNEL
Client 918734885628: Error sending message to And_Girls_Boys_Group_Chatting0: USER_BANNED_IN_CHANNEL
Client 918248262394: Error sending message to Delhigayy: USER_BANNED_IN_CHANNEL
🚨 Heap exceeded 100 MB. Cleaning up...
⚠️ GC not available. Start Node with --expose-gc
Client 919104300805: Error sending message to FRIENDS_CHATTING_GROUP_MASTI: CHAT_WRITE_FORBIDDEN
919104300805: CHAT_WRITE_FORBIDDEN
Error with token 7614665094:AAFCUYuiuYHon6FUDtlbE_PBbW_NmIAf3Rw: Request failed with status code 401 message:  @SOWMYA1 : Limited :  919890489433 as daysLeft : 1
Error with token 7614665094:AAFCUYuiuYHon6FUDtlbE_PBbW_NmIAf3Rw: Request failed with status code 401 message:  @SOWMYA1 : Limited :  919890489433 as daysLeft : 1
Error with token 7614665094:AAFCUYuiuYHon6FUDtlbE_PBbW_NmIAf3Rw: Request failed with status code 401 message:  @SOWMYA1 : Limited :  919890489433 as daysLeft : 1
Error with token 7614665094:AAFCUYuiuYHon6FUDtlbE_PBbW_NmIAf3Rw: Request failed with status code 401 message:  @SOWMYA1 : Limited :  919890489433 as daysLeft : 1
Error with token 7828340584:AAHAh0HP9vjaMsw42iEzc125NaOsOKrSfAo: Request failed with status code 401 message:  @SOWMYA1 : 918248262394
Ak2357: Hi
Error with token 7828340584:AAHAh0HP9vjaMsw42iEzc125NaOsOKrSfAo: Request failed with status code 401 message:  @SOWMYA1 : Limited :  919890489433 as daysLeft : 1
Error with token 7828340584:AAHAh0HP9vjaMsw42iEzc125NaOsOKrSfAo: Request failed with status code 401 message:  @SOWMYA1 : 918248262394
Ak2357: Hi
Error with token 7828340584:AAHAh0HP9vjaMsw42iEzc125NaOsOKrSfAo: Request failed with status code 401 message:  @SOWMYA1 : Limited :  919890489433 as daysLeft : 1
Error with token 7828340584:AAHAh0HP9vjaMsw42iEzc125NaOsOKrSfAo: Request failed with status code 401 message:  @SOWMYA1 : 918248262394
Ak2357: Hi
Error with token 7828340584:AAHAh0HP9vjaMsw42iEzc125NaOsOKrSfAo: Request failed with status code 401 message:  @SOWMYA1 : Limited :  919890489433 as daysLeft : 1
Error with token 7828340584:AAHAh0HP9vjaMsw42iEzc125NaOsOKrSfAo: Request failed with status code 401 message:  @SOWMYA1 : 918248262394
Ak2357: Hi
Error with token 7828340584:AAHAh0HP9vjaMsw42iEzc125NaOsOKrSfAo: Request failed with status code 401 message:  @SOWMYA1 : Limited :  919890489433 as daysLeft : 1
Message sending failed after 8 retries
Error with token 7828340584:AAHAh0HP9vjaMsw42iEzc125NaOsOKrSfAo: Request failed with status code 401 message:  @SOWMYA1 : 918248262394
Ak2357: Hi
Error with token 7828340584:AAHAh0HP9vjaMsw42iEzc125NaOsOKrSfAo: Request failed with status code 401 message:  @SOWMYA1 : 918248262394
Ak2357: Hi
Error with token 7828340584:AAHAh0HP9vjaMsw42iEzc125NaOsOKrSfAo: Request failed with status code 401 message:  @SOWMYA1 : 918248262394
Ak2357: Hi
Error with token 7828340584:AAHAh0HP9vjaMsw42iEzc125NaOsOKrSfAo: Request failed with status code 401 message:  @SOWMYA1 : 918248262394
Ak2357: Hi
Message sending failed after 8 retries
Client 919104300805: Error sending message to Tamil_gay_zone01: USER_BANNED_IN_CHANNEL
Timeout error with token 7885356543:AAH2NQHh-tg-18mx4Esfxii-KvqFmqX_oTY: timeout of 1500ms exceeded message:  @SOWMYA1 : Limited :  919890489433 as daysLeft : 1
Client 918734885628: Error sending message to Indiangirlchatting111: USER_BANNED_IN_CHANNEL
Error with token 7614665094:AAFCUYuiuYHon6FUDtlbE_PBbW_NmIAf3Rw: Request failed with status code 401 message:  @SOWMYA1 : Limited :  919890489433 as daysLeft : 1
Error with token 7614665094:AAFCUYuiuYHon6FUDtlbE_PBbW_NmIAf3Rw: Request failed with status code 401 message:  @SOWMYA1 : Limited :  919890489433 as daysLeft : 1
Error with token 7614665094:AAFCUYuiuYHon6FUDtlbE_PBbW_NmIAf3Rw: Request failed with status code 401 message:  @SOWMYA1 : Limited :  919890489433 as daysLeft : 1
Error with token 7614665094:AAFCUYuiuYHon6FUDtlbE_PBbW_NmIAf3Rw: Request failed with status code 401 message:  @SOWMYA1 : Limited :  919890489433 as daysLeft : 1
Error with token 7614665094:AAFCUYuiuYHon6FUDtlbE_PBbW_NmIAf3Rw: Request failed with status code 401 message:  @SOWMYA1 : Limited :  919890489433 as daysLeft : 1
Error with token 7614665094:AAFCUYuiuYHon6FUDtlbE_PBbW_NmIAf3Rw: Request failed with status code 401 message:  @SOWMYA1 : Limited :  919890489433 as daysLeft : 1
Error with token 7614665094:AAFCUYuiuYHon6FUDtlbE_PBbW_NmIAf3Rw: Request failed with status code 401 message:  @SOWMYA1 : Limited :  919890489433 as daysLeft : 1
Error with token 7614665094:AAFCUYuiuYHon6FUDtlbE_PBbW_NmIAf3Rw: Request failed with status code 401 message:  @SOWMYA1 : Limited :  919890489433 as daysLeft : 1
Message sending failed after 8 retries
Error with token 7828340584:AAHAh0HP9vjaMsw42iEzc125NaOsOKrSfAo: Request failed with status code 401 message:  @SOWMYA1 : Limited :  919890489433 as daysLeft : 1
Error with token 7828340584:AAHAh0HP9vjaMsw42iEzc125NaOsOKrSfAo: Request failed with status code 401 message:  @SOWMYA1 : Limited :  919890489433 as daysLeft : 1
Error with token 7828340584:AAHAh0HP9vjaMsw42iEzc125NaOsOKrSfAo: Request failed with status code 401 message:  @SOWMYA1 : Limited :  919890489433 as daysLeft : 1
Error with token 7828340584:AAHAh0HP9vjaMsw42iEzc125NaOsOKrSfAo: Request failed with status code 401 message:  @SOWMYA1 : Limited :  919890489433 as daysLeft : 1
Error with token 7828340584:AAHAh0HP9vjaMsw42iEzc125NaOsOKrSfAo: Request failed with status code 401 message:  @SOWMYA1 : Limited :  919890489433 as daysLeft : 1
Error with token 7828340584:AAHAh0HP9vjaMsw42iEzc125NaOsOKrSfAo: Request failed with status code 401 message:  @SOWMYA1 : Limited :  919890489433 as daysLeft : 1
Error with token 7828340584:AAHAh0HP9vjaMsw42iEzc125NaOsOKrSfAo: Request failed with status code 401 message:  @SOWMYA1 : Limited :  919890489433 as daysLeft : 1
Error with token 7828340584:AAHAh0HP9vjaMsw42iEzc125NaOsOKrSfAo: Request failed with status code 401 message:  @SOWMYA1 : Limited :  919890489433 as daysLeft : 1
Message sending failed after 8 retries
Client 918248262394: Error sending message to Realme1Community: CHAT_WRITE_FORBIDDEN
918248262394: CHAT_WRITE_FORBIDDEN
Client 918248262394: Error sending message to geniunegirlsclub: USER_BANNED_IN_CHANNEL
Client 918248262394: Error sending message to gujaratgaygroup: USER_BANNED_IN_CHANNEL
Client 919104300805: Error sending message to Shilpasree_SWAPPING_INDIA: USER_BANNED_IN_CHANNEL
Error with token 7614665094:AAFCUYuiuYHon6FUDtlbE_PBbW_NmIAf3Rw: Request failed with status code 401 message:  @SOWMYA1 : 918734885628
Mannem: Vu
Error with token 7614665094:AAFCUYuiuYHon6FUDtlbE_PBbW_NmIAf3Rw: Request failed with status code 401 message:  @SOWMYA1 : 918734885628
Mannem: Vu
Error with token 7614665094:AAFCUYuiuYHon6FUDtlbE_PBbW_NmIAf3Rw: Request failed with status code 401 message:  @SOWMYA1 : 918734885628
Mannem: Vu
Error with token 7614665094:AAFCUYuiuYHon6FUDtlbE_PBbW_NmIAf3Rw: Request failed with status code 401 message:  @SOWMYA1 : 918734885628
Mannem: Vu
Error with token 7614665094:AAFCUYuiuYHon6FUDtlbE_PBbW_NmIAf3Rw: Request failed with status code 401 message:  @SOWMYA1 : 918734885628
Mannem: Vu
Error with token 7614665094:AAFCUYuiuYHon6FUDtlbE_PBbW_NmIAf3Rw: Request failed with status code 401 message:  @SOWMYA1 : 918734885628
Mannem: Vu
Error with token 7614665094:AAFCUYuiuYHon6FUDtlbE_PBbW_NmIAf3Rw: Request failed with status code 401 message:  @SOWMYA1 : 918734885628
Mannem: Vu
Error with token 7614665094:AAFCUYuiuYHon6FUDtlbE_PBbW_NmIAf3Rw: Request failed with status code 401 message:  @SOWMYA1 : 918734885628
Mannem: Vu
Message sending failed after 8 retries
Error with token 7828340584:AAHAh0HP9vjaMsw42iEzc125NaOsOKrSfAo: Request failed with status code 401 message:  @SOWMYA1 : Limited :  919890489433 as daysLeft : 1
Error with token 7828340584:AAHAh0HP9vjaMsw42iEzc125NaOsOKrSfAo: Request failed with status code 401 message:  @SOWMYA1 : Limited :  919890489433 as daysLeft : 1
Error with token 7828340584:AAHAh0HP9vjaMsw42iEzc125NaOsOKrSfAo: Request failed with status code 401 message:  @SOWMYA1 : Limited :  919890489433 as daysLeft : 1
Error with token 7828340584:AAHAh0HP9vjaMsw42iEzc125NaOsOKrSfAo: Request failed with status code 401 message:  @SOWMYA1 : Limited :  919890489433 as daysLeft : 1
Error with token 7828340584:AAHAh0HP9vjaMsw42iEzc125NaOsOKrSfAo: Request failed with status code 401 message:  @SOWMYA1 : Limited :  919890489433 as daysLeft : 1
Error with token 7828340584:AAHAh0HP9vjaMsw42iEzc125NaOsOKrSfAo: Request failed with status code 401 message:  @SOWMYA1 : Limited :  919890489433 as daysLeft : 1
Error with token 7828340584:AAHAh0HP9vjaMsw42iEzc125NaOsOKrSfAo: Request failed with status code 401 message:  @SOWMYA1 : Limited :  919890489433 as daysLeft : 1
Error with token 7828340584:AAHAh0HP9vjaMsw42iEzc125NaOsOKrSfAo: Request failed with status code 401 message:  @SOWMYA1 : Limited :  919890489433 as daysLeft : 1
Message sending failed after 8 retries
🚨 Heap exceeded 100 MB. Cleaning up...
⚠️ GC not available. Start Node with --expose-gc
Client 919104300805: Error sending message to Cute_Girls_ChattingGroup: USER_BANNED_IN_CHANNEL
Client 919104300805: Error sending message to null: USER_BANNED_IN_CHANNEL
Client 919104300805: Error sending message to null: USER_BANNED_IN_CHANNEL
Error with token 7614665094:AAFCUYuiuYHon6FUDtlbE_PBbW_NmIAf3Rw: Request failed with status code 401 message:  @SOWMYA1 : Limited :  919890489433 as daysLeft : 1
Error with token 7614665094:AAFCUYuiuYHon6FUDtlbE_PBbW_NmIAf3Rw: Request failed with status code 401 message:  @SOWMYA1 : Limited :  919890489433 as daysLeft : 1
Error with token 7614665094:AAFCUYuiuYHon6FUDtlbE_PBbW_NmIAf3Rw: Request failed with status code 401 message:  @SOWMYA1 : Limited :  919890489433 as daysLeft : 1
Error with token 7614665094:AAFCUYuiuYHon6FUDtlbE_PBbW_NmIAf3Rw: Request failed with status code 401 message:  @SOWMYA1 : Limited :  919890489433 as daysLeft : 1
Error with token 7614665094:AAFCUYuiuYHon6FUDtlbE_PBbW_NmIAf3Rw: Request failed with status code 401 message:  @SOWMYA1 : Limited :  919890489433 as daysLeft : 1
Error with token 7614665094:AAFCUYuiuYHon6FUDtlbE_PBbW_NmIAf3Rw: Request failed with status code 401 message:  @SOWMYA1 : Limited :  919890489433 as daysLeft : 1
Error with token 7614665094:AAFCUYuiuYHon6FUDtlbE_PBbW_NmIAf3Rw: Request failed with status code 401 message:  @SOWMYA1 : Limited :  919890489433 as daysLeft : 1
Error with token 7614665094:AAFCUYuiuYHon6FUDtlbE_PBbW_NmIAf3Rw: Request failed with status code 401 message:  @SOWMYA1 : Limited :  919890489433 as daysLeft : 1
Message sending failed after 8 retries
Client 918734885628: Error sending message to Cute_Girls_ChattingGroup: USER_BANNED_IN_CHANNEL
Client 919104300805: Error sending message to Adults_Chat_fun_Group: USER_BANNED_IN_CHANNEL
Error with token 7828340584:AAHAh0HP9vjaMsw42iEzc125NaOsOKrSfAo: Request failed with status code 401 message:  @SOWMYA1 : Limited :  919890489433 as daysLeft : 1
Error with token 7828340584:AAHAh0HP9vjaMsw42iEzc125NaOsOKrSfAo: Request failed with status code 401 message:  @SOWMYA1 : Limited :  919890489433 as daysLeft : 1
Error with token 7828340584:AAHAh0HP9vjaMsw42iEzc125NaOsOKrSfAo: Request failed with status code 401 message:  @SOWMYA1 : Limited :  919890489433 as daysLeft : 1
Error with token 7828340584:AAHAh0HP9vjaMsw42iEzc125NaOsOKrSfAo: Request failed with status code 401 message:  @SOWMYA1 : Limited :  919890489433 as daysLeft : 1
Error with token 7828340584:AAHAh0HP9vjaMsw42iEzc125NaOsOKrSfAo: Request failed with status code 401 message:  @SOWMYA1 : Limited :  919890489433 as daysLeft : 1
Error with token 7828340584:AAHAh0HP9vjaMsw42iEzc125NaOsOKrSfAo: Request failed with status code 401 message:  @SOWMYA1 : Limited :  919890489433 as daysLeft : 1
Error with token 7828340584:AAHAh0HP9vjaMsw42iEzc125NaOsOKrSfAo: Request failed with status code 401 message:  @SOWMYA1 : Limited :  919890489433 as daysLeft : 1
Error with token 7828340584:AAHAh0HP9vjaMsw42iEzc125NaOsOKrSfAo: Request failed with status code 401 message:  @SOWMYA1 : Limited :  919890489433 as daysLeft : 1
Message sending failed after 8 retries
Client 918248262394: Error sending message to BangaloreGirlsAndHotAunt: USER_BANNED_IN_CHANNEL
Client 918248262394: Error sending message to girls_chatting_group_lovers: USER_BANNED_IN_CHANNEL
Timeout error with token 7958113591:AAG_HKjeSu35Abm4ktqU46FqIhAaprR9KaA: timeout of 1500ms exceeded message:  @SOWMYA1 : Limited :  919890489433 as daysLeft : 1
Client 918248262394: Error sending message to Village_GirlsChattingGroup: USER_BANNED_IN_CHANNEL
Client 918248262394: Error sending message to KrakenRealtor: USER_BANNED_IN_CHANNEL
Client 918248262394: Error sending message to Girls_Chatting_Group_100K: USER_BANNED_IN_CHANNEL
Client 918248262394: Error sending message to WIFE_SWAPPING_INDIAN_MEETING: USER_BANNED_IN_CHANNEL
Client 918248262394: Error sending message to CallGirls_And_Playboys: USER_BANNED_IN_CHANNEL
Client 918248262394: Error sending message to Cute_Girls_ChattingGroup: USER_BANNED_IN_CHANNEL
Timeout error with token 7464291326:AAH7NCQ6dT7YVwFypv5H2K9Og2xaLXiQPSs: timeout of 1500ms exceeded message:  @SOWMYA1 : Limited :  919890489433 as daysLeft : 1
Client 919104300805: Error sending message to friends_foreverI: USER_BANNED_IN_CHANNEL
Client 919104300805: Error sending message to null: USER_BANNED_IN_CHANNEL
Client 918734885628: Error sending message to Friendship_Club_Music_Group: USER_BANNED_IN_CHANNEL
🚨 Heap exceeded 100 MB. Cleaning up...
⚠️ GC not available. Start Node with --expose-gc
Error with token 7614665094:AAFCUYuiuYHon6FUDtlbE_PBbW_NmIAf3Rw: Request failed with status code 401 message:  @SOWMYA1 : Limited :  919890489433 as daysLeft : 1
Error with token 7614665094:AAFCUYuiuYHon6FUDtlbE_PBbW_NmIAf3Rw: Request failed with status code 401 message:  @SOWMYA1 : Limited :  919890489433 as daysLeft : 1
Error with token 7614665094:AAFCUYuiuYHon6FUDtlbE_PBbW_NmIAf3Rw: Request failed with status code 401 message:  @SOWMYA1 : Limited :  919890489433 as daysLeft : 1
Error with token 7614665094:AAFCUYuiuYHon6FUDtlbE_PBbW_NmIAf3Rw: Request failed with status code 401 message:  @SOWMYA1 : Limited :  919890489433 as daysLeft : 1
Error with token 7828340584:AAHAh0HP9vjaMsw42iEzc125NaOsOKrSfAo: Request failed with status code 401 message:  @SOWMYA1 : Limited :  919890489433 as daysLeft : 1
Error with token 7828340584:AAHAh0HP9vjaMsw42iEzc125NaOsOKrSfAo: Request failed with status code 401 message:  @SOWMYA1 : Limited :  919890489433 as daysLeft : 1
Error with token 7828340584:AAHAh0HP9vjaMsw42iEzc125NaOsOKrSfAo: Request failed with status code 401 message:  @SOWMYA1 : Limited :  919890489433 as daysLeft : 1
Error with token 7828340584:AAHAh0HP9vjaMsw42iEzc125NaOsOKrSfAo: Request failed with status code 401 message:  @SOWMYA1 : Limited :  919890489433 as daysLeft : 1
Error with token 7828340584:AAHAh0HP9vjaMsw42iEzc125NaOsOKrSfAo: Request failed with status code 401 message:  @SOWMYA1 : Limited :  919890489433 as daysLeft : 1
Error with token 7828340584:AAHAh0HP9vjaMsw42iEzc125NaOsOKrSfAo: Request failed with status code 401 message:  @SOWMYA1 : Limited :  919890489433 as daysLeft : 1
Error with token 7828340584:AAHAh0HP9vjaMsw42iEzc125NaOsOKrSfAo: Request failed with status code 401 message:  @SOWMYA1 : Limited :  919890489433 as daysLeft : 1
Error with token 7828340584:AAHAh0HP9vjaMsw42iEzc125NaOsOKrSfAo: Request failed with status code 401 message:  @SOWMYA1 : Limited :  919890489433 as daysLeft : 1
Message sending failed after 8 retries
Error with token 7828340584:AAHAh0HP9vjaMsw42iEzc125NaOsOKrSfAo: Request failed with status code 401 message:  @SOWMYA1 : Limited :  919890489433 as daysLeft : 1
Database instance does not exist.
Database instance does not exist.
(node:75020) [MONGODB DRIVER] Warning: useNewUrlParser is a deprecated option: useNewUrlParser has no effect since Node.js Driver version 4.0.0 and will be removed in the next major version
(Use `node --trace-warnings ...` to show where the warning was created)
(node:75020) [MONGODB DRIVER] Warning: useUnifiedTopology is a deprecated option: useUnifiedTopology has no effect since Node.js Driver version 4.0.0 and will be removed in the next major version
File not found: ./mobileStats-918617058214.json
Failed to delete temporary file /root/telegram/promote-clients/src/services/downloads/sowmya1.jpg: Error: ENOENT: no such file or directory, unlink '/root/telegram/promote-clients/src/services/downloads/sowmya1.jpg'
    at Object.unlinkSync (node:fs:1881:3)
    at TelegramManager.<anonymous> (/root/telegram/promote-clients/src/services/promotion-clients-new.js:2185:28)
    at Generator.next (<anonymous>)
    at fulfilled (/root/telegram/promote-clients/src/services/promotion-clients-new.js:1411:58)
    at process.processTicksAndRejections (node:internal/process/task_queues:95:5) {
  errno: -2,
  syscall: 'unlink',
  code: 'ENOENT',
  path: '/root/telegram/promote-clients/src/services/downloads/sowmya1.jpg'
}
Client 918734885628: Error sending message to Bhabhi_Chatting_Group01: USER_BANNED_IN_CHANNEL
Error: TIMEOUT
    at /root/telegram/promote-clients/node_modules/telegram/client/updates.js:250:85
    at runNextTicks (node:internal/process/task_queues:60:5)
    at listOnTimeout (node:internal/timers:538:9)
    at process.processTimers (node:internal/timers:512:7)
    at async _updateLoop (/root/telegram/promote-clients/node_modules/telegram/client/updates.js:191:17)
Client 918248262394: Error sending message to kannada_chatting_girls: CHAT_WRITE_FORBIDDEN
918248262394: CHAT_WRITE_FORBIDDEN
Client 918617058214: Failed to send message to 2103699187 || @WIFE_SWAPPING_INDIAQ
Client 918248262394: Error sending message to And_Girls_Boys_Group_Chatting0: USER_BANNED_IN_CHANNEL
